[32m[I 2022-01-19 13:39:42,196][0m Trial 191 finished with value: 0.015063666257887118 and parameters: {'hidden_size': 132, 'lr': 0.0018172155728520725}. Best is trial 143 with value: 0.005895054628772121.[0m
/home/erussek/.conda/envs/pDL/lib/python3.8/site-packages/optuna/distributions.py:560: UserWarning: The distribution is specified by [2, 150] and step=5, but the range is not divisible by `step`. It will be replaced by [2, 147].
  warnings.warn(
[32m[I 2022-01-19 13:40:07,459][0m Trial 192 finished with value: 0.08053054047688361 and parameters: {'hidden_size': 137, 'lr': 0.0023332067695593286}. Best is trial 143 with value: 0.005895054628772121.[0m
/home/erussek/.conda/envs/pDL/lib/python3.8/site-packages/optuna/distributions.py:560: UserWarning: The distribution is specified by [2, 150] and step=5, but the range is not divisible by `step`. It will be replaced by [2, 147].
  warnings.warn(
[32m[I 2022-01-19 13:40:32,278][0m Trial 193 finished with value: 0.04440050211644942 and parameters: {'hidden_size': 127, 'lr': 0.001921314142255623}. Best is trial 143 with value: 0.005895054628772121.[0m
/home/erussek/.conda/envs/pDL/lib/python3.8/site-packages/optuna/distributions.py:560: UserWarning: The distribution is specified by [2, 150] and step=5, but the range is not divisible by `step`. It will be replaced by [2, 147].
  warnings.warn(
[32m[I 2022-01-19 13:40:56,880][0m Trial 194 finished with value: 0.009406132067763997 and parameters: {'hidden_size': 132, 'lr': 0.0015481220944803696}. Best is trial 143 with value: 0.005895054628772121.[0m
/home/erussek/.conda/envs/pDL/lib/python3.8/site-packages/optuna/distributions.py:560: UserWarning: The distribution is specified by [2, 150] and step=5, but the range is not divisible by `step`. It will be replaced by [2, 147].
  warnings.warn(
[32m[I 2022-01-19 13:41:21,579][0m Trial 195 finished with value: 0.02056140167218062 and parameters: {'hidden_size': 132, 'lr': 0.0015153457853687166}. Best is trial 143 with value: 0.005895054628772121.[0m
/home/erussek/.conda/envs/pDL/lib/python3.8/site-packages/optuna/distributions.py:560: UserWarning: The distribution is specified by [2, 150] and step=5, but the range is not divisible by `step`. It will be replaced by [2, 147].
  warnings.warn(
[32m[I 2022-01-19 13:41:46,787][0m Trial 196 finished with value: 0.03735731902622407 and parameters: {'hidden_size': 137, 'lr': 0.0013711414921901454}. Best is trial 143 with value: 0.005895054628772121.[0m
/home/erussek/.conda/envs/pDL/lib/python3.8/site-packages/optuna/distributions.py:560: UserWarning: The distribution is specified by [2, 150] and step=5, but the range is not divisible by `step`. It will be replaced by [2, 147].
  warnings.warn(
[32m[I 2022-01-19 13:42:11,373][0m Trial 197 finished with value: 0.014963174118630348 and parameters: {'hidden_size': 132, 'lr': 0.002166523432051593}. Best is trial 143 with value: 0.005895054628772121.[0m
/home/erussek/.conda/envs/pDL/lib/python3.8/site-packages/optuna/distributions.py:560: UserWarning: The distribution is specified by [2, 150] and step=5, but the range is not divisible by `step`. It will be replaced by [2, 147].
  warnings.warn(
[32m[I 2022-01-19 13:42:36,606][0m Trial 198 finished with value: 0.007003983745591775 and parameters: {'hidden_size': 142, 'lr': 0.0015978190854300204}. Best is trial 143 with value: 0.005895054628772121.[0m
/home/erussek/.conda/envs/pDL/lib/python3.8/site-packages/optuna/distributions.py:560: UserWarning: The distribution is specified by [2, 150] and step=5, but the range is not divisible by `step`. It will be replaced by [2, 147].
  warnings.warn(
[32m[I 2022-01-19 13:43:01,873][0m Trial 199 finished with value: 0.05311880176586489 and parameters: {'hidden_size': 142, 'lr': 0.0015806623458065852}. Best is trial 143 with value: 0.005895054628772121.[0m
[Epoch 100/100] loss: 0.0366 (MSE) - test_loss: 0.0268 (MSE)
[Epoch 100/100] loss: 0.2036 (MSE) - test_loss: 0.1927 (MSE)
[Epoch 100/100] loss: 0.0369 (MSE) - test_loss: 0.0334 (MSE)
[Epoch 100/100] loss: 3.6229 (MSE) - test_loss: 3.7273 (MSE)
[Epoch 100/100] loss: 0.0264 (MSE) - test_loss: 0.0208 (MSE)
[Epoch 100/100] loss: 0.0427 (MSE) - test_loss: 0.0462 (MSE)
[Epoch 100/100] loss: 0.0540 (MSE) - test_loss: 0.0157 (MSE)
[Epoch 100/100] loss: 0.0343 (MSE) - test_loss: 0.0203 (MSE)
[Epoch 100/100] loss: 3.0607 (MSE) - test_loss: 3.1766 (MSE)
[Epoch 100/100] loss: 0.3680 (MSE) - test_loss: 0.4140 (MSE)
[Epoch 100/100] loss: 0.0337 (MSE) - test_loss: 0.0266 (MSE)
[Epoch 100/100] loss: 0.0189 (MSE) - test_loss: 0.0506 (MSE)
[Epoch 100/100] loss: 0.0548 (MSE) - test_loss: 0.0389 (MSE)
[Epoch 100/100] loss: 0.0356 (MSE) - test_loss: 0.0480 (MSE)
[Epoch 100/100] loss: 0.0538 (MSE) - test_loss: 0.0217 (MSE)
[Epoch 100/100] loss: 0.0455 (MSE) - test_loss: 0.0258 (MSE)
[Epoch 100/100] loss: 0.0451 (MSE) - test_loss: 0.0234 (MSE)
[Epoch 100/100] loss: 0.0339 (MSE) - test_loss: 0.0546 (MSE)
[Epoch 100/100] loss: 0.0476 (MSE) - test_loss: 0.0312 (MSE)
[Epoch 100/100] loss: 0.0541 (MSE) - test_loss: 0.0346 (MSE)
[Epoch 100/100] loss: 0.0219 (MSE) - test_loss: 0.0311 (MSE)
[Epoch 100/100] loss: 0.0232 (MSE) - test_loss: 0.0814 (MSE)
[Epoch 100/100] loss: 0.0378 (MSE) - test_loss: 0.0095 (MSE)
[Epoch 100/100] loss: 0.0397 (MSE) - test_loss: 0.0205 (MSE)
[Epoch 100/100] loss: 0.0279 (MSE) - test_loss: 0.0554 (MSE)
[Epoch 100/100] loss: 0.0261 (MSE) - test_loss: 0.0272 (MSE)
[Epoch 100/100] loss: 0.0181 (MSE) - test_loss: 0.0191 (MSE)
[Epoch 100/100] loss: 0.0355 (MSE) - test_loss: 0.0133 (MSE)
[Epoch 100/100] loss: 0.0336 (MSE) - test_loss: 0.0430 (MSE)
[Epoch 100/100] loss: 0.0487 (MSE) - test_loss: 0.0230 (MSE)
[Epoch 100/100] loss: 0.0442 (MSE) - test_loss: 0.0244 (MSE)
[Epoch 100/100] loss: 0.0252 (MSE) - test_loss: 0.0092 (MSE)
[Epoch 100/100] loss: 0.0302 (MSE) - test_loss: 0.0241 (MSE)
[Epoch 100/100] loss: 0.0430 (MSE) - test_loss: 0.0234 (MSE)
[Epoch 100/100] loss: 0.0654 (MSE) - test_loss: 0.0987 (MSE)
[Epoch 100/100] loss: 0.0691 (MSE) - test_loss: 0.0460 (MSE)
[Epoch 100/100] loss: 0.0227 (MSE) - test_loss: 0.0205 (MSE)
[Epoch 100/100] loss: 0.0456 (MSE) - test_loss: 0.0344 (MSE)
[Epoch 100/100] loss: 0.0803 (MSE) - test_loss: 0.0549 (MSE)
[Epoch 100/100] loss: 0.0325 (MSE) - test_loss: 0.1081 (MSE)
[Epoch 100/100] loss: 0.0313 (MSE) - test_loss: 0.1657 (MSE)
[Epoch 100/100] loss: 0.0324 (MSE) - test_loss: 0.0523 (MSE)
[Epoch 100/100] loss: 0.0450 (MSE) - test_loss: 0.0452 (MSE)
[Epoch 100/100] loss: 0.0152 (MSE) - test_loss: 0.0373 (MSE)
[Epoch 100/100] loss: 0.0266 (MSE) - test_loss: 0.0238 (MSE)
[Epoch 100/100] loss: 0.0515 (MSE) - test_loss: 0.0219 (MSE)
[Epoch 100/100] loss: 0.0504 (MSE) - test_loss: 0.0483 (MSE)
[Epoch 100/100] loss: 0.0215 (MSE) - test_loss: 0.0155 (MSE)
[Epoch 100/100] loss: 0.0174 (MSE) - test_loss: 0.0105 (MSE)
[Epoch 100/100] loss: 0.0383 (MSE) - test_loss: 0.0158 (MSE)
[Epoch 100/100] loss: 0.0180 (MSE) - test_loss: 0.0878 (MSE)
[Epoch 100/100] loss: 0.0232 (MSE) - test_loss: 0.0320 (MSE)
[Epoch 100/100] loss: 0.0399 (MSE) - test_loss: 0.0199 (MSE)
[Epoch 100/100] loss: 0.0184 (MSE) - test_loss: 0.0372 (MSE)
[Epoch 100/100] loss: 0.0488 (MSE) - test_loss: 0.0336 (MSE)
[Epoch 100/100] loss: 0.0828 (MSE) - test_loss: 0.0751 (MSE)
[Epoch 100/100] loss: 0.0291 (MSE) - test_loss: 0.0634 (MSE)
[Epoch 100/100] loss: 0.0543 (MSE) - test_loss: 0.0569 (MSE)
[Epoch 100/100] loss: 0.0369 (MSE) - test_loss: 0.0428 (MSE)
[Epoch 100/100] loss: 0.0414 (MSE) - test_loss: 0.0321 (MSE)
[Epoch 100/100] loss: 0.0193 (MSE) - test_loss: 0.0262 (MSE)
[Epoch 100/100] loss: 0.0151 (MSE) - test_loss: 0.0200 (MSE)
[Epoch 100/100] loss: 0.0337 (MSE) - test_loss: 0.0123 (MSE)
[Epoch 100/100] loss: 0.0521 (MSE) - test_loss: 0.0890 (MSE)
[Epoch 100/100] loss: 0.0250 (MSE) - test_loss: 0.0328 (MSE)
[Epoch 100/100] loss: 0.0232 (MSE) - test_loss: 0.0217 (MSE)
[Epoch 100/100] loss: 0.0327 (MSE) - test_loss: 0.0156 (MSE)
[Epoch 100/100] loss: 0.0323 (MSE) - test_loss: 0.0520 (MSE)
[Epoch 100/100] loss: 0.0521 (MSE) - test_loss: 0.0095 (MSE)
[Epoch 100/100] loss: 0.0371 (MSE) - test_loss: 0.0095 (MSE)
[Epoch 100/100] loss: 0.0175 (MSE) - test_loss: 0.0194 (MSE)
[Epoch 100/100] loss: 0.0206 (MSE) - test_loss: 0.0337 (MSE)
[Epoch 100/100] loss: 0.0231 (MSE) - test_loss: 0.0587 (MSE)
[Epoch 100/100] loss: 0.0469 (MSE) - test_loss: 0.0181 (MSE)
[Epoch 100/100] loss: 0.0253 (MSE) - test_loss: 0.0152 (MSE)
[Epoch 100/100] loss: 0.0377 (MSE) - test_loss: 0.0135 (MSE)
[Epoch 100/100] loss: 0.0142 (MSE) - test_loss: 0.0284 (MSE)
[Epoch 100/100] loss: 0.0287 (MSE) - test_loss: 0.0174 (MSE)
[Epoch 100/100] loss: 0.0561 (MSE) - test_loss: 0.0237 (MSE)
[Epoch 100/100] loss: 0.0371 (MSE) - test_loss: 0.0154 (MSE)
[Epoch 100/100] loss: 0.0366 (MSE) - test_loss: 0.0150 (MSE)
[Epoch 100/100] loss: 0.0504 (MSE) - test_loss: 0.0168 (MSE)
[Epoch 100/100] loss: 0.0217 (MSE) - test_loss: 0.0283 (MSE)
[Epoch 100/100] loss: 0.0294 (MSE) - test_loss: 0.0101 (MSE)
[Epoch 100/100] loss: 0.0323 (MSE) - test_loss: 0.0507 (MSE)
[Epoch 100/100] loss: 0.0317 (MSE) - test_loss: 0.0086 (MSE)
[Epoch 100/100] loss: 0.0399 (MSE) - test_loss: 0.0084 (MSE)
[Epoch 100/100] loss: 0.0230 (MSE) - test_loss: 0.0182 (MSE)
[Epoch 100/100] loss: 0.0316 (MSE) - test_loss: 0.0507 (MSE)
[Epoch 100/100] loss: 0.0385 (MSE) - test_loss: 0.0231 (MSE)
[Epoch 100/100] loss: 0.0094 (MSE) - test_loss: 0.0368 (MSE)
[Epoch 100/100] loss: 0.0247 (MSE) - test_loss: 0.0701 (MSE)
[Epoch 100/100] loss: 0.0355 (MSE) - test_loss: 0.0373 (MSE)
[Epoch 100/100] loss: 0.0083 (MSE) - test_loss: 0.0180 (MSE)
[Epoch 100/100] loss: 0.0453 (MSE) - test_loss: 0.0541 (MSE)
[Epoch 100/100] loss: 0.0349 (MSE) - test_loss: 0.0574 (MSE)
[Epoch 100/100] loss: 0.0315 (MSE) - test_loss: 0.0117 (MSE)
[Epoch 100/100] loss: 0.0287 (MSE) - test_loss: 0.0135 (MSE)
[Epoch 100/100] loss: 0.0220 (MSE) - test_loss: 0.0479 (MSE)
[Epoch 100/100] loss: 0.0247 (MSE) - test_loss: 0.0207 (MSE)
[Epoch 100/100] loss: 0.0340 (MSE) - test_loss: 0.0269 (MSE)
[Epoch 100/100] loss: 0.0386 (MSE) - test_loss: 0.0232 (MSE)
[Epoch 100/100] loss: 0.0300 (MSE) - test_loss: 0.0250 (MSE)
[Epoch 100/100] loss: 0.0164 (MSE) - test_loss: 0.0427 (MSE)
[Epoch 100/100] loss: 0.0323 (MSE) - test_loss: 0.0823 (MSE)
[Epoch 100/100] loss: 0.0364 (MSE) - test_loss: 0.0365 (MSE)
[Epoch 100/100] loss: 0.0388 (MSE) - test_loss: 0.0353 (MSE)
[Epoch 100/100] loss: 0.0405 (MSE) - test_loss: 0.0531 (MSE)
[Epoch 100/100] loss: 0.0212 (MSE) - test_loss: 0.0405 (MSE)
[Epoch 100/100] loss: 0.0586 (MSE) - test_loss: 0.0348 (MSE)
[Epoch 100/100] loss: 0.0385 (MSE) - test_loss: 0.0809 (MSE)
[Epoch 100/100] loss: 0.0388 (MSE) - test_loss: 0.0155 (MSE)
[Epoch 100/100] loss: 0.0209 (MSE) - test_loss: 0.0088 (MSE)
[Epoch 100/100] loss: 0.0299 (MSE) - test_loss: 0.0171 (MSE)
[Epoch 100/100] loss: 0.0233 (MSE) - test_loss: 0.0141 (MSE)
[Epoch 100/100] loss: 0.0406 (MSE) - test_loss: 0.0258 (MSE)
[Epoch 100/100] loss: 0.0264 (MSE) - test_loss: 0.0322 (MSE)
[Epoch 100/100] loss: 0.2438 (MSE) - test_loss: 0.0606 (MSE)
[Epoch 100/100] loss: 0.0401 (MSE) - test_loss: 0.0992 (MSE)
[Epoch 100/100] loss: 0.0263 (MSE) - test_loss: 0.0239 (MSE)
[Epoch 100/100] loss: 0.0438 (MSE) - test_loss: 0.1372 (MSE)
[Epoch 100/100] loss: 0.0291 (MSE) - test_loss: 0.0189 (MSE)
[Epoch 100/100] loss: 0.0152 (MSE) - test_loss: 0.0479 (MSE)
[Epoch 100/100] loss: 0.0303 (MSE) - test_loss: 0.0127 (MSE)
[Epoch 100/100] loss: 0.0167 (MSE) - test_loss: 0.0095 (MSE)
[Epoch 100/100] loss: 0.0101 (MSE) - test_loss: 0.0214 (MSE)
[Epoch 100/100] loss: 0.0280 (MSE) - test_loss: 0.0522 (MSE)
[Epoch 100/100] loss: 0.0289 (MSE) - test_loss: 0.0410 (MSE)
[Epoch 100/100] loss: 0.0140 (MSE) - test_loss: 0.0295 (MSE)
[Epoch 100/100] loss: 0.0279 (MSE) - test_loss: 0.0277 (MSE)
[Epoch 100/100] loss: 0.0199 (MSE) - test_loss: 0.0271 (MSE)
[Epoch 100/100] loss: 0.0233 (MSE) - test_loss: 0.0611 (MSE)
[Epoch 100/100] loss: 0.0219 (MSE) - test_loss: 0.0173 (MSE)
[Epoch 100/100] loss: 0.0257 (MSE) - test_loss: 0.1620 (MSE)
[Epoch 100/100] loss: 0.0262 (MSE) - test_loss: 0.0117 (MSE)
[Epoch 100/100] loss: 0.0297 (MSE) - test_loss: 0.0221 (MSE)
[Epoch 100/100] loss: 0.0412 (MSE) - test_loss: 0.0251 (MSE)
[Epoch 100/100] loss: 0.0172 (MSE) - test_loss: 0.0548 (MSE)
[Epoch 100/100] loss: 0.0375 (MSE) - test_loss: 0.0278 (MSE)
[Epoch 100/100] loss: 0.0421 (MSE) - test_loss: 0.0130 (MSE)
[Epoch 100/100] loss: 0.0348 (MSE) - test_loss: 0.0181 (MSE)
[Epoch 100/100] loss: 0.0416 (MSE) - test_loss: 0.0109 (MSE)
[Epoch 100/100] loss: 0.0248 (MSE) - test_loss: 0.0438 (MSE)
[Epoch 100/100] loss: 0.0216 (MSE) - test_loss: 0.0059 (MSE)
[Epoch 100/100] loss: 0.0493 (MSE) - test_loss: 0.0069 (MSE)
[Epoch 100/100] loss: 0.0158 (MSE) - test_loss: 0.0369 (MSE)
[Epoch 100/100] loss: 0.1395 (MSE) - test_loss: 0.0315 (MSE)
[Epoch 100/100] loss: 0.0288 (MSE) - test_loss: 0.0419 (MSE)
[Epoch 100/100] loss: 0.0238 (MSE) - test_loss: 0.0217 (MSE)
[Epoch 100/100] loss: 0.0176 (MSE) - test_loss: 0.1327 (MSE)
[Epoch 100/100] loss: 0.0347 (MSE) - test_loss: 0.0318 (MSE)
[Epoch 100/100] loss: 0.0333 (MSE) - test_loss: 0.0707 (MSE)
[Epoch 100/100] loss: 0.0403 (MSE) - test_loss: 0.0128 (MSE)
[Epoch 100/100] loss: 0.0413 (MSE) - test_loss: 0.0266 (MSE)
[Epoch 100/100] loss: 2.5726 (MSE) - test_loss: 2.6478 (MSE)
[Epoch 100/100] loss: 0.0247 (MSE) - test_loss: 0.0119 (MSE)
[Epoch 100/100] loss: 0.0363 (MSE) - test_loss: 0.0092 (MSE)
[Epoch 100/100] loss: 0.0540 (MSE) - test_loss: 0.0244 (MSE)
[Epoch 100/100] loss: 0.0326 (MSE) - test_loss: 0.0738 (MSE)
[Epoch 100/100] loss: 0.0438 (MSE) - test_loss: 0.0300 (MSE)
[Epoch 100/100] loss: 0.0388 (MSE) - test_loss: 0.0251 (MSE)
[Epoch 100/100] loss: 0.0368 (MSE) - test_loss: 0.0317 (MSE)
[Epoch 100/100] loss: 0.0202 (MSE) - test_loss: 0.0246 (MSE)
[Epoch 100/100] loss: 0.0251 (MSE) - test_loss: 0.0065 (MSE)
[Epoch 100/100] loss: 0.0232 (MSE) - test_loss: 0.0220 (MSE)
[Epoch 100/100] loss: 0.0366 (MSE) - test_loss: 0.0368 (MSE)
[Epoch 100/100] loss: 0.0260 (MSE) - test_loss: 0.0163 (MSE)
[Epoch 100/100] loss: 0.2088 (MSE) - test_loss: 0.0251 (MSE)
[Epoch 100/100] loss: 0.0318 (MSE) - test_loss: 0.0316 (MSE)
[Epoch 100/100] loss: 0.0310 (MSE) - test_loss: 0.0240 (MSE)
[Epoch 100/100] loss: 0.0465 (MSE) - test_loss: 0.0191 (MSE)
[Epoch 100/100] loss: 0.0440 (MSE) - test_loss: 0.0081 (MSE)
[Epoch 100/100] loss: 0.0358 (MSE) - test_loss: 0.0477 (MSE)
[Epoch 100/100] loss: 0.0340 (MSE) - test_loss: 0.0137 (MSE)
[Epoch 100/100] loss: 0.0281 (MSE) - test_loss: 0.0506 (MSE)
[Epoch 100/100] loss: 0.0312 (MSE) - test_loss: 0.0173 (MSE)
[Epoch 100/100] loss: 0.0167 (MSE) - test_loss: 0.0247 (MSE)
[Epoch 100/100] loss: 0.0456 (MSE) - test_loss: 0.0357 (MSE)
[Epoch 100/100] loss: 0.0149 (MSE) - test_loss: 0.1674 (MSE)
[Epoch 100/100] loss: 0.0252 (MSE) - test_loss: 0.0205 (MSE)
[Epoch 100/100] loss: 0.0306 (MSE) - test_loss: 0.0447 (MSE)
[Epoch 100/100] loss: 0.0174 (MSE) - test_loss: 0.0292 (MSE)
[Epoch 100/100] loss: 0.0222 (MSE) - test_loss: 0.0250 (MSE)
[Epoch 100/100] loss: 0.0177 (MSE) - test_loss: 0.0501 (MSE)
[Epoch 100/100] loss: 0.0269 (MSE) - test_loss: 0.0363 (MSE)
[Epoch 100/100] loss: 0.0338 (MSE) - test_loss: 0.0366 (MSE)
[Epoch 100/100] loss: 0.0210 (MSE) - test_loss: 0.0506 (MSE)
[Epoch 100/100] loss: 0.0708 (MSE) - test_loss: 0.0497 (MSE)
[Epoch 100/100] loss: 0.0199 (MSE) - test_loss: 0.0187 (MSE)
[Epoch 100/100] loss: 0.0284 (MSE) - test_loss: 0.0193 (MSE)
[Epoch 100/100] loss: 0.0299 (MSE) - test_loss: 0.0106 (MSE)
[Epoch 100/100] loss: 0.0225 (MSE) - test_loss: 0.0151 (MSE)
[Epoch 100/100] loss: 0.0170 (MSE) - test_loss: 0.0805 (MSE)
[Epoch 100/100] loss: 0.0330 (MSE) - test_loss: 0.0444 (MSE)
[Epoch 100/100] loss: 0.0405 (MSE) - test_loss: 0.0094 (MSE)
[Epoch 100/100] loss: 0.0349 (MSE) - test_loss: 0.0206 (MSE)
[Epoch 100/100] loss: 0.0365 (MSE) - test_loss: 0.0374 (MSE)
[Epoch 100/100] loss: 0.0508 (MSE) - test_loss: 0.0150 (MSE)
[Epoch 100/100] loss: 0.0234 (MSE) - test_loss: 0.0070 (MSE)
[Epoch 100/100] loss: 0.0205 (MSE) - test_loss: 0.0531 (MSE)
--- 4995.7024211883545 seconds ---
