[32m[I 2022-02-15 16:14:24,200][0m Trial 241 finished with value: 4.407782104034424 and parameters: {'hidden_size': 27, 'lr': 0.003409501121102151}. Best is trial 206 with value: 4.355436987609863.[0m
/home/erussek/.conda/envs/pDL/lib/python3.8/site-packages/optuna/distributions.py:560: UserWarning: The distribution is specified by [2, 200] and step=5, but the range is not divisible by `step`. It will be replaced by [2, 197].
  warnings.warn(
[32m[I 2022-02-15 16:15:20,891][0m Trial 242 finished with value: 4.4845626880645755 and parameters: {'hidden_size': 22, 'lr': 0.0033811769434697113}. Best is trial 206 with value: 4.355436987609863.[0m
/home/erussek/.conda/envs/pDL/lib/python3.8/site-packages/optuna/distributions.py:560: UserWarning: The distribution is specified by [2, 200] and step=5, but the range is not divisible by `step`. It will be replaced by [2, 197].
  warnings.warn(
[32m[I 2022-02-15 16:16:18,586][0m Trial 243 finished with value: 4.455732619628907 and parameters: {'hidden_size': 27, 'lr': 0.0028656857860677003}. Best is trial 206 with value: 4.355436987609863.[0m
/home/erussek/.conda/envs/pDL/lib/python3.8/site-packages/optuna/distributions.py:560: UserWarning: The distribution is specified by [2, 200] and step=5, but the range is not divisible by `step`. It will be replaced by [2, 197].
  warnings.warn(
[32m[I 2022-02-15 16:17:17,114][0m Trial 244 finished with value: 4.457110894393921 and parameters: {'hidden_size': 17, 'lr': 0.0030400480322185985}. Best is trial 206 with value: 4.355436987609863.[0m
/home/erussek/.conda/envs/pDL/lib/python3.8/site-packages/optuna/distributions.py:560: UserWarning: The distribution is specified by [2, 200] and step=5, but the range is not divisible by `step`. It will be replaced by [2, 197].
  warnings.warn(
[32m[I 2022-02-15 16:18:15,112][0m Trial 245 finished with value: 4.457130720748902 and parameters: {'hidden_size': 27, 'lr': 0.002596686896397485}. Best is trial 206 with value: 4.355436987609863.[0m
/home/erussek/.conda/envs/pDL/lib/python3.8/site-packages/optuna/distributions.py:560: UserWarning: The distribution is specified by [2, 200] and step=5, but the range is not divisible by `step`. It will be replaced by [2, 197].
  warnings.warn(
[32m[I 2022-02-15 16:19:12,574][0m Trial 246 finished with value: 4.421964249725342 and parameters: {'hidden_size': 32, 'lr': 0.0034944813134541786}. Best is trial 206 with value: 4.355436987609863.[0m
/home/erussek/.conda/envs/pDL/lib/python3.8/site-packages/optuna/distributions.py:560: UserWarning: The distribution is specified by [2, 200] and step=5, but the range is not divisible by `step`. It will be replaced by [2, 197].
  warnings.warn(
[32m[I 2022-02-15 16:20:09,016][0m Trial 247 finished with value: 4.47374592628479 and parameters: {'hidden_size': 32, 'lr': 0.0030266384976445847}. Best is trial 206 with value: 4.355436987609863.[0m
/home/erussek/.conda/envs/pDL/lib/python3.8/site-packages/optuna/distributions.py:560: UserWarning: The distribution is specified by [2, 200] and step=5, but the range is not divisible by `step`. It will be replaced by [2, 197].
  warnings.warn(
[32m[I 2022-02-15 16:21:07,586][0m Trial 248 finished with value: 4.440910431137085 and parameters: {'hidden_size': 22, 'lr': 0.002689234146841956}. Best is trial 206 with value: 4.355436987609863.[0m
/home/erussek/.conda/envs/pDL/lib/python3.8/site-packages/optuna/distributions.py:560: UserWarning: The distribution is specified by [2, 200] and step=5, but the range is not divisible by `step`. It will be replaced by [2, 197].
  warnings.warn(
[32m[I 2022-02-15 16:22:04,384][0m Trial 249 finished with value: 4.487181452026367 and parameters: {'hidden_size': 27, 'lr': 0.0034122895880466424}. Best is trial 206 with value: 4.355436987609863.[0m
/home/erussek/.conda/envs/pDL/lib/python3.8/site-packages/optuna/distributions.py:560: UserWarning: The distribution is specified by [2, 200] and step=5, but the range is not divisible by `step`. It will be replaced by [2, 197].
  warnings.warn(
[32m[I 2022-02-15 16:23:01,695][0m Trial 250 finished with value: 4.433213444900512 and parameters: {'hidden_size': 32, 'lr': 0.0024733479528476245}. Best is trial 206 with value: 4.355436987609863.[0m
/home/erussek/.conda/envs/pDL/lib/python3.8/site-packages/optuna/distributions.py:560: UserWarning: The distribution is specified by [2, 200] and step=5, but the range is not divisible by `step`. It will be replaced by [2, 197].
  warnings.warn(
[32m[I 2022-02-15 16:24:00,118][0m Trial 251 finished with value: 4.432567647628784 and parameters: {'hidden_size': 37, 'lr': 0.003740775464259727}. Best is trial 206 with value: 4.355436987609863.[0m
/home/erussek/.conda/envs/pDL/lib/python3.8/site-packages/optuna/distributions.py:560: UserWarning: The distribution is specified by [2, 200] and step=5, but the range is not divisible by `step`. It will be replaced by [2, 197].
  warnings.warn(
[32m[I 2022-02-15 16:24:58,228][0m Trial 252 finished with value: 4.436109004821778 and parameters: {'hidden_size': 17, 'lr': 0.0031011714293973144}. Best is trial 206 with value: 4.355436987609863.[0m
/home/erussek/.conda/envs/pDL/lib/python3.8/site-packages/optuna/distributions.py:560: UserWarning: The distribution is specified by [2, 200] and step=5, but the range is not divisible by `step`. It will be replaced by [2, 197].
  warnings.warn(
[32m[I 2022-02-15 16:25:54,990][0m Trial 253 finished with value: 4.420830086517334 and parameters: {'hidden_size': 32, 'lr': 0.0021941169722414877}. Best is trial 206 with value: 4.355436987609863.[0m
/home/erussek/.conda/envs/pDL/lib/python3.8/site-packages/optuna/distributions.py:560: UserWarning: The distribution is specified by [2, 200] and step=5, but the range is not divisible by `step`. It will be replaced by [2, 197].
  warnings.warn(
[32m[I 2022-02-15 16:26:53,338][0m Trial 254 finished with value: 4.401085665664673 and parameters: {'hidden_size': 27, 'lr': 0.0028645513127839024}. Best is trial 206 with value: 4.355436987609863.[0m
/home/erussek/.conda/envs/pDL/lib/python3.8/site-packages/optuna/distributions.py:560: UserWarning: The distribution is specified by [2, 200] and step=5, but the range is not divisible by `step`. It will be replaced by [2, 197].
  warnings.warn(
[32m[I 2022-02-15 16:27:49,979][0m Trial 255 finished with value: 4.43491088798523 and parameters: {'hidden_size': 27, 'lr': 0.0028369655270903044}. Best is trial 206 with value: 4.355436987609863.[0m
/home/erussek/.conda/envs/pDL/lib/python3.8/site-packages/optuna/distributions.py:560: UserWarning: The distribution is specified by [2, 200] and step=5, but the range is not divisible by `step`. It will be replaced by [2, 197].
  warnings.warn(
[32m[I 2022-02-15 16:28:47,550][0m Trial 256 finished with value: 4.470157824554444 and parameters: {'hidden_size': 22, 'lr': 0.0032358327200136838}. Best is trial 206 with value: 4.355436987609863.[0m
/home/erussek/.conda/envs/pDL/lib/python3.8/site-packages/optuna/distributions.py:560: UserWarning: The distribution is specified by [2, 200] and step=5, but the range is not divisible by `step`. It will be replaced by [2, 197].
  warnings.warn(
[32m[I 2022-02-15 16:29:45,953][0m Trial 257 finished with value: 4.426801503219605 and parameters: {'hidden_size': 22, 'lr': 0.00243637679221698}. Best is trial 206 with value: 4.355436987609863.[0m
/home/erussek/.conda/envs/pDL/lib/python3.8/site-packages/optuna/distributions.py:560: UserWarning: The distribution is specified by [2, 200] and step=5, but the range is not divisible by `step`. It will be replaced by [2, 197].
  warnings.warn(
[32m[I 2022-02-15 16:30:43,314][0m Trial 258 finished with value: 4.549087794113159 and parameters: {'hidden_size': 32, 'lr': 0.002689431642992183}. Best is trial 206 with value: 4.355436987609863.[0m
/home/erussek/.conda/envs/pDL/lib/python3.8/site-packages/optuna/distributions.py:560: UserWarning: The distribution is specified by [2, 200] and step=5, but the range is not divisible by `step`. It will be replaced by [2, 197].
  warnings.warn(
[32m[I 2022-02-15 16:31:42,594][0m Trial 259 finished with value: 4.444469264602661 and parameters: {'hidden_size': 37, 'lr': 0.0030147878631363177}. Best is trial 206 with value: 4.355436987609863.[0m
/home/erussek/.conda/envs/pDL/lib/python3.8/site-packages/optuna/distributions.py:560: UserWarning: The distribution is specified by [2, 200] and step=5, but the range is not divisible by `step`. It will be replaced by [2, 197].
  warnings.warn(
[32m[I 2022-02-15 16:32:39,512][0m Trial 260 finished with value: 4.49877640914917 and parameters: {'hidden_size': 27, 'lr': 0.003460783316831625}. Best is trial 206 with value: 4.355436987609863.[0m
/home/erussek/.conda/envs/pDL/lib/python3.8/site-packages/optuna/distributions.py:560: UserWarning: The distribution is specified by [2, 200] and step=5, but the range is not divisible by `step`. It will be replaced by [2, 197].
  warnings.warn(
[32m[I 2022-02-15 16:33:39,025][0m Trial 261 finished with value: 4.51998659576416 and parameters: {'hidden_size': 37, 'lr': 0.0037516415075849498}. Best is trial 206 with value: 4.355436987609863.[0m
/home/erussek/.conda/envs/pDL/lib/python3.8/site-packages/optuna/distributions.py:560: UserWarning: The distribution is specified by [2, 200] and step=5, but the range is not divisible by `step`. It will be replaced by [2, 197].
  warnings.warn(
[32m[I 2022-02-15 16:34:37,191][0m Trial 262 finished with value: 4.430744218215942 and parameters: {'hidden_size': 92, 'lr': 0.0028270014218201387}. Best is trial 206 with value: 4.355436987609863.[0m
/home/erussek/.conda/envs/pDL/lib/python3.8/site-packages/optuna/distributions.py:560: UserWarning: The distribution is specified by [2, 200] and step=5, but the range is not divisible by `step`. It will be replaced by [2, 197].
  warnings.warn(
[32m[I 2022-02-15 16:35:34,465][0m Trial 263 finished with value: 4.4575979103851315 and parameters: {'hidden_size': 32, 'lr': 0.00196846185477815}. Best is trial 206 with value: 4.355436987609863.[0m
/home/erussek/.conda/envs/pDL/lib/python3.8/site-packages/optuna/distributions.py:560: UserWarning: The distribution is specified by [2, 200] and step=5, but the range is not divisible by `step`. It will be replaced by [2, 197].
  warnings.warn(
[32m[I 2022-02-15 16:36:31,625][0m Trial 264 finished with value: 4.466284713134765 and parameters: {'hidden_size': 27, 'lr': 0.003291881482471082}. Best is trial 206 with value: 4.355436987609863.[0m
/home/erussek/.conda/envs/pDL/lib/python3.8/site-packages/optuna/distributions.py:560: UserWarning: The distribution is specified by [2, 200] and step=5, but the range is not divisible by `step`. It will be replaced by [2, 197].
  warnings.warn(
[32m[I 2022-02-15 16:37:30,499][0m Trial 265 finished with value: 4.616479996948242 and parameters: {'hidden_size': 42, 'lr': 0.0024552699125658856}. Best is trial 206 with value: 4.355436987609863.[0m
/home/erussek/.conda/envs/pDL/lib/python3.8/site-packages/optuna/distributions.py:560: UserWarning: The distribution is specified by [2, 200] and step=5, but the range is not divisible by `step`. It will be replaced by [2, 197].
  warnings.warn(
[32m[I 2022-02-15 16:38:27,361][0m Trial 266 finished with value: 4.493148187484741 and parameters: {'hidden_size': 17, 'lr': 0.0026631722799377333}. Best is trial 206 with value: 4.355436987609863.[0m
/home/erussek/.conda/envs/pDL/lib/python3.8/site-packages/optuna/distributions.py:560: UserWarning: The distribution is specified by [2, 200] and step=5, but the range is not divisible by `step`. It will be replaced by [2, 197].
  warnings.warn(
[32m[I 2022-02-15 16:39:25,479][0m Trial 267 finished with value: 4.419256138076782 and parameters: {'hidden_size': 27, 'lr': 0.002951928553878313}. Best is trial 206 with value: 4.355436987609863.[0m
/home/erussek/.conda/envs/pDL/lib/python3.8/site-packages/optuna/distributions.py:560: UserWarning: The distribution is specified by [2, 200] and step=5, but the range is not divisible by `step`. It will be replaced by [2, 197].
  warnings.warn(
[32m[I 2022-02-15 16:40:23,081][0m Trial 268 finished with value: 4.436170324707032 and parameters: {'hidden_size': 47, 'lr': 0.00228132875579493}. Best is trial 206 with value: 4.355436987609863.[0m
/home/erussek/.conda/envs/pDL/lib/python3.8/site-packages/optuna/distributions.py:560: UserWarning: The distribution is specified by [2, 200] and step=5, but the range is not divisible by `step`. It will be replaced by [2, 197].
  warnings.warn(
[32m[I 2022-02-15 16:41:21,513][0m Trial 269 finished with value: 4.5258588461303715 and parameters: {'hidden_size': 37, 'lr': 0.003853732088142646}. Best is trial 206 with value: 4.355436987609863.[0m
/home/erussek/.conda/envs/pDL/lib/python3.8/site-packages/optuna/distributions.py:560: UserWarning: The distribution is specified by [2, 200] and step=5, but the range is not divisible by `step`. It will be replaced by [2, 197].
  warnings.warn(
[32m[I 2022-02-15 16:42:19,337][0m Trial 270 finished with value: 4.541712369384766 and parameters: {'hidden_size': 32, 'lr': 0.003398921770621882}. Best is trial 206 with value: 4.355436987609863.[0m
/home/erussek/.conda/envs/pDL/lib/python3.8/site-packages/optuna/distributions.py:560: UserWarning: The distribution is specified by [2, 200] and step=5, but the range is not divisible by `step`. It will be replaced by [2, 197].
  warnings.warn(
[32m[I 2022-02-15 16:43:17,631][0m Trial 271 finished with value: 4.481684133377075 and parameters: {'hidden_size': 22, 'lr': 0.003134021374654548}. Best is trial 206 with value: 4.355436987609863.[0m
/home/erussek/.conda/envs/pDL/lib/python3.8/site-packages/optuna/distributions.py:560: UserWarning: The distribution is specified by [2, 200] and step=5, but the range is not divisible by `step`. It will be replaced by [2, 197].
  warnings.warn(
[32m[I 2022-02-15 16:44:16,690][0m Trial 272 finished with value: 4.442160460510254 and parameters: {'hidden_size': 42, 'lr': 0.0027228232937370773}. Best is trial 206 with value: 4.355436987609863.[0m
/home/erussek/.conda/envs/pDL/lib/python3.8/site-packages/optuna/distributions.py:560: UserWarning: The distribution is specified by [2, 200] and step=5, but the range is not divisible by `step`. It will be replaced by [2, 197].
  warnings.warn(
[32m[I 2022-02-15 16:45:13,559][0m Trial 273 finished with value: 4.680135578155517 and parameters: {'hidden_size': 27, 'lr': 0.00036836548974069093}. Best is trial 206 with value: 4.355436987609863.[0m
/home/erussek/.conda/envs/pDL/lib/python3.8/site-packages/optuna/distributions.py:560: UserWarning: The distribution is specified by [2, 200] and step=5, but the range is not divisible by `step`. It will be replaced by [2, 197].
  warnings.warn(
[32m[I 2022-02-15 16:46:13,109][0m Trial 274 finished with value: 4.453444174880982 and parameters: {'hidden_size': 37, 'lr': 0.003621151345342744}. Best is trial 206 with value: 4.355436987609863.[0m
/home/erussek/.conda/envs/pDL/lib/python3.8/site-packages/optuna/distributions.py:560: UserWarning: The distribution is specified by [2, 200] and step=5, but the range is not divisible by `step`. It will be replaced by [2, 197].
  warnings.warn(
[32m[I 2022-02-15 16:47:10,953][0m Trial 275 finished with value: 4.443863885040283 and parameters: {'hidden_size': 47, 'lr': 0.0017489826252058882}. Best is trial 206 with value: 4.355436987609863.[0m
/home/erussek/.conda/envs/pDL/lib/python3.8/site-packages/optuna/distributions.py:560: UserWarning: The distribution is specified by [2, 200] and step=5, but the range is not divisible by `step`. It will be replaced by [2, 197].
  warnings.warn(
[32m[I 2022-02-15 16:48:08,452][0m Trial 276 finished with value: 4.461231282958984 and parameters: {'hidden_size': 32, 'lr': 0.00307902263943163}. Best is trial 206 with value: 4.355436987609863.[0m
/home/erussek/.conda/envs/pDL/lib/python3.8/site-packages/optuna/distributions.py:560: UserWarning: The distribution is specified by [2, 200] and step=5, but the range is not divisible by `step`. It will be replaced by [2, 197].
  warnings.warn(
[32m[I 2022-02-15 16:49:06,810][0m Trial 277 finished with value: 4.431143320617676 and parameters: {'hidden_size': 42, 'lr': 0.00254936611771794}. Best is trial 206 with value: 4.355436987609863.[0m
/home/erussek/.conda/envs/pDL/lib/python3.8/site-packages/optuna/distributions.py:560: UserWarning: The distribution is specified by [2, 200] and step=5, but the range is not divisible by `step`. It will be replaced by [2, 197].
  warnings.warn(
[32m[I 2022-02-15 16:50:04,529][0m Trial 278 finished with value: 4.471082911148072 and parameters: {'hidden_size': 32, 'lr': 0.0033285576440936545}. Best is trial 206 with value: 4.355436987609863.[0m
/home/erussek/.conda/envs/pDL/lib/python3.8/site-packages/optuna/distributions.py:560: UserWarning: The distribution is specified by [2, 200] and step=5, but the range is not divisible by `step`. It will be replaced by [2, 197].
  warnings.warn(
[32m[I 2022-02-15 16:51:00,524][0m Trial 279 finished with value: 4.432376332626343 and parameters: {'hidden_size': 12, 'lr': 0.004360217428182012}. Best is trial 206 with value: 4.355436987609863.[0m
/home/erussek/.conda/envs/pDL/lib/python3.8/site-packages/optuna/distributions.py:560: UserWarning: The distribution is specified by [2, 200] and step=5, but the range is not divisible by `step`. It will be replaced by [2, 197].
  warnings.warn(
[32m[I 2022-02-15 16:51:59,006][0m Trial 280 finished with value: 4.466408109664917 and parameters: {'hidden_size': 22, 'lr': 0.0028741032906641176}. Best is trial 206 with value: 4.355436987609863.[0m
/home/erussek/.conda/envs/pDL/lib/python3.8/site-packages/optuna/distributions.py:560: UserWarning: The distribution is specified by [2, 200] and step=5, but the range is not divisible by `step`. It will be replaced by [2, 197].
  warnings.warn(
[32m[I 2022-02-15 16:52:56,644][0m Trial 281 finished with value: 4.45044551071167 and parameters: {'hidden_size': 37, 'lr': 0.0023427873818699214}. Best is trial 206 with value: 4.355436987609863.[0m
/home/erussek/.conda/envs/pDL/lib/python3.8/site-packages/optuna/distributions.py:560: UserWarning: The distribution is specified by [2, 200] and step=5, but the range is not divisible by `step`. It will be replaced by [2, 197].
  warnings.warn(
[32m[I 2022-02-15 16:53:53,893][0m Trial 282 finished with value: 4.402480637969971 and parameters: {'hidden_size': 32, 'lr': 0.0021722557348472496}. Best is trial 206 with value: 4.355436987609863.[0m
/home/erussek/.conda/envs/pDL/lib/python3.8/site-packages/optuna/distributions.py:560: UserWarning: The distribution is specified by [2, 200] and step=5, but the range is not divisible by `step`. It will be replaced by [2, 197].
  warnings.warn(
[32m[I 2022-02-15 16:54:52,105][0m Trial 283 finished with value: 4.514091886901856 and parameters: {'hidden_size': 27, 'lr': 0.002032296275611457}. Best is trial 206 with value: 4.355436987609863.[0m
/home/erussek/.conda/envs/pDL/lib/python3.8/site-packages/optuna/distributions.py:560: UserWarning: The distribution is specified by [2, 200] and step=5, but the range is not divisible by `step`. It will be replaced by [2, 197].
  warnings.warn(
[32m[I 2022-02-15 16:55:49,969][0m Trial 284 finished with value: 4.486220180053711 and parameters: {'hidden_size': 22, 'lr': 0.0023120487439171485}. Best is trial 206 with value: 4.355436987609863.[0m
/home/erussek/.conda/envs/pDL/lib/python3.8/site-packages/optuna/distributions.py:560: UserWarning: The distribution is specified by [2, 200] and step=5, but the range is not divisible by `step`. It will be replaced by [2, 197].
  warnings.warn(
[32m[I 2022-02-15 16:56:48,162][0m Trial 285 finished with value: 4.524880200958252 and parameters: {'hidden_size': 27, 'lr': 0.002649891105209846}. Best is trial 206 with value: 4.355436987609863.[0m
/home/erussek/.conda/envs/pDL/lib/python3.8/site-packages/optuna/distributions.py:560: UserWarning: The distribution is specified by [2, 200] and step=5, but the range is not divisible by `step`. It will be replaced by [2, 197].
  warnings.warn(
[32m[I 2022-02-15 16:57:44,548][0m Trial 286 finished with value: 4.485905048217774 and parameters: {'hidden_size': 32, 'lr': 0.0022330939657896833}. Best is trial 206 with value: 4.355436987609863.[0m
/home/erussek/.conda/envs/pDL/lib/python3.8/site-packages/optuna/distributions.py:560: UserWarning: The distribution is specified by [2, 200] and step=5, but the range is not divisible by `step`. It will be replaced by [2, 197].
  warnings.warn(
[32m[I 2022-02-15 16:58:43,081][0m Trial 287 finished with value: 4.4789118392181395 and parameters: {'hidden_size': 17, 'lr': 0.003853260874906835}. Best is trial 206 with value: 4.355436987609863.[0m
/home/erussek/.conda/envs/pDL/lib/python3.8/site-packages/optuna/distributions.py:560: UserWarning: The distribution is specified by [2, 200] and step=5, but the range is not divisible by `step`. It will be replaced by [2, 197].
  warnings.warn(
[32m[I 2022-02-15 16:59:40,931][0m Trial 288 finished with value: 4.375872460479736 and parameters: {'hidden_size': 42, 'lr': 0.0030236562683365912}. Best is trial 206 with value: 4.355436987609863.[0m
/home/erussek/.conda/envs/pDL/lib/python3.8/site-packages/optuna/distributions.py:560: UserWarning: The distribution is specified by [2, 200] and step=5, but the range is not divisible by `step`. It will be replaced by [2, 197].
  warnings.warn(
