[32m[I 2022-01-19 12:39:41,620][0m Trial 47 finished with value: 0.015467087527917277 and parameters: {'hidden_size': 132, 'lr': 0.0015870935402740795}. Best is trial 31 with value: 0.009247874120070089.[0m
/home/erussek/.conda/envs/pDL/lib/python3.8/site-packages/optuna/distributions.py:560: UserWarning: The distribution is specified by [2, 150] and step=5, but the range is not divisible by `step`. It will be replaced by [2, 147].
  warnings.warn(
[32m[I 2022-01-19 12:40:06,789][0m Trial 48 finished with value: 0.010541973500362328 and parameters: {'hidden_size': 142, 'lr': 0.001599507993100656}. Best is trial 31 with value: 0.009247874120070089.[0m
/home/erussek/.conda/envs/pDL/lib/python3.8/site-packages/optuna/distributions.py:560: UserWarning: The distribution is specified by [2, 150] and step=5, but the range is not divisible by `step`. It will be replaced by [2, 147].
  warnings.warn(
[32m[I 2022-01-19 12:40:32,048][0m Trial 49 finished with value: 0.015785616131559495 and parameters: {'hidden_size': 142, 'lr': 0.0016368944375748373}. Best is trial 31 with value: 0.009247874120070089.[0m
/home/erussek/.conda/envs/pDL/lib/python3.8/site-packages/optuna/distributions.py:560: UserWarning: The distribution is specified by [2, 150] and step=5, but the range is not divisible by `step`. It will be replaced by [2, 147].
  warnings.warn(
[32m[I 2022-01-19 12:40:56,701][0m Trial 50 finished with value: 0.08777097768841251 and parameters: {'hidden_size': 132, 'lr': 0.002580353808320497}. Best is trial 31 with value: 0.009247874120070089.[0m
/home/erussek/.conda/envs/pDL/lib/python3.8/site-packages/optuna/distributions.py:560: UserWarning: The distribution is specified by [2, 150] and step=5, but the range is not divisible by `step`. It will be replaced by [2, 147].
  warnings.warn(
[32m[I 2022-01-19 12:41:21,985][0m Trial 51 finished with value: 0.03197722052854876 and parameters: {'hidden_size': 147, 'lr': 0.001063246899669811}. Best is trial 31 with value: 0.009247874120070089.[0m
/home/erussek/.conda/envs/pDL/lib/python3.8/site-packages/optuna/distributions.py:560: UserWarning: The distribution is specified by [2, 150] and step=5, but the range is not divisible by `step`. It will be replaced by [2, 147].
  warnings.warn(
[32m[I 2022-01-19 12:41:46,783][0m Trial 52 finished with value: 0.01989874210689337 and parameters: {'hidden_size': 127, 'lr': 0.0017912848160476567}. Best is trial 31 with value: 0.009247874120070089.[0m
/home/erussek/.conda/envs/pDL/lib/python3.8/site-packages/optuna/distributions.py:560: UserWarning: The distribution is specified by [2, 150] and step=5, but the range is not divisible by `step`. It will be replaced by [2, 147].
  warnings.warn(
[32m[I 2022-01-19 12:42:12,007][0m Trial 53 finished with value: 0.037224280557805495 and parameters: {'hidden_size': 142, 'lr': 0.0021551330508000877}. Best is trial 31 with value: 0.009247874120070089.[0m
/home/erussek/.conda/envs/pDL/lib/python3.8/site-packages/optuna/distributions.py:560: UserWarning: The distribution is specified by [2, 150] and step=5, but the range is not divisible by `step`. It will be replaced by [2, 147].
  warnings.warn(
[32m[I 2022-01-19 12:42:36,564][0m Trial 54 finished with value: 0.03360128898413912 and parameters: {'hidden_size': 132, 'lr': 0.0009214487918079402}. Best is trial 31 with value: 0.009247874120070089.[0m
/home/erussek/.conda/envs/pDL/lib/python3.8/site-packages/optuna/distributions.py:560: UserWarning: The distribution is specified by [2, 150] and step=5, but the range is not divisible by `step`. It will be replaced by [2, 147].
  warnings.warn(
[32m[I 2022-01-19 12:43:00,377][0m Trial 55 finished with value: 0.07507238957670427 and parameters: {'hidden_size': 17, 'lr': 0.0007604118585201866}. Best is trial 31 with value: 0.009247874120070089.[0m
/home/erussek/.conda/envs/pDL/lib/python3.8/site-packages/optuna/distributions.py:560: UserWarning: The distribution is specified by [2, 150] and step=5, but the range is not divisible by `step`. It will be replaced by [2, 147].
  warnings.warn(
[32m[I 2022-01-19 12:43:24,559][0m Trial 56 finished with value: 0.06344311984796677 and parameters: {'hidden_size': 72, 'lr': 0.0011935997684168209}. Best is trial 31 with value: 0.009247874120070089.[0m
/home/erussek/.conda/envs/pDL/lib/python3.8/site-packages/optuna/distributions.py:560: UserWarning: The distribution is specified by [2, 150] and step=5, but the range is not divisible by `step`. It will be replaced by [2, 147].
  warnings.warn(
[32m[I 2022-01-19 12:43:49,685][0m Trial 57 finished with value: 0.056939606224336935 and parameters: {'hidden_size': 137, 'lr': 0.00041789108478581854}. Best is trial 31 with value: 0.009247874120070089.[0m
/home/erussek/.conda/envs/pDL/lib/python3.8/site-packages/optuna/distributions.py:560: UserWarning: The distribution is specified by [2, 150] and step=5, but the range is not divisible by `step`. It will be replaced by [2, 147].
  warnings.warn(
[32m[I 2022-01-19 12:44:14,350][0m Trial 58 finished with value: 0.04282517394711895 and parameters: {'hidden_size': 112, 'lr': 0.0006006951872094299}. Best is trial 31 with value: 0.009247874120070089.[0m
/home/erussek/.conda/envs/pDL/lib/python3.8/site-packages/optuna/distributions.py:560: UserWarning: The distribution is specified by [2, 150] and step=5, but the range is not divisible by `step`. It will be replaced by [2, 147].
  warnings.warn(
[32m[I 2022-01-19 12:44:38,460][0m Trial 59 finished with value: 0.03214274509058845 and parameters: {'hidden_size': 37, 'lr': 0.0016022166872616732}. Best is trial 31 with value: 0.009247874120070089.[0m
/home/erussek/.conda/envs/pDL/lib/python3.8/site-packages/optuna/distributions.py:560: UserWarning: The distribution is specified by [2, 150] and step=5, but the range is not divisible by `step`. It will be replaced by [2, 147].
  warnings.warn(
[32m[I 2022-01-19 12:45:03,296][0m Trial 60 finished with value: 0.02616428499740939 and parameters: {'hidden_size': 122, 'lr': 0.0032029375698485363}. Best is trial 31 with value: 0.009247874120070089.[0m
/home/erussek/.conda/envs/pDL/lib/python3.8/site-packages/optuna/distributions.py:560: UserWarning: The distribution is specified by [2, 150] and step=5, but the range is not divisible by `step`. It will be replaced by [2, 147].
  warnings.warn(
[32m[I 2022-01-19 12:45:28,516][0m Trial 61 finished with value: 0.0200232396262788 and parameters: {'hidden_size': 142, 'lr': 0.0016128555261104968}. Best is trial 31 with value: 0.009247874120070089.[0m
/home/erussek/.conda/envs/pDL/lib/python3.8/site-packages/optuna/distributions.py:560: UserWarning: The distribution is specified by [2, 150] and step=5, but the range is not divisible by `step`. It will be replaced by [2, 147].
  warnings.warn(
[32m[I 2022-01-19 12:45:53,803][0m Trial 62 finished with value: 0.01226718363261992 and parameters: {'hidden_size': 147, 'lr': 0.0026277838950787406}. Best is trial 31 with value: 0.009247874120070089.[0m
/home/erussek/.conda/envs/pDL/lib/python3.8/site-packages/optuna/distributions.py:560: UserWarning: The distribution is specified by [2, 150] and step=5, but the range is not divisible by `step`. It will be replaced by [2, 147].
  warnings.warn(
[32m[I 2022-01-19 12:46:19,167][0m Trial 63 finished with value: 0.08899153480606695 and parameters: {'hidden_size': 147, 'lr': 0.005586799990411146}. Best is trial 31 with value: 0.009247874120070089.[0m
/home/erussek/.conda/envs/pDL/lib/python3.8/site-packages/optuna/distributions.py:560: UserWarning: The distribution is specified by [2, 150] and step=5, but the range is not divisible by `step`. It will be replaced by [2, 147].
  warnings.warn(
[32m[I 2022-01-19 12:46:43,807][0m Trial 64 finished with value: 0.032751002078575474 and parameters: {'hidden_size': 132, 'lr': 0.004577452008291891}. Best is trial 31 with value: 0.009247874120070089.[0m
/home/erussek/.conda/envs/pDL/lib/python3.8/site-packages/optuna/distributions.py:560: UserWarning: The distribution is specified by [2, 150] and step=5, but the range is not divisible by `step`. It will be replaced by [2, 147].
  warnings.warn(
[32m[I 2022-01-19 12:47:08,553][0m Trial 65 finished with value: 0.02173281692328953 and parameters: {'hidden_size': 122, 'lr': 0.0024841939217975346}. Best is trial 31 with value: 0.009247874120070089.[0m
/home/erussek/.conda/envs/pDL/lib/python3.8/site-packages/optuna/distributions.py:560: UserWarning: The distribution is specified by [2, 150] and step=5, but the range is not divisible by `step`. It will be replaced by [2, 147].
  warnings.warn(
[32m[I 2022-01-19 12:47:33,201][0m Trial 66 finished with value: 0.01564804239258651 and parameters: {'hidden_size': 102, 'lr': 0.00379407418414557}. Best is trial 31 with value: 0.009247874120070089.[0m
/home/erussek/.conda/envs/pDL/lib/python3.8/site-packages/optuna/distributions.py:560: UserWarning: The distribution is specified by [2, 150] and step=5, but the range is not divisible by `step`. It will be replaced by [2, 147].
  warnings.warn(
[32m[I 2022-01-19 12:47:57,866][0m Trial 67 finished with value: 0.051953020836076426 and parameters: {'hidden_size': 102, 'lr': 0.006950960528975394}. Best is trial 31 with value: 0.009247874120070089.[0m
/home/erussek/.conda/envs/pDL/lib/python3.8/site-packages/optuna/distributions.py:560: UserWarning: The distribution is specified by [2, 150] and step=5, but the range is not divisible by `step`. It will be replaced by [2, 147].
  warnings.warn(
[32m[I 2022-01-19 12:48:22,988][0m Trial 68 finished with value: 0.009511654610715566 and parameters: {'hidden_size': 137, 'lr': 0.002078928766250566}. Best is trial 31 with value: 0.009247874120070089.[0m
/home/erussek/.conda/envs/pDL/lib/python3.8/site-packages/optuna/distributions.py:560: UserWarning: The distribution is specified by [2, 150] and step=5, but the range is not divisible by `step`. It will be replaced by [2, 147].
  warnings.warn(
[32m[I 2022-01-19 12:48:48,340][0m Trial 69 finished with value: 0.009478444188472724 and parameters: {'hidden_size': 147, 'lr': 0.0020214593974122556}. Best is trial 31 with value: 0.009247874120070089.[0m
/home/erussek/.conda/envs/pDL/lib/python3.8/site-packages/optuna/distributions.py:560: UserWarning: The distribution is specified by [2, 150] and step=5, but the range is not divisible by `step`. It will be replaced by [2, 147].
  warnings.warn(
[32m[I 2022-01-19 12:49:13,679][0m Trial 70 finished with value: 0.019404464100878083 and parameters: {'hidden_size': 147, 'lr': 0.0020127180492960253}. Best is trial 31 with value: 0.009247874120070089.[0m
/home/erussek/.conda/envs/pDL/lib/python3.8/site-packages/optuna/distributions.py:560: UserWarning: The distribution is specified by [2, 150] and step=5, but the range is not divisible by `step`. It will be replaced by [2, 147].
  warnings.warn(
[32m[I 2022-01-19 12:49:38,828][0m Trial 71 finished with value: 0.03369847072228309 and parameters: {'hidden_size': 137, 'lr': 0.0025146230550057145}. Best is trial 31 with value: 0.009247874120070089.[0m
/home/erussek/.conda/envs/pDL/lib/python3.8/site-packages/optuna/distributions.py:560: UserWarning: The distribution is specified by [2, 150] and step=5, but the range is not divisible by `step`. It will be replaced by [2, 147].
  warnings.warn(
[32m[I 2022-01-19 12:50:04,094][0m Trial 72 finished with value: 0.058684232975206065 and parameters: {'hidden_size': 142, 'lr': 0.002904911477400977}. Best is trial 31 with value: 0.009247874120070089.[0m
/home/erussek/.conda/envs/pDL/lib/python3.8/site-packages/optuna/distributions.py:560: UserWarning: The distribution is specified by [2, 150] and step=5, but the range is not divisible by `step`. It will be replaced by [2, 147].
  warnings.warn(
[32m[I 2022-01-19 12:50:28,831][0m Trial 73 finished with value: 0.0180973949571771 and parameters: {'hidden_size': 127, 'lr': 0.0019313990793670063}. Best is trial 31 with value: 0.009247874120070089.[0m
/home/erussek/.conda/envs/pDL/lib/python3.8/site-packages/optuna/distributions.py:560: UserWarning: The distribution is specified by [2, 150] and step=5, but the range is not divisible by `step`. It will be replaced by [2, 147].
  warnings.warn(
[32m[I 2022-01-19 12:50:53,468][0m Trial 74 finished with value: 0.015169523295856292 and parameters: {'hidden_size': 132, 'lr': 0.0015016219305399496}. Best is trial 31 with value: 0.009247874120070089.[0m
/home/erussek/.conda/envs/pDL/lib/python3.8/site-packages/optuna/distributions.py:560: UserWarning: The distribution is specified by [2, 150] and step=5, but the range is not divisible by `step`. It will be replaced by [2, 147].
  warnings.warn(
[32m[I 2022-01-19 12:51:18,818][0m Trial 75 finished with value: 0.013542320924781023 and parameters: {'hidden_size': 147, 'lr': 0.0013121784959483182}. Best is trial 31 with value: 0.009247874120070089.[0m
/home/erussek/.conda/envs/pDL/lib/python3.8/site-packages/optuna/distributions.py:560: UserWarning: The distribution is specified by [2, 150] and step=5, but the range is not divisible by `step`. It will be replaced by [2, 147].
  warnings.warn(
[32m[I 2022-01-19 12:51:44,088][0m Trial 76 finished with value: 0.028381711472907373 and parameters: {'hidden_size': 147, 'lr': 0.0012826474552263233}. Best is trial 31 with value: 0.009247874120070089.[0m
/home/erussek/.conda/envs/pDL/lib/python3.8/site-packages/optuna/distributions.py:560: UserWarning: The distribution is specified by [2, 150] and step=5, but the range is not divisible by `step`. It will be replaced by [2, 147].
  warnings.warn(
[32m[I 2022-01-19 12:52:09,354][0m Trial 77 finished with value: 0.017379354415160995 and parameters: {'hidden_size': 142, 'lr': 0.0035918443906611357}. Best is trial 31 with value: 0.009247874120070089.[0m
/home/erussek/.conda/envs/pDL/lib/python3.8/site-packages/optuna/distributions.py:560: UserWarning: The distribution is specified by [2, 150] and step=5, but the range is not divisible by `step`. It will be replaced by [2, 147].
  warnings.warn(
[32m[I 2022-01-19 12:52:34,571][0m Trial 78 finished with value: 0.02367827563636726 and parameters: {'hidden_size': 137, 'lr': 0.00096287267534086}. Best is trial 31 with value: 0.009247874120070089.[0m
/home/erussek/.conda/envs/pDL/lib/python3.8/site-packages/optuna/distributions.py:560: UserWarning: The distribution is specified by [2, 150] and step=5, but the range is not divisible by `step`. It will be replaced by [2, 147].
  warnings.warn(
[32m[I 2022-01-19 12:52:59,900][0m Trial 79 finished with value: 0.015386050717244226 and parameters: {'hidden_size': 147, 'lr': 0.001150670173583731}. Best is trial 31 with value: 0.009247874120070089.[0m
/home/erussek/.conda/envs/pDL/lib/python3.8/site-packages/optuna/distributions.py:560: UserWarning: The distribution is specified by [2, 150] and step=5, but the range is not divisible by `step`. It will be replaced by [2, 147].
  warnings.warn(
[32m[I 2022-01-19 12:53:25,126][0m Trial 80 finished with value: 0.014969227835536003 and parameters: {'hidden_size': 137, 'lr': 0.0022311132585565705}. Best is trial 31 with value: 0.009247874120070089.[0m
/home/erussek/.conda/envs/pDL/lib/python3.8/site-packages/optuna/distributions.py:560: UserWarning: The distribution is specified by [2, 150] and step=5, but the range is not divisible by `step`. It will be replaced by [2, 147].
  warnings.warn(
[32m[I 2022-01-19 12:53:50,345][0m Trial 81 finished with value: 0.016771117705971963 and parameters: {'hidden_size': 137, 'lr': 0.0023034737820637084}. Best is trial 31 with value: 0.009247874120070089.[0m
/home/erussek/.conda/envs/pDL/lib/python3.8/site-packages/optuna/distributions.py:560: UserWarning: The distribution is specified by [2, 150] and step=5, but the range is not divisible by `step`. It will be replaced by [2, 147].
  warnings.warn(
[32m[I 2022-01-19 12:54:15,523][0m Trial 82 finished with value: 0.02829104758078052 and parameters: {'hidden_size': 142, 'lr': 0.0018898404158439004}. Best is trial 31 with value: 0.009247874120070089.[0m
/home/erussek/.conda/envs/pDL/lib/python3.8/site-packages/optuna/distributions.py:560: UserWarning: The distribution is specified by [2, 150] and step=5, but the range is not divisible by `step`. It will be replaced by [2, 147].
  warnings.warn(
[32m[I 2022-01-19 12:54:40,900][0m Trial 83 finished with value: 0.010099465493112803 and parameters: {'hidden_size': 147, 'lr': 0.002086477720543835}. Best is trial 31 with value: 0.009247874120070089.[0m
/home/erussek/.conda/envs/pDL/lib/python3.8/site-packages/optuna/distributions.py:560: UserWarning: The distribution is specified by [2, 150] and step=5, but the range is not divisible by `step`. It will be replaced by [2, 147].
  warnings.warn(
[32m[I 2022-01-19 12:55:06,295][0m Trial 84 finished with value: 0.05067659241537894 and parameters: {'hidden_size': 147, 'lr': 0.002813454714050121}. Best is trial 31 with value: 0.009247874120070089.[0m
/home/erussek/.conda/envs/pDL/lib/python3.8/site-packages/optuna/distributions.py:560: UserWarning: The distribution is specified by [2, 150] and step=5, but the range is not divisible by `step`. It will be replaced by [2, 147].
  warnings.warn(
[32m[I 2022-01-19 12:55:31,036][0m Trial 85 finished with value: 0.008573976150082966 and parameters: {'hidden_size': 127, 'lr': 0.0013076758711041928}. Best is trial 85 with value: 0.008573976150082966.[0m
/home/erussek/.conda/envs/pDL/lib/python3.8/site-packages/optuna/distributions.py:560: UserWarning: The distribution is specified by [2, 150] and step=5, but the range is not divisible by `step`. It will be replaced by [2, 147].
  warnings.warn(
[32m[I 2022-01-19 12:55:55,875][0m Trial 86 finished with value: 0.008411980189022518 and parameters: {'hidden_size': 127, 'lr': 0.0017958868385918084}. Best is trial 86 with value: 0.008411980189022518.[0m
/home/erussek/.conda/envs/pDL/lib/python3.8/site-packages/optuna/distributions.py:560: UserWarning: The distribution is specified by [2, 150] and step=5, but the range is not divisible by `step`. It will be replaced by [2, 147].
  warnings.warn(
[32m[I 2022-01-19 12:56:20,653][0m Trial 87 finished with value: 0.018171847197076967 and parameters: {'hidden_size': 122, 'lr': 0.0018303443874502336}. Best is trial 86 with value: 0.008411980189022518.[0m
/home/erussek/.conda/envs/pDL/lib/python3.8/site-packages/optuna/distributions.py:560: UserWarning: The distribution is specified by [2, 150] and step=5, but the range is not divisible by `step`. It will be replaced by [2, 147].
  warnings.warn(
[32m[I 2022-01-19 12:56:45,326][0m Trial 88 finished with value: 0.050673474587740436 and parameters: {'hidden_size': 132, 'lr': 0.001428424341296643}. Best is trial 86 with value: 0.008411980189022518.[0m
/home/erussek/.conda/envs/pDL/lib/python3.8/site-packages/optuna/distributions.py:560: UserWarning: The distribution is specified by [2, 150] and step=5, but the range is not divisible by `step`. It will be replaced by [2, 147].
  warnings.warn(
[32m[I 2022-01-19 12:57:10,099][0m Trial 89 finished with value: 0.023140537642663526 and parameters: {'hidden_size': 127, 'lr': 0.0033031061190037752}. Best is trial 86 with value: 0.008411980189022518.[0m
/home/erussek/.conda/envs/pDL/lib/python3.8/site-packages/optuna/distributions.py:560: UserWarning: The distribution is specified by [2, 150] and step=5, but the range is not divisible by `step`. It will be replaced by [2, 147].
  warnings.warn(
[32m[I 2022-01-19 12:57:35,271][0m Trial 90 finished with value: 0.0368372279429628 and parameters: {'hidden_size': 142, 'lr': 0.002055023514501964}. Best is trial 86 with value: 0.008411980189022518.[0m
/home/erussek/.conda/envs/pDL/lib/python3.8/site-packages/optuna/distributions.py:560: UserWarning: The distribution is specified by [2, 150] and step=5, but the range is not divisible by `step`. It will be replaced by [2, 147].
  warnings.warn(
[32m[I 2022-01-19 12:58:00,072][0m Trial 91 finished with value: 0.0700731208968547 and parameters: {'hidden_size': 117, 'lr': 0.0016953649175496354}. Best is trial 86 with value: 0.008411980189022518.[0m
/home/erussek/.conda/envs/pDL/lib/python3.8/site-packages/optuna/distributions.py:560: UserWarning: The distribution is specified by [2, 150] and step=5, but the range is not divisible by `step`. It will be replaced by [2, 147].
  warnings.warn(
[32m[I 2022-01-19 12:58:24,887][0m Trial 92 finished with value: 0.037277753615090926 and parameters: {'hidden_size': 127, 'lr': 0.0027567872664334054}. Best is trial 86 with value: 0.008411980189022518.[0m
/home/erussek/.conda/envs/pDL/lib/python3.8/site-packages/optuna/distributions.py:560: UserWarning: The distribution is specified by [2, 150] and step=5, but the range is not divisible by `step`. It will be replaced by [2, 147].
  warnings.warn(
[32m[I 2022-01-19 12:58:49,480][0m Trial 93 finished with value: 0.01801292078509446 and parameters: {'hidden_size': 132, 'lr': 0.0023683843730613443}. Best is trial 86 with value: 0.008411980189022518.[0m
/home/erussek/.conda/envs/pDL/lib/python3.8/site-packages/optuna/distributions.py:560: UserWarning: The distribution is specified by [2, 150] and step=5, but the range is not divisible by `step`. It will be replaced by [2, 147].
  warnings.warn(
[32m[I 2022-01-19 12:59:14,339][0m Trial 94 finished with value: 0.054115432885385326 and parameters: {'hidden_size': 122, 'lr': 0.001056623095984475}. Best is trial 86 with value: 0.008411980189022518.[0m
/home/erussek/.conda/envs/pDL/lib/python3.8/site-packages/optuna/distributions.py:560: UserWarning: The distribution is specified by [2, 150] and step=5, but the range is not divisible by `step`. It will be replaced by [2, 147].
  warnings.warn(
