[32m[I 2022-06-22 20:54:36,587][0m Trial 48 finished with value: 5.001188473916695 and parameters: {'hidden_size': 92, 'lr': 0.0033067817241737947}. Best is trial 31 with value: 4.981893063354736.[0m
/home/erussek/.conda/envs/pDL/lib/python3.8/site-packages/optuna/distributions.py:560: UserWarning: The distribution is specified by [2, 200] and step=5, but the range is not divisible by `step`. It will be replaced by [2, 197].
  warnings.warn(
[32m[I 2022-06-22 20:56:36,740][0m Trial 49 finished with value: 5.019520843952475 and parameters: {'hidden_size': 142, 'lr': 0.0008467696543028688}. Best is trial 31 with value: 4.981893063354736.[0m
/home/erussek/.conda/envs/pDL/lib/python3.8/site-packages/optuna/distributions.py:560: UserWarning: The distribution is specified by [2, 200] and step=5, but the range is not divisible by `step`. It will be replaced by [2, 197].
  warnings.warn(
[32m[I 2022-06-22 20:58:29,410][0m Trial 50 finished with value: 5.021489510730043 and parameters: {'hidden_size': 57, 'lr': 0.0057012542400232185}. Best is trial 31 with value: 4.981893063354736.[0m
/home/erussek/.conda/envs/pDL/lib/python3.8/site-packages/optuna/distributions.py:560: UserWarning: The distribution is specified by [2, 200] and step=5, but the range is not divisible by `step`. It will be replaced by [2, 197].
  warnings.warn(
[32m[I 2022-06-22 21:00:24,949][0m Trial 51 finished with value: 4.996112584304565 and parameters: {'hidden_size': 117, 'lr': 0.0024789657286528074}. Best is trial 31 with value: 4.981893063354736.[0m
/home/erussek/.conda/envs/pDL/lib/python3.8/site-packages/optuna/distributions.py:560: UserWarning: The distribution is specified by [2, 200] and step=5, but the range is not divisible by `step`. It will be replaced by [2, 197].
  warnings.warn(
[32m[I 2022-06-22 21:02:18,585][0m Trial 52 finished with value: 5.001445259388522 and parameters: {'hidden_size': 97, 'lr': 0.0016170602795551258}. Best is trial 31 with value: 4.981893063354736.[0m
/home/erussek/.conda/envs/pDL/lib/python3.8/site-packages/optuna/distributions.py:560: UserWarning: The distribution is specified by [2, 200] and step=5, but the range is not divisible by `step`. It will be replaced by [2, 197].
  warnings.warn(
[32m[I 2022-06-22 21:04:11,687][0m Trial 53 finished with value: 5.000091361060796 and parameters: {'hidden_size': 82, 'lr': 0.0018416072245448936}. Best is trial 31 with value: 4.981893063354736.[0m
/home/erussek/.conda/envs/pDL/lib/python3.8/site-packages/optuna/distributions.py:560: UserWarning: The distribution is specified by [2, 200] and step=5, but the range is not divisible by `step`. It will be replaced by [2, 197].
  warnings.warn(
[32m[I 2022-06-22 21:06:08,455][0m Trial 54 finished with value: 4.984117213994379 and parameters: {'hidden_size': 112, 'lr': 0.0020970991228066115}. Best is trial 31 with value: 4.981893063354736.[0m
/home/erussek/.conda/envs/pDL/lib/python3.8/site-packages/optuna/distributions.py:560: UserWarning: The distribution is specified by [2, 200] and step=5, but the range is not divisible by `step`. It will be replaced by [2, 197].
  warnings.warn(
[32m[I 2022-06-22 21:08:05,275][0m Trial 55 finished with value: 4.9973478508056655 and parameters: {'hidden_size': 112, 'lr': 0.0021815818059895673}. Best is trial 31 with value: 4.981893063354736.[0m
/home/erussek/.conda/envs/pDL/lib/python3.8/site-packages/optuna/distributions.py:560: UserWarning: The distribution is specified by [2, 200] and step=5, but the range is not divisible by `step`. It will be replaced by [2, 197].
  warnings.warn(
[32m[I 2022-06-22 21:10:00,539][0m Trial 56 finished with value: 5.003231919262077 and parameters: {'hidden_size': 127, 'lr': 0.0013194649285565574}. Best is trial 31 with value: 4.981893063354736.[0m
/home/erussek/.conda/envs/pDL/lib/python3.8/site-packages/optuna/distributions.py:560: UserWarning: The distribution is specified by [2, 200] and step=5, but the range is not divisible by `step`. It will be replaced by [2, 197].
  warnings.warn(
[32m[I 2022-06-22 21:11:53,932][0m Trial 57 finished with value: 5.016649108575645 and parameters: {'hidden_size': 37, 'lr': 0.002900150147340789}. Best is trial 31 with value: 4.981893063354736.[0m
/home/erussek/.conda/envs/pDL/lib/python3.8/site-packages/optuna/distributions.py:560: UserWarning: The distribution is specified by [2, 200] and step=5, but the range is not divisible by `step`. It will be replaced by [2, 197].
  warnings.warn(
[32m[I 2022-06-22 21:13:55,447][0m Trial 58 finished with value: 5.13037534109609 and parameters: {'hidden_size': 157, 'lr': 0.00011188002731180259}. Best is trial 31 with value: 4.981893063354736.[0m
/home/erussek/.conda/envs/pDL/lib/python3.8/site-packages/optuna/distributions.py:560: UserWarning: The distribution is specified by [2, 200] and step=5, but the range is not divisible by `step`. It will be replaced by [2, 197].
  warnings.warn(
[32m[I 2022-06-22 21:15:50,408][0m Trial 59 finished with value: 5.025475840982188 and parameters: {'hidden_size': 107, 'lr': 0.0036683580056165385}. Best is trial 31 with value: 4.981893063354736.[0m
/home/erussek/.conda/envs/pDL/lib/python3.8/site-packages/optuna/distributions.py:560: UserWarning: The distribution is specified by [2, 200] and step=5, but the range is not divisible by `step`. It will be replaced by [2, 197].
  warnings.warn(
[32m[I 2022-06-22 21:17:45,761][0m Trial 60 finished with value: 5.020716402007126 and parameters: {'hidden_size': 117, 'lr': 0.004798535578705724}. Best is trial 31 with value: 4.981893063354736.[0m
/home/erussek/.conda/envs/pDL/lib/python3.8/site-packages/optuna/distributions.py:560: UserWarning: The distribution is specified by [2, 200] and step=5, but the range is not divisible by `step`. It will be replaced by [2, 197].
  warnings.warn(
[32m[I 2022-06-22 21:19:38,696][0m Trial 61 finished with value: 4.998274119463529 and parameters: {'hidden_size': 87, 'lr': 0.0020405828026661636}. Best is trial 31 with value: 4.981893063354736.[0m
/home/erussek/.conda/envs/pDL/lib/python3.8/site-packages/optuna/distributions.py:560: UserWarning: The distribution is specified by [2, 200] and step=5, but the range is not divisible by `step`. It will be replaced by [2, 197].
  warnings.warn(
[32m[I 2022-06-22 21:21:32,230][0m Trial 62 finished with value: 5.004512299915893 and parameters: {'hidden_size': 97, 'lr': 0.002489909016680353}. Best is trial 31 with value: 4.981893063354736.[0m
/home/erussek/.conda/envs/pDL/lib/python3.8/site-packages/optuna/distributions.py:560: UserWarning: The distribution is specified by [2, 200] and step=5, but the range is not divisible by `step`. It will be replaced by [2, 197].
  warnings.warn(
[32m[I 2022-06-22 21:23:27,176][0m Trial 63 finished with value: 4.978601412225166 and parameters: {'hidden_size': 107, 'lr': 0.001688198445139174}. Best is trial 63 with value: 4.978601412225166.[0m
/home/erussek/.conda/envs/pDL/lib/python3.8/site-packages/optuna/distributions.py:560: UserWarning: The distribution is specified by [2, 200] and step=5, but the range is not divisible by `step`. It will be replaced by [2, 197].
  warnings.warn(
[32m[I 2022-06-22 21:25:26,593][0m Trial 64 finished with value: 5.003242646877042 and parameters: {'hidden_size': 132, 'lr': 0.00165653774164859}. Best is trial 63 with value: 4.978601412225166.[0m
/home/erussek/.conda/envs/pDL/lib/python3.8/site-packages/optuna/distributions.py:560: UserWarning: The distribution is specified by [2, 200] and step=5, but the range is not divisible by `step`. It will be replaced by [2, 197].
  warnings.warn(
[32m[I 2022-06-22 21:27:21,909][0m Trial 65 finished with value: 4.998418768145211 and parameters: {'hidden_size': 122, 'lr': 0.001146071140862266}. Best is trial 63 with value: 4.978601412225166.[0m
/home/erussek/.conda/envs/pDL/lib/python3.8/site-packages/optuna/distributions.py:560: UserWarning: The distribution is specified by [2, 200] and step=5, but the range is not divisible by `step`. It will be replaced by [2, 197].
  warnings.warn(
[32m[I 2022-06-22 21:29:15,002][0m Trial 66 finished with value: 5.027822185608246 and parameters: {'hidden_size': 77, 'lr': 0.0013942760948779033}. Best is trial 63 with value: 4.978601412225166.[0m
/home/erussek/.conda/envs/pDL/lib/python3.8/site-packages/optuna/distributions.py:560: UserWarning: The distribution is specified by [2, 200] and step=5, but the range is not divisible by `step`. It will be replaced by [2, 197].
  warnings.warn(
[32m[I 2022-06-22 21:31:10,067][0m Trial 67 finished with value: 4.982244033857741 and parameters: {'hidden_size': 107, 'lr': 0.0018557405271190472}. Best is trial 63 with value: 4.978601412225166.[0m
/home/erussek/.conda/envs/pDL/lib/python3.8/site-packages/optuna/distributions.py:560: UserWarning: The distribution is specified by [2, 200] and step=5, but the range is not divisible by `step`. It will be replaced by [2, 197].
  warnings.warn(
[32m[I 2022-06-22 21:33:04,938][0m Trial 68 finished with value: 4.987294341896621 and parameters: {'hidden_size': 107, 'lr': 0.0017548124818537985}. Best is trial 63 with value: 4.978601412225166.[0m
/home/erussek/.conda/envs/pDL/lib/python3.8/site-packages/optuna/distributions.py:560: UserWarning: The distribution is specified by [2, 200] and step=5, but the range is not divisible by `step`. It will be replaced by [2, 197].
  warnings.warn(
[32m[I 2022-06-22 21:35:01,771][0m Trial 69 finished with value: 5.019077249930244 and parameters: {'hidden_size': 112, 'lr': 0.003230076273332065}. Best is trial 63 with value: 4.978601412225166.[0m
/home/erussek/.conda/envs/pDL/lib/python3.8/site-packages/optuna/distributions.py:560: UserWarning: The distribution is specified by [2, 200] and step=5, but the range is not divisible by `step`. It will be replaced by [2, 197].
  warnings.warn(
[32m[I 2022-06-22 21:36:55,408][0m Trial 70 finished with value: 5.041128955333089 and parameters: {'hidden_size': 97, 'lr': 0.0009100742687580461}. Best is trial 63 with value: 4.978601412225166.[0m
/home/erussek/.conda/envs/pDL/lib/python3.8/site-packages/optuna/distributions.py:560: UserWarning: The distribution is specified by [2, 200] and step=5, but the range is not divisible by `step`. It will be replaced by [2, 197].
  warnings.warn(
[32m[I 2022-06-22 21:38:48,265][0m Trial 71 finished with value: 4.993636288807731 and parameters: {'hidden_size': 87, 'lr': 0.0020341699744136823}. Best is trial 63 with value: 4.978601412225166.[0m
/home/erussek/.conda/envs/pDL/lib/python3.8/site-packages/optuna/distributions.py:560: UserWarning: The distribution is specified by [2, 200] and step=5, but the range is not divisible by `step`. It will be replaced by [2, 197].
  warnings.warn(
[32m[I 2022-06-22 21:40:43,636][0m Trial 72 finished with value: 4.9846280424375085 and parameters: {'hidden_size': 117, 'lr': 0.0025371468790074364}. Best is trial 63 with value: 4.978601412225166.[0m
/home/erussek/.conda/envs/pDL/lib/python3.8/site-packages/optuna/distributions.py:560: UserWarning: The distribution is specified by [2, 200] and step=5, but the range is not divisible by `step`. It will be replaced by [2, 197].
  warnings.warn(
[32m[I 2022-06-22 21:42:38,647][0m Trial 73 finished with value: 5.027255946634368 and parameters: {'hidden_size': 107, 'lr': 0.0013620169974700204}. Best is trial 63 with value: 4.978601412225166.[0m
/home/erussek/.conda/envs/pDL/lib/python3.8/site-packages/optuna/distributions.py:560: UserWarning: The distribution is specified by [2, 200] and step=5, but the range is not divisible by `step`. It will be replaced by [2, 197].
  warnings.warn(
[32m[I 2022-06-22 21:44:33,925][0m Trial 74 finished with value: 4.980501898386719 and parameters: {'hidden_size': 117, 'lr': 0.0026344635844739034}. Best is trial 63 with value: 4.978601412225166.[0m
/home/erussek/.conda/envs/pDL/lib/python3.8/site-packages/optuna/distributions.py:560: UserWarning: The distribution is specified by [2, 200] and step=5, but the range is not divisible by `step`. It will be replaced by [2, 197].
  warnings.warn(
[32m[I 2022-06-22 21:46:29,096][0m Trial 75 finished with value: 5.00691280742003 and parameters: {'hidden_size': 122, 'lr': 0.0027955353854436493}. Best is trial 63 with value: 4.978601412225166.[0m
/home/erussek/.conda/envs/pDL/lib/python3.8/site-packages/optuna/distributions.py:560: UserWarning: The distribution is specified by [2, 200] and step=5, but the range is not divisible by `step`. It will be replaced by [2, 197].
  warnings.warn(
[32m[I 2022-06-22 21:48:24,500][0m Trial 76 finished with value: 5.020041053220344 and parameters: {'hidden_size': 117, 'lr': 0.003953984897963906}. Best is trial 63 with value: 4.978601412225166.[0m
/home/erussek/.conda/envs/pDL/lib/python3.8/site-packages/optuna/distributions.py:560: UserWarning: The distribution is specified by [2, 200] and step=5, but the range is not divisible by `step`. It will be replaced by [2, 197].
  warnings.warn(
[32m[I 2022-06-22 21:50:23,774][0m Trial 77 finished with value: 5.129955071111647 and parameters: {'hidden_size': 132, 'lr': 0.00017122103310041005}. Best is trial 63 with value: 4.978601412225166.[0m
/home/erussek/.conda/envs/pDL/lib/python3.8/site-packages/optuna/distributions.py:560: UserWarning: The distribution is specified by [2, 200] and step=5, but the range is not divisible by `step`. It will be replaced by [2, 197].
  warnings.warn(
[32m[I 2022-06-22 21:52:17,326][0m Trial 78 finished with value: 5.00105135526303 and parameters: {'hidden_size': 102, 'lr': 0.0031911837907096334}. Best is trial 63 with value: 4.978601412225166.[0m
/home/erussek/.conda/envs/pDL/lib/python3.8/site-packages/optuna/distributions.py:560: UserWarning: The distribution is specified by [2, 200] and step=5, but the range is not divisible by `step`. It will be replaced by [2, 197].
  warnings.warn(
[32m[I 2022-06-22 21:54:09,673][0m Trial 79 finished with value: 4.982883102915198 and parameters: {'hidden_size': 92, 'lr': 0.0024948403857492775}. Best is trial 63 with value: 4.978601412225166.[0m
/home/erussek/.conda/envs/pDL/lib/python3.8/site-packages/optuna/distributions.py:560: UserWarning: The distribution is specified by [2, 200] and step=5, but the range is not divisible by `step`. It will be replaced by [2, 197].
  warnings.warn(
[32m[I 2022-06-22 21:56:01,966][0m Trial 80 finished with value: 5.016007963086213 and parameters: {'hidden_size': 92, 'lr': 0.0019633895500061047}. Best is trial 63 with value: 4.978601412225166.[0m
/home/erussek/.conda/envs/pDL/lib/python3.8/site-packages/optuna/distributions.py:560: UserWarning: The distribution is specified by [2, 200] and step=5, but the range is not divisible by `step`. It will be replaced by [2, 197].
  warnings.warn(
[32m[I 2022-06-22 21:57:54,844][0m Trial 81 finished with value: 5.01390969070216 and parameters: {'hidden_size': 82, 'lr': 0.0025414826122809615}. Best is trial 63 with value: 4.978601412225166.[0m
/home/erussek/.conda/envs/pDL/lib/python3.8/site-packages/optuna/distributions.py:560: UserWarning: The distribution is specified by [2, 200] and step=5, but the range is not divisible by `step`. It will be replaced by [2, 197].
  warnings.warn(
[32m[I 2022-06-22 21:59:51,516][0m Trial 82 finished with value: 5.064024692689869 and parameters: {'hidden_size': 112, 'lr': 0.0022925189030969413}. Best is trial 63 with value: 4.978601412225166.[0m
/home/erussek/.conda/envs/pDL/lib/python3.8/site-packages/optuna/distributions.py:560: UserWarning: The distribution is specified by [2, 200] and step=5, but the range is not divisible by `step`. It will be replaced by [2, 197].
  warnings.warn(
[32m[I 2022-06-22 22:01:46,665][0m Trial 83 finished with value: 5.017265792349389 and parameters: {'hidden_size': 127, 'lr': 0.0027274948391811577}. Best is trial 63 with value: 4.978601412225166.[0m
/home/erussek/.conda/envs/pDL/lib/python3.8/site-packages/optuna/distributions.py:560: UserWarning: The distribution is specified by [2, 200] and step=5, but the range is not divisible by `step`. It will be replaced by [2, 197].
  warnings.warn(
[32m[I 2022-06-22 22:03:40,129][0m Trial 84 finished with value: 5.008937485086781 and parameters: {'hidden_size': 102, 'lr': 0.0015392670112646665}. Best is trial 63 with value: 4.978601412225166.[0m
/home/erussek/.conda/envs/pDL/lib/python3.8/site-packages/optuna/distributions.py:560: UserWarning: The distribution is specified by [2, 200] and step=5, but the range is not divisible by `step`. It will be replaced by [2, 197].
  warnings.warn(
[32m[I 2022-06-22 22:05:35,392][0m Trial 85 finished with value: 4.9901093586077305 and parameters: {'hidden_size': 117, 'lr': 0.0021677123431243423}. Best is trial 63 with value: 4.978601412225166.[0m
/home/erussek/.conda/envs/pDL/lib/python3.8/site-packages/optuna/distributions.py:560: UserWarning: The distribution is specified by [2, 200] and step=5, but the range is not divisible by `step`. It will be replaced by [2, 197].
  warnings.warn(
[32m[I 2022-06-22 22:07:28,965][0m Trial 86 finished with value: 5.0482149901829665 and parameters: {'hidden_size': 97, 'lr': 0.0006625647859727084}. Best is trial 63 with value: 4.978601412225166.[0m
/home/erussek/.conda/envs/pDL/lib/python3.8/site-packages/optuna/distributions.py:560: UserWarning: The distribution is specified by [2, 200] and step=5, but the range is not divisible by `step`. It will be replaced by [2, 197].
  warnings.warn(
[32m[I 2022-06-22 22:09:22,172][0m Trial 87 finished with value: 5.0053853618503386 and parameters: {'hidden_size': 72, 'lr': 0.0036296848051816334}. Best is trial 63 with value: 4.978601412225166.[0m
/home/erussek/.conda/envs/pDL/lib/python3.8/site-packages/optuna/distributions.py:560: UserWarning: The distribution is specified by [2, 200] and step=5, but the range is not divisible by `step`. It will be replaced by [2, 197].
  warnings.warn(
[32m[I 2022-06-22 22:11:14,562][0m Trial 88 finished with value: 4.9843995031565616 and parameters: {'hidden_size': 92, 'lr': 0.0017268403150892074}. Best is trial 63 with value: 4.978601412225166.[0m
/home/erussek/.conda/envs/pDL/lib/python3.8/site-packages/optuna/distributions.py:560: UserWarning: The distribution is specified by [2, 200] and step=5, but the range is not divisible by `step`. It will be replaced by [2, 197].
  warnings.warn(
[32m[I 2022-06-22 22:13:07,414][0m Trial 89 finished with value: 5.0312862158508525 and parameters: {'hidden_size': 87, 'lr': 0.0010494545081184577}. Best is trial 63 with value: 4.978601412225166.[0m
/home/erussek/.conda/envs/pDL/lib/python3.8/site-packages/optuna/distributions.py:560: UserWarning: The distribution is specified by [2, 200] and step=5, but the range is not divisible by `step`. It will be replaced by [2, 197].
  warnings.warn(
[32m[I 2022-06-22 22:15:00,424][0m Trial 90 finished with value: 5.006628340017169 and parameters: {'hidden_size': 77, 'lr': 0.0017528427367807064}. Best is trial 63 with value: 4.978601412225166.[0m
/home/erussek/.conda/envs/pDL/lib/python3.8/site-packages/optuna/distributions.py:560: UserWarning: The distribution is specified by [2, 200] and step=5, but the range is not divisible by `step`. It will be replaced by [2, 197].
  warnings.warn(
[32m[I 2022-06-22 22:16:55,448][0m Trial 91 finished with value: 4.994069514292914 and parameters: {'hidden_size': 107, 'lr': 0.002532767218453127}. Best is trial 63 with value: 4.978601412225166.[0m
/home/erussek/.conda/envs/pDL/lib/python3.8/site-packages/optuna/distributions.py:560: UserWarning: The distribution is specified by [2, 200] and step=5, but the range is not divisible by `step`. It will be replaced by [2, 197].
  warnings.warn(
[32m[I 2022-06-22 22:18:47,829][0m Trial 92 finished with value: 4.9808047592792555 and parameters: {'hidden_size': 92, 'lr': 0.0019324765905026746}. Best is trial 63 with value: 4.978601412225166.[0m
/home/erussek/.conda/envs/pDL/lib/python3.8/site-packages/optuna/distributions.py:560: UserWarning: The distribution is specified by [2, 200] and step=5, but the range is not divisible by `step`. It will be replaced by [2, 197].
  warnings.warn(
[32m[I 2022-06-22 22:20:40,055][0m Trial 93 finished with value: 4.978524340481215 and parameters: {'hidden_size': 92, 'lr': 0.0019260129757659558}. Best is trial 93 with value: 4.978524340481215.[0m
/home/erussek/.conda/envs/pDL/lib/python3.8/site-packages/optuna/distributions.py:560: UserWarning: The distribution is specified by [2, 200] and step=5, but the range is not divisible by `step`. It will be replaced by [2, 197].
  warnings.warn(
[32m[I 2022-06-22 22:22:33,565][0m Trial 94 finished with value: 4.9733313522021385 and parameters: {'hidden_size': 97, 'lr': 0.001973158751580135}. Best is trial 94 with value: 4.9733313522021385.[0m
/home/erussek/.conda/envs/pDL/lib/python3.8/site-packages/optuna/distributions.py:560: UserWarning: The distribution is specified by [2, 200] and step=5, but the range is not divisible by `step`. It will be replaced by [2, 197].
  warnings.warn(
[32m[I 2022-06-22 22:24:26,637][0m Trial 95 finished with value: 5.028016716356314 and parameters: {'hidden_size': 67, 'lr': 0.0014322376589913336}. Best is trial 94 with value: 4.9733313522021385.[0m
/home/erussek/.conda/envs/pDL/lib/python3.8/site-packages/optuna/distributions.py:560: UserWarning: The distribution is specified by [2, 200] and step=5, but the range is not divisible by `step`. It will be replaced by [2, 197].
  warnings.warn(
