[32m[I 2022-02-15 13:07:42,903][0m Trial 48 finished with value: 4.442291787948609 and parameters: {'hidden_size': 32, 'lr': 0.0028677824272637428}. Best is trial 46 with value: 4.371968461303711.[0m
/home/erussek/.conda/envs/pDL/lib/python3.8/site-packages/optuna/distributions.py:560: UserWarning: The distribution is specified by [2, 200] and step=5, but the range is not divisible by `step`. It will be replaced by [2, 197].
  warnings.warn(
[32m[I 2022-02-15 13:08:41,500][0m Trial 49 finished with value: 4.420021620101929 and parameters: {'hidden_size': 57, 'lr': 0.002345623811511918}. Best is trial 46 with value: 4.371968461303711.[0m
/home/erussek/.conda/envs/pDL/lib/python3.8/site-packages/optuna/distributions.py:560: UserWarning: The distribution is specified by [2, 200] and step=5, but the range is not divisible by `step`. It will be replaced by [2, 197].
  warnings.warn(
[32m[I 2022-02-15 13:09:40,128][0m Trial 50 finished with value: 4.5477269425964355 and parameters: {'hidden_size': 92, 'lr': 0.004014772724467313}. Best is trial 46 with value: 4.371968461303711.[0m
/home/erussek/.conda/envs/pDL/lib/python3.8/site-packages/optuna/distributions.py:560: UserWarning: The distribution is specified by [2, 200] and step=5, but the range is not divisible by `step`. It will be replaced by [2, 197].
  warnings.warn(
[32m[I 2022-02-15 13:10:39,357][0m Trial 51 finished with value: 4.426819749069214 and parameters: {'hidden_size': 42, 'lr': 0.008642640333289776}. Best is trial 46 with value: 4.371968461303711.[0m
/home/erussek/.conda/envs/pDL/lib/python3.8/site-packages/optuna/distributions.py:560: UserWarning: The distribution is specified by [2, 200] and step=5, but the range is not divisible by `step`. It will be replaced by [2, 197].
  warnings.warn(
[32m[I 2022-02-15 13:11:36,556][0m Trial 52 finished with value: 4.421324595794678 and parameters: {'hidden_size': 17, 'lr': 0.0051206086383650375}. Best is trial 46 with value: 4.371968461303711.[0m
/home/erussek/.conda/envs/pDL/lib/python3.8/site-packages/optuna/distributions.py:560: UserWarning: The distribution is specified by [2, 200] and step=5, but the range is not divisible by `step`. It will be replaced by [2, 197].
  warnings.warn(
[32m[I 2022-02-15 13:12:35,972][0m Trial 53 finished with value: 4.542804297866821 and parameters: {'hidden_size': 37, 'lr': 0.007189045928137789}. Best is trial 46 with value: 4.371968461303711.[0m
/home/erussek/.conda/envs/pDL/lib/python3.8/site-packages/optuna/distributions.py:560: UserWarning: The distribution is specified by [2, 200] and step=5, but the range is not divisible by `step`. It will be replaced by [2, 197].
  warnings.warn(
[32m[I 2022-02-15 13:13:33,543][0m Trial 54 finished with value: 4.464894636688232 and parameters: {'hidden_size': 52, 'lr': 0.006049912747600794}. Best is trial 46 with value: 4.371968461303711.[0m
/home/erussek/.conda/envs/pDL/lib/python3.8/site-packages/optuna/distributions.py:560: UserWarning: The distribution is specified by [2, 200] and step=5, but the range is not divisible by `step`. It will be replaced by [2, 197].
  warnings.warn(
[32m[I 2022-02-15 13:14:31,645][0m Trial 55 finished with value: 4.4599551977539065 and parameters: {'hidden_size': 27, 'lr': 0.00880327019957533}. Best is trial 46 with value: 4.371968461303711.[0m
/home/erussek/.conda/envs/pDL/lib/python3.8/site-packages/optuna/distributions.py:560: UserWarning: The distribution is specified by [2, 200] and step=5, but the range is not divisible by `step`. It will be replaced by [2, 197].
  warnings.warn(
[32m[I 2022-02-15 13:15:29,420][0m Trial 56 finished with value: 4.498212505111694 and parameters: {'hidden_size': 37, 'lr': 0.0020531473668299405}. Best is trial 46 with value: 4.371968461303711.[0m
/home/erussek/.conda/envs/pDL/lib/python3.8/site-packages/optuna/distributions.py:560: UserWarning: The distribution is specified by [2, 200] and step=5, but the range is not divisible by `step`. It will be replaced by [2, 197].
  warnings.warn(
[32m[I 2022-02-15 13:16:27,778][0m Trial 57 finished with value: 4.450992446060181 and parameters: {'hidden_size': 22, 'lr': 0.0052666763443304145}. Best is trial 46 with value: 4.371968461303711.[0m
/home/erussek/.conda/envs/pDL/lib/python3.8/site-packages/optuna/distributions.py:560: UserWarning: The distribution is specified by [2, 200] and step=5, but the range is not divisible by `step`. It will be replaced by [2, 197].
  warnings.warn(
[32m[I 2022-02-15 13:17:26,139][0m Trial 58 finished with value: 4.455432001037598 and parameters: {'hidden_size': 77, 'lr': 0.0016675973999851297}. Best is trial 46 with value: 4.371968461303711.[0m
/home/erussek/.conda/envs/pDL/lib/python3.8/site-packages/optuna/distributions.py:560: UserWarning: The distribution is specified by [2, 200] and step=5, but the range is not divisible by `step`. It will be replaced by [2, 197].
  warnings.warn(
[32m[I 2022-02-15 13:18:26,603][0m Trial 59 finished with value: 4.5090531708526616 and parameters: {'hidden_size': 112, 'lr': 0.00228850507565417}. Best is trial 46 with value: 4.371968461303711.[0m
/home/erussek/.conda/envs/pDL/lib/python3.8/site-packages/optuna/distributions.py:560: UserWarning: The distribution is specified by [2, 200] and step=5, but the range is not divisible by `step`. It will be replaced by [2, 197].
  warnings.warn(
[32m[I 2022-02-15 13:19:26,904][0m Trial 60 finished with value: 4.752431457214356 and parameters: {'hidden_size': 172, 'lr': 0.0001125597796612708}. Best is trial 46 with value: 4.371968461303711.[0m
/home/erussek/.conda/envs/pDL/lib/python3.8/site-packages/optuna/distributions.py:560: UserWarning: The distribution is specified by [2, 200] and step=5, but the range is not divisible by `step`. It will be replaced by [2, 197].
  warnings.warn(
[32m[I 2022-02-15 13:20:24,903][0m Trial 61 finished with value: 4.543380497512818 and parameters: {'hidden_size': 27, 'lr': 0.0006901941029743586}. Best is trial 46 with value: 4.371968461303711.[0m
/home/erussek/.conda/envs/pDL/lib/python3.8/site-packages/optuna/distributions.py:560: UserWarning: The distribution is specified by [2, 200] and step=5, but the range is not divisible by `step`. It will be replaced by [2, 197].
  warnings.warn(
[32m[I 2022-02-15 13:21:20,789][0m Trial 62 finished with value: 4.464833023834228 and parameters: {'hidden_size': 12, 'lr': 0.0012101941175492537}. Best is trial 46 with value: 4.371968461303711.[0m
/home/erussek/.conda/envs/pDL/lib/python3.8/site-packages/optuna/distributions.py:560: UserWarning: The distribution is specified by [2, 200] and step=5, but the range is not divisible by `step`. It will be replaced by [2, 197].
  warnings.warn(
[32m[I 2022-02-15 13:22:19,822][0m Trial 63 finished with value: 4.452163559494019 and parameters: {'hidden_size': 47, 'lr': 0.0013005025654879248}. Best is trial 46 with value: 4.371968461303711.[0m
/home/erussek/.conda/envs/pDL/lib/python3.8/site-packages/optuna/distributions.py:560: UserWarning: The distribution is specified by [2, 200] and step=5, but the range is not divisible by `step`. It will be replaced by [2, 197].
  warnings.warn(
[32m[I 2022-02-15 13:23:17,222][0m Trial 64 finished with value: 4.434008353652954 and parameters: {'hidden_size': 32, 'lr': 0.0010943870900966155}. Best is trial 46 with value: 4.371968461303711.[0m
/home/erussek/.conda/envs/pDL/lib/python3.8/site-packages/optuna/distributions.py:560: UserWarning: The distribution is specified by [2, 200] and step=5, but the range is not divisible by `step`. It will be replaced by [2, 197].
  warnings.warn(
[32m[I 2022-02-15 13:24:16,139][0m Trial 65 finished with value: 4.449547827453613 and parameters: {'hidden_size': 62, 'lr': 0.0008306227242588566}. Best is trial 46 with value: 4.371968461303711.[0m
/home/erussek/.conda/envs/pDL/lib/python3.8/site-packages/optuna/distributions.py:560: UserWarning: The distribution is specified by [2, 200] and step=5, but the range is not divisible by `step`. It will be replaced by [2, 197].
  warnings.warn(
[32m[I 2022-02-15 13:25:17,051][0m Trial 66 finished with value: 4.494021946334839 and parameters: {'hidden_size': 142, 'lr': 0.0015701767491608297}. Best is trial 46 with value: 4.371968461303711.[0m
/home/erussek/.conda/envs/pDL/lib/python3.8/site-packages/optuna/distributions.py:560: UserWarning: The distribution is specified by [2, 200] and step=5, but the range is not divisible by `step`. It will be replaced by [2, 197].
  warnings.warn(
[32m[I 2022-02-15 13:26:16,516][0m Trial 67 finished with value: 4.426545331115722 and parameters: {'hidden_size': 42, 'lr': 0.0030771351956856477}. Best is trial 46 with value: 4.371968461303711.[0m
/home/erussek/.conda/envs/pDL/lib/python3.8/site-packages/optuna/distributions.py:560: UserWarning: The distribution is specified by [2, 200] and step=5, but the range is not divisible by `step`. It will be replaced by [2, 197].
  warnings.warn(
[32m[I 2022-02-15 13:27:13,272][0m Trial 68 finished with value: 4.4607803575134275 and parameters: {'hidden_size': 17, 'lr': 0.0035155498671894216}. Best is trial 46 with value: 4.371968461303711.[0m
/home/erussek/.conda/envs/pDL/lib/python3.8/site-packages/optuna/distributions.py:560: UserWarning: The distribution is specified by [2, 200] and step=5, but the range is not divisible by `step`. It will be replaced by [2, 197].
  warnings.warn(
[32m[I 2022-02-15 13:28:11,806][0m Trial 69 finished with value: 4.616517791519165 and parameters: {'hidden_size': 57, 'lr': 0.00030669632353529834}. Best is trial 46 with value: 4.371968461303711.[0m
/home/erussek/.conda/envs/pDL/lib/python3.8/site-packages/optuna/distributions.py:560: UserWarning: The distribution is specified by [2, 200] and step=5, but the range is not divisible by `step`. It will be replaced by [2, 197].
  warnings.warn(
[32m[I 2022-02-15 13:29:09,994][0m Trial 70 finished with value: 4.540177179641724 and parameters: {'hidden_size': 37, 'lr': 0.006823742035048732}. Best is trial 46 with value: 4.371968461303711.[0m
/home/erussek/.conda/envs/pDL/lib/python3.8/site-packages/optuna/distributions.py:560: UserWarning: The distribution is specified by [2, 200] and step=5, but the range is not divisible by `step`. It will be replaced by [2, 197].
  warnings.warn(
[32m[I 2022-02-15 13:30:09,713][0m Trial 71 finished with value: 4.506640700378418 and parameters: {'hidden_size': 72, 'lr': 0.002487728216093349}. Best is trial 46 with value: 4.371968461303711.[0m
/home/erussek/.conda/envs/pDL/lib/python3.8/site-packages/optuna/distributions.py:560: UserWarning: The distribution is specified by [2, 200] and step=5, but the range is not divisible by `step`. It will be replaced by [2, 197].
  warnings.warn(
[32m[I 2022-02-15 13:31:07,618][0m Trial 72 finished with value: 4.6614890074157715 and parameters: {'hidden_size': 57, 'lr': 0.00223859656065944}. Best is trial 46 with value: 4.371968461303711.[0m
/home/erussek/.conda/envs/pDL/lib/python3.8/site-packages/optuna/distributions.py:560: UserWarning: The distribution is specified by [2, 200] and step=5, but the range is not divisible by `step`. It will be replaced by [2, 197].
  warnings.warn(
[32m[I 2022-02-15 13:32:06,807][0m Trial 73 finished with value: 4.458684770355225 and parameters: {'hidden_size': 47, 'lr': 0.004596050096652649}. Best is trial 46 with value: 4.371968461303711.[0m
/home/erussek/.conda/envs/pDL/lib/python3.8/site-packages/optuna/distributions.py:560: UserWarning: The distribution is specified by [2, 200] and step=5, but the range is not divisible by `step`. It will be replaced by [2, 197].
  warnings.warn(
[32m[I 2022-02-15 13:33:06,212][0m Trial 74 finished with value: 4.509709940261841 and parameters: {'hidden_size': 67, 'lr': 0.0019387489722662084}. Best is trial 46 with value: 4.371968461303711.[0m
/home/erussek/.conda/envs/pDL/lib/python3.8/site-packages/optuna/distributions.py:560: UserWarning: The distribution is specified by [2, 200] and step=5, but the range is not divisible by `step`. It will be replaced by [2, 197].
  warnings.warn(
[32m[I 2022-02-15 13:34:04,222][0m Trial 75 finished with value: 4.498846227874756 and parameters: {'hidden_size': 27, 'lr': 0.0009311066258077902}. Best is trial 46 with value: 4.371968461303711.[0m
/home/erussek/.conda/envs/pDL/lib/python3.8/site-packages/optuna/distributions.py:560: UserWarning: The distribution is specified by [2, 200] and step=5, but the range is not divisible by `step`. It will be replaced by [2, 197].
  warnings.warn(
[32m[I 2022-02-15 13:35:01,677][0m Trial 76 finished with value: 4.428090556182862 and parameters: {'hidden_size': 47, 'lr': 0.00391043252467284}. Best is trial 46 with value: 4.371968461303711.[0m
/home/erussek/.conda/envs/pDL/lib/python3.8/site-packages/optuna/distributions.py:560: UserWarning: The distribution is specified by [2, 200] and step=5, but the range is not divisible by `step`. It will be replaced by [2, 197].
  warnings.warn(
[32m[I 2022-02-15 13:35:59,653][0m Trial 77 finished with value: 4.426548631591797 and parameters: {'hidden_size': 52, 'lr': 0.001486967513379095}. Best is trial 46 with value: 4.371968461303711.[0m
/home/erussek/.conda/envs/pDL/lib/python3.8/site-packages/optuna/distributions.py:560: UserWarning: The distribution is specified by [2, 200] and step=5, but the range is not divisible by `step`. It will be replaced by [2, 197].
  warnings.warn(
[32m[I 2022-02-15 13:36:55,762][0m Trial 78 finished with value: 4.454863639068604 and parameters: {'hidden_size': 32, 'lr': 0.003186625072692682}. Best is trial 46 with value: 4.371968461303711.[0m
/home/erussek/.conda/envs/pDL/lib/python3.8/site-packages/optuna/distributions.py:560: UserWarning: The distribution is specified by [2, 200] and step=5, but the range is not divisible by `step`. It will be replaced by [2, 197].
  warnings.warn(
[32m[I 2022-02-15 13:37:54,730][0m Trial 79 finished with value: 4.529620122756958 and parameters: {'hidden_size': 82, 'lr': 0.009955181585055319}. Best is trial 46 with value: 4.371968461303711.[0m
/home/erussek/.conda/envs/pDL/lib/python3.8/site-packages/optuna/distributions.py:560: UserWarning: The distribution is specified by [2, 200] and step=5, but the range is not divisible by `step`. It will be replaced by [2, 197].
  warnings.warn(
[32m[I 2022-02-15 13:38:52,873][0m Trial 80 finished with value: 4.417742950592041 and parameters: {'hidden_size': 57, 'lr': 0.002731349228420622}. Best is trial 46 with value: 4.371968461303711.[0m
/home/erussek/.conda/envs/pDL/lib/python3.8/site-packages/optuna/distributions.py:560: UserWarning: The distribution is specified by [2, 200] and step=5, but the range is not divisible by `step`. It will be replaced by [2, 197].
  warnings.warn(
[32m[I 2022-02-15 13:39:52,416][0m Trial 81 finished with value: 4.600755103683472 and parameters: {'hidden_size': 72, 'lr': 0.0035927364017264837}. Best is trial 46 with value: 4.371968461303711.[0m
/home/erussek/.conda/envs/pDL/lib/python3.8/site-packages/optuna/distributions.py:560: UserWarning: The distribution is specified by [2, 200] and step=5, but the range is not divisible by `step`. It will be replaced by [2, 197].
  warnings.warn(
[32m[I 2022-02-15 13:40:50,281][0m Trial 82 finished with value: 4.487761373748779 and parameters: {'hidden_size': 57, 'lr': 0.002764597952822213}. Best is trial 46 with value: 4.371968461303711.[0m
/home/erussek/.conda/envs/pDL/lib/python3.8/site-packages/optuna/distributions.py:560: UserWarning: The distribution is specified by [2, 200] and step=5, but the range is not divisible by `step`. It will be replaced by [2, 197].
  warnings.warn(
[32m[I 2022-02-15 13:41:49,310][0m Trial 83 finished with value: 4.422269026107788 and parameters: {'hidden_size': 62, 'lr': 0.0017146745133123351}. Best is trial 46 with value: 4.371968461303711.[0m
/home/erussek/.conda/envs/pDL/lib/python3.8/site-packages/optuna/distributions.py:560: UserWarning: The distribution is specified by [2, 200] and step=5, but the range is not divisible by `step`. It will be replaced by [2, 197].
  warnings.warn(
[32m[I 2022-02-15 13:42:47,997][0m Trial 84 finished with value: 4.520160170822144 and parameters: {'hidden_size': 42, 'lr': 0.005632190072944892}. Best is trial 46 with value: 4.371968461303711.[0m
/home/erussek/.conda/envs/pDL/lib/python3.8/site-packages/optuna/distributions.py:560: UserWarning: The distribution is specified by [2, 200] and step=5, but the range is not divisible by `step`. It will be replaced by [2, 197].
  warnings.warn(
[32m[I 2022-02-15 13:43:45,485][0m Trial 85 finished with value: 4.553209513626099 and parameters: {'hidden_size': 52, 'lr': 0.00456195944503896}. Best is trial 46 with value: 4.371968461303711.[0m
/home/erussek/.conda/envs/pDL/lib/python3.8/site-packages/optuna/distributions.py:560: UserWarning: The distribution is specified by [2, 200] and step=5, but the range is not divisible by `step`. It will be replaced by [2, 197].
  warnings.warn(
[32m[I 2022-02-15 13:44:41,983][0m Trial 86 finished with value: 4.4746980587768554 and parameters: {'hidden_size': 22, 'lr': 0.002165491866317244}. Best is trial 46 with value: 4.371968461303711.[0m
/home/erussek/.conda/envs/pDL/lib/python3.8/site-packages/optuna/distributions.py:560: UserWarning: The distribution is specified by [2, 200] and step=5, but the range is not divisible by `step`. It will be replaced by [2, 197].
  warnings.warn(
[32m[I 2022-02-15 13:45:41,112][0m Trial 87 finished with value: 4.419049040985107 and parameters: {'hidden_size': 42, 'lr': 0.0025694060080072505}. Best is trial 46 with value: 4.371968461303711.[0m
/home/erussek/.conda/envs/pDL/lib/python3.8/site-packages/optuna/distributions.py:560: UserWarning: The distribution is specified by [2, 200] and step=5, but the range is not divisible by `step`. It will be replaced by [2, 197].
  warnings.warn(
[32m[I 2022-02-15 13:46:38,747][0m Trial 88 finished with value: 4.510470585250855 and parameters: {'hidden_size': 37, 'lr': 0.006520020209631608}. Best is trial 46 with value: 4.371968461303711.[0m
/home/erussek/.conda/envs/pDL/lib/python3.8/site-packages/optuna/distributions.py:560: UserWarning: The distribution is specified by [2, 200] and step=5, but the range is not divisible by `step`. It will be replaced by [2, 197].
  warnings.warn(
[32m[I 2022-02-15 13:47:35,276][0m Trial 89 finished with value: 4.535168935699463 and parameters: {'hidden_size': 12, 'lr': 0.008452796432931791}. Best is trial 46 with value: 4.371968461303711.[0m
/home/erussek/.conda/envs/pDL/lib/python3.8/site-packages/optuna/distributions.py:560: UserWarning: The distribution is specified by [2, 200] and step=5, but the range is not divisible by `step`. It will be replaced by [2, 197].
  warnings.warn(
[32m[I 2022-02-15 13:48:31,870][0m Trial 90 finished with value: 4.510076198043823 and parameters: {'hidden_size': 32, 'lr': 0.0040792030272935416}. Best is trial 46 with value: 4.371968461303711.[0m
/home/erussek/.conda/envs/pDL/lib/python3.8/site-packages/optuna/distributions.py:560: UserWarning: The distribution is specified by [2, 200] and step=5, but the range is not divisible by `step`. It will be replaced by [2, 197].
  warnings.warn(
[32m[I 2022-02-15 13:49:30,747][0m Trial 91 finished with value: 4.4888963875579835 and parameters: {'hidden_size': 42, 'lr': 0.0025022711462144346}. Best is trial 46 with value: 4.371968461303711.[0m
/home/erussek/.conda/envs/pDL/lib/python3.8/site-packages/optuna/distributions.py:560: UserWarning: The distribution is specified by [2, 200] and step=5, but the range is not divisible by `step`. It will be replaced by [2, 197].
  warnings.warn(
[32m[I 2022-02-15 13:50:29,085][0m Trial 92 finished with value: 4.466790816879272 and parameters: {'hidden_size': 67, 'lr': 0.003228473765261362}. Best is trial 46 with value: 4.371968461303711.[0m
/home/erussek/.conda/envs/pDL/lib/python3.8/site-packages/optuna/distributions.py:560: UserWarning: The distribution is specified by [2, 200] and step=5, but the range is not divisible by `step`. It will be replaced by [2, 197].
  warnings.warn(
[32m[I 2022-02-15 13:51:26,805][0m Trial 93 finished with value: 4.394395995407105 and parameters: {'hidden_size': 52, 'lr': 0.0026117592958127384}. Best is trial 46 with value: 4.371968461303711.[0m
/home/erussek/.conda/envs/pDL/lib/python3.8/site-packages/optuna/distributions.py:560: UserWarning: The distribution is specified by [2, 200] and step=5, but the range is not divisible by `step`. It will be replaced by [2, 197].
  warnings.warn(
[32m[I 2022-02-15 13:52:25,480][0m Trial 94 finished with value: 4.479633942565918 and parameters: {'hidden_size': 47, 'lr': 0.0018658904025597367}. Best is trial 46 with value: 4.371968461303711.[0m
/home/erussek/.conda/envs/pDL/lib/python3.8/site-packages/optuna/distributions.py:560: UserWarning: The distribution is specified by [2, 200] and step=5, but the range is not divisible by `step`. It will be replaced by [2, 197].
  warnings.warn(
[32m[I 2022-02-15 13:53:23,173][0m Trial 95 finished with value: 4.569383116989136 and parameters: {'hidden_size': 27, 'lr': 0.002778053237755308}. Best is trial 46 with value: 4.371968461303711.[0m
/home/erussek/.conda/envs/pDL/lib/python3.8/site-packages/optuna/distributions.py:560: UserWarning: The distribution is specified by [2, 200] and step=5, but the range is not divisible by `step`. It will be replaced by [2, 197].
  warnings.warn(
[32m[I 2022-02-15 13:54:20,593][0m Trial 96 finished with value: 4.414784820861817 and parameters: {'hidden_size': 37, 'lr': 0.003916864971007504}. Best is trial 46 with value: 4.371968461303711.[0m
/home/erussek/.conda/envs/pDL/lib/python3.8/site-packages/optuna/distributions.py:560: UserWarning: The distribution is specified by [2, 200] and step=5, but the range is not divisible by `step`. It will be replaced by [2, 197].
  warnings.warn(
