[32m[I 2022-02-15 15:28:15,597][0m Trial 193 finished with value: 4.4758749752044675 and parameters: {'hidden_size': 37, 'lr': 0.003328488393688813}. Best is trial 46 with value: 4.371968461303711.[0m
/home/erussek/.conda/envs/pDL/lib/python3.8/site-packages/optuna/distributions.py:560: UserWarning: The distribution is specified by [2, 200] and step=5, but the range is not divisible by `step`. It will be replaced by [2, 197].
  warnings.warn(
[32m[I 2022-02-15 15:29:13,912][0m Trial 194 finished with value: 4.447043089981079 and parameters: {'hidden_size': 27, 'lr': 0.003031082674061408}. Best is trial 46 with value: 4.371968461303711.[0m
/home/erussek/.conda/envs/pDL/lib/python3.8/site-packages/optuna/distributions.py:560: UserWarning: The distribution is specified by [2, 200] and step=5, but the range is not divisible by `step`. It will be replaced by [2, 197].
  warnings.warn(
[32m[I 2022-02-15 15:30:11,372][0m Trial 195 finished with value: 4.5289761372375485 and parameters: {'hidden_size': 42, 'lr': 0.0036901310839158093}. Best is trial 46 with value: 4.371968461303711.[0m
/home/erussek/.conda/envs/pDL/lib/python3.8/site-packages/optuna/distributions.py:560: UserWarning: The distribution is specified by [2, 200] and step=5, but the range is not divisible by `step`. It will be replaced by [2, 197].
  warnings.warn(
[32m[I 2022-02-15 15:31:10,558][0m Trial 196 finished with value: 4.442148677139282 and parameters: {'hidden_size': 47, 'lr': 0.0027828311330076036}. Best is trial 46 with value: 4.371968461303711.[0m
/home/erussek/.conda/envs/pDL/lib/python3.8/site-packages/optuna/distributions.py:560: UserWarning: The distribution is specified by [2, 200] and step=5, but the range is not divisible by `step`. It will be replaced by [2, 197].
  warnings.warn(
[32m[I 2022-02-15 15:32:06,834][0m Trial 197 finished with value: 4.423629462280274 and parameters: {'hidden_size': 52, 'lr': 0.0032059131323720087}. Best is trial 46 with value: 4.371968461303711.[0m
/home/erussek/.conda/envs/pDL/lib/python3.8/site-packages/optuna/distributions.py:560: UserWarning: The distribution is specified by [2, 200] and step=5, but the range is not divisible by `step`. It will be replaced by [2, 197].
  warnings.warn(
[32m[I 2022-02-15 15:33:05,382][0m Trial 198 finished with value: 4.653534188537598 and parameters: {'hidden_size': 37, 'lr': 0.004131129581621573}. Best is trial 46 with value: 4.371968461303711.[0m
/home/erussek/.conda/envs/pDL/lib/python3.8/site-packages/optuna/distributions.py:560: UserWarning: The distribution is specified by [2, 200] and step=5, but the range is not divisible by `step`. It will be replaced by [2, 197].
  warnings.warn(
[32m[I 2022-02-15 15:34:02,006][0m Trial 199 finished with value: 4.443755333862304 and parameters: {'hidden_size': 32, 'lr': 0.003589996157092139}. Best is trial 46 with value: 4.371968461303711.[0m
/home/erussek/.conda/envs/pDL/lib/python3.8/site-packages/optuna/distributions.py:560: UserWarning: The distribution is specified by [2, 200] and step=5, but the range is not divisible by `step`. It will be replaced by [2, 197].
  warnings.warn(
[32m[I 2022-02-15 15:35:00,883][0m Trial 200 finished with value: 4.490745962600708 and parameters: {'hidden_size': 42, 'lr': 0.004791937982858046}. Best is trial 46 with value: 4.371968461303711.[0m
/home/erussek/.conda/envs/pDL/lib/python3.8/site-packages/optuna/distributions.py:560: UserWarning: The distribution is specified by [2, 200] and step=5, but the range is not divisible by `step`. It will be replaced by [2, 197].
  warnings.warn(
[32m[I 2022-02-15 15:35:58,531][0m Trial 201 finished with value: 4.422258059616089 and parameters: {'hidden_size': 37, 'lr': 0.0033018533738163338}. Best is trial 46 with value: 4.371968461303711.[0m
/home/erussek/.conda/envs/pDL/lib/python3.8/site-packages/optuna/distributions.py:560: UserWarning: The distribution is specified by [2, 200] and step=5, but the range is not divisible by `step`. It will be replaced by [2, 197].
  warnings.warn(
[32m[I 2022-02-15 15:36:57,448][0m Trial 202 finished with value: 4.5134334967803955 and parameters: {'hidden_size': 42, 'lr': 0.008792947159277392}. Best is trial 46 with value: 4.371968461303711.[0m
/home/erussek/.conda/envs/pDL/lib/python3.8/site-packages/optuna/distributions.py:560: UserWarning: The distribution is specified by [2, 200] and step=5, but the range is not divisible by `step`. It will be replaced by [2, 197].
  warnings.warn(
[32m[I 2022-02-15 15:37:54,853][0m Trial 203 finished with value: 4.405964331207276 and parameters: {'hidden_size': 52, 'lr': 0.0038361260229574285}. Best is trial 46 with value: 4.371968461303711.[0m
/home/erussek/.conda/envs/pDL/lib/python3.8/site-packages/optuna/distributions.py:560: UserWarning: The distribution is specified by [2, 200] and step=5, but the range is not divisible by `step`. It will be replaced by [2, 197].
  warnings.warn(
[32m[I 2022-02-15 15:38:50,957][0m Trial 204 finished with value: 4.510200444793701 and parameters: {'hidden_size': 52, 'lr': 0.004304983680793417}. Best is trial 46 with value: 4.371968461303711.[0m
/home/erussek/.conda/envs/pDL/lib/python3.8/site-packages/optuna/distributions.py:560: UserWarning: The distribution is specified by [2, 200] and step=5, but the range is not divisible by `step`. It will be replaced by [2, 197].
  warnings.warn(
[32m[I 2022-02-15 15:39:50,331][0m Trial 205 finished with value: 4.458612232437134 and parameters: {'hidden_size': 57, 'lr': 0.003994243199134224}. Best is trial 46 with value: 4.371968461303711.[0m
/home/erussek/.conda/envs/pDL/lib/python3.8/site-packages/optuna/distributions.py:560: UserWarning: The distribution is specified by [2, 200] and step=5, but the range is not divisible by `step`. It will be replaced by [2, 197].
  warnings.warn(
[32m[I 2022-02-15 15:40:47,696][0m Trial 206 finished with value: 4.355436987609863 and parameters: {'hidden_size': 47, 'lr': 0.003047390723290986}. Best is trial 206 with value: 4.355436987609863.[0m
/home/erussek/.conda/envs/pDL/lib/python3.8/site-packages/optuna/distributions.py:560: UserWarning: The distribution is specified by [2, 200] and step=5, but the range is not divisible by `step`. It will be replaced by [2, 197].
  warnings.warn(
[32m[I 2022-02-15 15:41:46,847][0m Trial 207 finished with value: 4.423297466278076 and parameters: {'hidden_size': 47, 'lr': 0.002569390938637615}. Best is trial 206 with value: 4.355436987609863.[0m
/home/erussek/.conda/envs/pDL/lib/python3.8/site-packages/optuna/distributions.py:560: UserWarning: The distribution is specified by [2, 200] and step=5, but the range is not divisible by `step`. It will be replaced by [2, 197].
  warnings.warn(
[32m[I 2022-02-15 15:42:43,445][0m Trial 208 finished with value: 4.391144487838745 and parameters: {'hidden_size': 27, 'lr': 0.002804846655406632}. Best is trial 206 with value: 4.355436987609863.[0m
/home/erussek/.conda/envs/pDL/lib/python3.8/site-packages/optuna/distributions.py:560: UserWarning: The distribution is specified by [2, 200] and step=5, but the range is not divisible by `step`. It will be replaced by [2, 197].
  warnings.warn(
[32m[I 2022-02-15 15:43:40,864][0m Trial 209 finished with value: 4.405763009262085 and parameters: {'hidden_size': 27, 'lr': 0.00288399402527373}. Best is trial 206 with value: 4.355436987609863.[0m
/home/erussek/.conda/envs/pDL/lib/python3.8/site-packages/optuna/distributions.py:560: UserWarning: The distribution is specified by [2, 200] and step=5, but the range is not divisible by `step`. It will be replaced by [2, 197].
  warnings.warn(
[32m[I 2022-02-15 15:44:38,128][0m Trial 210 finished with value: 4.393964937286377 and parameters: {'hidden_size': 27, 'lr': 0.0027646492387106247}. Best is trial 206 with value: 4.355436987609863.[0m
/home/erussek/.conda/envs/pDL/lib/python3.8/site-packages/optuna/distributions.py:560: UserWarning: The distribution is specified by [2, 200] and step=5, but the range is not divisible by `step`. It will be replaced by [2, 197].
  warnings.warn(
[32m[I 2022-02-15 15:45:35,024][0m Trial 211 finished with value: 4.460716255493164 and parameters: {'hidden_size': 27, 'lr': 0.0022458731462012167}. Best is trial 206 with value: 4.355436987609863.[0m
/home/erussek/.conda/envs/pDL/lib/python3.8/site-packages/optuna/distributions.py:560: UserWarning: The distribution is specified by [2, 200] and step=5, but the range is not divisible by `step`. It will be replaced by [2, 197].
  warnings.warn(
[32m[I 2022-02-15 15:46:32,481][0m Trial 212 finished with value: 4.465957709274292 and parameters: {'hidden_size': 27, 'lr': 0.002834462083961852}. Best is trial 206 with value: 4.355436987609863.[0m
/home/erussek/.conda/envs/pDL/lib/python3.8/site-packages/optuna/distributions.py:560: UserWarning: The distribution is specified by [2, 200] and step=5, but the range is not divisible by `step`. It will be replaced by [2, 197].
  warnings.warn(
[32m[I 2022-02-15 15:47:30,126][0m Trial 213 finished with value: 4.490039751586914 and parameters: {'hidden_size': 17, 'lr': 0.002536732733651438}. Best is trial 206 with value: 4.355436987609863.[0m
/home/erussek/.conda/envs/pDL/lib/python3.8/site-packages/optuna/distributions.py:560: UserWarning: The distribution is specified by [2, 200] and step=5, but the range is not divisible by `step`. It will be replaced by [2, 197].
  warnings.warn(
[32m[I 2022-02-15 15:48:27,345][0m Trial 214 finished with value: 4.478894420089722 and parameters: {'hidden_size': 22, 'lr': 0.0029026676375740984}. Best is trial 206 with value: 4.355436987609863.[0m
/home/erussek/.conda/envs/pDL/lib/python3.8/site-packages/optuna/distributions.py:560: UserWarning: The distribution is specified by [2, 200] and step=5, but the range is not divisible by `step`. It will be replaced by [2, 197].
  warnings.warn(
[32m[I 2022-02-15 15:49:24,879][0m Trial 215 finished with value: 4.39748584564209 and parameters: {'hidden_size': 32, 'lr': 0.0028009286319057363}. Best is trial 206 with value: 4.355436987609863.[0m
/home/erussek/.conda/envs/pDL/lib/python3.8/site-packages/optuna/distributions.py:560: UserWarning: The distribution is specified by [2, 200] and step=5, but the range is not divisible by `step`. It will be replaced by [2, 197].
  warnings.warn(
[32m[I 2022-02-15 15:50:21,209][0m Trial 216 finished with value: 4.47531797340393 and parameters: {'hidden_size': 32, 'lr': 0.0024297009704478045}. Best is trial 206 with value: 4.355436987609863.[0m
/home/erussek/.conda/envs/pDL/lib/python3.8/site-packages/optuna/distributions.py:560: UserWarning: The distribution is specified by [2, 200] and step=5, but the range is not divisible by `step`. It will be replaced by [2, 197].
  warnings.warn(
[32m[I 2022-02-15 15:51:19,274][0m Trial 217 finished with value: 4.570217392578125 and parameters: {'hidden_size': 27, 'lr': 0.0026214716481593524}. Best is trial 206 with value: 4.355436987609863.[0m
/home/erussek/.conda/envs/pDL/lib/python3.8/site-packages/optuna/distributions.py:560: UserWarning: The distribution is specified by [2, 200] and step=5, but the range is not divisible by `step`. It will be replaced by [2, 197].
  warnings.warn(
[32m[I 2022-02-15 15:52:16,042][0m Trial 218 finished with value: 4.508155238647461 and parameters: {'hidden_size': 22, 'lr': 0.0019134160487788263}. Best is trial 206 with value: 4.355436987609863.[0m
/home/erussek/.conda/envs/pDL/lib/python3.8/site-packages/optuna/distributions.py:560: UserWarning: The distribution is specified by [2, 200] and step=5, but the range is not divisible by `step`. It will be replaced by [2, 197].
  warnings.warn(
[32m[I 2022-02-15 15:53:13,821][0m Trial 219 finished with value: 4.364500074005127 and parameters: {'hidden_size': 32, 'lr': 0.002985612602210544}. Best is trial 206 with value: 4.355436987609863.[0m
/home/erussek/.conda/envs/pDL/lib/python3.8/site-packages/optuna/distributions.py:560: UserWarning: The distribution is specified by [2, 200] and step=5, but the range is not divisible by `step`. It will be replaced by [2, 197].
  warnings.warn(
[32m[I 2022-02-15 15:54:11,257][0m Trial 220 finished with value: 4.477879051208496 and parameters: {'hidden_size': 32, 'lr': 0.002841280817448368}. Best is trial 206 with value: 4.355436987609863.[0m
/home/erussek/.conda/envs/pDL/lib/python3.8/site-packages/optuna/distributions.py:560: UserWarning: The distribution is specified by [2, 200] and step=5, but the range is not divisible by `step`. It will be replaced by [2, 197].
  warnings.warn(
[32m[I 2022-02-15 15:55:07,886][0m Trial 221 finished with value: 4.456269396820068 and parameters: {'hidden_size': 27, 'lr': 0.003061257696471131}. Best is trial 206 with value: 4.355436987609863.[0m
/home/erussek/.conda/envs/pDL/lib/python3.8/site-packages/optuna/distributions.py:560: UserWarning: The distribution is specified by [2, 200] and step=5, but the range is not divisible by `step`. It will be replaced by [2, 197].
  warnings.warn(
[32m[I 2022-02-15 15:56:05,912][0m Trial 222 finished with value: 4.441388790283203 and parameters: {'hidden_size': 32, 'lr': 0.0024002508567906294}. Best is trial 206 with value: 4.355436987609863.[0m
/home/erussek/.conda/envs/pDL/lib/python3.8/site-packages/optuna/distributions.py:560: UserWarning: The distribution is specified by [2, 200] and step=5, but the range is not divisible by `step`. It will be replaced by [2, 197].
  warnings.warn(
[32m[I 2022-02-15 15:57:01,872][0m Trial 223 finished with value: 4.380894589767456 and parameters: {'hidden_size': 32, 'lr': 0.0027413686515299083}. Best is trial 206 with value: 4.355436987609863.[0m
/home/erussek/.conda/envs/pDL/lib/python3.8/site-packages/optuna/distributions.py:560: UserWarning: The distribution is specified by [2, 200] and step=5, but the range is not divisible by `step`. It will be replaced by [2, 197].
  warnings.warn(
[32m[I 2022-02-15 15:57:59,010][0m Trial 224 finished with value: 4.517253455963135 and parameters: {'hidden_size': 32, 'lr': 0.002194524837623574}. Best is trial 206 with value: 4.355436987609863.[0m
/home/erussek/.conda/envs/pDL/lib/python3.8/site-packages/optuna/distributions.py:560: UserWarning: The distribution is specified by [2, 200] and step=5, but the range is not divisible by `step`. It will be replaced by [2, 197].
  warnings.warn(
[32m[I 2022-02-15 15:58:56,124][0m Trial 225 finished with value: 4.431133929290771 and parameters: {'hidden_size': 22, 'lr': 0.002702644454570618}. Best is trial 206 with value: 4.355436987609863.[0m
/home/erussek/.conda/envs/pDL/lib/python3.8/site-packages/optuna/distributions.py:560: UserWarning: The distribution is specified by [2, 200] and step=5, but the range is not divisible by `step`. It will be replaced by [2, 197].
  warnings.warn(
[32m[I 2022-02-15 15:59:54,177][0m Trial 226 finished with value: 4.4602740833282475 and parameters: {'hidden_size': 27, 'lr': 0.0010273852236329887}. Best is trial 206 with value: 4.355436987609863.[0m
/home/erussek/.conda/envs/pDL/lib/python3.8/site-packages/optuna/distributions.py:560: UserWarning: The distribution is specified by [2, 200] and step=5, but the range is not divisible by `step`. It will be replaced by [2, 197].
  warnings.warn(
[32m[I 2022-02-15 16:00:50,708][0m Trial 227 finished with value: 4.43406270904541 and parameters: {'hidden_size': 32, 'lr': 0.002915469736820551}. Best is trial 206 with value: 4.355436987609863.[0m
/home/erussek/.conda/envs/pDL/lib/python3.8/site-packages/optuna/distributions.py:560: UserWarning: The distribution is specified by [2, 200] and step=5, but the range is not divisible by `step`. It will be replaced by [2, 197].
  warnings.warn(
[32m[I 2022-02-15 16:01:50,051][0m Trial 228 finished with value: 4.491637051620484 and parameters: {'hidden_size': 37, 'lr': 0.0026256049872909514}. Best is trial 206 with value: 4.355436987609863.[0m
/home/erussek/.conda/envs/pDL/lib/python3.8/site-packages/optuna/distributions.py:560: UserWarning: The distribution is specified by [2, 200] and step=5, but the range is not divisible by `step`. It will be replaced by [2, 197].
  warnings.warn(
[32m[I 2022-02-15 16:02:47,625][0m Trial 229 finished with value: 4.389935802612305 and parameters: {'hidden_size': 37, 'lr': 0.0023575569870566138}. Best is trial 206 with value: 4.355436987609863.[0m
/home/erussek/.conda/envs/pDL/lib/python3.8/site-packages/optuna/distributions.py:560: UserWarning: The distribution is specified by [2, 200] and step=5, but the range is not divisible by `step`. It will be replaced by [2, 197].
  warnings.warn(
[32m[I 2022-02-15 16:03:44,992][0m Trial 230 finished with value: 4.516902527923584 and parameters: {'hidden_size': 22, 'lr': 0.0023478081718242964}. Best is trial 206 with value: 4.355436987609863.[0m
/home/erussek/.conda/envs/pDL/lib/python3.8/site-packages/optuna/distributions.py:560: UserWarning: The distribution is specified by [2, 200] and step=5, but the range is not divisible by `step`. It will be replaced by [2, 197].
  warnings.warn(
[32m[I 2022-02-15 16:04:42,585][0m Trial 231 finished with value: 4.509907383422852 and parameters: {'hidden_size': 32, 'lr': 0.002065493010078893}. Best is trial 206 with value: 4.355436987609863.[0m
/home/erussek/.conda/envs/pDL/lib/python3.8/site-packages/optuna/distributions.py:560: UserWarning: The distribution is specified by [2, 200] and step=5, but the range is not divisible by `step`. It will be replaced by [2, 197].
  warnings.warn(
[32m[I 2022-02-15 16:05:41,372][0m Trial 232 finished with value: 4.3782163103485106 and parameters: {'hidden_size': 37, 'lr': 0.00298870232545768}. Best is trial 206 with value: 4.355436987609863.[0m
/home/erussek/.conda/envs/pDL/lib/python3.8/site-packages/optuna/distributions.py:560: UserWarning: The distribution is specified by [2, 200] and step=5, but the range is not divisible by `step`. It will be replaced by [2, 197].
  warnings.warn(
[32m[I 2022-02-15 16:06:40,318][0m Trial 233 finished with value: 4.444027618026733 and parameters: {'hidden_size': 37, 'lr': 0.002834774835268501}. Best is trial 206 with value: 4.355436987609863.[0m
/home/erussek/.conda/envs/pDL/lib/python3.8/site-packages/optuna/distributions.py:560: UserWarning: The distribution is specified by [2, 200] and step=5, but the range is not divisible by `step`. It will be replaced by [2, 197].
  warnings.warn(
[32m[I 2022-02-15 16:07:37,107][0m Trial 234 finished with value: 4.4213584717559815 and parameters: {'hidden_size': 27, 'lr': 0.003191530038648301}. Best is trial 206 with value: 4.355436987609863.[0m
/home/erussek/.conda/envs/pDL/lib/python3.8/site-packages/optuna/distributions.py:560: UserWarning: The distribution is specified by [2, 200] and step=5, but the range is not divisible by `step`. It will be replaced by [2, 197].
  warnings.warn(
[32m[I 2022-02-15 16:08:35,201][0m Trial 235 finished with value: 4.397707156982422 and parameters: {'hidden_size': 32, 'lr': 0.002555467584912225}. Best is trial 206 with value: 4.355436987609863.[0m
/home/erussek/.conda/envs/pDL/lib/python3.8/site-packages/optuna/distributions.py:560: UserWarning: The distribution is specified by [2, 200] and step=5, but the range is not divisible by `step`. It will be replaced by [2, 197].
  warnings.warn(
[32m[I 2022-02-15 16:09:32,173][0m Trial 236 finished with value: 4.438253357009888 and parameters: {'hidden_size': 27, 'lr': 0.0023175787957192074}. Best is trial 206 with value: 4.355436987609863.[0m
/home/erussek/.conda/envs/pDL/lib/python3.8/site-packages/optuna/distributions.py:560: UserWarning: The distribution is specified by [2, 200] and step=5, but the range is not divisible by `step`. It will be replaced by [2, 197].
  warnings.warn(
[32m[I 2022-02-15 16:10:32,911][0m Trial 237 finished with value: 4.521742266769409 and parameters: {'hidden_size': 117, 'lr': 0.003527644826885794}. Best is trial 206 with value: 4.355436987609863.[0m
/home/erussek/.conda/envs/pDL/lib/python3.8/site-packages/optuna/distributions.py:560: UserWarning: The distribution is specified by [2, 200] and step=5, but the range is not divisible by `step`. It will be replaced by [2, 197].
  warnings.warn(
[32m[I 2022-02-15 16:11:29,713][0m Trial 238 finished with value: 4.448568806152344 and parameters: {'hidden_size': 32, 'lr': 0.0025414980925463617}. Best is trial 206 with value: 4.355436987609863.[0m
/home/erussek/.conda/envs/pDL/lib/python3.8/site-packages/optuna/distributions.py:560: UserWarning: The distribution is specified by [2, 200] and step=5, but the range is not divisible by `step`. It will be replaced by [2, 197].
  warnings.warn(
[32m[I 2022-02-15 16:12:28,783][0m Trial 239 finished with value: 4.485489974365234 and parameters: {'hidden_size': 37, 'lr': 0.00312269801661282}. Best is trial 206 with value: 4.355436987609863.[0m
/home/erussek/.conda/envs/pDL/lib/python3.8/site-packages/optuna/distributions.py:560: UserWarning: The distribution is specified by [2, 200] and step=5, but the range is not divisible by `step`. It will be replaced by [2, 197].
  warnings.warn(
[32m[I 2022-02-15 16:13:25,787][0m Trial 240 finished with value: 4.403718129577637 and parameters: {'hidden_size': 27, 'lr': 0.0034155541028723247}. Best is trial 206 with value: 4.355436987609863.[0m
/home/erussek/.conda/envs/pDL/lib/python3.8/site-packages/optuna/distributions.py:560: UserWarning: The distribution is specified by [2, 200] and step=5, but the range is not divisible by `step`. It will be replaced by [2, 197].
  warnings.warn(
