[32m[I 2022-02-15 12:19:47,207][0m A new study created in memory with name: no-name-95503cef-57bb-475d-a222-724a891fe0c8[0m
/home/erussek/.conda/envs/pDL/lib/python3.8/site-packages/optuna/distributions.py:560: UserWarning: The distribution is specified by [2, 200] and step=5, but the range is not divisible by `step`. It will be replaced by [2, 197].
  warnings.warn(
[32m[I 2022-02-15 12:20:52,750][0m Trial 0 finished with value: 4.472132808227539 and parameters: {'hidden_size': 157, 'lr': 0.0038217600373206552}. Best is trial 0 with value: 4.472132808227539.[0m
/home/erussek/.conda/envs/pDL/lib/python3.8/site-packages/optuna/distributions.py:560: UserWarning: The distribution is specified by [2, 200] and step=5, but the range is not divisible by `step`. It will be replaced by [2, 197].
  warnings.warn(
[32m[I 2022-02-15 12:21:52,446][0m Trial 1 finished with value: 4.5584912842559815 and parameters: {'hidden_size': 67, 'lr': 0.0029317324083943273}. Best is trial 0 with value: 4.472132808227539.[0m
/home/erussek/.conda/envs/pDL/lib/python3.8/site-packages/optuna/distributions.py:560: UserWarning: The distribution is specified by [2, 200] and step=5, but the range is not divisible by `step`. It will be replaced by [2, 197].
  warnings.warn(
[32m[I 2022-02-15 12:22:50,806][0m Trial 2 finished with value: 4.391253843460083 and parameters: {'hidden_size': 37, 'lr': 0.00910240802245134}. Best is trial 2 with value: 4.391253843460083.[0m
/home/erussek/.conda/envs/pDL/lib/python3.8/site-packages/optuna/distributions.py:560: UserWarning: The distribution is specified by [2, 200] and step=5, but the range is not divisible by `step`. It will be replaced by [2, 197].
  warnings.warn(
[32m[I 2022-02-15 12:23:49,459][0m Trial 3 finished with value: 4.7223751205444335 and parameters: {'hidden_size': 87, 'lr': 0.00017327760827773154}. Best is trial 2 with value: 4.391253843460083.[0m
/home/erussek/.conda/envs/pDL/lib/python3.8/site-packages/optuna/distributions.py:560: UserWarning: The distribution is specified by [2, 200] and step=5, but the range is not divisible by `step`. It will be replaced by [2, 197].
  warnings.warn(
[32m[I 2022-02-15 12:24:47,900][0m Trial 4 finished with value: 4.505328212432861 and parameters: {'hidden_size': 77, 'lr': 0.0052667938764540175}. Best is trial 2 with value: 4.391253843460083.[0m
/home/erussek/.conda/envs/pDL/lib/python3.8/site-packages/optuna/distributions.py:560: UserWarning: The distribution is specified by [2, 200] and step=5, but the range is not divisible by `step`. It will be replaced by [2, 197].
  warnings.warn(
[32m[I 2022-02-15 12:25:46,576][0m Trial 5 finished with value: 4.497652614746094 and parameters: {'hidden_size': 52, 'lr': 0.008538143308859467}. Best is trial 2 with value: 4.391253843460083.[0m
/home/erussek/.conda/envs/pDL/lib/python3.8/site-packages/optuna/distributions.py:560: UserWarning: The distribution is specified by [2, 200] and step=5, but the range is not divisible by `step`. It will be replaced by [2, 197].
  warnings.warn(
[32m[I 2022-02-15 12:26:44,201][0m Trial 6 finished with value: 4.516648423538208 and parameters: {'hidden_size': 57, 'lr': 0.003692951611938876}. Best is trial 2 with value: 4.391253843460083.[0m
/home/erussek/.conda/envs/pDL/lib/python3.8/site-packages/optuna/distributions.py:560: UserWarning: The distribution is specified by [2, 200] and step=5, but the range is not divisible by `step`. It will be replaced by [2, 197].
  warnings.warn(
[32m[I 2022-02-15 12:27:43,130][0m Trial 7 finished with value: 4.40841240486145 and parameters: {'hidden_size': 62, 'lr': 0.001249587912100701}. Best is trial 2 with value: 4.391253843460083.[0m
/home/erussek/.conda/envs/pDL/lib/python3.8/site-packages/optuna/distributions.py:560: UserWarning: The distribution is specified by [2, 200] and step=5, but the range is not divisible by `step`. It will be replaced by [2, 197].
  warnings.warn(
[32m[I 2022-02-15 12:28:40,369][0m Trial 8 finished with value: 4.672445170974732 and parameters: {'hidden_size': 52, 'lr': 0.0003035174124456897}. Best is trial 2 with value: 4.391253843460083.[0m
/home/erussek/.conda/envs/pDL/lib/python3.8/site-packages/optuna/distributions.py:560: UserWarning: The distribution is specified by [2, 200] and step=5, but the range is not divisible by `step`. It will be replaced by [2, 197].
  warnings.warn(
[32m[I 2022-02-15 12:29:40,643][0m Trial 9 finished with value: 4.465677763137817 and parameters: {'hidden_size': 97, 'lr': 0.0024018363542691722}. Best is trial 2 with value: 4.391253843460083.[0m
/home/erussek/.conda/envs/pDL/lib/python3.8/site-packages/optuna/distributions.py:560: UserWarning: The distribution is specified by [2, 200] and step=5, but the range is not divisible by `step`. It will be replaced by [2, 197].
  warnings.warn(
[32m[I 2022-02-15 12:30:38,194][0m Trial 10 finished with value: 6.278115816802979 and parameters: {'hidden_size': 2, 'lr': 0.0008326057303419159}. Best is trial 2 with value: 4.391253843460083.[0m
/home/erussek/.conda/envs/pDL/lib/python3.8/site-packages/optuna/distributions.py:560: UserWarning: The distribution is specified by [2, 200] and step=5, but the range is not divisible by `step`. It will be replaced by [2, 197].
  warnings.warn(
[32m[I 2022-02-15 12:31:34,176][0m Trial 11 finished with value: 4.923037520523072 and parameters: {'hidden_size': 7, 'lr': 0.0009989187486272753}. Best is trial 2 with value: 4.391253843460083.[0m
/home/erussek/.conda/envs/pDL/lib/python3.8/site-packages/optuna/distributions.py:560: UserWarning: The distribution is specified by [2, 200] and step=5, but the range is not divisible by `step`. It will be replaced by [2, 197].
  warnings.warn(
[32m[I 2022-02-15 12:32:35,278][0m Trial 12 finished with value: 4.4616466969299315 and parameters: {'hidden_size': 142, 'lr': 0.00045063296279808325}. Best is trial 2 with value: 4.391253843460083.[0m
/home/erussek/.conda/envs/pDL/lib/python3.8/site-packages/optuna/distributions.py:560: UserWarning: The distribution is specified by [2, 200] and step=5, but the range is not divisible by `step`. It will be replaced by [2, 197].
  warnings.warn(
[32m[I 2022-02-15 12:33:36,768][0m Trial 13 finished with value: 4.9545474881744385 and parameters: {'hidden_size': 192, 'lr': 0.009915099919728939}. Best is trial 2 with value: 4.391253843460083.[0m
/home/erussek/.conda/envs/pDL/lib/python3.8/site-packages/optuna/distributions.py:560: UserWarning: The distribution is specified by [2, 200] and step=5, but the range is not divisible by `step`. It will be replaced by [2, 197].
  warnings.warn(
[32m[I 2022-02-15 12:34:33,291][0m Trial 14 finished with value: 4.482462212905884 and parameters: {'hidden_size': 27, 'lr': 0.0015012882903174304}. Best is trial 2 with value: 4.391253843460083.[0m
/home/erussek/.conda/envs/pDL/lib/python3.8/site-packages/optuna/distributions.py:560: UserWarning: The distribution is specified by [2, 200] and step=5, but the range is not divisible by `step`. It will be replaced by [2, 197].
  warnings.warn(
[32m[I 2022-02-15 12:35:34,532][0m Trial 15 finished with value: 4.985452102966309 and parameters: {'hidden_size': 127, 'lr': 0.00010288702996482628}. Best is trial 2 with value: 4.391253843460083.[0m
/home/erussek/.conda/envs/pDL/lib/python3.8/site-packages/optuna/distributions.py:560: UserWarning: The distribution is specified by [2, 200] and step=5, but the range is not divisible by `step`. It will be replaced by [2, 197].
  warnings.warn(
[32m[I 2022-02-15 12:36:30,813][0m Trial 16 finished with value: 4.558937270812988 and parameters: {'hidden_size': 32, 'lr': 0.0006002749118505636}. Best is trial 2 with value: 4.391253843460083.[0m
/home/erussek/.conda/envs/pDL/lib/python3.8/site-packages/optuna/distributions.py:560: UserWarning: The distribution is specified by [2, 200] and step=5, but the range is not divisible by `step`. It will be replaced by [2, 197].
  warnings.warn(
[32m[I 2022-02-15 12:37:32,229][0m Trial 17 finished with value: 4.463495942687988 and parameters: {'hidden_size': 112, 'lr': 0.0019330486255896213}. Best is trial 2 with value: 4.391253843460083.[0m
/home/erussek/.conda/envs/pDL/lib/python3.8/site-packages/optuna/distributions.py:560: UserWarning: The distribution is specified by [2, 200] and step=5, but the range is not divisible by `step`. It will be replaced by [2, 197].
  warnings.warn(
[32m[I 2022-02-15 12:38:28,514][0m Trial 18 finished with value: 4.535625368499756 and parameters: {'hidden_size': 32, 'lr': 0.005844936494919491}. Best is trial 2 with value: 4.391253843460083.[0m
/home/erussek/.conda/envs/pDL/lib/python3.8/site-packages/optuna/distributions.py:560: UserWarning: The distribution is specified by [2, 200] and step=5, but the range is not divisible by `step`. It will be replaced by [2, 197].
  warnings.warn(
[32m[I 2022-02-15 12:39:26,075][0m Trial 19 finished with value: 4.419144448165894 and parameters: {'hidden_size': 27, 'lr': 0.0012357267043381535}. Best is trial 2 with value: 4.391253843460083.[0m
/home/erussek/.conda/envs/pDL/lib/python3.8/site-packages/optuna/distributions.py:560: UserWarning: The distribution is specified by [2, 200] and step=5, but the range is not divisible by `step`. It will be replaced by [2, 197].
  warnings.warn(
[32m[I 2022-02-15 12:40:26,387][0m Trial 20 finished with value: 4.572534124526977 and parameters: {'hidden_size': 112, 'lr': 0.00024624500307055756}. Best is trial 2 with value: 4.391253843460083.[0m
/home/erussek/.conda/envs/pDL/lib/python3.8/site-packages/optuna/distributions.py:560: UserWarning: The distribution is specified by [2, 200] and step=5, but the range is not divisible by `step`. It will be replaced by [2, 197].
  warnings.warn(
[32m[I 2022-02-15 12:41:24,792][0m Trial 21 finished with value: 4.4786300427246095 and parameters: {'hidden_size': 22, 'lr': 0.0012113420648490832}. Best is trial 2 with value: 4.391253843460083.[0m
/home/erussek/.conda/envs/pDL/lib/python3.8/site-packages/optuna/distributions.py:560: UserWarning: The distribution is specified by [2, 200] and step=5, but the range is not divisible by `step`. It will be replaced by [2, 197].
  warnings.warn(
[32m[I 2022-02-15 12:42:22,721][0m Trial 22 finished with value: 4.4564213068389895 and parameters: {'hidden_size': 42, 'lr': 0.0007221733248456252}. Best is trial 2 with value: 4.391253843460083.[0m
/home/erussek/.conda/envs/pDL/lib/python3.8/site-packages/optuna/distributions.py:560: UserWarning: The distribution is specified by [2, 200] and step=5, but the range is not divisible by `step`. It will be replaced by [2, 197].
  warnings.warn(
[32m[I 2022-02-15 12:43:22,642][0m Trial 23 finished with value: 4.490851892089844 and parameters: {'hidden_size': 72, 'lr': 0.0013942171554540456}. Best is trial 2 with value: 4.391253843460083.[0m
/home/erussek/.conda/envs/pDL/lib/python3.8/site-packages/optuna/distributions.py:560: UserWarning: The distribution is specified by [2, 200] and step=5, but the range is not divisible by `step`. It will be replaced by [2, 197].
  warnings.warn(
[32m[I 2022-02-15 12:44:20,652][0m Trial 24 finished with value: 4.4769966180419924 and parameters: {'hidden_size': 17, 'lr': 0.0020404290675174303}. Best is trial 2 with value: 4.391253843460083.[0m
/home/erussek/.conda/envs/pDL/lib/python3.8/site-packages/optuna/distributions.py:560: UserWarning: The distribution is specified by [2, 200] and step=5, but the range is not divisible by `step`. It will be replaced by [2, 197].
  warnings.warn(
[32m[I 2022-02-15 12:45:19,448][0m Trial 25 finished with value: 4.597968211898804 and parameters: {'hidden_size': 42, 'lr': 0.00043650258452904714}. Best is trial 2 with value: 4.391253843460083.[0m
/home/erussek/.conda/envs/pDL/lib/python3.8/site-packages/optuna/distributions.py:560: UserWarning: The distribution is specified by [2, 200] and step=5, but the range is not divisible by `step`. It will be replaced by [2, 197].
  warnings.warn(
[32m[I 2022-02-15 12:46:17,535][0m Trial 26 finished with value: 4.490238673706055 and parameters: {'hidden_size': 82, 'lr': 0.006307500444719985}. Best is trial 2 with value: 4.391253843460083.[0m
/home/erussek/.conda/envs/pDL/lib/python3.8/site-packages/optuna/distributions.py:560: UserWarning: The distribution is specified by [2, 200] and step=5, but the range is not divisible by `step`. It will be replaced by [2, 197].
  warnings.warn(
[32m[I 2022-02-15 12:47:16,843][0m Trial 27 finished with value: 4.393433396453857 and parameters: {'hidden_size': 62, 'lr': 0.0037500440650628064}. Best is trial 2 with value: 4.391253843460083.[0m
/home/erussek/.conda/envs/pDL/lib/python3.8/site-packages/optuna/distributions.py:560: UserWarning: The distribution is specified by [2, 200] and step=5, but the range is not divisible by `step`. It will be replaced by [2, 197].
  warnings.warn(
[32m[I 2022-02-15 12:48:14,522][0m Trial 28 finished with value: 4.4362696509552 and parameters: {'hidden_size': 62, 'lr': 0.0045549369071361395}. Best is trial 2 with value: 4.391253843460083.[0m
/home/erussek/.conda/envs/pDL/lib/python3.8/site-packages/optuna/distributions.py:560: UserWarning: The distribution is specified by [2, 200] and step=5, but the range is not divisible by `step`. It will be replaced by [2, 197].
  warnings.warn(
[32m[I 2022-02-15 12:49:14,152][0m Trial 29 finished with value: 4.5262730973815914 and parameters: {'hidden_size': 97, 'lr': 0.003636739289556743}. Best is trial 2 with value: 4.391253843460083.[0m
/home/erussek/.conda/envs/pDL/lib/python3.8/site-packages/optuna/distributions.py:560: UserWarning: The distribution is specified by [2, 200] and step=5, but the range is not divisible by `step`. It will be replaced by [2, 197].
  warnings.warn(
[32m[I 2022-02-15 12:50:12,291][0m Trial 30 finished with value: 4.422736564788818 and parameters: {'hidden_size': 47, 'lr': 0.0075351360031421346}. Best is trial 2 with value: 4.391253843460083.[0m
/home/erussek/.conda/envs/pDL/lib/python3.8/site-packages/optuna/distributions.py:560: UserWarning: The distribution is specified by [2, 200] and step=5, but the range is not divisible by `step`. It will be replaced by [2, 197].
  warnings.warn(
[32m[I 2022-02-15 12:51:09,405][0m Trial 31 finished with value: 4.487822198791504 and parameters: {'hidden_size': 12, 'lr': 0.0027609688615217332}. Best is trial 2 with value: 4.391253843460083.[0m
/home/erussek/.conda/envs/pDL/lib/python3.8/site-packages/optuna/distributions.py:560: UserWarning: The distribution is specified by [2, 200] and step=5, but the range is not divisible by `step`. It will be replaced by [2, 197].
  warnings.warn(
[32m[I 2022-02-15 12:52:07,929][0m Trial 32 finished with value: 4.442348943710327 and parameters: {'hidden_size': 67, 'lr': 0.0017812113972443422}. Best is trial 2 with value: 4.391253843460083.[0m
/home/erussek/.conda/envs/pDL/lib/python3.8/site-packages/optuna/distributions.py:560: UserWarning: The distribution is specified by [2, 200] and step=5, but the range is not divisible by `step`. It will be replaced by [2, 197].
  warnings.warn(
[32m[I 2022-02-15 12:53:07,149][0m Trial 33 finished with value: 4.469364340209961 and parameters: {'hidden_size': 37, 'lr': 0.00318564988556328}. Best is trial 2 with value: 4.391253843460083.[0m
/home/erussek/.conda/envs/pDL/lib/python3.8/site-packages/optuna/distributions.py:560: UserWarning: The distribution is specified by [2, 200] and step=5, but the range is not divisible by `step`. It will be replaced by [2, 197].
  warnings.warn(
[32m[I 2022-02-15 12:54:06,570][0m Trial 34 finished with value: 4.449788424072266 and parameters: {'hidden_size': 87, 'lr': 0.005030434259318889}. Best is trial 2 with value: 4.391253843460083.[0m
/home/erussek/.conda/envs/pDL/lib/python3.8/site-packages/optuna/distributions.py:560: UserWarning: The distribution is specified by [2, 200] and step=5, but the range is not divisible by `step`. It will be replaced by [2, 197].
  warnings.warn(
[32m[I 2022-02-15 12:55:05,916][0m Trial 35 finished with value: 4.4370687635803225 and parameters: {'hidden_size': 67, 'lr': 0.00099250055152605}. Best is trial 2 with value: 4.391253843460083.[0m
/home/erussek/.conda/envs/pDL/lib/python3.8/site-packages/optuna/distributions.py:560: UserWarning: The distribution is specified by [2, 200] and step=5, but the range is not divisible by `step`. It will be replaced by [2, 197].
  warnings.warn(
[32m[I 2022-02-15 12:56:03,443][0m Trial 36 finished with value: 4.461245278778076 and parameters: {'hidden_size': 57, 'lr': 0.006825941982294842}. Best is trial 2 with value: 4.391253843460083.[0m
/home/erussek/.conda/envs/pDL/lib/python3.8/site-packages/optuna/distributions.py:560: UserWarning: The distribution is specified by [2, 200] and step=5, but the range is not divisible by `step`. It will be replaced by [2, 197].
  warnings.warn(
[32m[I 2022-02-15 12:57:01,742][0m Trial 37 finished with value: 4.480228753662109 and parameters: {'hidden_size': 22, 'lr': 0.004466113773978032}. Best is trial 2 with value: 4.391253843460083.[0m
/home/erussek/.conda/envs/pDL/lib/python3.8/site-packages/optuna/distributions.py:560: UserWarning: The distribution is specified by [2, 200] and step=5, but the range is not divisible by `step`. It will be replaced by [2, 197].
  warnings.warn(
[32m[I 2022-02-15 12:58:04,968][0m Trial 38 finished with value: 4.634411927185059 and parameters: {'hidden_size': 187, 'lr': 0.0026077448137657}. Best is trial 2 with value: 4.391253843460083.[0m
/home/erussek/.conda/envs/pDL/lib/python3.8/site-packages/optuna/distributions.py:560: UserWarning: The distribution is specified by [2, 200] and step=5, but the range is not divisible by `step`. It will be replaced by [2, 197].
  warnings.warn(
[32m[I 2022-02-15 12:59:03,463][0m Trial 39 finished with value: 4.450708363800048 and parameters: {'hidden_size': 47, 'lr': 0.0005463017414710408}. Best is trial 2 with value: 4.391253843460083.[0m
/home/erussek/.conda/envs/pDL/lib/python3.8/site-packages/optuna/distributions.py:560: UserWarning: The distribution is specified by [2, 200] and step=5, but the range is not divisible by `step`. It will be replaced by [2, 197].
  warnings.warn(
[32m[I 2022-02-15 13:00:02,223][0m Trial 40 finished with value: 4.559200670242309 and parameters: {'hidden_size': 77, 'lr': 0.007950023284050915}. Best is trial 2 with value: 4.391253843460083.[0m
/home/erussek/.conda/envs/pDL/lib/python3.8/site-packages/optuna/distributions.py:560: UserWarning: The distribution is specified by [2, 200] and step=5, but the range is not divisible by `step`. It will be replaced by [2, 197].
  warnings.warn(
[32m[I 2022-02-15 13:00:59,981][0m Trial 41 finished with value: 4.644706101379395 and parameters: {'hidden_size': 52, 'lr': 0.00970890178752883}. Best is trial 2 with value: 4.391253843460083.[0m
/home/erussek/.conda/envs/pDL/lib/python3.8/site-packages/optuna/distributions.py:560: UserWarning: The distribution is specified by [2, 200] and step=5, but the range is not divisible by `step`. It will be replaced by [2, 197].
  warnings.warn(
[32m[I 2022-02-15 13:01:57,832][0m Trial 42 finished with value: 4.4167666439819335 and parameters: {'hidden_size': 42, 'lr': 0.0074317275762804695}. Best is trial 2 with value: 4.391253843460083.[0m
/home/erussek/.conda/envs/pDL/lib/python3.8/site-packages/optuna/distributions.py:560: UserWarning: The distribution is specified by [2, 200] and step=5, but the range is not divisible by `step`. It will be replaced by [2, 197].
  warnings.warn(
[32m[I 2022-02-15 13:02:55,013][0m Trial 43 finished with value: 4.722059542007447 and parameters: {'hidden_size': 7, 'lr': 0.005800485712377752}. Best is trial 2 with value: 4.391253843460083.[0m
/home/erussek/.conda/envs/pDL/lib/python3.8/site-packages/optuna/distributions.py:560: UserWarning: The distribution is specified by [2, 200] and step=5, but the range is not divisible by `step`. It will be replaced by [2, 197].
  warnings.warn(
[32m[I 2022-02-15 13:03:52,385][0m Trial 44 finished with value: 4.388159270477295 and parameters: {'hidden_size': 32, 'lr': 0.003938484672405132}. Best is trial 44 with value: 4.388159270477295.[0m
/home/erussek/.conda/envs/pDL/lib/python3.8/site-packages/optuna/distributions.py:560: UserWarning: The distribution is specified by [2, 200] and step=5, but the range is not divisible by `step`. It will be replaced by [2, 197].
  warnings.warn(
[32m[I 2022-02-15 13:04:51,263][0m Trial 45 finished with value: 4.534413435287475 and parameters: {'hidden_size': 62, 'lr': 0.004276684555130165}. Best is trial 44 with value: 4.388159270477295.[0m
/home/erussek/.conda/envs/pDL/lib/python3.8/site-packages/optuna/distributions.py:560: UserWarning: The distribution is specified by [2, 200] and step=5, but the range is not divisible by `step`. It will be replaced by [2, 197].
  warnings.warn(
[32m[I 2022-02-15 13:05:48,843][0m Trial 46 finished with value: 4.371968461303711 and parameters: {'hidden_size': 37, 'lr': 0.0034163376675563984}. Best is trial 46 with value: 4.371968461303711.[0m
/home/erussek/.conda/envs/pDL/lib/python3.8/site-packages/optuna/distributions.py:560: UserWarning: The distribution is specified by [2, 200] and step=5, but the range is not divisible by `step`. It will be replaced by [2, 197].
  warnings.warn(
[32m[I 2022-02-15 13:06:46,722][0m Trial 47 finished with value: 5.217967498168945 and parameters: {'hidden_size': 2, 'lr': 0.00342880770870966}. Best is trial 46 with value: 4.371968461303711.[0m
/home/erussek/.conda/envs/pDL/lib/python3.8/site-packages/optuna/distributions.py:560: UserWarning: The distribution is specified by [2, 200] and step=5, but the range is not divisible by `step`. It will be replaced by [2, 197].
  warnings.warn(
