[32m[I 2022-02-15 13:55:19,748][0m Trial 97 finished with value: 4.502451818542481 and parameters: {'hidden_size': 37, 'lr': 0.004950773421628606}. Best is trial 46 with value: 4.371968461303711.[0m
/home/erussek/.conda/envs/pDL/lib/python3.8/site-packages/optuna/distributions.py:560: UserWarning: The distribution is specified by [2, 200] and step=5, but the range is not divisible by `step`. It will be replaced by [2, 197].
  warnings.warn(
[32m[I 2022-02-15 13:56:15,988][0m Trial 98 finished with value: 4.516863625335693 and parameters: {'hidden_size': 52, 'lr': 0.003772459079723494}. Best is trial 46 with value: 4.371968461303711.[0m
/home/erussek/.conda/envs/pDL/lib/python3.8/site-packages/optuna/distributions.py:560: UserWarning: The distribution is specified by [2, 200] and step=5, but the range is not divisible by `step`. It will be replaced by [2, 197].
  warnings.warn(
[32m[I 2022-02-15 13:57:14,315][0m Trial 99 finished with value: 4.426338264465332 and parameters: {'hidden_size': 42, 'lr': 0.0032930358396691937}. Best is trial 46 with value: 4.371968461303711.[0m
/home/erussek/.conda/envs/pDL/lib/python3.8/site-packages/optuna/distributions.py:560: UserWarning: The distribution is specified by [2, 200] and step=5, but the range is not divisible by `step`. It will be replaced by [2, 197].
  warnings.warn(
[32m[I 2022-02-15 13:58:12,390][0m Trial 100 finished with value: 4.466065094985962 and parameters: {'hidden_size': 62, 'lr': 0.002919858192809505}. Best is trial 46 with value: 4.371968461303711.[0m
/home/erussek/.conda/envs/pDL/lib/python3.8/site-packages/optuna/distributions.py:560: UserWarning: The distribution is specified by [2, 200] and step=5, but the range is not divisible by `step`. It will be replaced by [2, 197].
  warnings.warn(
[32m[I 2022-02-15 13:59:09,872][0m Trial 101 finished with value: 4.419621780929566 and parameters: {'hidden_size': 32, 'lr': 0.007520894039393929}. Best is trial 46 with value: 4.371968461303711.[0m
/home/erussek/.conda/envs/pDL/lib/python3.8/site-packages/optuna/distributions.py:560: UserWarning: The distribution is specified by [2, 200] and step=5, but the range is not divisible by `step`. It will be replaced by [2, 197].
  warnings.warn(
[32m[I 2022-02-15 14:00:06,793][0m Trial 102 finished with value: 4.470431993713379 and parameters: {'hidden_size': 22, 'lr': 0.005679527833254851}. Best is trial 46 with value: 4.371968461303711.[0m
/home/erussek/.conda/envs/pDL/lib/python3.8/site-packages/optuna/distributions.py:560: UserWarning: The distribution is specified by [2, 200] and step=5, but the range is not divisible by `step`. It will be replaced by [2, 197].
  warnings.warn(
[32m[I 2022-02-15 14:01:04,979][0m Trial 103 finished with value: 4.5182854458618165 and parameters: {'hidden_size': 17, 'lr': 0.0014251432364908543}. Best is trial 46 with value: 4.371968461303711.[0m
/home/erussek/.conda/envs/pDL/lib/python3.8/site-packages/optuna/distributions.py:560: UserWarning: The distribution is specified by [2, 200] and step=5, but the range is not divisible by `step`. It will be replaced by [2, 197].
  warnings.warn(
[32m[I 2022-02-15 14:02:03,638][0m Trial 104 finished with value: 4.412261020126342 and parameters: {'hidden_size': 42, 'lr': 0.0011833733555430778}. Best is trial 46 with value: 4.371968461303711.[0m
/home/erussek/.conda/envs/pDL/lib/python3.8/site-packages/optuna/distributions.py:560: UserWarning: The distribution is specified by [2, 200] and step=5, but the range is not divisible by `step`. It will be replaced by [2, 197].
  warnings.warn(
[32m[I 2022-02-15 14:03:00,920][0m Trial 105 finished with value: 4.450763158340454 and parameters: {'hidden_size': 42, 'lr': 0.002617574996272081}. Best is trial 46 with value: 4.371968461303711.[0m
/home/erussek/.conda/envs/pDL/lib/python3.8/site-packages/optuna/distributions.py:560: UserWarning: The distribution is specified by [2, 200] and step=5, but the range is not divisible by `step`. It will be replaced by [2, 197].
  warnings.warn(
[32m[I 2022-02-15 14:03:58,984][0m Trial 106 finished with value: 4.415350045928955 and parameters: {'hidden_size': 52, 'lr': 0.004154316868492068}. Best is trial 46 with value: 4.371968461303711.[0m
/home/erussek/.conda/envs/pDL/lib/python3.8/site-packages/optuna/distributions.py:560: UserWarning: The distribution is specified by [2, 200] and step=5, but the range is not divisible by `step`. It will be replaced by [2, 197].
  warnings.warn(
[32m[I 2022-02-15 14:04:55,077][0m Trial 107 finished with value: 4.4770324063873295 and parameters: {'hidden_size': 52, 'lr': 0.003745203559860558}. Best is trial 46 with value: 4.371968461303711.[0m
/home/erussek/.conda/envs/pDL/lib/python3.8/site-packages/optuna/distributions.py:560: UserWarning: The distribution is specified by [2, 200] and step=5, but the range is not divisible by `step`. It will be replaced by [2, 197].
  warnings.warn(
[32m[I 2022-02-15 14:05:54,251][0m Trial 108 finished with value: 4.449915977706909 and parameters: {'hidden_size': 47, 'lr': 0.004315425242987381}. Best is trial 46 with value: 4.371968461303711.[0m
/home/erussek/.conda/envs/pDL/lib/python3.8/site-packages/optuna/distributions.py:560: UserWarning: The distribution is specified by [2, 200] and step=5, but the range is not divisible by `step`. It will be replaced by [2, 197].
  warnings.warn(
[32m[I 2022-02-15 14:06:52,835][0m Trial 109 finished with value: 4.4441176090240475 and parameters: {'hidden_size': 102, 'lr': 0.004785791525430606}. Best is trial 46 with value: 4.371968461303711.[0m
/home/erussek/.conda/envs/pDL/lib/python3.8/site-packages/optuna/distributions.py:560: UserWarning: The distribution is specified by [2, 200] and step=5, but the range is not divisible by `step`. It will be replaced by [2, 197].
  warnings.warn(
[32m[I 2022-02-15 14:07:51,269][0m Trial 110 finished with value: 4.431857417602539 and parameters: {'hidden_size': 57, 'lr': 0.008988227786271235}. Best is trial 46 with value: 4.371968461303711.[0m
/home/erussek/.conda/envs/pDL/lib/python3.8/site-packages/optuna/distributions.py:560: UserWarning: The distribution is specified by [2, 200] and step=5, but the range is not divisible by `step`. It will be replaced by [2, 197].
  warnings.warn(
[32m[I 2022-02-15 14:08:49,268][0m Trial 111 finished with value: 4.459685942382812 and parameters: {'hidden_size': 37, 'lr': 0.001144151531274462}. Best is trial 46 with value: 4.371968461303711.[0m
/home/erussek/.conda/envs/pDL/lib/python3.8/site-packages/optuna/distributions.py:560: UserWarning: The distribution is specified by [2, 200] and step=5, but the range is not divisible by `step`. It will be replaced by [2, 197].
  warnings.warn(
[32m[I 2022-02-15 14:09:48,233][0m Trial 112 finished with value: 4.528471027908325 and parameters: {'hidden_size': 47, 'lr': 0.002992688982826289}. Best is trial 46 with value: 4.371968461303711.[0m
/home/erussek/.conda/envs/pDL/lib/python3.8/site-packages/optuna/distributions.py:560: UserWarning: The distribution is specified by [2, 200] and step=5, but the range is not divisible by `step`. It will be replaced by [2, 197].
  warnings.warn(
[32m[I 2022-02-15 14:10:44,744][0m Trial 113 finished with value: 4.462692225952148 and parameters: {'hidden_size': 52, 'lr': 0.004264624739802086}. Best is trial 46 with value: 4.371968461303711.[0m
/home/erussek/.conda/envs/pDL/lib/python3.8/site-packages/optuna/distributions.py:560: UserWarning: The distribution is specified by [2, 200] and step=5, but the range is not divisible by `step`. It will be replaced by [2, 197].
  warnings.warn(
[32m[I 2022-02-15 14:11:42,804][0m Trial 114 finished with value: 4.458785875091553 and parameters: {'hidden_size': 27, 'lr': 0.003437209622686899}. Best is trial 46 with value: 4.371968461303711.[0m
/home/erussek/.conda/envs/pDL/lib/python3.8/site-packages/optuna/distributions.py:560: UserWarning: The distribution is specified by [2, 200] and step=5, but the range is not divisible by `step`. It will be replaced by [2, 197].
  warnings.warn(
[32m[I 2022-02-15 14:12:41,736][0m Trial 115 finished with value: 4.555800293350219 and parameters: {'hidden_size': 37, 'lr': 0.005266441481067764}. Best is trial 46 with value: 4.371968461303711.[0m
/home/erussek/.conda/envs/pDL/lib/python3.8/site-packages/optuna/distributions.py:560: UserWarning: The distribution is specified by [2, 200] and step=5, but the range is not divisible by `step`. It will be replaced by [2, 197].
  warnings.warn(
[32m[I 2022-02-15 14:13:39,232][0m Trial 116 finished with value: 4.478222932281494 and parameters: {'hidden_size': 62, 'lr': 0.0008416941184238152}. Best is trial 46 with value: 4.371968461303711.[0m
/home/erussek/.conda/envs/pDL/lib/python3.8/site-packages/optuna/distributions.py:560: UserWarning: The distribution is specified by [2, 200] and step=5, but the range is not divisible by `step`. It will be replaced by [2, 197].
  warnings.warn(
[32m[I 2022-02-15 14:14:38,581][0m Trial 117 finished with value: 4.434052685089111 and parameters: {'hidden_size': 42, 'lr': 0.002087519441980321}. Best is trial 46 with value: 4.371968461303711.[0m
/home/erussek/.conda/envs/pDL/lib/python3.8/site-packages/optuna/distributions.py:560: UserWarning: The distribution is specified by [2, 200] and step=5, but the range is not divisible by `step`. It will be replaced by [2, 197].
  warnings.warn(
[32m[I 2022-02-15 14:15:36,571][0m Trial 118 finished with value: 4.434499700622559 and parameters: {'hidden_size': 67, 'lr': 0.002442652894605779}. Best is trial 46 with value: 4.371968461303711.[0m
/home/erussek/.conda/envs/pDL/lib/python3.8/site-packages/optuna/distributions.py:560: UserWarning: The distribution is specified by [2, 200] and step=5, but the range is not divisible by `step`. It will be replaced by [2, 197].
  warnings.warn(
[32m[I 2022-02-15 14:16:35,824][0m Trial 119 finished with value: 4.466463172912598 and parameters: {'hidden_size': 57, 'lr': 0.006278022313391328}. Best is trial 46 with value: 4.371968461303711.[0m
/home/erussek/.conda/envs/pDL/lib/python3.8/site-packages/optuna/distributions.py:560: UserWarning: The distribution is specified by [2, 200] and step=5, but the range is not divisible by `step`. It will be replaced by [2, 197].
  warnings.warn(
[32m[I 2022-02-15 14:17:33,307][0m Trial 120 finished with value: 4.433108930740357 and parameters: {'hidden_size': 47, 'lr': 0.0012976185675911548}. Best is trial 46 with value: 4.371968461303711.[0m
/home/erussek/.conda/envs/pDL/lib/python3.8/site-packages/optuna/distributions.py:560: UserWarning: The distribution is specified by [2, 200] and step=5, but the range is not divisible by `step`. It will be replaced by [2, 197].
  warnings.warn(
[32m[I 2022-02-15 14:18:30,162][0m Trial 121 finished with value: 4.4826730387878415 and parameters: {'hidden_size': 32, 'lr': 0.0009546052318668876}. Best is trial 46 with value: 4.371968461303711.[0m
/home/erussek/.conda/envs/pDL/lib/python3.8/site-packages/optuna/distributions.py:560: UserWarning: The distribution is specified by [2, 200] and step=5, but the range is not divisible by `step`. It will be replaced by [2, 197].
  warnings.warn(
[32m[I 2022-02-15 14:19:26,766][0m Trial 122 finished with value: 4.487539478607178 and parameters: {'hidden_size': 32, 'lr': 0.0010913003022853017}. Best is trial 46 with value: 4.371968461303711.[0m
/home/erussek/.conda/envs/pDL/lib/python3.8/site-packages/optuna/distributions.py:560: UserWarning: The distribution is specified by [2, 200] and step=5, but the range is not divisible by `step`. It will be replaced by [2, 197].
  warnings.warn(
[32m[I 2022-02-15 14:20:26,264][0m Trial 123 finished with value: 4.468857130432129 and parameters: {'hidden_size': 72, 'lr': 0.004054928395943028}. Best is trial 46 with value: 4.371968461303711.[0m
/home/erussek/.conda/envs/pDL/lib/python3.8/site-packages/optuna/distributions.py:560: UserWarning: The distribution is specified by [2, 200] and step=5, but the range is not divisible by `step`. It will be replaced by [2, 197].
  warnings.warn(
[32m[I 2022-02-15 14:21:23,047][0m Trial 124 finished with value: 4.404338601760864 and parameters: {'hidden_size': 27, 'lr': 0.0015679073086436654}. Best is trial 46 with value: 4.371968461303711.[0m
/home/erussek/.conda/envs/pDL/lib/python3.8/site-packages/optuna/distributions.py:560: UserWarning: The distribution is specified by [2, 200] and step=5, but the range is not divisible by `step`. It will be replaced by [2, 197].
  warnings.warn(
[32m[I 2022-02-15 14:22:22,092][0m Trial 125 finished with value: 4.42838872970581 and parameters: {'hidden_size': 37, 'lr': 0.0016263295104877449}. Best is trial 46 with value: 4.371968461303711.[0m
/home/erussek/.conda/envs/pDL/lib/python3.8/site-packages/optuna/distributions.py:560: UserWarning: The distribution is specified by [2, 200] and step=5, but the range is not divisible by `step`. It will be replaced by [2, 197].
  warnings.warn(
[32m[I 2022-02-15 14:23:19,926][0m Trial 126 finished with value: 4.446641125717163 and parameters: {'hidden_size': 27, 'lr': 0.0026528524046999574}. Best is trial 46 with value: 4.371968461303711.[0m
/home/erussek/.conda/envs/pDL/lib/python3.8/site-packages/optuna/distributions.py:560: UserWarning: The distribution is specified by [2, 200] and step=5, but the range is not divisible by `step`. It will be replaced by [2, 197].
  warnings.warn(
[32m[I 2022-02-15 14:24:16,424][0m Trial 127 finished with value: 4.450806292114258 and parameters: {'hidden_size': 22, 'lr': 0.001807751374996841}. Best is trial 46 with value: 4.371968461303711.[0m
/home/erussek/.conda/envs/pDL/lib/python3.8/site-packages/optuna/distributions.py:560: UserWarning: The distribution is specified by [2, 200] and step=5, but the range is not divisible by `step`. It will be replaced by [2, 197].
  warnings.warn(
[32m[I 2022-02-15 14:25:16,407][0m Trial 128 finished with value: 4.549596409683228 and parameters: {'hidden_size': 77, 'lr': 0.0029701628554870884}. Best is trial 46 with value: 4.371968461303711.[0m
/home/erussek/.conda/envs/pDL/lib/python3.8/site-packages/optuna/distributions.py:560: UserWarning: The distribution is specified by [2, 200] and step=5, but the range is not divisible by `step`. It will be replaced by [2, 197].
  warnings.warn(
[32m[I 2022-02-15 14:26:13,675][0m Trial 129 finished with value: 4.459654743423462 and parameters: {'hidden_size': 42, 'lr': 0.007884643515503758}. Best is trial 46 with value: 4.371968461303711.[0m
/home/erussek/.conda/envs/pDL/lib/python3.8/site-packages/optuna/distributions.py:560: UserWarning: The distribution is specified by [2, 200] and step=5, but the range is not divisible by `step`. It will be replaced by [2, 197].
  warnings.warn(
[32m[I 2022-02-15 14:27:12,839][0m Trial 130 finished with value: 4.509514121856689 and parameters: {'hidden_size': 47, 'lr': 0.003590496978958525}. Best is trial 46 with value: 4.371968461303711.[0m
/home/erussek/.conda/envs/pDL/lib/python3.8/site-packages/optuna/distributions.py:560: UserWarning: The distribution is specified by [2, 200] and step=5, but the range is not divisible by `step`. It will be replaced by [2, 197].
  warnings.warn(
[32m[I 2022-02-15 14:28:08,466][0m Trial 131 finished with value: 4.572094399795533 and parameters: {'hidden_size': 12, 'lr': 0.0011733575368286246}. Best is trial 46 with value: 4.371968461303711.[0m
/home/erussek/.conda/envs/pDL/lib/python3.8/site-packages/optuna/distributions.py:560: UserWarning: The distribution is specified by [2, 200] and step=5, but the range is not divisible by `step`. It will be replaced by [2, 197].
  warnings.warn(
[32m[I 2022-02-15 14:29:05,341][0m Trial 132 finished with value: 4.420897704772949 and parameters: {'hidden_size': 32, 'lr': 0.0013034451711175846}. Best is trial 46 with value: 4.371968461303711.[0m
/home/erussek/.conda/envs/pDL/lib/python3.8/site-packages/optuna/distributions.py:560: UserWarning: The distribution is specified by [2, 200] and step=5, but the range is not divisible by `step`. It will be replaced by [2, 197].
  warnings.warn(
[32m[I 2022-02-15 14:30:02,373][0m Trial 133 finished with value: 4.5033766621398925 and parameters: {'hidden_size': 27, 'lr': 0.0010484488118765044}. Best is trial 46 with value: 4.371968461303711.[0m
/home/erussek/.conda/envs/pDL/lib/python3.8/site-packages/optuna/distributions.py:560: UserWarning: The distribution is specified by [2, 200] and step=5, but the range is not divisible by `step`. It will be replaced by [2, 197].
  warnings.warn(
[32m[I 2022-02-15 14:31:00,405][0m Trial 134 finished with value: 4.456411140823365 and parameters: {'hidden_size': 17, 'lr': 0.0015288120443878676}. Best is trial 46 with value: 4.371968461303711.[0m
/home/erussek/.conda/envs/pDL/lib/python3.8/site-packages/optuna/distributions.py:560: UserWarning: The distribution is specified by [2, 200] and step=5, but the range is not divisible by `step`. It will be replaced by [2, 197].
  warnings.warn(
[32m[I 2022-02-15 14:31:56,896][0m Trial 135 finished with value: 4.566698958511353 and parameters: {'hidden_size': 52, 'lr': 0.0012835371631644472}. Best is trial 46 with value: 4.371968461303711.[0m
/home/erussek/.conda/envs/pDL/lib/python3.8/site-packages/optuna/distributions.py:560: UserWarning: The distribution is specified by [2, 200] and step=5, but the range is not divisible by `step`. It will be replaced by [2, 197].
  warnings.warn(
[32m[I 2022-02-15 14:32:55,964][0m Trial 136 finished with value: 4.456391503677368 and parameters: {'hidden_size': 37, 'lr': 0.0009076015579932657}. Best is trial 46 with value: 4.371968461303711.[0m
/home/erussek/.conda/envs/pDL/lib/python3.8/site-packages/optuna/distributions.py:560: UserWarning: The distribution is specified by [2, 200] and step=5, but the range is not divisible by `step`. It will be replaced by [2, 197].
  warnings.warn(
[32m[I 2022-02-15 14:33:54,569][0m Trial 137 finished with value: 4.515663888320923 and parameters: {'hidden_size': 42, 'lr': 0.0006749162372112026}. Best is trial 46 with value: 4.371968461303711.[0m
/home/erussek/.conda/envs/pDL/lib/python3.8/site-packages/optuna/distributions.py:560: UserWarning: The distribution is specified by [2, 200] and step=5, but the range is not divisible by `step`. It will be replaced by [2, 197].
  warnings.warn(
[32m[I 2022-02-15 14:34:51,969][0m Trial 138 finished with value: 4.465457904968262 and parameters: {'hidden_size': 57, 'lr': 0.003262898957913738}. Best is trial 46 with value: 4.371968461303711.[0m
/home/erussek/.conda/envs/pDL/lib/python3.8/site-packages/optuna/distributions.py:560: UserWarning: The distribution is specified by [2, 200] and step=5, but the range is not divisible by `step`. It will be replaced by [2, 197].
  warnings.warn(
[32m[I 2022-02-15 14:35:51,380][0m Trial 139 finished with value: 4.5199583598327635 and parameters: {'hidden_size': 62, 'lr': 0.003770653033200202}. Best is trial 46 with value: 4.371968461303711.[0m
/home/erussek/.conda/envs/pDL/lib/python3.8/site-packages/optuna/distributions.py:560: UserWarning: The distribution is specified by [2, 200] and step=5, but the range is not divisible by `step`. It will be replaced by [2, 197].
  warnings.warn(
[32m[I 2022-02-15 14:36:47,817][0m Trial 140 finished with value: 4.457684542388916 and parameters: {'hidden_size': 22, 'lr': 0.00235240644818309}. Best is trial 46 with value: 4.371968461303711.[0m
/home/erussek/.conda/envs/pDL/lib/python3.8/site-packages/optuna/distributions.py:560: UserWarning: The distribution is specified by [2, 200] and step=5, but the range is not divisible by `step`. It will be replaced by [2, 197].
  warnings.warn(
[32m[I 2022-02-15 14:37:45,585][0m Trial 141 finished with value: 4.478623514709473 and parameters: {'hidden_size': 32, 'lr': 0.004783250528323424}. Best is trial 46 with value: 4.371968461303711.[0m
/home/erussek/.conda/envs/pDL/lib/python3.8/site-packages/optuna/distributions.py:560: UserWarning: The distribution is specified by [2, 200] and step=5, but the range is not divisible by `step`. It will be replaced by [2, 197].
  warnings.warn(
[32m[I 2022-02-15 14:38:41,589][0m Trial 142 finished with value: 4.4612863031768795 and parameters: {'hidden_size': 32, 'lr': 0.007723716996413018}. Best is trial 46 with value: 4.371968461303711.[0m
/home/erussek/.conda/envs/pDL/lib/python3.8/site-packages/optuna/distributions.py:560: UserWarning: The distribution is specified by [2, 200] and step=5, but the range is not divisible by `step`. It will be replaced by [2, 197].
  warnings.warn(
[32m[I 2022-02-15 14:39:40,020][0m Trial 143 finished with value: 4.408200418777466 and parameters: {'hidden_size': 37, 'lr': 0.00711283017330009}. Best is trial 46 with value: 4.371968461303711.[0m
/home/erussek/.conda/envs/pDL/lib/python3.8/site-packages/optuna/distributions.py:560: UserWarning: The distribution is specified by [2, 200] and step=5, but the range is not divisible by `step`. It will be replaced by [2, 197].
  warnings.warn(
[32m[I 2022-02-15 14:40:38,048][0m Trial 144 finished with value: 4.49620994720459 and parameters: {'hidden_size': 37, 'lr': 0.007003482576898905}. Best is trial 46 with value: 4.371968461303711.[0m
/home/erussek/.conda/envs/pDL/lib/python3.8/site-packages/optuna/distributions.py:560: UserWarning: The distribution is specified by [2, 200] and step=5, but the range is not divisible by `step`. It will be replaced by [2, 197].
  warnings.warn(
