[32m[I 2022-02-15 17:58:48,175][0m Trial 349 finished with value: 4.474245289306641 and parameters: {'hidden_size': 37, 'lr': 0.0026137478256907853}. Best is trial 206 with value: 4.355436987609863.[0m
[Epoch 1/1] loss: 4.5489 (MSE) - test_loss: 4.4721 (MSE)
[Epoch 1/1] loss: 4.5729 (MSE) - test_loss: 4.5585 (MSE)
[Epoch 1/1] loss: 4.6641 (MSE) - test_loss: 4.3913 (MSE)
[Epoch 1/1] loss: 5.4282 (MSE) - test_loss: 4.7224 (MSE)
[Epoch 1/1] loss: 4.7592 (MSE) - test_loss: 4.5053 (MSE)
[Epoch 1/1] loss: 4.6550 (MSE) - test_loss: 4.4977 (MSE)
[Epoch 1/1] loss: 4.6228 (MSE) - test_loss: 4.5166 (MSE)
[Epoch 1/1] loss: 4.7316 (MSE) - test_loss: 4.4084 (MSE)
[Epoch 1/1] loss: 5.4464 (MSE) - test_loss: 4.6724 (MSE)
[Epoch 1/1] loss: 4.6040 (MSE) - test_loss: 4.4657 (MSE)
[Epoch 1/1] loss: 9.5002 (MSE) - test_loss: 6.2781 (MSE)
[Epoch 1/1] loss: 6.1984 (MSE) - test_loss: 4.9230 (MSE)
[Epoch 1/1] loss: 4.8840 (MSE) - test_loss: 4.4616 (MSE)
[Epoch 1/1] loss: 5.0564 (MSE) - test_loss: 4.9545 (MSE)
[Epoch 1/1] loss: 4.8556 (MSE) - test_loss: 4.4825 (MSE)
[Epoch 1/1] loss: 5.6697 (MSE) - test_loss: 4.9855 (MSE)
[Epoch 1/1] loss: 5.2710 (MSE) - test_loss: 4.5589 (MSE)
[Epoch 1/1] loss: 4.6431 (MSE) - test_loss: 4.4635 (MSE)
[Epoch 1/1] loss: 4.6102 (MSE) - test_loss: 4.5356 (MSE)
[Epoch 1/1] loss: 4.8829 (MSE) - test_loss: 4.4191 (MSE)
[Epoch 1/1] loss: 5.1329 (MSE) - test_loss: 4.5725 (MSE)
[Epoch 1/1] loss: 4.9939 (MSE) - test_loss: 4.4786 (MSE)
[Epoch 1/1] loss: 4.9445 (MSE) - test_loss: 4.4564 (MSE)
[Epoch 1/1] loss: 4.7200 (MSE) - test_loss: 4.4909 (MSE)
[Epoch 1/1] loss: 4.9007 (MSE) - test_loss: 4.4770 (MSE)
[Epoch 1/1] loss: 5.2560 (MSE) - test_loss: 4.5980 (MSE)
[Epoch 1/1] loss: 4.6397 (MSE) - test_loss: 4.4902 (MSE)
[Epoch 1/1] loss: 4.6042 (MSE) - test_loss: 4.3934 (MSE)
[Epoch 1/1] loss: 4.5874 (MSE) - test_loss: 4.4363 (MSE)
[Epoch 1/1] loss: 4.6637 (MSE) - test_loss: 4.5263 (MSE)
[Epoch 1/1] loss: 4.6540 (MSE) - test_loss: 4.4227 (MSE)
[Epoch 1/1] loss: 4.8427 (MSE) - test_loss: 4.4878 (MSE)
[Epoch 1/1] loss: 4.6742 (MSE) - test_loss: 4.4423 (MSE)
[Epoch 1/1] loss: 4.5904 (MSE) - test_loss: 4.4694 (MSE)
[Epoch 1/1] loss: 4.6518 (MSE) - test_loss: 4.4498 (MSE)
[Epoch 1/1] loss: 4.7954 (MSE) - test_loss: 4.4371 (MSE)
[Epoch 1/1] loss: 4.6429 (MSE) - test_loss: 4.4612 (MSE)
[Epoch 1/1] loss: 4.6663 (MSE) - test_loss: 4.4802 (MSE)
[Epoch 1/1] loss: 4.6458 (MSE) - test_loss: 4.6344 (MSE)
[Epoch 1/1] loss: 4.9819 (MSE) - test_loss: 4.4507 (MSE)
[Epoch 1/1] loss: 4.8127 (MSE) - test_loss: 4.5592 (MSE)
[Epoch 1/1] loss: 4.6415 (MSE) - test_loss: 4.6447 (MSE)
[Epoch 1/1] loss: 4.5934 (MSE) - test_loss: 4.4168 (MSE)
[Epoch 1/1] loss: 5.0035 (MSE) - test_loss: 4.7221 (MSE)
[Epoch 1/1] loss: 4.6193 (MSE) - test_loss: 4.3882 (MSE)
[Epoch 1/1] loss: 4.6316 (MSE) - test_loss: 4.5344 (MSE)
[Epoch 1/1] loss: 4.6683 (MSE) - test_loss: 4.3720 (MSE)
[Epoch 1/1] loss: 6.1534 (MSE) - test_loss: 5.2180 (MSE)
[Epoch 1/1] loss: 4.6438 (MSE) - test_loss: 4.4423 (MSE)
[Epoch 1/1] loss: 4.6628 (MSE) - test_loss: 4.4200 (MSE)
[Epoch 1/1] loss: 4.6294 (MSE) - test_loss: 4.5477 (MSE)
[Epoch 1/1] loss: 4.6029 (MSE) - test_loss: 4.4268 (MSE)
[Epoch 1/1] loss: 4.6823 (MSE) - test_loss: 4.4213 (MSE)
[Epoch 1/1] loss: 4.5992 (MSE) - test_loss: 4.5428 (MSE)
[Epoch 1/1] loss: 4.7242 (MSE) - test_loss: 4.4649 (MSE)
[Epoch 1/1] loss: 4.5747 (MSE) - test_loss: 4.4600 (MSE)
[Epoch 1/1] loss: 4.6923 (MSE) - test_loss: 4.4982 (MSE)
[Epoch 1/1] loss: 4.6843 (MSE) - test_loss: 4.4510 (MSE)
[Epoch 1/1] loss: 4.6881 (MSE) - test_loss: 4.4554 (MSE)
[Epoch 1/1] loss: 4.5677 (MSE) - test_loss: 4.5091 (MSE)
[Epoch 1/1] loss: 5.4001 (MSE) - test_loss: 4.7524 (MSE)
[Epoch 1/1] loss: 5.2147 (MSE) - test_loss: 4.5434 (MSE)
[Epoch 1/1] loss: 5.2835 (MSE) - test_loss: 4.4648 (MSE)
[Epoch 1/1] loss: 4.8575 (MSE) - test_loss: 4.4522 (MSE)
[Epoch 1/1] loss: 4.9184 (MSE) - test_loss: 4.4340 (MSE)
[Epoch 1/1] loss: 4.8888 (MSE) - test_loss: 4.4495 (MSE)
[Epoch 1/1] loss: 4.6373 (MSE) - test_loss: 4.4940 (MSE)
[Epoch 1/1] loss: 4.5708 (MSE) - test_loss: 4.4265 (MSE)
[Epoch 1/1] loss: 4.7810 (MSE) - test_loss: 4.4608 (MSE)
[Epoch 1/1] loss: 5.2317 (MSE) - test_loss: 4.6165 (MSE)
[Epoch 1/1] loss: 4.6042 (MSE) - test_loss: 4.5402 (MSE)
[Epoch 1/1] loss: 4.6042 (MSE) - test_loss: 4.5066 (MSE)
[Epoch 1/1] loss: 4.6862 (MSE) - test_loss: 4.6615 (MSE)
[Epoch 1/1] loss: 4.5740 (MSE) - test_loss: 4.4587 (MSE)
[Epoch 1/1] loss: 4.7363 (MSE) - test_loss: 4.5097 (MSE)
[Epoch 1/1] loss: 5.1195 (MSE) - test_loss: 4.4988 (MSE)
[Epoch 1/1] loss: 4.6145 (MSE) - test_loss: 4.4281 (MSE)
[Epoch 1/1] loss: 4.7607 (MSE) - test_loss: 4.4265 (MSE)
[Epoch 1/1] loss: 4.6863 (MSE) - test_loss: 4.4549 (MSE)
[Epoch 1/1] loss: 4.7500 (MSE) - test_loss: 4.5296 (MSE)
[Epoch 1/1] loss: 4.5758 (MSE) - test_loss: 4.4177 (MSE)
[Epoch 1/1] loss: 4.5898 (MSE) - test_loss: 4.6008 (MSE)
[Epoch 1/1] loss: 4.5968 (MSE) - test_loss: 4.4878 (MSE)
[Epoch 1/1] loss: 4.6791 (MSE) - test_loss: 4.4223 (MSE)
[Epoch 1/1] loss: 4.5758 (MSE) - test_loss: 4.5202 (MSE)
[Epoch 1/1] loss: 4.6449 (MSE) - test_loss: 4.5532 (MSE)
[Epoch 1/1] loss: 4.7514 (MSE) - test_loss: 4.4747 (MSE)
[Epoch 1/1] loss: 4.6634 (MSE) - test_loss: 4.4190 (MSE)
[Epoch 1/1] loss: 4.6360 (MSE) - test_loss: 4.5105 (MSE)
[Epoch 1/1] loss: 4.5729 (MSE) - test_loss: 4.5352 (MSE)
[Epoch 1/1] loss: 4.5227 (MSE) - test_loss: 4.5101 (MSE)
[Epoch 1/1] loss: 4.6434 (MSE) - test_loss: 4.4889 (MSE)
[Epoch 1/1] loss: 4.5955 (MSE) - test_loss: 4.4668 (MSE)
[Epoch 1/1] loss: 4.6380 (MSE) - test_loss: 4.3944 (MSE)
[Epoch 1/1] loss: 4.6806 (MSE) - test_loss: 4.4796 (MSE)
[Epoch 1/1] loss: 4.6362 (MSE) - test_loss: 4.5694 (MSE)
[Epoch 1/1] loss: 4.6501 (MSE) - test_loss: 4.4148 (MSE)
[Epoch 1/1] loss: 4.6198 (MSE) - test_loss: 4.5025 (MSE)
[Epoch 1/1] loss: 4.5910 (MSE) - test_loss: 4.5169 (MSE)
[Epoch 1/1] loss: 4.6591 (MSE) - test_loss: 4.4263 (MSE)
[Epoch 1/1] loss: 4.5891 (MSE) - test_loss: 4.4661 (MSE)
[Epoch 1/1] loss: 4.5888 (MSE) - test_loss: 4.4196 (MSE)
[Epoch 1/1] loss: 4.6788 (MSE) - test_loss: 4.4704 (MSE)
[Epoch 1/1] loss: 5.0191 (MSE) - test_loss: 4.5183 (MSE)
[Epoch 1/1] loss: 4.8625 (MSE) - test_loss: 4.4123 (MSE)
[Epoch 1/1] loss: 4.6740 (MSE) - test_loss: 4.4508 (MSE)
[Epoch 1/1] loss: 4.5714 (MSE) - test_loss: 4.4154 (MSE)
[Epoch 1/1] loss: 4.6264 (MSE) - test_loss: 4.4770 (MSE)
[Epoch 1/1] loss: 4.5755 (MSE) - test_loss: 4.4499 (MSE)
[Epoch 1/1] loss: 4.6848 (MSE) - test_loss: 4.4441 (MSE)
[Epoch 1/1] loss: 4.7079 (MSE) - test_loss: 4.4319 (MSE)
[Epoch 1/1] loss: 4.8397 (MSE) - test_loss: 4.4597 (MSE)
[Epoch 1/1] loss: 4.5836 (MSE) - test_loss: 4.5285 (MSE)
[Epoch 1/1] loss: 4.6026 (MSE) - test_loss: 4.4627 (MSE)
[Epoch 1/1] loss: 4.6226 (MSE) - test_loss: 4.4588 (MSE)
[Epoch 1/1] loss: 4.5919 (MSE) - test_loss: 4.5558 (MSE)
[Epoch 1/1] loss: 4.8292 (MSE) - test_loss: 4.4782 (MSE)
[Epoch 1/1] loss: 4.7055 (MSE) - test_loss: 4.4341 (MSE)
[Epoch 1/1] loss: 4.6363 (MSE) - test_loss: 4.4345 (MSE)
[Epoch 1/1] loss: 4.6178 (MSE) - test_loss: 4.4665 (MSE)
[Epoch 1/1] loss: 4.7629 (MSE) - test_loss: 4.4331 (MSE)
[Epoch 1/1] loss: 4.9102 (MSE) - test_loss: 4.4827 (MSE)
[Epoch 1/1] loss: 4.8951 (MSE) - test_loss: 4.4875 (MSE)
[Epoch 1/1] loss: 4.6779 (MSE) - test_loss: 4.4689 (MSE)
[Epoch 1/1] loss: 4.8616 (MSE) - test_loss: 4.4043 (MSE)
[Epoch 1/1] loss: 4.7255 (MSE) - test_loss: 4.4284 (MSE)
[Epoch 1/1] loss: 4.6776 (MSE) - test_loss: 4.4466 (MSE)
[Epoch 1/1] loss: 4.8423 (MSE) - test_loss: 4.4508 (MSE)
[Epoch 1/1] loss: 4.6324 (MSE) - test_loss: 4.5496 (MSE)
[Epoch 1/1] loss: 4.6437 (MSE) - test_loss: 4.4597 (MSE)
[Epoch 1/1] loss: 4.6344 (MSE) - test_loss: 4.5095 (MSE)
[Epoch 1/1] loss: 5.5062 (MSE) - test_loss: 4.5721 (MSE)
[Epoch 1/1] loss: 4.8458 (MSE) - test_loss: 4.4209 (MSE)
[Epoch 1/1] loss: 5.0145 (MSE) - test_loss: 4.5034 (MSE)
[Epoch 1/1] loss: 5.0567 (MSE) - test_loss: 4.4564 (MSE)
[Epoch 1/1] loss: 4.7293 (MSE) - test_loss: 4.5667 (MSE)
[Epoch 1/1] loss: 4.8589 (MSE) - test_loss: 4.4564 (MSE)
[Epoch 1/1] loss: 5.0247 (MSE) - test_loss: 4.5157 (MSE)
[Epoch 1/1] loss: 4.6589 (MSE) - test_loss: 4.4655 (MSE)
[Epoch 1/1] loss: 4.6082 (MSE) - test_loss: 4.5200 (MSE)
[Epoch 1/1] loss: 4.7785 (MSE) - test_loss: 4.4577 (MSE)
[Epoch 1/1] loss: 4.6645 (MSE) - test_loss: 4.4786 (MSE)
[Epoch 1/1] loss: 4.7254 (MSE) - test_loss: 4.4613 (MSE)
[Epoch 1/1] loss: 4.6466 (MSE) - test_loss: 4.4082 (MSE)
[Epoch 1/1] loss: 4.7405 (MSE) - test_loss: 4.4962 (MSE)
[Epoch 1/1] loss: 4.5399 (MSE) - test_loss: 4.5116 (MSE)
[Epoch 1/1] loss: 4.6886 (MSE) - test_loss: 4.5109 (MSE)
[Epoch 1/1] loss: 4.6842 (MSE) - test_loss: 4.5035 (MSE)
[Epoch 1/1] loss: 4.7701 (MSE) - test_loss: 4.4668 (MSE)
[Epoch 1/1] loss: 4.7667 (MSE) - test_loss: 4.4826 (MSE)
[Epoch 1/1] loss: 5.0403 (MSE) - test_loss: 4.5048 (MSE)
[Epoch 1/1] loss: 4.5183 (MSE) - test_loss: 4.6308 (MSE)
[Epoch 1/1] loss: 4.6658 (MSE) - test_loss: 4.4732 (MSE)
[Epoch 1/1] loss: 4.6180 (MSE) - test_loss: 4.4652 (MSE)
[Epoch 1/1] loss: 4.6372 (MSE) - test_loss: 4.4150 (MSE)
[Epoch 1/1] loss: 4.6420 (MSE) - test_loss: 4.4823 (MSE)
[Epoch 1/1] loss: 4.6497 (MSE) - test_loss: 4.4867 (MSE)
[Epoch 1/1] loss: 4.5614 (MSE) - test_loss: 4.3849 (MSE)
[Epoch 1/1] loss: 4.5900 (MSE) - test_loss: 4.4137 (MSE)
[Epoch 1/1] loss: 4.6108 (MSE) - test_loss: 4.5621 (MSE)
[Epoch 1/1] loss: 4.6364 (MSE) - test_loss: 4.4805 (MSE)
[Epoch 1/1] loss: 4.6557 (MSE) - test_loss: 4.5243 (MSE)
[Epoch 1/1] loss: 4.6264 (MSE) - test_loss: 4.4330 (MSE)
[Epoch 1/1] loss: 4.6195 (MSE) - test_loss: 4.4817 (MSE)
[Epoch 1/1] loss: 4.7010 (MSE) - test_loss: 4.4569 (MSE)
[Epoch 1/1] loss: 4.6170 (MSE) - test_loss: 4.4281 (MSE)
[Epoch 1/1] loss: 4.5876 (MSE) - test_loss: 4.5233 (MSE)
[Epoch 1/1] loss: 4.7271 (MSE) - test_loss: 4.5397 (MSE)
[Epoch 1/1] loss: 4.6876 (MSE) - test_loss: 4.4408 (MSE)
[Epoch 1/1] loss: 4.5884 (MSE) - test_loss: 4.5931 (MSE)
[Epoch 1/1] loss: 4.6039 (MSE) - test_loss: 4.4962 (MSE)
[Epoch 1/1] loss: 4.7332 (MSE) - test_loss: 4.4383 (MSE)
[Epoch 1/1] loss: 4.6672 (MSE) - test_loss: 4.4101 (MSE)
[Epoch 1/1] loss: 4.6845 (MSE) - test_loss: 4.3980 (MSE)
[Epoch 1/1] loss: 4.6357 (MSE) - test_loss: 4.4777 (MSE)
[Epoch 1/1] loss: 4.6999 (MSE) - test_loss: 4.4328 (MSE)
[Epoch 1/1] loss: 4.5753 (MSE) - test_loss: 4.4096 (MSE)
[Epoch 1/1] loss: 4.5636 (MSE) - test_loss: 4.4679 (MSE)
[Epoch 1/1] loss: 4.5837 (MSE) - test_loss: 4.4499 (MSE)
[Epoch 1/1] loss: 4.6841 (MSE) - test_loss: 4.4733 (MSE)
[Epoch 1/1] loss: 4.5539 (MSE) - test_loss: 4.4430 (MSE)
[Epoch 1/1] loss: 4.6228 (MSE) - test_loss: 4.5040 (MSE)
[Epoch 1/1] loss: 4.5701 (MSE) - test_loss: 4.4180 (MSE)
[Epoch 1/1] loss: 4.6467 (MSE) - test_loss: 4.3968 (MSE)
[Epoch 1/1] loss: 4.6332 (MSE) - test_loss: 4.4032 (MSE)
[Epoch 1/1] loss: 4.6773 (MSE) - test_loss: 4.4343 (MSE)
[Epoch 1/1] loss: 4.6376 (MSE) - test_loss: 4.5012 (MSE)
[Epoch 1/1] loss: 4.7048 (MSE) - test_loss: 4.5327 (MSE)
[Epoch 1/1] loss: 4.6942 (MSE) - test_loss: 4.5039 (MSE)
[Epoch 1/1] loss: 6.0320 (MSE) - test_loss: 4.9614 (MSE)
[Epoch 1/1] loss: 4.5855 (MSE) - test_loss: 4.6849 (MSE)
[Epoch 1/1] loss: 4.6145 (MSE) - test_loss: 4.4266 (MSE)
[Epoch 1/1] loss: 4.5977 (MSE) - test_loss: 4.4130 (MSE)
[Epoch 1/1] loss: 4.6000 (MSE) - test_loss: 4.4759 (MSE)
[Epoch 1/1] loss: 4.6787 (MSE) - test_loss: 4.4470 (MSE)
[Epoch 1/1] loss: 4.5689 (MSE) - test_loss: 4.5290 (MSE)
[Epoch 1/1] loss: 4.6476 (MSE) - test_loss: 4.4421 (MSE)
[Epoch 1/1] loss: 4.5970 (MSE) - test_loss: 4.4236 (MSE)
[Epoch 1/1] loss: 4.5494 (MSE) - test_loss: 4.6535 (MSE)
[Epoch 1/1] loss: 4.6810 (MSE) - test_loss: 4.4438 (MSE)
[Epoch 1/1] loss: 4.6698 (MSE) - test_loss: 4.4907 (MSE)
[Epoch 1/1] loss: 4.7224 (MSE) - test_loss: 4.4223 (MSE)
[Epoch 1/1] loss: 4.7210 (MSE) - test_loss: 4.5134 (MSE)
[Epoch 1/1] loss: 4.5932 (MSE) - test_loss: 4.4060 (MSE)
[Epoch 1/1] loss: 4.5970 (MSE) - test_loss: 4.5102 (MSE)
[Epoch 1/1] loss: 4.6929 (MSE) - test_loss: 4.4586 (MSE)
[Epoch 1/1] loss: 4.5586 (MSE) - test_loss: 4.3554 (MSE)
[Epoch 1/1] loss: 4.7123 (MSE) - test_loss: 4.4233 (MSE)
[Epoch 1/1] loss: 4.7212 (MSE) - test_loss: 4.3911 (MSE)
[Epoch 1/1] loss: 4.6530 (MSE) - test_loss: 4.4058 (MSE)
[Epoch 1/1] loss: 4.6784 (MSE) - test_loss: 4.3940 (MSE)
[Epoch 1/1] loss: 4.7461 (MSE) - test_loss: 4.4607 (MSE)
[Epoch 1/1] loss: 4.8551 (MSE) - test_loss: 4.4660 (MSE)
[Epoch 1/1] loss: 4.8720 (MSE) - test_loss: 4.4900 (MSE)
[Epoch 1/1] loss: 4.7342 (MSE) - test_loss: 4.4789 (MSE)
[Epoch 1/1] loss: 4.6998 (MSE) - test_loss: 4.3975 (MSE)
[Epoch 1/1] loss: 4.6612 (MSE) - test_loss: 4.4753 (MSE)
[Epoch 1/1] loss: 4.6564 (MSE) - test_loss: 4.5702 (MSE)
[Epoch 1/1] loss: 4.7994 (MSE) - test_loss: 4.5082 (MSE)
[Epoch 1/1] loss: 4.6320 (MSE) - test_loss: 4.3645 (MSE)
[Epoch 1/1] loss: 4.6783 (MSE) - test_loss: 4.4779 (MSE)
[Epoch 1/1] loss: 4.6535 (MSE) - test_loss: 4.4563 (MSE)
[Epoch 1/1] loss: 4.6697 (MSE) - test_loss: 4.4414 (MSE)
[Epoch 1/1] loss: 4.6860 (MSE) - test_loss: 4.3809 (MSE)
[Epoch 1/1] loss: 4.7616 (MSE) - test_loss: 4.5173 (MSE)
[Epoch 1/1] loss: 4.7583 (MSE) - test_loss: 4.4311 (MSE)
[Epoch 1/1] loss: 5.0105 (MSE) - test_loss: 4.4603 (MSE)
[Epoch 1/1] loss: 4.6589 (MSE) - test_loss: 4.4341 (MSE)
[Epoch 1/1] loss: 4.5873 (MSE) - test_loss: 4.4916 (MSE)
[Epoch 1/1] loss: 4.6715 (MSE) - test_loss: 4.3899 (MSE)
[Epoch 1/1] loss: 4.7438 (MSE) - test_loss: 4.5169 (MSE)
[Epoch 1/1] loss: 4.7073 (MSE) - test_loss: 4.5099 (MSE)
[Epoch 1/1] loss: 4.6044 (MSE) - test_loss: 4.3782 (MSE)
[Epoch 1/1] loss: 4.6896 (MSE) - test_loss: 4.4440 (MSE)
[Epoch 1/1] loss: 4.6646 (MSE) - test_loss: 4.4214 (MSE)
[Epoch 1/1] loss: 4.6778 (MSE) - test_loss: 4.3977 (MSE)
[Epoch 1/1] loss: 4.6988 (MSE) - test_loss: 4.4383 (MSE)
[Epoch 1/1] loss: 4.6887 (MSE) - test_loss: 4.5217 (MSE)
[Epoch 1/1] loss: 4.7103 (MSE) - test_loss: 4.4486 (MSE)
[Epoch 1/1] loss: 4.6843 (MSE) - test_loss: 4.4855 (MSE)
[Epoch 1/1] loss: 4.7150 (MSE) - test_loss: 4.4037 (MSE)
[Epoch 1/1] loss: 4.7051 (MSE) - test_loss: 4.4078 (MSE)
[Epoch 1/1] loss: 4.6420 (MSE) - test_loss: 4.4846 (MSE)
[Epoch 1/1] loss: 4.7642 (MSE) - test_loss: 4.4557 (MSE)
[Epoch 1/1] loss: 4.7960 (MSE) - test_loss: 4.4571 (MSE)
[Epoch 1/1] loss: 4.7918 (MSE) - test_loss: 4.4571 (MSE)
[Epoch 1/1] loss: 4.6963 (MSE) - test_loss: 4.4220 (MSE)
[Epoch 1/1] loss: 4.6959 (MSE) - test_loss: 4.4737 (MSE)
[Epoch 1/1] loss: 4.7161 (MSE) - test_loss: 4.4409 (MSE)
[Epoch 1/1] loss: 4.6617 (MSE) - test_loss: 4.4872 (MSE)
[Epoch 1/1] loss: 4.6241 (MSE) - test_loss: 4.4332 (MSE)
[Epoch 1/1] loss: 4.6038 (MSE) - test_loss: 4.4326 (MSE)
[Epoch 1/1] loss: 4.7444 (MSE) - test_loss: 4.4361 (MSE)
[Epoch 1/1] loss: 4.7556 (MSE) - test_loss: 4.4208 (MSE)
[Epoch 1/1] loss: 4.6703 (MSE) - test_loss: 4.4011 (MSE)
[Epoch 1/1] loss: 4.6402 (MSE) - test_loss: 4.4349 (MSE)
[Epoch 1/1] loss: 4.6312 (MSE) - test_loss: 4.4702 (MSE)
[Epoch 1/1] loss: 4.7189 (MSE) - test_loss: 4.4268 (MSE)
[Epoch 1/1] loss: 4.6786 (MSE) - test_loss: 4.5491 (MSE)
[Epoch 1/1] loss: 4.6223 (MSE) - test_loss: 4.4445 (MSE)
[Epoch 1/1] loss: 4.6321 (MSE) - test_loss: 4.4988 (MSE)
[Epoch 1/1] loss: 4.6352 (MSE) - test_loss: 4.5200 (MSE)
[Epoch 1/1] loss: 4.5736 (MSE) - test_loss: 4.4307 (MSE)
[Epoch 1/1] loss: 4.7852 (MSE) - test_loss: 4.4576 (MSE)
[Epoch 1/1] loss: 4.6994 (MSE) - test_loss: 4.4663 (MSE)
[Epoch 1/1] loss: 4.6385 (MSE) - test_loss: 4.6165 (MSE)
[Epoch 1/1] loss: 4.9357 (MSE) - test_loss: 4.4931 (MSE)
[Epoch 1/1] loss: 4.6689 (MSE) - test_loss: 4.4193 (MSE)
[Epoch 1/1] loss: 4.6913 (MSE) - test_loss: 4.4362 (MSE)
[Epoch 1/1] loss: 4.5775 (MSE) - test_loss: 4.5259 (MSE)
[Epoch 1/1] loss: 4.6475 (MSE) - test_loss: 4.5417 (MSE)
[Epoch 1/1] loss: 4.6598 (MSE) - test_loss: 4.4817 (MSE)
[Epoch 1/1] loss: 4.6314 (MSE) - test_loss: 4.4422 (MSE)
[Epoch 1/1] loss: 5.7880 (MSE) - test_loss: 4.6801 (MSE)
[Epoch 1/1] loss: 4.7092 (MSE) - test_loss: 4.4534 (MSE)
[Epoch 1/1] loss: 4.7798 (MSE) - test_loss: 4.4439 (MSE)
[Epoch 1/1] loss: 4.6109 (MSE) - test_loss: 4.4612 (MSE)
[Epoch 1/1] loss: 4.7695 (MSE) - test_loss: 4.4311 (MSE)
[Epoch 1/1] loss: 4.6644 (MSE) - test_loss: 4.4711 (MSE)
[Epoch 1/1] loss: 4.8196 (MSE) - test_loss: 4.4324 (MSE)
[Epoch 1/1] loss: 4.7377 (MSE) - test_loss: 4.4664 (MSE)
[Epoch 1/1] loss: 4.6840 (MSE) - test_loss: 4.4504 (MSE)
[Epoch 1/1] loss: 4.7641 (MSE) - test_loss: 4.4025 (MSE)
[Epoch 1/1] loss: 4.8215 (MSE) - test_loss: 4.5141 (MSE)
[Epoch 1/1] loss: 4.7900 (MSE) - test_loss: 4.4862 (MSE)
[Epoch 1/1] loss: 4.7232 (MSE) - test_loss: 4.5249 (MSE)
[Epoch 1/1] loss: 4.6896 (MSE) - test_loss: 4.4859 (MSE)
[Epoch 1/1] loss: 4.7392 (MSE) - test_loss: 4.4789 (MSE)
[Epoch 1/1] loss: 4.6119 (MSE) - test_loss: 4.3759 (MSE)
[Epoch 1/1] loss: 4.5970 (MSE) - test_loss: 4.3849 (MSE)
[Epoch 1/1] loss: 4.6371 (MSE) - test_loss: 4.4598 (MSE)
[Epoch 1/1] loss: 4.7131 (MSE) - test_loss: 4.4315 (MSE)
[Epoch 1/1] loss: 4.7131 (MSE) - test_loss: 4.4119 (MSE)
[Epoch 1/1] loss: 4.6056 (MSE) - test_loss: 4.5449 (MSE)
[Epoch 1/1] loss: 4.7479 (MSE) - test_loss: 4.4884 (MSE)
[Epoch 1/1] loss: 4.6201 (MSE) - test_loss: 4.4273 (MSE)
[Epoch 1/1] loss: 4.6827 (MSE) - test_loss: 4.5171 (MSE)
[Epoch 1/1] loss: 4.7029 (MSE) - test_loss: 4.4746 (MSE)
[Epoch 1/1] loss: 4.7561 (MSE) - test_loss: 4.4526 (MSE)
[Epoch 1/1] loss: 4.6361 (MSE) - test_loss: 4.4222 (MSE)
[Epoch 1/1] loss: 4.6950 (MSE) - test_loss: 4.4903 (MSE)
[Epoch 1/1] loss: 4.7639 (MSE) - test_loss: 4.4837 (MSE)
[Epoch 1/1] loss: 4.6632 (MSE) - test_loss: 4.4997 (MSE)
[Epoch 1/1] loss: 4.6770 (MSE) - test_loss: 4.4163 (MSE)
[Epoch 1/1] loss: 4.6526 (MSE) - test_loss: 4.4997 (MSE)
[Epoch 1/1] loss: 4.6601 (MSE) - test_loss: 4.5841 (MSE)
[Epoch 1/1] loss: 4.6466 (MSE) - test_loss: 4.4365 (MSE)
[Epoch 1/1] loss: 4.7096 (MSE) - test_loss: 4.3982 (MSE)
[Epoch 1/1] loss: 4.6338 (MSE) - test_loss: 4.4551 (MSE)
[Epoch 1/1] loss: 4.6345 (MSE) - test_loss: 4.4287 (MSE)
[Epoch 1/1] loss: 4.6572 (MSE) - test_loss: 4.4624 (MSE)
[Epoch 1/1] loss: 4.7108 (MSE) - test_loss: 4.4381 (MSE)
[Epoch 1/1] loss: 4.7094 (MSE) - test_loss: 4.4340 (MSE)
[Epoch 1/1] loss: 4.6872 (MSE) - test_loss: 4.4212 (MSE)
[Epoch 1/1] loss: 4.6248 (MSE) - test_loss: 4.4716 (MSE)
[Epoch 1/1] loss: 4.6641 (MSE) - test_loss: 4.4522 (MSE)
[Epoch 1/1] loss: 4.6959 (MSE) - test_loss: 4.5064 (MSE)
[Epoch 1/1] loss: 4.7460 (MSE) - test_loss: 4.4521 (MSE)
[Epoch 1/1] loss: 4.6240 (MSE) - test_loss: 4.4510 (MSE)
[Epoch 1/1] loss: 4.6552 (MSE) - test_loss: 4.4161 (MSE)
[Epoch 1/1] loss: 4.6228 (MSE) - test_loss: 4.4200 (MSE)
[Epoch 1/1] loss: 4.5823 (MSE) - test_loss: 4.4796 (MSE)
[Epoch 1/1] loss: 4.7192 (MSE) - test_loss: 4.4217 (MSE)
[Epoch 1/1] loss: 4.6956 (MSE) - test_loss: 4.4083 (MSE)
[Epoch 1/1] loss: 4.6583 (MSE) - test_loss: 4.4494 (MSE)
[Epoch 1/1] loss: 7.0339 (MSE) - test_loss: 5.4493 (MSE)
[Epoch 1/1] loss: 4.7146 (MSE) - test_loss: 4.4098 (MSE)
[Epoch 1/1] loss: 4.6171 (MSE) - test_loss: 4.4037 (MSE)
[Epoch 1/1] loss: 4.7483 (MSE) - test_loss: 4.4335 (MSE)
[Epoch 1/1] loss: 4.5804 (MSE) - test_loss: 4.5116 (MSE)
[Epoch 1/1] loss: 4.9772 (MSE) - test_loss: 4.5060 (MSE)
[Epoch 1/1] loss: 4.6381 (MSE) - test_loss: 4.4640 (MSE)
[Epoch 1/1] loss: 4.5867 (MSE) - test_loss: 4.4739 (MSE)
[Epoch 1/1] loss: 4.6018 (MSE) - test_loss: 4.4855 (MSE)
[Epoch 1/1] loss: 4.6304 (MSE) - test_loss: 4.3987 (MSE)
[Epoch 1/1] loss: 4.6080 (MSE) - test_loss: 4.4991 (MSE)
[Epoch 1/1] loss: 4.6610 (MSE) - test_loss: 4.3763 (MSE)
[Epoch 1/1] loss: 4.5994 (MSE) - test_loss: 4.6101 (MSE)
[Epoch 1/1] loss: 4.5787 (MSE) - test_loss: 4.4275 (MSE)
[Epoch 1/1] loss: 4.6607 (MSE) - test_loss: 4.4192 (MSE)
[Epoch 1/1] loss: 4.7300 (MSE) - test_loss: 4.5052 (MSE)
[Epoch 1/1] loss: 4.6949 (MSE) - test_loss: 4.3986 (MSE)
[Epoch 1/1] loss: 4.7030 (MSE) - test_loss: 4.4188 (MSE)
[Epoch 1/1] loss: 4.6663 (MSE) - test_loss: 4.4410 (MSE)
[Epoch 1/1] loss: 4.7005 (MSE) - test_loss: 4.4826 (MSE)
[Epoch 1/1] loss: 4.8246 (MSE) - test_loss: 4.4380 (MSE)
[Epoch 1/1] loss: 4.6012 (MSE) - test_loss: 4.5988 (MSE)
[Epoch 1/1] loss: 4.6472 (MSE) - test_loss: 4.4854 (MSE)
[Epoch 1/1] loss: 4.6808 (MSE) - test_loss: 4.4152 (MSE)
[Epoch 1/1] loss: 4.7006 (MSE) - test_loss: 4.4742 (MSE)
--- 20340.967915058136 seconds ---
