[32m[I 2022-06-22 19:18:57,403][0m A new study created in memory with name: no-name-281f0553-89ad-4fde-ba51-3850a05e9b99[0m
/home/erussek/.conda/envs/pDL/lib/python3.8/site-packages/optuna/distributions.py:560: UserWarning: The distribution is specified by [2, 200] and step=5, but the range is not divisible by `step`. It will be replaced by [2, 197].
  warnings.warn(
[32m[I 2022-06-22 19:21:12,109][0m Trial 0 finished with value: 5.031781962029302 and parameters: {'hidden_size': 192, 'lr': 0.0009701952576133487}. Best is trial 0 with value: 5.031781962029302.[0m
/home/erussek/.conda/envs/pDL/lib/python3.8/site-packages/optuna/distributions.py:560: UserWarning: The distribution is specified by [2, 200] and step=5, but the range is not divisible by `step`. It will be replaced by [2, 197].
  warnings.warn(
[32m[I 2022-06-22 19:23:05,405][0m Trial 1 finished with value: 5.095003155221097 and parameters: {'hidden_size': 92, 'lr': 0.00022334498245959309}. Best is trial 0 with value: 5.031781962029302.[0m
/home/erussek/.conda/envs/pDL/lib/python3.8/site-packages/optuna/distributions.py:560: UserWarning: The distribution is specified by [2, 200] and step=5, but the range is not divisible by `step`. It will be replaced by [2, 197].
  warnings.warn(
[32m[I 2022-06-22 19:24:59,770][0m Trial 2 finished with value: 4.98767579593976 and parameters: {'hidden_size': 97, 'lr': 0.0020474347732184926}. Best is trial 2 with value: 4.98767579593976.[0m
/home/erussek/.conda/envs/pDL/lib/python3.8/site-packages/optuna/distributions.py:560: UserWarning: The distribution is specified by [2, 200] and step=5, but the range is not divisible by `step`. It will be replaced by [2, 197].
  warnings.warn(
[32m[I 2022-06-22 19:26:53,090][0m Trial 3 finished with value: 5.082475811433853 and parameters: {'hidden_size': 92, 'lr': 0.0002841825250162934}. Best is trial 2 with value: 4.98767579593976.[0m
/home/erussek/.conda/envs/pDL/lib/python3.8/site-packages/optuna/distributions.py:560: UserWarning: The distribution is specified by [2, 200] and step=5, but the range is not divisible by `step`. It will be replaced by [2, 197].
  warnings.warn(
[32m[I 2022-06-22 19:28:55,059][0m Trial 4 finished with value: 5.067934071895561 and parameters: {'hidden_size': 147, 'lr': 0.00030235458253490563}. Best is trial 2 with value: 4.98767579593976.[0m
/home/erussek/.conda/envs/pDL/lib/python3.8/site-packages/optuna/distributions.py:560: UserWarning: The distribution is specified by [2, 200] and step=5, but the range is not divisible by `step`. It will be replaced by [2, 197].
  warnings.warn(
[32m[I 2022-06-22 19:30:59,096][0m Trial 5 finished with value: 5.04810312363616 and parameters: {'hidden_size': 187, 'lr': 0.0007922177343305686}. Best is trial 2 with value: 4.98767579593976.[0m
/home/erussek/.conda/envs/pDL/lib/python3.8/site-packages/optuna/distributions.py:560: UserWarning: The distribution is specified by [2, 200] and step=5, but the range is not divisible by `step`. It will be replaced by [2, 197].
  warnings.warn(
[32m[I 2022-06-22 19:33:03,633][0m Trial 6 finished with value: 5.031231761856359 and parameters: {'hidden_size': 197, 'lr': 0.0007209141129247569}. Best is trial 2 with value: 4.98767579593976.[0m
/home/erussek/.conda/envs/pDL/lib/python3.8/site-packages/optuna/distributions.py:560: UserWarning: The distribution is specified by [2, 200] and step=5, but the range is not divisible by `step`. It will be replaced by [2, 197].
  warnings.warn(
[32m[I 2022-06-22 19:35:04,751][0m Trial 7 finished with value: 5.039214550189569 and parameters: {'hidden_size': 137, 'lr': 0.0059338581505470195}. Best is trial 2 with value: 4.98767579593976.[0m
/home/erussek/.conda/envs/pDL/lib/python3.8/site-packages/optuna/distributions.py:560: UserWarning: The distribution is specified by [2, 200] and step=5, but the range is not divisible by `step`. It will be replaced by [2, 197].
  warnings.warn(
[32m[I 2022-06-22 19:36:57,973][0m Trial 8 finished with value: 5.012091927392534 and parameters: {'hidden_size': 92, 'lr': 0.0012014746258611174}. Best is trial 2 with value: 4.98767579593976.[0m
/home/erussek/.conda/envs/pDL/lib/python3.8/site-packages/optuna/distributions.py:560: UserWarning: The distribution is specified by [2, 200] and step=5, but the range is not divisible by `step`. It will be replaced by [2, 197].
  warnings.warn(
[32m[I 2022-06-22 19:38:52,092][0m Trial 9 finished with value: 5.135788204613477 and parameters: {'hidden_size': 72, 'lr': 0.00022921376398241577}. Best is trial 2 with value: 4.98767579593976.[0m
/home/erussek/.conda/envs/pDL/lib/python3.8/site-packages/optuna/distributions.py:560: UserWarning: The distribution is specified by [2, 200] and step=5, but the range is not divisible by `step`. It will be replaced by [2, 197].
  warnings.warn(
[32m[I 2022-06-22 19:40:44,961][0m Trial 10 finished with value: 5.171900945077632 and parameters: {'hidden_size': 2, 'lr': 0.005134312586995304}. Best is trial 2 with value: 4.98767579593976.[0m
/home/erussek/.conda/envs/pDL/lib/python3.8/site-packages/optuna/distributions.py:560: UserWarning: The distribution is specified by [2, 200] and step=5, but the range is not divisible by `step`. It will be replaced by [2, 197].
  warnings.warn(
[32m[I 2022-06-22 19:42:38,607][0m Trial 11 finished with value: 5.0339916188188765 and parameters: {'hidden_size': 47, 'lr': 0.0026743999031662575}. Best is trial 2 with value: 4.98767579593976.[0m
/home/erussek/.conda/envs/pDL/lib/python3.8/site-packages/optuna/distributions.py:560: UserWarning: The distribution is specified by [2, 200] and step=5, but the range is not divisible by `step`. It will be replaced by [2, 197].
  warnings.warn(
[32m[I 2022-06-22 19:44:34,621][0m Trial 12 finished with value: 4.983880966443869 and parameters: {'hidden_size': 122, 'lr': 0.002197679185112924}. Best is trial 12 with value: 4.983880966443869.[0m
/home/erussek/.conda/envs/pDL/lib/python3.8/site-packages/optuna/distributions.py:560: UserWarning: The distribution is specified by [2, 200] and step=5, but the range is not divisible by `step`. It will be replaced by [2, 197].
  warnings.warn(
[32m[I 2022-06-22 19:46:34,689][0m Trial 13 finished with value: 4.999745343657981 and parameters: {'hidden_size': 132, 'lr': 0.002218977211973949}. Best is trial 12 with value: 4.983880966443869.[0m
/home/erussek/.conda/envs/pDL/lib/python3.8/site-packages/optuna/distributions.py:560: UserWarning: The distribution is specified by [2, 200] and step=5, but the range is not divisible by `step`. It will be replaced by [2, 197].
  warnings.warn(
[32m[I 2022-06-22 19:48:26,313][0m Trial 14 finished with value: 5.005958155236384 and parameters: {'hidden_size': 52, 'lr': 0.002659825692519054}. Best is trial 12 with value: 4.983880966443869.[0m
/home/erussek/.conda/envs/pDL/lib/python3.8/site-packages/optuna/distributions.py:560: UserWarning: The distribution is specified by [2, 200] and step=5, but the range is not divisible by `step`. It will be replaced by [2, 197].
  warnings.warn(
[32m[I 2022-06-22 19:50:22,201][0m Trial 15 finished with value: 5.017122901279704 and parameters: {'hidden_size': 122, 'lr': 0.008116534665939921}. Best is trial 12 with value: 4.983880966443869.[0m
/home/erussek/.conda/envs/pDL/lib/python3.8/site-packages/optuna/distributions.py:560: UserWarning: The distribution is specified by [2, 200] and step=5, but the range is not divisible by `step`. It will be replaced by [2, 197].
  warnings.warn(
[32m[I 2022-06-22 19:52:22,277][0m Trial 16 finished with value: 5.012182048127226 and parameters: {'hidden_size': 152, 'lr': 0.0018480471258421234}. Best is trial 12 with value: 4.983880966443869.[0m
/home/erussek/.conda/envs/pDL/lib/python3.8/site-packages/optuna/distributions.py:560: UserWarning: The distribution is specified by [2, 200] and step=5, but the range is not divisible by `step`. It will be replaced by [2, 197].
  warnings.warn(
[32m[I 2022-06-22 19:54:18,466][0m Trial 17 finished with value: 5.140607106242991 and parameters: {'hidden_size': 117, 'lr': 0.00012057947663424264}. Best is trial 12 with value: 4.983880966443869.[0m
/home/erussek/.conda/envs/pDL/lib/python3.8/site-packages/optuna/distributions.py:560: UserWarning: The distribution is specified by [2, 200] and step=5, but the range is not divisible by `step`. It will be replaced by [2, 197].
  warnings.warn(
[32m[I 2022-06-22 19:56:21,072][0m Trial 18 finished with value: 4.993790578559785 and parameters: {'hidden_size': 167, 'lr': 0.00453607543420681}. Best is trial 12 with value: 4.983880966443869.[0m
/home/erussek/.conda/envs/pDL/lib/python3.8/site-packages/optuna/distributions.py:560: UserWarning: The distribution is specified by [2, 200] and step=5, but the range is not divisible by `step`. It will be replaced by [2, 197].
  warnings.warn(
[32m[I 2022-06-22 19:58:14,529][0m Trial 19 finished with value: 5.071481461790551 and parameters: {'hidden_size': 62, 'lr': 0.0005204725908073729}. Best is trial 12 with value: 4.983880966443869.[0m
/home/erussek/.conda/envs/pDL/lib/python3.8/site-packages/optuna/distributions.py:560: UserWarning: The distribution is specified by [2, 200] and step=5, but the range is not divisible by `step`. It will be replaced by [2, 197].
  warnings.warn(
[32m[I 2022-06-22 20:00:12,121][0m Trial 20 finished with value: 5.001105985285836 and parameters: {'hidden_size': 112, 'lr': 0.0013491736249688735}. Best is trial 12 with value: 4.983880966443869.[0m
/home/erussek/.conda/envs/pDL/lib/python3.8/site-packages/optuna/distributions.py:560: UserWarning: The distribution is specified by [2, 200] and step=5, but the range is not divisible by `step`. It will be replaced by [2, 197].
  warnings.warn(
[32m[I 2022-06-22 20:02:14,596][0m Trial 21 finished with value: 5.006824526225101 and parameters: {'hidden_size': 167, 'lr': 0.004106575630004762}. Best is trial 12 with value: 4.983880966443869.[0m
/home/erussek/.conda/envs/pDL/lib/python3.8/site-packages/optuna/distributions.py:560: UserWarning: The distribution is specified by [2, 200] and step=5, but the range is not divisible by `step`. It will be replaced by [2, 197].
  warnings.warn(
[32m[I 2022-06-22 20:04:15,188][0m Trial 22 finished with value: 5.068110723043679 and parameters: {'hidden_size': 172, 'lr': 0.009794779527781837}. Best is trial 12 with value: 4.983880966443869.[0m
/home/erussek/.conda/envs/pDL/lib/python3.8/site-packages/optuna/distributions.py:560: UserWarning: The distribution is specified by [2, 200] and step=5, but the range is not divisible by `step`. It will be replaced by [2, 197].
  warnings.warn(
[32m[I 2022-06-22 20:06:18,086][0m Trial 23 finished with value: 5.031555085649258 and parameters: {'hidden_size': 162, 'lr': 0.0040921801655457385}. Best is trial 12 with value: 4.983880966443869.[0m
/home/erussek/.conda/envs/pDL/lib/python3.8/site-packages/optuna/distributions.py:560: UserWarning: The distribution is specified by [2, 200] and step=5, but the range is not divisible by `step`. It will be replaced by [2, 197].
  warnings.warn(
[32m[I 2022-06-22 20:08:11,927][0m Trial 24 finished with value: 4.998817368750383 and parameters: {'hidden_size': 77, 'lr': 0.0033183289150565554}. Best is trial 12 with value: 4.983880966443869.[0m
/home/erussek/.conda/envs/pDL/lib/python3.8/site-packages/optuna/distributions.py:560: UserWarning: The distribution is specified by [2, 200] and step=5, but the range is not divisible by `step`. It will be replaced by [2, 197].
  warnings.warn(
[32m[I 2022-06-22 20:10:04,182][0m Trial 25 finished with value: 5.057545066643006 and parameters: {'hidden_size': 22, 'lr': 0.0014858258930727497}. Best is trial 12 with value: 4.983880966443869.[0m
/home/erussek/.conda/envs/pDL/lib/python3.8/site-packages/optuna/distributions.py:560: UserWarning: The distribution is specified by [2, 200] and step=5, but the range is not divisible by `step`. It will be replaced by [2, 197].
  warnings.warn(
[32m[I 2022-06-22 20:11:59,994][0m Trial 26 finished with value: 4.984956830243906 and parameters: {'hidden_size': 107, 'lr': 0.0017743356057987616}. Best is trial 12 with value: 4.983880966443869.[0m
/home/erussek/.conda/envs/pDL/lib/python3.8/site-packages/optuna/distributions.py:560: UserWarning: The distribution is specified by [2, 200] and step=5, but the range is not divisible by `step`. It will be replaced by [2, 197].
  warnings.warn(
[32m[I 2022-06-22 20:13:55,855][0m Trial 27 finished with value: 4.991093221837213 and parameters: {'hidden_size': 107, 'lr': 0.0018129471371190566}. Best is trial 12 with value: 4.983880966443869.[0m
/home/erussek/.conda/envs/pDL/lib/python3.8/site-packages/optuna/distributions.py:560: UserWarning: The distribution is specified by [2, 200] and step=5, but the range is not divisible by `step`. It will be replaced by [2, 197].
  warnings.warn(
[32m[I 2022-06-22 20:15:51,909][0m Trial 28 finished with value: 5.046117077830812 and parameters: {'hidden_size': 127, 'lr': 0.0006459206545329359}. Best is trial 12 with value: 4.983880966443869.[0m
/home/erussek/.conda/envs/pDL/lib/python3.8/site-packages/optuna/distributions.py:560: UserWarning: The distribution is specified by [2, 200] and step=5, but the range is not divisible by `step`. It will be replaced by [2, 197].
  warnings.warn(
[32m[I 2022-06-22 20:17:46,169][0m Trial 29 finished with value: 5.02556370555515 and parameters: {'hidden_size': 102, 'lr': 0.0010138519721509416}. Best is trial 12 with value: 4.983880966443869.[0m
/home/erussek/.conda/envs/pDL/lib/python3.8/site-packages/optuna/distributions.py:560: UserWarning: The distribution is specified by [2, 200] and step=5, but the range is not divisible by `step`. It will be replaced by [2, 197].
  warnings.warn(
[32m[I 2022-06-22 20:19:40,131][0m Trial 30 finished with value: 5.091440871300679 and parameters: {'hidden_size': 72, 'lr': 0.0004589389075368216}. Best is trial 12 with value: 4.983880966443869.[0m
/home/erussek/.conda/envs/pDL/lib/python3.8/site-packages/optuna/distributions.py:560: UserWarning: The distribution is specified by [2, 200] and step=5, but the range is not divisible by `step`. It will be replaced by [2, 197].
  warnings.warn(
[32m[I 2022-06-22 20:21:35,922][0m Trial 31 finished with value: 4.981893063354736 and parameters: {'hidden_size': 107, 'lr': 0.001821224083865977}. Best is trial 31 with value: 4.981893063354736.[0m
/home/erussek/.conda/envs/pDL/lib/python3.8/site-packages/optuna/distributions.py:560: UserWarning: The distribution is specified by [2, 200] and step=5, but the range is not divisible by `step`. It will be replaced by [2, 197].
  warnings.warn(
[32m[I 2022-06-22 20:23:29,399][0m Trial 32 finished with value: 4.997034140112458 and parameters: {'hidden_size': 82, 'lr': 0.0018245346493019371}. Best is trial 31 with value: 4.981893063354736.[0m
/home/erussek/.conda/envs/pDL/lib/python3.8/site-packages/optuna/distributions.py:560: UserWarning: The distribution is specified by [2, 200] and step=5, but the range is not divisible by `step`. It will be replaced by [2, 197].
  warnings.warn(
[32m[I 2022-06-22 20:25:22,290][0m Trial 33 finished with value: 4.994746908793529 and parameters: {'hidden_size': 92, 'lr': 0.0029507903734385583}. Best is trial 31 with value: 4.981893063354736.[0m
/home/erussek/.conda/envs/pDL/lib/python3.8/site-packages/optuna/distributions.py:560: UserWarning: The distribution is specified by [2, 200] and step=5, but the range is not divisible by `step`. It will be replaced by [2, 197].
  warnings.warn(
[32m[I 2022-06-22 20:27:16,256][0m Trial 34 finished with value: 5.01949140883591 and parameters: {'hidden_size': 102, 'lr': 0.001009537018477194}. Best is trial 31 with value: 4.981893063354736.[0m
/home/erussek/.conda/envs/pDL/lib/python3.8/site-packages/optuna/distributions.py:560: UserWarning: The distribution is specified by [2, 200] and step=5, but the range is not divisible by `step`. It will be replaced by [2, 197].
  warnings.warn(
[32m[I 2022-06-22 20:29:17,470][0m Trial 35 finished with value: 4.986816539616346 and parameters: {'hidden_size': 147, 'lr': 0.002296621313868569}. Best is trial 31 with value: 4.981893063354736.[0m
/home/erussek/.conda/envs/pDL/lib/python3.8/site-packages/optuna/distributions.py:560: UserWarning: The distribution is specified by [2, 200] and step=5, but the range is not divisible by `step`. It will be replaced by [2, 197].
  warnings.warn(
[32m[I 2022-06-22 20:31:18,699][0m Trial 36 finished with value: 4.992441386556808 and parameters: {'hidden_size': 147, 'lr': 0.001542036404773272}. Best is trial 31 with value: 4.981893063354736.[0m
/home/erussek/.conda/envs/pDL/lib/python3.8/site-packages/optuna/distributions.py:560: UserWarning: The distribution is specified by [2, 200] and step=5, but the range is not divisible by `step`. It will be replaced by [2, 197].
  warnings.warn(
[32m[I 2022-06-22 20:33:19,291][0m Trial 37 finished with value: 5.002596083546722 and parameters: {'hidden_size': 137, 'lr': 0.002357650434122058}. Best is trial 31 with value: 4.981893063354736.[0m
/home/erussek/.conda/envs/pDL/lib/python3.8/site-packages/optuna/distributions.py:560: UserWarning: The distribution is specified by [2, 200] and step=5, but the range is not divisible by `step`. It will be replaced by [2, 197].
  warnings.warn(
[32m[I 2022-06-22 20:35:22,745][0m Trial 38 finished with value: 5.0191874858969765 and parameters: {'hidden_size': 182, 'lr': 0.003654333407503448}. Best is trial 31 with value: 4.981893063354736.[0m
/home/erussek/.conda/envs/pDL/lib/python3.8/site-packages/optuna/distributions.py:560: UserWarning: The distribution is specified by [2, 200] and step=5, but the range is not divisible by `step`. It will be replaced by [2, 197].
  warnings.warn(
[32m[I 2022-06-22 20:37:22,295][0m Trial 39 finished with value: 5.003422911966961 and parameters: {'hidden_size': 152, 'lr': 0.006008350174112123}. Best is trial 31 with value: 4.981893063354736.[0m
/home/erussek/.conda/envs/pDL/lib/python3.8/site-packages/optuna/distributions.py:560: UserWarning: The distribution is specified by [2, 200] and step=5, but the range is not divisible by `step`. It will be replaced by [2, 197].
  warnings.warn(
[32m[I 2022-06-22 20:39:19,419][0m Trial 40 finished with value: 5.012327437211548 and parameters: {'hidden_size': 112, 'lr': 0.001132842652272422}. Best is trial 31 with value: 4.981893063354736.[0m
/home/erussek/.conda/envs/pDL/lib/python3.8/site-packages/optuna/distributions.py:560: UserWarning: The distribution is specified by [2, 200] and step=5, but the range is not divisible by `step`. It will be replaced by [2, 197].
  warnings.warn(
[32m[I 2022-06-22 20:41:12,439][0m Trial 41 finished with value: 4.98266308824323 and parameters: {'hidden_size': 87, 'lr': 0.00214399836805147}. Best is trial 31 with value: 4.981893063354736.[0m
/home/erussek/.conda/envs/pDL/lib/python3.8/site-packages/optuna/distributions.py:560: UserWarning: The distribution is specified by [2, 200] and step=5, but the range is not divisible by `step`. It will be replaced by [2, 197].
  warnings.warn(
[32m[I 2022-06-22 20:43:07,934][0m Trial 42 finished with value: 5.002684522873309 and parameters: {'hidden_size': 122, 'lr': 0.0022681713878780823}. Best is trial 31 with value: 4.981893063354736.[0m
/home/erussek/.conda/envs/pDL/lib/python3.8/site-packages/optuna/distributions.py:560: UserWarning: The distribution is specified by [2, 200] and step=5, but the range is not divisible by `step`. It will be replaced by [2, 197].
  warnings.warn(
[32m[I 2022-06-22 20:45:01,057][0m Trial 43 finished with value: 5.048385094779707 and parameters: {'hidden_size': 87, 'lr': 0.0008193045887616643}. Best is trial 31 with value: 4.981893063354736.[0m
/home/erussek/.conda/envs/pDL/lib/python3.8/site-packages/optuna/distributions.py:560: UserWarning: The distribution is specified by [2, 200] and step=5, but the range is not divisible by `step`. It will be replaced by [2, 197].
  warnings.warn(
[32m[I 2022-06-22 20:47:01,510][0m Trial 44 finished with value: 4.996403609401286 and parameters: {'hidden_size': 137, 'lr': 0.0015231076192179895}. Best is trial 31 with value: 4.981893063354736.[0m
/home/erussek/.conda/envs/pDL/lib/python3.8/site-packages/optuna/distributions.py:560: UserWarning: The distribution is specified by [2, 200] and step=5, but the range is not divisible by `step`. It will be replaced by [2, 197].
  warnings.warn(
[32m[I 2022-06-22 20:48:55,319][0m Trial 45 finished with value: 5.0084418584992125 and parameters: {'hidden_size': 102, 'lr': 0.0028571658542793435}. Best is trial 31 with value: 4.981893063354736.[0m
/home/erussek/.conda/envs/pDL/lib/python3.8/site-packages/optuna/distributions.py:560: UserWarning: The distribution is specified by [2, 200] and step=5, but the range is not divisible by `step`. It will be replaced by [2, 197].
  warnings.warn(
[32m[I 2022-06-22 20:50:50,823][0m Trial 46 finished with value: 4.994452756131962 and parameters: {'hidden_size': 127, 'lr': 0.002023544473282323}. Best is trial 31 with value: 4.981893063354736.[0m
/home/erussek/.conda/envs/pDL/lib/python3.8/site-packages/optuna/distributions.py:560: UserWarning: The distribution is specified by [2, 200] and step=5, but the range is not divisible by `step`. It will be replaced by [2, 197].
  warnings.warn(
[32m[I 2022-06-22 20:52:44,138][0m Trial 47 finished with value: 5.032065508803699 and parameters: {'hidden_size': 67, 'lr': 0.0012384744298878335}. Best is trial 31 with value: 4.981893063354736.[0m
/home/erussek/.conda/envs/pDL/lib/python3.8/site-packages/optuna/distributions.py:560: UserWarning: The distribution is specified by [2, 200] and step=5, but the range is not divisible by `step`. It will be replaced by [2, 197].
  warnings.warn(
