[32m[I 2022-06-22 22:26:19,538][0m Trial 96 finished with value: 5.044009756606917 and parameters: {'hidden_size': 82, 'lr': 0.0012664546859324788}. Best is trial 94 with value: 4.9733313522021385.[0m
/home/erussek/.conda/envs/pDL/lib/python3.8/site-packages/optuna/distributions.py:560: UserWarning: The distribution is specified by [2, 200] and step=5, but the range is not divisible by `step`. It will be replaced by [2, 197].
  warnings.warn(
[32m[I 2022-06-22 22:28:13,104][0m Trial 97 finished with value: 4.977614700259991 and parameters: {'hidden_size': 97, 'lr': 0.00196538865292228}. Best is trial 94 with value: 4.9733313522021385.[0m
/home/erussek/.conda/envs/pDL/lib/python3.8/site-packages/optuna/distributions.py:560: UserWarning: The distribution is specified by [2, 200] and step=5, but the range is not divisible by `step`. It will be replaced by [2, 197].
  warnings.warn(
[32m[I 2022-06-22 22:30:06,610][0m Trial 98 finished with value: 4.998350073334198 and parameters: {'hidden_size': 102, 'lr': 0.003109373916009907}. Best is trial 94 with value: 4.9733313522021385.[0m
/home/erussek/.conda/envs/pDL/lib/python3.8/site-packages/optuna/distributions.py:560: UserWarning: The distribution is specified by [2, 200] and step=5, but the range is not divisible by `step`. It will be replaced by [2, 197].
  warnings.warn(
[32m[I 2022-06-22 22:31:58,975][0m Trial 99 finished with value: 4.9795424894700435 and parameters: {'hidden_size': 92, 'lr': 0.001920245360068778}. Best is trial 94 with value: 4.9733313522021385.[0m
/home/erussek/.conda/envs/pDL/lib/python3.8/site-packages/optuna/distributions.py:560: UserWarning: The distribution is specified by [2, 200] and step=5, but the range is not divisible by `step`. It will be replaced by [2, 197].
  warnings.warn(
[32m[I 2022-06-22 22:33:51,815][0m Trial 100 finished with value: 5.015823885054351 and parameters: {'hidden_size': 87, 'lr': 0.0019335072621985664}. Best is trial 94 with value: 4.9733313522021385.[0m
/home/erussek/.conda/envs/pDL/lib/python3.8/site-packages/optuna/distributions.py:560: UserWarning: The distribution is specified by [2, 200] and step=5, but the range is not divisible by `step`. It will be replaced by [2, 197].
  warnings.warn(
[32m[I 2022-06-22 22:35:44,104][0m Trial 101 finished with value: 4.9895434922582815 and parameters: {'hidden_size': 92, 'lr': 0.001575240820638774}. Best is trial 94 with value: 4.9733313522021385.[0m
/home/erussek/.conda/envs/pDL/lib/python3.8/site-packages/optuna/distributions.py:560: UserWarning: The distribution is specified by [2, 200] and step=5, but the range is not divisible by `step`. It will be replaced by [2, 197].
  warnings.warn(
[32m[I 2022-06-22 22:37:37,635][0m Trial 102 finished with value: 4.981475705221277 and parameters: {'hidden_size': 97, 'lr': 0.002304188004118614}. Best is trial 94 with value: 4.9733313522021385.[0m
/home/erussek/.conda/envs/pDL/lib/python3.8/site-packages/optuna/distributions.py:560: UserWarning: The distribution is specified by [2, 200] and step=5, but the range is not divisible by `step`. It will be replaced by [2, 197].
  warnings.warn(
[32m[I 2022-06-22 22:39:31,134][0m Trial 103 finished with value: 4.985206284497062 and parameters: {'hidden_size': 97, 'lr': 0.0023018194615598998}. Best is trial 94 with value: 4.9733313522021385.[0m
/home/erussek/.conda/envs/pDL/lib/python3.8/site-packages/optuna/distributions.py:560: UserWarning: The distribution is specified by [2, 200] and step=5, but the range is not divisible by `step`. It will be replaced by [2, 197].
  warnings.warn(
[32m[I 2022-06-22 22:41:25,918][0m Trial 104 finished with value: 4.985958203463487 and parameters: {'hidden_size': 107, 'lr': 0.0019562895568592106}. Best is trial 94 with value: 4.9733313522021385.[0m
/home/erussek/.conda/envs/pDL/lib/python3.8/site-packages/optuna/distributions.py:560: UserWarning: The distribution is specified by [2, 200] and step=5, but the range is not divisible by `step`. It will be replaced by [2, 197].
  warnings.warn(
[32m[I 2022-06-22 22:43:19,521][0m Trial 105 finished with value: 4.991838436425877 and parameters: {'hidden_size': 97, 'lr': 0.001610374837438663}. Best is trial 94 with value: 4.9733313522021385.[0m
/home/erussek/.conda/envs/pDL/lib/python3.8/site-packages/optuna/distributions.py:560: UserWarning: The distribution is specified by [2, 200] and step=5, but the range is not divisible by `step`. It will be replaced by [2, 197].
  warnings.warn(
[32m[I 2022-06-22 22:45:13,027][0m Trial 106 finished with value: 5.014344991169269 and parameters: {'hidden_size': 102, 'lr': 0.0014554863349301051}. Best is trial 94 with value: 4.9733313522021385.[0m
/home/erussek/.conda/envs/pDL/lib/python3.8/site-packages/optuna/distributions.py:560: UserWarning: The distribution is specified by [2, 200] and step=5, but the range is not divisible by `step`. It will be replaced by [2, 197].
  warnings.warn(
[32m[I 2022-06-22 22:47:05,786][0m Trial 107 finished with value: 4.993376674023237 and parameters: {'hidden_size': 82, 'lr': 0.0018277760409289023}. Best is trial 94 with value: 4.9733313522021385.[0m
/home/erussek/.conda/envs/pDL/lib/python3.8/site-packages/optuna/distributions.py:560: UserWarning: The distribution is specified by [2, 200] and step=5, but the range is not divisible by `step`. It will be replaced by [2, 197].
  warnings.warn(
[32m[I 2022-06-22 22:48:59,023][0m Trial 108 finished with value: 4.999655541666949 and parameters: {'hidden_size': 72, 'lr': 0.0021476247913483192}. Best is trial 94 with value: 4.9733313522021385.[0m
/home/erussek/.conda/envs/pDL/lib/python3.8/site-packages/optuna/distributions.py:560: UserWarning: The distribution is specified by [2, 200] and step=5, but the range is not divisible by `step`. It will be replaced by [2, 197].
  warnings.warn(
[32m[I 2022-06-22 22:50:51,846][0m Trial 109 finished with value: 4.98281825039054 and parameters: {'hidden_size': 87, 'lr': 0.00299538929200097}. Best is trial 94 with value: 4.9733313522021385.[0m
/home/erussek/.conda/envs/pDL/lib/python3.8/site-packages/optuna/distributions.py:560: UserWarning: The distribution is specified by [2, 200] and step=5, but the range is not divisible by `step`. It will be replaced by [2, 197].
  warnings.warn(
[32m[I 2022-06-22 22:52:44,941][0m Trial 110 finished with value: 5.031001861437335 and parameters: {'hidden_size': 77, 'lr': 0.0012049365771335723}. Best is trial 94 with value: 4.9733313522021385.[0m
/home/erussek/.conda/envs/pDL/lib/python3.8/site-packages/optuna/distributions.py:560: UserWarning: The distribution is specified by [2, 200] and step=5, but the range is not divisible by `step`. It will be replaced by [2, 197].
  warnings.warn(
[32m[I 2022-06-22 22:54:37,682][0m Trial 111 finished with value: 5.005057655360726 and parameters: {'hidden_size': 87, 'lr': 0.0028889610218461683}. Best is trial 94 with value: 4.9733313522021385.[0m
/home/erussek/.conda/envs/pDL/lib/python3.8/site-packages/optuna/distributions.py:560: UserWarning: The distribution is specified by [2, 200] and step=5, but the range is not divisible by `step`. It will be replaced by [2, 197].
  warnings.warn(
[32m[I 2022-06-22 22:56:31,167][0m Trial 112 finished with value: 4.986417990983982 and parameters: {'hidden_size': 97, 'lr': 0.0018932619883969752}. Best is trial 94 with value: 4.9733313522021385.[0m
/home/erussek/.conda/envs/pDL/lib/python3.8/site-packages/optuna/distributions.py:560: UserWarning: The distribution is specified by [2, 200] and step=5, but the range is not divisible by `step`. It will be replaced by [2, 197].
  warnings.warn(
[32m[I 2022-06-22 22:58:23,451][0m Trial 113 finished with value: 4.982935836083147 and parameters: {'hidden_size': 92, 'lr': 0.0023620127105749345}. Best is trial 94 with value: 4.9733313522021385.[0m
/home/erussek/.conda/envs/pDL/lib/python3.8/site-packages/optuna/distributions.py:560: UserWarning: The distribution is specified by [2, 200] and step=5, but the range is not divisible by `step`. It will be replaced by [2, 197].
  warnings.warn(
[32m[I 2022-06-22 23:00:17,006][0m Trial 114 finished with value: 4.995063433688367 and parameters: {'hidden_size': 102, 'lr': 0.0035600947984300575}. Best is trial 94 with value: 4.9733313522021385.[0m
/home/erussek/.conda/envs/pDL/lib/python3.8/site-packages/optuna/distributions.py:560: UserWarning: The distribution is specified by [2, 200] and step=5, but the range is not divisible by `step`. It will be replaced by [2, 197].
  warnings.warn(
[32m[I 2022-06-22 23:02:09,805][0m Trial 115 finished with value: 4.991502234022993 and parameters: {'hidden_size': 87, 'lr': 0.0026764656716243796}. Best is trial 94 with value: 4.9733313522021385.[0m
/home/erussek/.conda/envs/pDL/lib/python3.8/site-packages/optuna/distributions.py:560: UserWarning: The distribution is specified by [2, 200] and step=5, but the range is not divisible by `step`. It will be replaced by [2, 197].
  warnings.warn(
[32m[I 2022-06-22 23:04:04,760][0m Trial 116 finished with value: 4.993852756927017 and parameters: {'hidden_size': 107, 'lr': 0.0020998468519921915}. Best is trial 94 with value: 4.9733313522021385.[0m
/home/erussek/.conda/envs/pDL/lib/python3.8/site-packages/optuna/distributions.py:560: UserWarning: The distribution is specified by [2, 200] and step=5, but the range is not divisible by `step`. It will be replaced by [2, 197].
  warnings.warn(
[32m[I 2022-06-22 23:06:01,454][0m Trial 117 finished with value: 5.008435748450735 and parameters: {'hidden_size': 112, 'lr': 0.0015967695617926918}. Best is trial 94 with value: 4.9733313522021385.[0m
/home/erussek/.conda/envs/pDL/lib/python3.8/site-packages/optuna/distributions.py:560: UserWarning: The distribution is specified by [2, 200] and step=5, but the range is not divisible by `step`. It will be replaced by [2, 197].
  warnings.warn(
[32m[I 2022-06-22 23:07:54,970][0m Trial 118 finished with value: 5.020737999303698 and parameters: {'hidden_size': 97, 'lr': 0.004105956897305976}. Best is trial 94 with value: 4.9733313522021385.[0m
/home/erussek/.conda/envs/pDL/lib/python3.8/site-packages/optuna/distributions.py:560: UserWarning: The distribution is specified by [2, 200] and step=5, but the range is not divisible by `step`. It will be replaced by [2, 197].
  warnings.warn(
[32m[I 2022-06-22 23:09:48,062][0m Trial 119 finished with value: 5.085729199167098 and parameters: {'hidden_size': 67, 'lr': 0.0003889384946181996}. Best is trial 94 with value: 4.9733313522021385.[0m
/home/erussek/.conda/envs/pDL/lib/python3.8/site-packages/optuna/distributions.py:560: UserWarning: The distribution is specified by [2, 200] and step=5, but the range is not divisible by `step`. It will be replaced by [2, 197].
  warnings.warn(
[32m[I 2022-06-22 23:11:40,836][0m Trial 120 finished with value: 4.994354936095115 and parameters: {'hidden_size': 82, 'lr': 0.0029480248619163318}. Best is trial 94 with value: 4.9733313522021385.[0m
/home/erussek/.conda/envs/pDL/lib/python3.8/site-packages/optuna/distributions.py:560: UserWarning: The distribution is specified by [2, 200] and step=5, but the range is not divisible by `step`. It will be replaced by [2, 197].
  warnings.warn(
[32m[I 2022-06-22 23:13:33,117][0m Trial 121 finished with value: 5.0764460819326205 and parameters: {'hidden_size': 92, 'lr': 0.0023585705748955894}. Best is trial 94 with value: 4.9733313522021385.[0m
/home/erussek/.conda/envs/pDL/lib/python3.8/site-packages/optuna/distributions.py:560: UserWarning: The distribution is specified by [2, 200] and step=5, but the range is not divisible by `step`. It will be replaced by [2, 197].
  warnings.warn(
[32m[I 2022-06-22 23:15:25,411][0m Trial 122 finished with value: 4.989256963496325 and parameters: {'hidden_size': 92, 'lr': 0.0026317536660658476}. Best is trial 94 with value: 4.9733313522021385.[0m
/home/erussek/.conda/envs/pDL/lib/python3.8/site-packages/optuna/distributions.py:560: UserWarning: The distribution is specified by [2, 200] and step=5, but the range is not divisible by `step`. It will be replaced by [2, 197].
  warnings.warn(
[32m[I 2022-06-22 23:17:18,147][0m Trial 123 finished with value: 5.019750093604783 and parameters: {'hidden_size': 87, 'lr': 0.001708212054722493}. Best is trial 94 with value: 4.9733313522021385.[0m
/home/erussek/.conda/envs/pDL/lib/python3.8/site-packages/optuna/distributions.py:560: UserWarning: The distribution is specified by [2, 200] and step=5, but the range is not divisible by `step`. It will be replaced by [2, 197].
  warnings.warn(
[32m[I 2022-06-22 23:19:11,562][0m Trial 124 finished with value: 5.026546198259395 and parameters: {'hidden_size': 102, 'lr': 0.0020700646195112994}. Best is trial 94 with value: 4.9733313522021385.[0m
/home/erussek/.conda/envs/pDL/lib/python3.8/site-packages/optuna/distributions.py:560: UserWarning: The distribution is specified by [2, 200] and step=5, but the range is not divisible by `step`. It will be replaced by [2, 197].
  warnings.warn(
[32m[I 2022-06-22 23:21:06,443][0m Trial 125 finished with value: 5.014237841593624 and parameters: {'hidden_size': 107, 'lr': 0.0018533333744640472}. Best is trial 94 with value: 4.9733313522021385.[0m
/home/erussek/.conda/envs/pDL/lib/python3.8/site-packages/optuna/distributions.py:560: UserWarning: The distribution is specified by [2, 200] and step=5, but the range is not divisible by `step`. It will be replaced by [2, 197].
  warnings.warn(
[32m[I 2022-06-22 23:22:58,654][0m Trial 126 finished with value: 4.9923376774513155 and parameters: {'hidden_size': 92, 'lr': 0.0022241166053361}. Best is trial 94 with value: 4.9733313522021385.[0m
/home/erussek/.conda/envs/pDL/lib/python3.8/site-packages/optuna/distributions.py:560: UserWarning: The distribution is specified by [2, 200] and step=5, but the range is not divisible by `step`. It will be replaced by [2, 197].
  warnings.warn(
[32m[I 2022-06-22 23:24:51,651][0m Trial 127 finished with value: 4.99741219218806 and parameters: {'hidden_size': 77, 'lr': 0.0024263131024448705}. Best is trial 94 with value: 4.9733313522021385.[0m
/home/erussek/.conda/envs/pDL/lib/python3.8/site-packages/optuna/distributions.py:560: UserWarning: The distribution is specified by [2, 200] and step=5, but the range is not divisible by `step`. It will be replaced by [2, 197].
  warnings.warn(
[32m[I 2022-06-22 23:26:44,319][0m Trial 128 finished with value: 4.994085577820998 and parameters: {'hidden_size': 82, 'lr': 0.003128849848023164}. Best is trial 94 with value: 4.9733313522021385.[0m
/home/erussek/.conda/envs/pDL/lib/python3.8/site-packages/optuna/distributions.py:560: UserWarning: The distribution is specified by [2, 200] and step=5, but the range is not divisible by `step`. It will be replaced by [2, 197].
  warnings.warn(
[32m[I 2022-06-22 23:28:40,903][0m Trial 129 finished with value: 4.997222243709234 and parameters: {'hidden_size': 112, 'lr': 0.001419250275187635}. Best is trial 94 with value: 4.9733313522021385.[0m
/home/erussek/.conda/envs/pDL/lib/python3.8/site-packages/optuna/distributions.py:560: UserWarning: The distribution is specified by [2, 200] and step=5, but the range is not divisible by `step`. It will be replaced by [2, 197].
  warnings.warn(
[32m[I 2022-06-22 23:30:34,514][0m Trial 130 finished with value: 5.016692654385914 and parameters: {'hidden_size': 97, 'lr': 0.004572336883548183}. Best is trial 94 with value: 4.9733313522021385.[0m
/home/erussek/.conda/envs/pDL/lib/python3.8/site-packages/optuna/distributions.py:560: UserWarning: The distribution is specified by [2, 200] and step=5, but the range is not divisible by `step`. It will be replaced by [2, 197].
  warnings.warn(
[32m[I 2022-06-22 23:32:26,829][0m Trial 131 finished with value: 4.975921687067853 and parameters: {'hidden_size': 92, 'lr': 0.0024602299896392997}. Best is trial 94 with value: 4.9733313522021385.[0m
/home/erussek/.conda/envs/pDL/lib/python3.8/site-packages/optuna/distributions.py:560: UserWarning: The distribution is specified by [2, 200] and step=5, but the range is not divisible by `step`. It will be replaced by [2, 197].
  warnings.warn(
[32m[I 2022-06-22 23:34:20,349][0m Trial 132 finished with value: 4.9954097011101535 and parameters: {'hidden_size': 97, 'lr': 0.002709199037833823}. Best is trial 94 with value: 4.9733313522021385.[0m
/home/erussek/.conda/envs/pDL/lib/python3.8/site-packages/optuna/distributions.py:560: UserWarning: The distribution is specified by [2, 200] and step=5, but the range is not divisible by `step`. It will be replaced by [2, 197].
  warnings.warn(
[32m[I 2022-06-22 23:36:13,847][0m Trial 133 finished with value: 4.9976984345271855 and parameters: {'hidden_size': 102, 'lr': 0.003465296996098681}. Best is trial 94 with value: 4.9733313522021385.[0m
/home/erussek/.conda/envs/pDL/lib/python3.8/site-packages/optuna/distributions.py:560: UserWarning: The distribution is specified by [2, 200] and step=5, but the range is not divisible by `step`. It will be replaced by [2, 197].
  warnings.warn(
[32m[I 2022-06-22 23:38:06,611][0m Trial 134 finished with value: 5.0045364193437045 and parameters: {'hidden_size': 87, 'lr': 0.0020159098945406895}. Best is trial 94 with value: 4.9733313522021385.[0m
/home/erussek/.conda/envs/pDL/lib/python3.8/site-packages/optuna/distributions.py:560: UserWarning: The distribution is specified by [2, 200] and step=5, but the range is not divisible by `step`. It will be replaced by [2, 197].
  warnings.warn(
[32m[I 2022-06-22 23:40:01,464][0m Trial 135 finished with value: 5.012811166261741 and parameters: {'hidden_size': 107, 'lr': 0.002225767735435253}. Best is trial 94 with value: 4.9733313522021385.[0m
/home/erussek/.conda/envs/pDL/lib/python3.8/site-packages/optuna/distributions.py:560: UserWarning: The distribution is specified by [2, 200] and step=5, but the range is not divisible by `step`. It will be replaced by [2, 197].
  warnings.warn(
[32m[I 2022-06-22 23:41:53,864][0m Trial 136 finished with value: 4.998480209658608 and parameters: {'hidden_size': 92, 'lr': 0.0017023070709018334}. Best is trial 94 with value: 4.9733313522021385.[0m
/home/erussek/.conda/envs/pDL/lib/python3.8/site-packages/optuna/distributions.py:560: UserWarning: The distribution is specified by [2, 200] and step=5, but the range is not divisible by `step`. It will be replaced by [2, 197].
  warnings.warn(
[32m[I 2022-06-22 23:43:49,179][0m Trial 137 finished with value: 5.006362850931634 and parameters: {'hidden_size': 117, 'lr': 0.0024626644374714218}. Best is trial 94 with value: 4.9733313522021385.[0m
/home/erussek/.conda/envs/pDL/lib/python3.8/site-packages/optuna/distributions.py:560: UserWarning: The distribution is specified by [2, 200] and step=5, but the range is not divisible by `step`. It will be replaced by [2, 197].
  warnings.warn(
[32m[I 2022-06-22 23:45:42,031][0m Trial 138 finished with value: 5.0074954953679045 and parameters: {'hidden_size': 82, 'lr': 0.001960444753989958}. Best is trial 94 with value: 4.9733313522021385.[0m
/home/erussek/.conda/envs/pDL/lib/python3.8/site-packages/optuna/distributions.py:560: UserWarning: The distribution is specified by [2, 200] and step=5, but the range is not divisible by `step`. It will be replaced by [2, 197].
  warnings.warn(
[32m[I 2022-06-22 23:47:35,601][0m Trial 139 finished with value: 5.00467474710926 and parameters: {'hidden_size': 102, 'lr': 0.003065719595237956}. Best is trial 94 with value: 4.9733313522021385.[0m
/home/erussek/.conda/envs/pDL/lib/python3.8/site-packages/optuna/distributions.py:560: UserWarning: The distribution is specified by [2, 200] and step=5, but the range is not divisible by `step`. It will be replaced by [2, 197].
  warnings.warn(
[32m[I 2022-06-22 23:49:29,227][0m Trial 140 finished with value: 4.986843995339739 and parameters: {'hidden_size': 97, 'lr': 0.0017624391096973454}. Best is trial 94 with value: 4.9733313522021385.[0m
/home/erussek/.conda/envs/pDL/lib/python3.8/site-packages/optuna/distributions.py:560: UserWarning: The distribution is specified by [2, 200] and step=5, but the range is not divisible by `step`. It will be replaced by [2, 197].
  warnings.warn(
[32m[I 2022-06-22 23:51:21,653][0m Trial 141 finished with value: 4.991177210085828 and parameters: {'hidden_size': 92, 'lr': 0.002339518345121846}. Best is trial 94 with value: 4.9733313522021385.[0m
/home/erussek/.conda/envs/pDL/lib/python3.8/site-packages/optuna/distributions.py:560: UserWarning: The distribution is specified by [2, 200] and step=5, but the range is not divisible by `step`. It will be replaced by [2, 197].
  warnings.warn(
[32m[I 2022-06-22 23:53:14,431][0m Trial 142 finished with value: 4.99773332850576 and parameters: {'hidden_size': 87, 'lr': 0.0027200866366974283}. Best is trial 94 with value: 4.9733313522021385.[0m
/home/erussek/.conda/envs/pDL/lib/python3.8/site-packages/optuna/distributions.py:560: UserWarning: The distribution is specified by [2, 200] and step=5, but the range is not divisible by `step`. It will be replaced by [2, 197].
  warnings.warn(
[32m[I 2022-06-22 23:55:06,805][0m Trial 143 finished with value: 4.977142452277844 and parameters: {'hidden_size': 92, 'lr': 0.0024488362410536573}. Best is trial 94 with value: 4.9733313522021385.[0m
/home/erussek/.conda/envs/pDL/lib/python3.8/site-packages/optuna/distributions.py:560: UserWarning: The distribution is specified by [2, 200] and step=5, but the range is not divisible by `step`. It will be replaced by [2, 197].
  warnings.warn(
