[32m[I 2022-02-15 17:00:39,637][0m Trial 289 finished with value: 4.3849411338806155 and parameters: {'hidden_size': 47, 'lr': 0.0029288747973721333}. Best is trial 206 with value: 4.355436987609863.[0m
/home/erussek/.conda/envs/pDL/lib/python3.8/site-packages/optuna/distributions.py:560: UserWarning: The distribution is specified by [2, 200] and step=5, but the range is not divisible by `step`. It will be replaced by [2, 197].
  warnings.warn(
[32m[I 2022-02-15 17:01:37,893][0m Trial 290 finished with value: 4.45982806640625 and parameters: {'hidden_size': 42, 'lr': 0.0025231613544870603}. Best is trial 206 with value: 4.355436987609863.[0m
/home/erussek/.conda/envs/pDL/lib/python3.8/site-packages/optuna/distributions.py:560: UserWarning: The distribution is specified by [2, 200] and step=5, but the range is not divisible by `step`. It will be replaced by [2, 197].
  warnings.warn(
[32m[I 2022-02-15 17:02:36,866][0m Trial 291 finished with value: 4.43150465057373 and parameters: {'hidden_size': 47, 'lr': 0.002861349533457514}. Best is trial 206 with value: 4.355436987609863.[0m
/home/erussek/.conda/envs/pDL/lib/python3.8/site-packages/optuna/distributions.py:560: UserWarning: The distribution is specified by [2, 200] and step=5, but the range is not divisible by `step`. It will be replaced by [2, 197].
  warnings.warn(
[32m[I 2022-02-15 17:03:34,901][0m Trial 292 finished with value: 4.411868463439942 and parameters: {'hidden_size': 42, 'lr': 0.002115655269714174}. Best is trial 206 with value: 4.355436987609863.[0m
/home/erussek/.conda/envs/pDL/lib/python3.8/site-packages/optuna/distributions.py:560: UserWarning: The distribution is specified by [2, 200] and step=5, but the range is not divisible by `step`. It will be replaced by [2, 197].
  warnings.warn(
[32m[I 2022-02-15 17:04:34,313][0m Trial 293 finished with value: 4.544863597793579 and parameters: {'hidden_size': 37, 'lr': 0.002963301418283811}. Best is trial 206 with value: 4.355436987609863.[0m
/home/erussek/.conda/envs/pDL/lib/python3.8/site-packages/optuna/distributions.py:560: UserWarning: The distribution is specified by [2, 200] and step=5, but the range is not divisible by `step`. It will be replaced by [2, 197].
  warnings.warn(
[32m[I 2022-02-15 17:05:31,942][0m Trial 294 finished with value: 4.488381453323364 and parameters: {'hidden_size': 42, 'lr': 0.0026665569529493883}. Best is trial 206 with value: 4.355436987609863.[0m
/home/erussek/.conda/envs/pDL/lib/python3.8/site-packages/optuna/distributions.py:560: UserWarning: The distribution is specified by [2, 200] and step=5, but the range is not divisible by `step`. It will be replaced by [2, 197].
  warnings.warn(
[32m[I 2022-02-15 17:06:30,425][0m Trial 295 finished with value: 4.427308975830078 and parameters: {'hidden_size': 47, 'lr': 0.0031407459909613498}. Best is trial 206 with value: 4.355436987609863.[0m
/home/erussek/.conda/envs/pDL/lib/python3.8/site-packages/optuna/distributions.py:560: UserWarning: The distribution is specified by [2, 200] and step=5, but the range is not divisible by `step`. It will be replaced by [2, 197].
  warnings.warn(
[32m[I 2022-02-15 17:07:29,338][0m Trial 296 finished with value: 4.517118366317749 and parameters: {'hidden_size': 37, 'lr': 0.002479192574661609}. Best is trial 206 with value: 4.355436987609863.[0m
/home/erussek/.conda/envs/pDL/lib/python3.8/site-packages/optuna/distributions.py:560: UserWarning: The distribution is specified by [2, 200] and step=5, but the range is not divisible by `step`. It will be replaced by [2, 197].
  warnings.warn(
[32m[I 2022-02-15 17:08:28,022][0m Trial 297 finished with value: 4.474553564300537 and parameters: {'hidden_size': 42, 'lr': 0.002779448911873426}. Best is trial 206 with value: 4.355436987609863.[0m
/home/erussek/.conda/envs/pDL/lib/python3.8/site-packages/optuna/distributions.py:560: UserWarning: The distribution is specified by [2, 200] and step=5, but the range is not divisible by `step`. It will be replaced by [2, 197].
  warnings.warn(
[32m[I 2022-02-15 17:09:25,558][0m Trial 298 finished with value: 4.4526300075531005 and parameters: {'hidden_size': 32, 'lr': 0.0018834714068554892}. Best is trial 206 with value: 4.355436987609863.[0m
/home/erussek/.conda/envs/pDL/lib/python3.8/site-packages/optuna/distributions.py:560: UserWarning: The distribution is specified by [2, 200] and step=5, but the range is not divisible by `step`. It will be replaced by [2, 197].
  warnings.warn(
[32m[I 2022-02-15 17:10:21,672][0m Trial 299 finished with value: 4.42220067817688 and parameters: {'hidden_size': 32, 'lr': 0.0030889722050507964}. Best is trial 206 with value: 4.355436987609863.[0m
/home/erussek/.conda/envs/pDL/lib/python3.8/site-packages/optuna/distributions.py:560: UserWarning: The distribution is specified by [2, 200] and step=5, but the range is not divisible by `step`. It will be replaced by [2, 197].
  warnings.warn(
[32m[I 2022-02-15 17:11:19,592][0m Trial 300 finished with value: 4.490283851928711 and parameters: {'hidden_size': 52, 'lr': 0.0026903655662725563}. Best is trial 206 with value: 4.355436987609863.[0m
/home/erussek/.conda/envs/pDL/lib/python3.8/site-packages/optuna/distributions.py:560: UserWarning: The distribution is specified by [2, 200] and step=5, but the range is not divisible by `step`. It will be replaced by [2, 197].
  warnings.warn(
[32m[I 2022-02-15 17:12:17,097][0m Trial 301 finished with value: 4.483674142379761 and parameters: {'hidden_size': 47, 'lr': 0.002386419644594279}. Best is trial 206 with value: 4.355436987609863.[0m
/home/erussek/.conda/envs/pDL/lib/python3.8/site-packages/optuna/distributions.py:560: UserWarning: The distribution is specified by [2, 200] and step=5, but the range is not divisible by `step`. It will be replaced by [2, 197].
  warnings.warn(
[32m[I 2022-02-15 17:13:15,642][0m Trial 302 finished with value: 4.49967450164795 and parameters: {'hidden_size': 37, 'lr': 0.0021246070410500845}. Best is trial 206 with value: 4.355436987609863.[0m
/home/erussek/.conda/envs/pDL/lib/python3.8/site-packages/optuna/distributions.py:560: UserWarning: The distribution is specified by [2, 200] and step=5, but the range is not divisible by `step`. It will be replaced by [2, 197].
  warnings.warn(
[32m[I 2022-02-15 17:14:13,609][0m Trial 303 finished with value: 4.416307466278076 and parameters: {'hidden_size': 37, 'lr': 0.0029578952158417315}. Best is trial 206 with value: 4.355436987609863.[0m
/home/erussek/.conda/envs/pDL/lib/python3.8/site-packages/optuna/distributions.py:560: UserWarning: The distribution is specified by [2, 200] and step=5, but the range is not divisible by `step`. It will be replaced by [2, 197].
  warnings.warn(
[32m[I 2022-02-15 17:15:12,340][0m Trial 304 finished with value: 4.499730312118531 and parameters: {'hidden_size': 42, 'lr': 0.003300641634038442}. Best is trial 206 with value: 4.355436987609863.[0m
/home/erussek/.conda/envs/pDL/lib/python3.8/site-packages/optuna/distributions.py:560: UserWarning: The distribution is specified by [2, 200] and step=5, but the range is not divisible by `step`. It will be replaced by [2, 197].
  warnings.warn(
[32m[I 2022-02-15 17:16:08,668][0m Trial 305 finished with value: 4.584126897506714 and parameters: {'hidden_size': 32, 'lr': 0.0025027677976249187}. Best is trial 206 with value: 4.355436987609863.[0m
/home/erussek/.conda/envs/pDL/lib/python3.8/site-packages/optuna/distributions.py:560: UserWarning: The distribution is specified by [2, 200] and step=5, but the range is not divisible by `step`. It will be replaced by [2, 197].
  warnings.warn(
[32m[I 2022-02-15 17:17:13,512][0m Trial 306 finished with value: 4.436499177627564 and parameters: {'hidden_size': 182, 'lr': 0.0016548319735887286}. Best is trial 206 with value: 4.355436987609863.[0m
/home/erussek/.conda/envs/pDL/lib/python3.8/site-packages/optuna/distributions.py:560: UserWarning: The distribution is specified by [2, 200] and step=5, but the range is not divisible by `step`. It will be replaced by [2, 197].
  warnings.warn(
[32m[I 2022-02-15 17:18:10,050][0m Trial 307 finished with value: 4.39824247215271 and parameters: {'hidden_size': 27, 'lr': 0.0028407476428522075}. Best is trial 206 with value: 4.355436987609863.[0m
/home/erussek/.conda/envs/pDL/lib/python3.8/site-packages/optuna/distributions.py:560: UserWarning: The distribution is specified by [2, 200] and step=5, but the range is not divisible by `step`. It will be replaced by [2, 197].
  warnings.warn(
[32m[I 2022-02-15 17:19:08,550][0m Trial 308 finished with value: 4.45514587638855 and parameters: {'hidden_size': 37, 'lr': 0.0033218606124601}. Best is trial 206 with value: 4.355436987609863.[0m
/home/erussek/.conda/envs/pDL/lib/python3.8/site-packages/optuna/distributions.py:560: UserWarning: The distribution is specified by [2, 200] and step=5, but the range is not divisible by `step`. It will be replaced by [2, 197].
  warnings.warn(
[32m[I 2022-02-15 17:20:07,561][0m Trial 309 finished with value: 4.4286933590698245 and parameters: {'hidden_size': 47, 'lr': 0.0026860920592097753}. Best is trial 206 with value: 4.355436987609863.[0m
/home/erussek/.conda/envs/pDL/lib/python3.8/site-packages/optuna/distributions.py:560: UserWarning: The distribution is specified by [2, 200] and step=5, but the range is not divisible by `step`. It will be replaced by [2, 197].
  warnings.warn(
[32m[I 2022-02-15 17:21:04,860][0m Trial 310 finished with value: 4.46238657081604 and parameters: {'hidden_size': 32, 'lr': 0.003032432877834242}. Best is trial 206 with value: 4.355436987609863.[0m
/home/erussek/.conda/envs/pDL/lib/python3.8/site-packages/optuna/distributions.py:560: UserWarning: The distribution is specified by [2, 200] and step=5, but the range is not divisible by `step`. It will be replaced by [2, 197].
  warnings.warn(
[32m[I 2022-02-15 17:22:02,883][0m Trial 311 finished with value: 4.438147150268555 and parameters: {'hidden_size': 22, 'lr': 0.0034514002788518985}. Best is trial 206 with value: 4.355436987609863.[0m
/home/erussek/.conda/envs/pDL/lib/python3.8/site-packages/optuna/distributions.py:560: UserWarning: The distribution is specified by [2, 200] and step=5, but the range is not divisible by `step`. It will be replaced by [2, 197].
  warnings.warn(
[32m[I 2022-02-15 17:23:00,306][0m Trial 312 finished with value: 4.433976184005737 and parameters: {'hidden_size': 42, 'lr': 0.002292699263066959}. Best is trial 206 with value: 4.355436987609863.[0m
/home/erussek/.conda/envs/pDL/lib/python3.8/site-packages/optuna/distributions.py:560: UserWarning: The distribution is specified by [2, 200] and step=5, but the range is not divisible by `step`. It will be replaced by [2, 197].
  warnings.warn(
[32m[I 2022-02-15 17:23:58,576][0m Trial 313 finished with value: 4.421220059890747 and parameters: {'hidden_size': 27, 'lr': 0.0028086077776050236}. Best is trial 206 with value: 4.355436987609863.[0m
/home/erussek/.conda/envs/pDL/lib/python3.8/site-packages/optuna/distributions.py:560: UserWarning: The distribution is specified by [2, 200] and step=5, but the range is not divisible by `step`. It will be replaced by [2, 197].
  warnings.warn(
[32m[I 2022-02-15 17:24:54,890][0m Trial 314 finished with value: 4.471623920516968 and parameters: {'hidden_size': 52, 'lr': 0.0025115608061843345}. Best is trial 206 with value: 4.355436987609863.[0m
/home/erussek/.conda/envs/pDL/lib/python3.8/site-packages/optuna/distributions.py:560: UserWarning: The distribution is specified by [2, 200] and step=5, but the range is not divisible by `step`. It will be replaced by [2, 197].
  warnings.warn(
[32m[I 2022-02-15 17:25:51,928][0m Trial 315 finished with value: 4.452187655258179 and parameters: {'hidden_size': 32, 'lr': 0.003283105574895608}. Best is trial 206 with value: 4.355436987609863.[0m
/home/erussek/.conda/envs/pDL/lib/python3.8/site-packages/optuna/distributions.py:560: UserWarning: The distribution is specified by [2, 200] and step=5, but the range is not divisible by `step`. It will be replaced by [2, 197].
  warnings.warn(
[32m[I 2022-02-15 17:26:49,875][0m Trial 316 finished with value: 4.5064081037902834 and parameters: {'hidden_size': 37, 'lr': 0.0030211726734181775}. Best is trial 206 with value: 4.355436987609863.[0m
/home/erussek/.conda/envs/pDL/lib/python3.8/site-packages/optuna/distributions.py:560: UserWarning: The distribution is specified by [2, 200] and step=5, but the range is not divisible by `step`. It will be replaced by [2, 197].
  warnings.warn(
[32m[I 2022-02-15 17:27:47,693][0m Trial 317 finished with value: 4.452079208984375 and parameters: {'hidden_size': 27, 'lr': 0.0036566468566401377}. Best is trial 206 with value: 4.355436987609863.[0m
/home/erussek/.conda/envs/pDL/lib/python3.8/site-packages/optuna/distributions.py:560: UserWarning: The distribution is specified by [2, 200] and step=5, but the range is not divisible by `step`. It will be replaced by [2, 197].
  warnings.warn(
[32m[I 2022-02-15 17:28:45,679][0m Trial 318 finished with value: 4.451036200790405 and parameters: {'hidden_size': 47, 'lr': 0.0026471255653252755}. Best is trial 206 with value: 4.355436987609863.[0m
/home/erussek/.conda/envs/pDL/lib/python3.8/site-packages/optuna/distributions.py:560: UserWarning: The distribution is specified by [2, 200] and step=5, but the range is not divisible by `step`. It will be replaced by [2, 197].
  warnings.warn(
[32m[I 2022-02-15 17:29:44,719][0m Trial 319 finished with value: 4.416079273834229 and parameters: {'hidden_size': 42, 'lr': 0.0021199313060459323}. Best is trial 206 with value: 4.355436987609863.[0m
/home/erussek/.conda/envs/pDL/lib/python3.8/site-packages/optuna/distributions.py:560: UserWarning: The distribution is specified by [2, 200] and step=5, but the range is not divisible by `step`. It will be replaced by [2, 197].
  warnings.warn(
[32m[I 2022-02-15 17:30:42,618][0m Trial 320 finished with value: 4.420009618225098 and parameters: {'hidden_size': 82, 'lr': 0.003053934551036957}. Best is trial 206 with value: 4.355436987609863.[0m
/home/erussek/.conda/envs/pDL/lib/python3.8/site-packages/optuna/distributions.py:560: UserWarning: The distribution is specified by [2, 200] and step=5, but the range is not divisible by `step`. It will be replaced by [2, 197].
  warnings.warn(
[32m[I 2022-02-15 17:31:40,163][0m Trial 321 finished with value: 4.479613773651123 and parameters: {'hidden_size': 32, 'lr': 0.004090157557232885}. Best is trial 206 with value: 4.355436987609863.[0m
/home/erussek/.conda/envs/pDL/lib/python3.8/site-packages/optuna/distributions.py:560: UserWarning: The distribution is specified by [2, 200] and step=5, but the range is not divisible by `step`. It will be replaced by [2, 197].
  warnings.warn(
[32m[I 2022-02-15 17:32:37,132][0m Trial 322 finished with value: 4.421734484786987 and parameters: {'hidden_size': 22, 'lr': 0.003610842508966233}. Best is trial 206 with value: 4.355436987609863.[0m
/home/erussek/.conda/envs/pDL/lib/python3.8/site-packages/optuna/distributions.py:560: UserWarning: The distribution is specified by [2, 200] and step=5, but the range is not divisible by `step`. It will be replaced by [2, 197].
  warnings.warn(
[32m[I 2022-02-15 17:33:35,975][0m Trial 323 finished with value: 4.408265525665283 and parameters: {'hidden_size': 37, 'lr': 0.0023892304029991046}. Best is trial 206 with value: 4.355436987609863.[0m
/home/erussek/.conda/envs/pDL/lib/python3.8/site-packages/optuna/distributions.py:560: UserWarning: The distribution is specified by [2, 200] and step=5, but the range is not divisible by `step`. It will be replaced by [2, 197].
  warnings.warn(
[32m[I 2022-02-15 17:34:33,003][0m Trial 324 finished with value: 4.449377766647339 and parameters: {'hidden_size': 27, 'lr': 0.002784745376853466}. Best is trial 206 with value: 4.355436987609863.[0m
/home/erussek/.conda/envs/pDL/lib/python3.8/site-packages/optuna/distributions.py:560: UserWarning: The distribution is specified by [2, 200] and step=5, but the range is not divisible by `step`. It will be replaced by [2, 197].
  warnings.warn(
[32m[I 2022-02-15 17:35:29,432][0m Trial 325 finished with value: 5.449307305374146 and parameters: {'hidden_size': 32, 'lr': 0.00014724179490316195}. Best is trial 206 with value: 4.355436987609863.[0m
/home/erussek/.conda/envs/pDL/lib/python3.8/site-packages/optuna/distributions.py:560: UserWarning: The distribution is specified by [2, 200] and step=5, but the range is not divisible by `step`. It will be replaced by [2, 197].
  warnings.warn(
[32m[I 2022-02-15 17:36:27,741][0m Trial 326 finished with value: 4.409836307373046 and parameters: {'hidden_size': 37, 'lr': 0.0031585712903743446}. Best is trial 206 with value: 4.355436987609863.[0m
/home/erussek/.conda/envs/pDL/lib/python3.8/site-packages/optuna/distributions.py:560: UserWarning: The distribution is specified by [2, 200] and step=5, but the range is not divisible by `step`. It will be replaced by [2, 197].
  warnings.warn(
[32m[I 2022-02-15 17:37:25,342][0m Trial 327 finished with value: 4.40368303642273 and parameters: {'hidden_size': 52, 'lr': 0.0028206318084023217}. Best is trial 206 with value: 4.355436987609863.[0m
/home/erussek/.conda/envs/pDL/lib/python3.8/site-packages/optuna/distributions.py:560: UserWarning: The distribution is specified by [2, 200] and step=5, but the range is not divisible by `step`. It will be replaced by [2, 197].
  warnings.warn(
[32m[I 2022-02-15 17:38:24,169][0m Trial 328 finished with value: 4.433540484771728 and parameters: {'hidden_size': 57, 'lr': 0.002615786727510482}. Best is trial 206 with value: 4.355436987609863.[0m
/home/erussek/.conda/envs/pDL/lib/python3.8/site-packages/optuna/distributions.py:560: UserWarning: The distribution is specified by [2, 200] and step=5, but the range is not divisible by `step`. It will be replaced by [2, 197].
  warnings.warn(
[32m[I 2022-02-15 17:39:21,471][0m Trial 329 finished with value: 4.511619268188476 and parameters: {'hidden_size': 62, 'lr': 0.003543785624066202}. Best is trial 206 with value: 4.355436987609863.[0m
/home/erussek/.conda/envs/pDL/lib/python3.8/site-packages/optuna/distributions.py:560: UserWarning: The distribution is specified by [2, 200] and step=5, but the range is not divisible by `step`. It will be replaced by [2, 197].
  warnings.warn(
[32m[I 2022-02-15 17:40:18,763][0m Trial 330 finished with value: 4.506049590988159 and parameters: {'hidden_size': 52, 'lr': 0.0005930217621837346}. Best is trial 206 with value: 4.355436987609863.[0m
/home/erussek/.conda/envs/pDL/lib/python3.8/site-packages/optuna/distributions.py:560: UserWarning: The distribution is specified by [2, 200] and step=5, but the range is not divisible by `step`. It will be replaced by [2, 197].
  warnings.warn(
[32m[I 2022-02-15 17:41:16,954][0m Trial 331 finished with value: 4.464014890441894 and parameters: {'hidden_size': 47, 'lr': 0.0028897827843877757}. Best is trial 206 with value: 4.355436987609863.[0m
/home/erussek/.conda/envs/pDL/lib/python3.8/site-packages/optuna/distributions.py:560: UserWarning: The distribution is specified by [2, 200] and step=5, but the range is not divisible by `step`. It will be replaced by [2, 197].
  warnings.warn(
[32m[I 2022-02-15 17:42:13,769][0m Trial 332 finished with value: 4.473930533828735 and parameters: {'hidden_size': 52, 'lr': 0.003228558738238029}. Best is trial 206 with value: 4.355436987609863.[0m
/home/erussek/.conda/envs/pDL/lib/python3.8/site-packages/optuna/distributions.py:560: UserWarning: The distribution is specified by [2, 200] and step=5, but the range is not divisible by `step`. It will be replaced by [2, 197].
  warnings.warn(
[32m[I 2022-02-15 17:43:12,193][0m Trial 333 finished with value: 4.485505625839234 and parameters: {'hidden_size': 42, 'lr': 0.0028018357323311154}. Best is trial 206 with value: 4.355436987609863.[0m
/home/erussek/.conda/envs/pDL/lib/python3.8/site-packages/optuna/distributions.py:560: UserWarning: The distribution is specified by [2, 200] and step=5, but the range is not divisible by `step`. It will be replaced by [2, 197].
  warnings.warn(
[32m[I 2022-02-15 17:44:11,204][0m Trial 334 finished with value: 4.398730520706176 and parameters: {'hidden_size': 47, 'lr': 0.002479378945219435}. Best is trial 206 with value: 4.355436987609863.[0m
/home/erussek/.conda/envs/pDL/lib/python3.8/site-packages/optuna/distributions.py:560: UserWarning: The distribution is specified by [2, 200] and step=5, but the range is not divisible by `step`. It will be replaced by [2, 197].
  warnings.warn(
[32m[I 2022-02-15 17:45:10,049][0m Trial 335 finished with value: 4.499089017105103 and parameters: {'hidden_size': 57, 'lr': 0.0023577133150694094}. Best is trial 206 with value: 4.355436987609863.[0m
/home/erussek/.conda/envs/pDL/lib/python3.8/site-packages/optuna/distributions.py:560: UserWarning: The distribution is specified by [2, 200] and step=5, but the range is not divisible by `step`. It will be replaced by [2, 197].
  warnings.warn(
[32m[I 2022-02-15 17:46:07,504][0m Trial 336 finished with value: 4.3762954837799075 and parameters: {'hidden_size': 47, 'lr': 0.0025315237708563834}. Best is trial 206 with value: 4.355436987609863.[0m
/home/erussek/.conda/envs/pDL/lib/python3.8/site-packages/optuna/distributions.py:560: UserWarning: The distribution is specified by [2, 200] and step=5, but the range is not divisible by `step`. It will be replaced by [2, 197].
  warnings.warn(
