[32m[I 2022-02-15 14:41:37,050][0m Trial 145 finished with value: 4.511563885269165 and parameters: {'hidden_size': 42, 'lr': 0.00590481223761735}. Best is trial 46 with value: 4.371968461303711.[0m
/home/erussek/.conda/envs/pDL/lib/python3.8/site-packages/optuna/distributions.py:560: UserWarning: The distribution is specified by [2, 200] and step=5, but the range is not divisible by `step`. It will be replaced by [2, 197].
  warnings.warn(
[32m[I 2022-02-15 14:42:34,983][0m Trial 146 finished with value: 4.510949838256836 and parameters: {'hidden_size': 47, 'lr': 0.009892853051864558}. Best is trial 46 with value: 4.371968461303711.[0m
/home/erussek/.conda/envs/pDL/lib/python3.8/site-packages/optuna/distributions.py:560: UserWarning: The distribution is specified by [2, 200] and step=5, but the range is not divisible by `step`. It will be replaced by [2, 197].
  warnings.warn(
[32m[I 2022-02-15 14:43:32,734][0m Trial 147 finished with value: 4.503503202056884 and parameters: {'hidden_size': 52, 'lr': 0.00904268376019422}. Best is trial 46 with value: 4.371968461303711.[0m
/home/erussek/.conda/envs/pDL/lib/python3.8/site-packages/optuna/distributions.py:560: UserWarning: The distribution is specified by [2, 200] and step=5, but the range is not divisible by `step`. It will be replaced by [2, 197].
  warnings.warn(
[32m[I 2022-02-15 14:44:30,423][0m Trial 148 finished with value: 4.466792327041626 and parameters: {'hidden_size': 27, 'lr': 0.002070714515889185}. Best is trial 46 with value: 4.371968461303711.[0m
/home/erussek/.conda/envs/pDL/lib/python3.8/site-packages/optuna/distributions.py:560: UserWarning: The distribution is specified by [2, 200] and step=5, but the range is not divisible by `step`. It will be replaced by [2, 197].
  warnings.warn(
[32m[I 2022-02-15 14:45:27,843][0m Trial 149 finished with value: 4.482623080062866 and parameters: {'hidden_size': 37, 'lr': 0.0013879321518655546}. Best is trial 46 with value: 4.371968461303711.[0m
/home/erussek/.conda/envs/pDL/lib/python3.8/site-packages/optuna/distributions.py:560: UserWarning: The distribution is specified by [2, 200] and step=5, but the range is not divisible by `step`. It will be replaced by [2, 197].
  warnings.warn(
[32m[I 2022-02-15 14:46:25,288][0m Trial 150 finished with value: 4.504801017227173 and parameters: {'hidden_size': 7, 'lr': 0.0042193284266475554}. Best is trial 46 with value: 4.371968461303711.[0m
/home/erussek/.conda/envs/pDL/lib/python3.8/site-packages/optuna/distributions.py:560: UserWarning: The distribution is specified by [2, 200] and step=5, but the range is not divisible by `step`. It will be replaced by [2, 197].
  warnings.warn(
[32m[I 2022-02-15 14:47:21,725][0m Trial 151 finished with value: 4.63079640296936 and parameters: {'hidden_size': 22, 'lr': 0.00726912075549868}. Best is trial 46 with value: 4.371968461303711.[0m
/home/erussek/.conda/envs/pDL/lib/python3.8/site-packages/optuna/distributions.py:560: UserWarning: The distribution is specified by [2, 200] and step=5, but the range is not divisible by `step`. It will be replaced by [2, 197].
  warnings.warn(
[32m[I 2022-02-15 14:48:19,473][0m Trial 152 finished with value: 4.473189796295166 and parameters: {'hidden_size': 32, 'lr': 0.008186185700997455}. Best is trial 46 with value: 4.371968461303711.[0m
/home/erussek/.conda/envs/pDL/lib/python3.8/site-packages/optuna/distributions.py:560: UserWarning: The distribution is specified by [2, 200] and step=5, but the range is not divisible by `step`. It will be replaced by [2, 197].
  warnings.warn(
[32m[I 2022-02-15 14:49:16,917][0m Trial 153 finished with value: 4.4652241090393066 and parameters: {'hidden_size': 37, 'lr': 0.0067524518276954795}. Best is trial 46 with value: 4.371968461303711.[0m
/home/erussek/.conda/envs/pDL/lib/python3.8/site-packages/optuna/distributions.py:560: UserWarning: The distribution is specified by [2, 200] and step=5, but the range is not divisible by `step`. It will be replaced by [2, 197].
  warnings.warn(
[32m[I 2022-02-15 14:50:15,253][0m Trial 154 finished with value: 4.41499603881836 and parameters: {'hidden_size': 42, 'lr': 0.0031146347413247414}. Best is trial 46 with value: 4.371968461303711.[0m
/home/erussek/.conda/envs/pDL/lib/python3.8/site-packages/optuna/distributions.py:560: UserWarning: The distribution is specified by [2, 200] and step=5, but the range is not divisible by `step`. It will be replaced by [2, 197].
  warnings.warn(
[32m[I 2022-02-15 14:51:13,274][0m Trial 155 finished with value: 4.48230158744812 and parameters: {'hidden_size': 47, 'lr': 0.0031106845697725025}. Best is trial 46 with value: 4.371968461303711.[0m
/home/erussek/.conda/envs/pDL/lib/python3.8/site-packages/optuna/distributions.py:560: UserWarning: The distribution is specified by [2, 200] and step=5, but the range is not divisible by `step`. It will be replaced by [2, 197].
  warnings.warn(
[32m[I 2022-02-15 14:52:12,125][0m Trial 156 finished with value: 4.48669713180542 and parameters: {'hidden_size': 42, 'lr': 0.0027055222404454506}. Best is trial 46 with value: 4.371968461303711.[0m
/home/erussek/.conda/envs/pDL/lib/python3.8/site-packages/optuna/distributions.py:560: UserWarning: The distribution is specified by [2, 200] and step=5, but the range is not divisible by `step`. It will be replaced by [2, 197].
  warnings.warn(
[32m[I 2022-02-15 14:53:09,939][0m Trial 157 finished with value: 4.384881193237304 and parameters: {'hidden_size': 57, 'lr': 0.00333350927261919}. Best is trial 46 with value: 4.371968461303711.[0m
/home/erussek/.conda/envs/pDL/lib/python3.8/site-packages/optuna/distributions.py:560: UserWarning: The distribution is specified by [2, 200] and step=5, but the range is not divisible by `step`. It will be replaced by [2, 197].
  warnings.warn(
[32m[I 2022-02-15 14:54:09,038][0m Trial 158 finished with value: 4.41373596496582 and parameters: {'hidden_size': 57, 'lr': 0.0034338777841921714}. Best is trial 46 with value: 4.371968461303711.[0m
/home/erussek/.conda/envs/pDL/lib/python3.8/site-packages/optuna/distributions.py:560: UserWarning: The distribution is specified by [2, 200] and step=5, but the range is not divisible by `step`. It will be replaced by [2, 197].
  warnings.warn(
[32m[I 2022-02-15 14:55:07,901][0m Trial 159 finished with value: 4.562138879394531 and parameters: {'hidden_size': 57, 'lr': 0.0034985826261027865}. Best is trial 46 with value: 4.371968461303711.[0m
/home/erussek/.conda/envs/pDL/lib/python3.8/site-packages/optuna/distributions.py:560: UserWarning: The distribution is specified by [2, 200] and step=5, but the range is not divisible by `step`. It will be replaced by [2, 197].
  warnings.warn(
[32m[I 2022-02-15 14:56:06,007][0m Trial 160 finished with value: 4.480490303192139 and parameters: {'hidden_size': 67, 'lr': 0.003975965922806501}. Best is trial 46 with value: 4.371968461303711.[0m
/home/erussek/.conda/envs/pDL/lib/python3.8/site-packages/optuna/distributions.py:560: UserWarning: The distribution is specified by [2, 200] and step=5, but the range is not divisible by `step`. It will be replaced by [2, 197].
  warnings.warn(
[32m[I 2022-02-15 14:57:04,140][0m Trial 161 finished with value: 4.524306200027466 and parameters: {'hidden_size': 52, 'lr': 0.0034598573507000937}. Best is trial 46 with value: 4.371968461303711.[0m
/home/erussek/.conda/envs/pDL/lib/python3.8/site-packages/optuna/distributions.py:560: UserWarning: The distribution is specified by [2, 200] and step=5, but the range is not divisible by `step`. It will be replaced by [2, 197].
  warnings.warn(
[32m[I 2022-02-15 14:58:00,260][0m Trial 162 finished with value: 4.4329766043853756 and parameters: {'hidden_size': 52, 'lr': 0.002775988991404519}. Best is trial 46 with value: 4.371968461303711.[0m
/home/erussek/.conda/envs/pDL/lib/python3.8/site-packages/optuna/distributions.py:560: UserWarning: The distribution is specified by [2, 200] and step=5, but the range is not divisible by `step`. It will be replaced by [2, 197].
  warnings.warn(
[32m[I 2022-02-15 14:58:59,496][0m Trial 163 finished with value: 4.481744192276001 and parameters: {'hidden_size': 62, 'lr': 0.0037306963137795734}. Best is trial 46 with value: 4.371968461303711.[0m
/home/erussek/.conda/envs/pDL/lib/python3.8/site-packages/optuna/distributions.py:560: UserWarning: The distribution is specified by [2, 200] and step=5, but the range is not divisible by `step`. It will be replaced by [2, 197].
  warnings.warn(
[32m[I 2022-02-15 15:00:00,161][0m Trial 164 finished with value: 4.456935447616577 and parameters: {'hidden_size': 137, 'lr': 0.003138187928801356}. Best is trial 46 with value: 4.371968461303711.[0m
/home/erussek/.conda/envs/pDL/lib/python3.8/site-packages/optuna/distributions.py:560: UserWarning: The distribution is specified by [2, 200] and step=5, but the range is not divisible by `step`. It will be replaced by [2, 197].
  warnings.warn(
[32m[I 2022-02-15 15:00:58,552][0m Trial 165 finished with value: 4.428107042770386 and parameters: {'hidden_size': 57, 'lr': 0.0044623855387720375}. Best is trial 46 with value: 4.371968461303711.[0m
/home/erussek/.conda/envs/pDL/lib/python3.8/site-packages/optuna/distributions.py:560: UserWarning: The distribution is specified by [2, 200] and step=5, but the range is not divisible by `step`. It will be replaced by [2, 197].
  warnings.warn(
[32m[I 2022-02-15 15:01:56,586][0m Trial 166 finished with value: 4.523311478500366 and parameters: {'hidden_size': 47, 'lr': 0.002973209920382583}. Best is trial 46 with value: 4.371968461303711.[0m
/home/erussek/.conda/envs/pDL/lib/python3.8/site-packages/optuna/distributions.py:560: UserWarning: The distribution is specified by [2, 200] and step=5, but the range is not divisible by `step`. It will be replaced by [2, 197].
  warnings.warn(
[32m[I 2022-02-15 15:02:59,826][0m Trial 167 finished with value: 4.539684437637329 and parameters: {'hidden_size': 157, 'lr': 0.005330201338935814}. Best is trial 46 with value: 4.371968461303711.[0m
/home/erussek/.conda/envs/pDL/lib/python3.8/site-packages/optuna/distributions.py:560: UserWarning: The distribution is specified by [2, 200] and step=5, but the range is not divisible by `step`. It will be replaced by [2, 197].
  warnings.warn(
[32m[I 2022-02-15 15:03:57,445][0m Trial 168 finished with value: 4.440774531478882 and parameters: {'hidden_size': 42, 'lr': 0.0024282310264028633}. Best is trial 46 with value: 4.371968461303711.[0m
/home/erussek/.conda/envs/pDL/lib/python3.8/site-packages/optuna/distributions.py:560: UserWarning: The distribution is specified by [2, 200] and step=5, but the range is not divisible by `step`. It will be replaced by [2, 197].
  warnings.warn(
[32m[I 2022-02-15 15:04:56,384][0m Trial 169 finished with value: 4.593080974807739 and parameters: {'hidden_size': 62, 'lr': 0.0033171474347131746}. Best is trial 46 with value: 4.371968461303711.[0m
/home/erussek/.conda/envs/pDL/lib/python3.8/site-packages/optuna/distributions.py:560: UserWarning: The distribution is specified by [2, 200] and step=5, but the range is not divisible by `step`. It will be replaced by [2, 197].
  warnings.warn(
[32m[I 2022-02-15 15:05:53,871][0m Trial 170 finished with value: 4.496218880691528 and parameters: {'hidden_size': 52, 'lr': 0.0039918424508048654}. Best is trial 46 with value: 4.371968461303711.[0m
/home/erussek/.conda/envs/pDL/lib/python3.8/site-packages/optuna/distributions.py:560: UserWarning: The distribution is specified by [2, 200] and step=5, but the range is not divisible by `step`. It will be replaced by [2, 197].
  warnings.warn(
[32m[I 2022-02-15 15:06:50,207][0m Trial 171 finished with value: 4.438264628829956 and parameters: {'hidden_size': 27, 'lr': 0.0022350055345650025}. Best is trial 46 with value: 4.371968461303711.[0m
/home/erussek/.conda/envs/pDL/lib/python3.8/site-packages/optuna/distributions.py:560: UserWarning: The distribution is specified by [2, 200] and step=5, but the range is not divisible by `step`. It will be replaced by [2, 197].
  warnings.warn(
[32m[I 2022-02-15 15:07:49,598][0m Trial 172 finished with value: 4.410060235443115 and parameters: {'hidden_size': 37, 'lr': 0.002811313756821052}. Best is trial 46 with value: 4.371968461303711.[0m
/home/erussek/.conda/envs/pDL/lib/python3.8/site-packages/optuna/distributions.py:560: UserWarning: The distribution is specified by [2, 200] and step=5, but the range is not divisible by `step`. It will be replaced by [2, 197].
  warnings.warn(
[32m[I 2022-02-15 15:08:46,951][0m Trial 173 finished with value: 4.397968126907348 and parameters: {'hidden_size': 37, 'lr': 0.002587013538334558}. Best is trial 46 with value: 4.371968461303711.[0m
/home/erussek/.conda/envs/pDL/lib/python3.8/site-packages/optuna/distributions.py:560: UserWarning: The distribution is specified by [2, 200] and step=5, but the range is not divisible by `step`. It will be replaced by [2, 197].
  warnings.warn(
[32m[I 2022-02-15 15:09:46,076][0m Trial 174 finished with value: 4.477726186904907 and parameters: {'hidden_size': 37, 'lr': 0.0029033138113532995}. Best is trial 46 with value: 4.371968461303711.[0m
/home/erussek/.conda/envs/pDL/lib/python3.8/site-packages/optuna/distributions.py:560: UserWarning: The distribution is specified by [2, 200] and step=5, but the range is not divisible by `step`. It will be replaced by [2, 197].
  warnings.warn(
[32m[I 2022-02-15 15:10:43,559][0m Trial 175 finished with value: 4.4327802509307865 and parameters: {'hidden_size': 47, 'lr': 0.0032352948098761775}. Best is trial 46 with value: 4.371968461303711.[0m
/home/erussek/.conda/envs/pDL/lib/python3.8/site-packages/optuna/distributions.py:560: UserWarning: The distribution is specified by [2, 200] and step=5, but the range is not divisible by `step`. It will be replaced by [2, 197].
  warnings.warn(
[32m[I 2022-02-15 15:11:41,898][0m Trial 176 finished with value: 4.4095549634552 and parameters: {'hidden_size': 37, 'lr': 0.0036985380335842984}. Best is trial 46 with value: 4.371968461303711.[0m
/home/erussek/.conda/envs/pDL/lib/python3.8/site-packages/optuna/distributions.py:560: UserWarning: The distribution is specified by [2, 200] and step=5, but the range is not divisible by `step`. It will be replaced by [2, 197].
  warnings.warn(
[32m[I 2022-02-15 15:12:40,042][0m Trial 177 finished with value: 4.46790861907959 and parameters: {'hidden_size': 37, 'lr': 0.004577438600416934}. Best is trial 46 with value: 4.371968461303711.[0m
/home/erussek/.conda/envs/pDL/lib/python3.8/site-packages/optuna/distributions.py:560: UserWarning: The distribution is specified by [2, 200] and step=5, but the range is not divisible by `step`. It will be replaced by [2, 197].
  warnings.warn(
[32m[I 2022-02-15 15:13:39,025][0m Trial 178 finished with value: 4.449874251785278 and parameters: {'hidden_size': 42, 'lr': 0.0037914295936360204}. Best is trial 46 with value: 4.371968461303711.[0m
/home/erussek/.conda/envs/pDL/lib/python3.8/site-packages/optuna/distributions.py:560: UserWarning: The distribution is specified by [2, 200] and step=5, but the range is not divisible by `step`. It will be replaced by [2, 197].
  warnings.warn(
[32m[I 2022-02-15 15:14:35,383][0m Trial 179 finished with value: 4.4733439279174805 and parameters: {'hidden_size': 32, 'lr': 0.0034527248905174756}. Best is trial 46 with value: 4.371968461303711.[0m
/home/erussek/.conda/envs/pDL/lib/python3.8/site-packages/optuna/distributions.py:560: UserWarning: The distribution is specified by [2, 200] and step=5, but the range is not divisible by `step`. It will be replaced by [2, 197].
  warnings.warn(
[32m[I 2022-02-15 15:15:34,397][0m Trial 180 finished with value: 4.442973874511718 and parameters: {'hidden_size': 47, 'lr': 0.004342091920540517}. Best is trial 46 with value: 4.371968461303711.[0m
/home/erussek/.conda/envs/pDL/lib/python3.8/site-packages/optuna/distributions.py:560: UserWarning: The distribution is specified by [2, 200] and step=5, but the range is not divisible by `step`. It will be replaced by [2, 197].
  warnings.warn(
[32m[I 2022-02-15 15:16:33,123][0m Trial 181 finished with value: 4.504018153152466 and parameters: {'hidden_size': 57, 'lr': 0.002597730500233861}. Best is trial 46 with value: 4.371968461303711.[0m
/home/erussek/.conda/envs/pDL/lib/python3.8/site-packages/optuna/distributions.py:560: UserWarning: The distribution is specified by [2, 200] and step=5, but the range is not divisible by `step`. It will be replaced by [2, 197].
  warnings.warn(
[32m[I 2022-02-15 15:17:30,473][0m Trial 182 finished with value: 4.417997515258789 and parameters: {'hidden_size': 37, 'lr': 0.002948071647029508}. Best is trial 46 with value: 4.371968461303711.[0m
/home/erussek/.conda/envs/pDL/lib/python3.8/site-packages/optuna/distributions.py:560: UserWarning: The distribution is specified by [2, 200] and step=5, but the range is not divisible by `step`. It will be replaced by [2, 197].
  warnings.warn(
[32m[I 2022-02-15 15:18:29,869][0m Trial 183 finished with value: 4.396849584197998 and parameters: {'hidden_size': 42, 'lr': 0.0035836451967041862}. Best is trial 46 with value: 4.371968461303711.[0m
/home/erussek/.conda/envs/pDL/lib/python3.8/site-packages/optuna/distributions.py:560: UserWarning: The distribution is specified by [2, 200] and step=5, but the range is not divisible by `step`. It will be replaced by [2, 197].
  warnings.warn(
[32m[I 2022-02-15 15:19:27,285][0m Trial 184 finished with value: 4.403161241226196 and parameters: {'hidden_size': 42, 'lr': 0.0036278515929205122}. Best is trial 46 with value: 4.371968461303711.[0m
/home/erussek/.conda/envs/pDL/lib/python3.8/site-packages/optuna/distributions.py:560: UserWarning: The distribution is specified by [2, 200] and step=5, but the range is not divisible by `step`. It will be replaced by [2, 197].
  warnings.warn(
[32m[I 2022-02-15 15:20:25,010][0m Trial 185 finished with value: 4.434270846252441 and parameters: {'hidden_size': 32, 'lr': 0.003620592130965145}. Best is trial 46 with value: 4.371968461303711.[0m
/home/erussek/.conda/envs/pDL/lib/python3.8/site-packages/optuna/distributions.py:560: UserWarning: The distribution is specified by [2, 200] and step=5, but the range is not divisible by `step`. It will be replaced by [2, 197].
  warnings.warn(
[32m[I 2022-02-15 15:21:22,465][0m Trial 186 finished with value: 4.501245323486328 and parameters: {'hidden_size': 42, 'lr': 0.004014982655126548}. Best is trial 46 with value: 4.371968461303711.[0m
/home/erussek/.conda/envs/pDL/lib/python3.8/site-packages/optuna/distributions.py:560: UserWarning: The distribution is specified by [2, 200] and step=5, but the range is not divisible by `step`. It will be replaced by [2, 197].
  warnings.warn(
[32m[I 2022-02-15 15:22:26,992][0m Trial 187 finished with value: 4.532714838867188 and parameters: {'hidden_size': 197, 'lr': 0.003209248107872633}. Best is trial 46 with value: 4.371968461303711.[0m
/home/erussek/.conda/envs/pDL/lib/python3.8/site-packages/optuna/distributions.py:560: UserWarning: The distribution is specified by [2, 200] and step=5, but the range is not divisible by `step`. It will be replaced by [2, 197].
  warnings.warn(
[32m[I 2022-02-15 15:23:25,059][0m Trial 188 finished with value: 4.50390240234375 and parameters: {'hidden_size': 37, 'lr': 0.003621413614338449}. Best is trial 46 with value: 4.371968461303711.[0m
/home/erussek/.conda/envs/pDL/lib/python3.8/site-packages/optuna/distributions.py:560: UserWarning: The distribution is specified by [2, 200] and step=5, but the range is not divisible by `step`. It will be replaced by [2, 197].
  warnings.warn(
[32m[I 2022-02-15 15:24:23,960][0m Trial 189 finished with value: 4.961443188629151 and parameters: {'hidden_size': 47, 'lr': 0.0001710529886238266}. Best is trial 46 with value: 4.371968461303711.[0m
/home/erussek/.conda/envs/pDL/lib/python3.8/site-packages/optuna/distributions.py:560: UserWarning: The distribution is specified by [2, 200] and step=5, but the range is not divisible by `step`. It will be replaced by [2, 197].
  warnings.warn(
[32m[I 2022-02-15 15:25:20,392][0m Trial 190 finished with value: 4.684919233474732 and parameters: {'hidden_size': 32, 'lr': 0.005035406297293413}. Best is trial 46 with value: 4.371968461303711.[0m
/home/erussek/.conda/envs/pDL/lib/python3.8/site-packages/optuna/distributions.py:560: UserWarning: The distribution is specified by [2, 200] and step=5, but the range is not divisible by `step`. It will be replaced by [2, 197].
  warnings.warn(
[32m[I 2022-02-15 15:26:19,465][0m Trial 191 finished with value: 4.426620276565552 and parameters: {'hidden_size': 42, 'lr': 0.004027408545125043}. Best is trial 46 with value: 4.371968461303711.[0m
/home/erussek/.conda/envs/pDL/lib/python3.8/site-packages/optuna/distributions.py:560: UserWarning: The distribution is specified by [2, 200] and step=5, but the range is not divisible by `step`. It will be replaced by [2, 197].
  warnings.warn(
[32m[I 2022-02-15 15:27:18,156][0m Trial 192 finished with value: 4.412991409759521 and parameters: {'hidden_size': 42, 'lr': 0.00320211479674274}. Best is trial 46 with value: 4.371968461303711.[0m
/home/erussek/.conda/envs/pDL/lib/python3.8/site-packages/optuna/distributions.py:560: UserWarning: The distribution is specified by [2, 200] and step=5, but the range is not divisible by `step`. It will be replaced by [2, 197].
  warnings.warn(
