[32m[I 2022-01-19 12:19:46,171][0m A new study created in memory with name: no-name-d718e36a-f854-4b68-9734-d95a963c0435[0m
/home/erussek/.conda/envs/pDL/lib/python3.8/site-packages/optuna/distributions.py:560: UserWarning: The distribution is specified by [2, 150] and step=5, but the range is not divisible by `step`. It will be replaced by [2, 147].
  warnings.warn(
[32m[I 2022-01-19 12:20:24,879][0m Trial 0 finished with value: 0.02675536467183021 and parameters: {'hidden_size': 122, 'lr': 0.00531457799200929}. Best is trial 0 with value: 0.02675536467183021.[0m
/home/erussek/.conda/envs/pDL/lib/python3.8/site-packages/optuna/distributions.py:560: UserWarning: The distribution is specified by [2, 150] and step=5, but the range is not divisible by `step`. It will be replaced by [2, 147].
  warnings.warn(
[32m[I 2022-01-19 12:20:48,524][0m Trial 1 finished with value: 0.19267664753621624 and parameters: {'hidden_size': 32, 'lr': 0.00021679826688458337}. Best is trial 0 with value: 0.02675536467183021.[0m
/home/erussek/.conda/envs/pDL/lib/python3.8/site-packages/optuna/distributions.py:560: UserWarning: The distribution is specified by [2, 150] and step=5, but the range is not divisible by `step`. It will be replaced by [2, 147].
  warnings.warn(
[32m[I 2022-01-19 12:21:12,234][0m Trial 2 finished with value: 0.033377169961890864 and parameters: {'hidden_size': 32, 'lr': 0.0018560921417185717}. Best is trial 0 with value: 0.02675536467183021.[0m
/home/erussek/.conda/envs/pDL/lib/python3.8/site-packages/optuna/distributions.py:560: UserWarning: The distribution is specified by [2, 150] and step=5, but the range is not divisible by `step`. It will be replaced by [2, 147].
  warnings.warn(
[32m[I 2022-01-19 12:21:36,214][0m Trial 3 finished with value: 3.7273309307713665 and parameters: {'hidden_size': 27, 'lr': 0.00012814684371906574}. Best is trial 0 with value: 0.02675536467183021.[0m
/home/erussek/.conda/envs/pDL/lib/python3.8/site-packages/optuna/distributions.py:560: UserWarning: The distribution is specified by [2, 150] and step=5, but the range is not divisible by `step`. It will be replaced by [2, 147].
  warnings.warn(
[32m[I 2022-01-19 12:22:00,766][0m Trial 4 finished with value: 0.02080942801530323 and parameters: {'hidden_size': 132, 'lr': 0.0016887892614630376}. Best is trial 4 with value: 0.02080942801530323.[0m
/home/erussek/.conda/envs/pDL/lib/python3.8/site-packages/optuna/distributions.py:560: UserWarning: The distribution is specified by [2, 150] and step=5, but the range is not divisible by `step`. It will be replaced by [2, 147].
  warnings.warn(
[32m[I 2022-01-19 12:22:24,704][0m Trial 5 finished with value: 0.04618448199283692 and parameters: {'hidden_size': 22, 'lr': 0.0011281120845666316}. Best is trial 4 with value: 0.02080942801530323.[0m
/home/erussek/.conda/envs/pDL/lib/python3.8/site-packages/optuna/distributions.py:560: UserWarning: The distribution is specified by [2, 150] and step=5, but the range is not divisible by `step`. It will be replaced by [2, 147].
  warnings.warn(
[32m[I 2022-01-19 12:22:49,559][0m Trial 6 finished with value: 0.01566422907935996 and parameters: {'hidden_size': 112, 'lr': 0.0008558969266943852}. Best is trial 6 with value: 0.01566422907935996.[0m
/home/erussek/.conda/envs/pDL/lib/python3.8/site-packages/optuna/distributions.py:560: UserWarning: The distribution is specified by [2, 150] and step=5, but the range is not divisible by `step`. It will be replaced by [2, 147].
  warnings.warn(
[32m[I 2022-01-19 12:23:13,845][0m Trial 7 finished with value: 0.02025657519698143 and parameters: {'hidden_size': 57, 'lr': 0.0017772797139088913}. Best is trial 6 with value: 0.01566422907935996.[0m
/home/erussek/.conda/envs/pDL/lib/python3.8/site-packages/optuna/distributions.py:560: UserWarning: The distribution is specified by [2, 150] and step=5, but the range is not divisible by `step`. It will be replaced by [2, 147].
  warnings.warn(
[32m[I 2022-01-19 12:23:37,598][0m Trial 8 finished with value: 3.1766485552633963 and parameters: {'hidden_size': 2, 'lr': 0.0012417328374846556}. Best is trial 6 with value: 0.01566422907935996.[0m
/home/erussek/.conda/envs/pDL/lib/python3.8/site-packages/optuna/distributions.py:560: UserWarning: The distribution is specified by [2, 150] and step=5, but the range is not divisible by `step`. It will be replaced by [2, 147].
  warnings.warn(
[32m[I 2022-01-19 12:24:01,239][0m Trial 9 finished with value: 0.4140076031607966 and parameters: {'hidden_size': 7, 'lr': 0.0010493628927357931}. Best is trial 6 with value: 0.01566422907935996.[0m
/home/erussek/.conda/envs/pDL/lib/python3.8/site-packages/optuna/distributions.py:560: UserWarning: The distribution is specified by [2, 150] and step=5, but the range is not divisible by `step`. It will be replaced by [2, 147].
  warnings.warn(
[32m[I 2022-01-19 12:24:25,634][0m Trial 10 finished with value: 0.026605902660277583 and parameters: {'hidden_size': 92, 'lr': 0.00030233129658441065}. Best is trial 6 with value: 0.01566422907935996.[0m
/home/erussek/.conda/envs/pDL/lib/python3.8/site-packages/optuna/distributions.py:560: UserWarning: The distribution is specified by [2, 150] and step=5, but the range is not divisible by `step`. It will be replaced by [2, 147].
  warnings.warn(
[32m[I 2022-01-19 12:24:50,414][0m Trial 11 finished with value: 0.05059000188785215 and parameters: {'hidden_size': 67, 'lr': 0.0044382165643063205}. Best is trial 6 with value: 0.01566422907935996.[0m
/home/erussek/.conda/envs/pDL/lib/python3.8/site-packages/optuna/distributions.py:560: UserWarning: The distribution is specified by [2, 150] and step=5, but the range is not divisible by `step`. It will be replaced by [2, 147].
  warnings.warn(
[32m[I 2022-01-19 12:25:14,759][0m Trial 12 finished with value: 0.03887850046157837 and parameters: {'hidden_size': 77, 'lr': 0.00047822072485740247}. Best is trial 6 with value: 0.01566422907935996.[0m
/home/erussek/.conda/envs/pDL/lib/python3.8/site-packages/optuna/distributions.py:560: UserWarning: The distribution is specified by [2, 150] and step=5, but the range is not divisible by `step`. It will be replaced by [2, 147].
  warnings.warn(
[32m[I 2022-01-19 12:25:39,418][0m Trial 13 finished with value: 0.047953384838277296 and parameters: {'hidden_size': 102, 'lr': 0.009152733617697292}. Best is trial 6 with value: 0.01566422907935996.[0m
/home/erussek/.conda/envs/pDL/lib/python3.8/site-packages/optuna/distributions.py:560: UserWarning: The distribution is specified by [2, 150] and step=5, but the range is not divisible by `step`. It will be replaced by [2, 147].
  warnings.warn(
[32m[I 2022-01-19 12:26:03,632][0m Trial 14 finished with value: 0.02172838319693842 and parameters: {'hidden_size': 57, 'lr': 0.0005405615581190401}. Best is trial 6 with value: 0.01566422907935996.[0m
/home/erussek/.conda/envs/pDL/lib/python3.8/site-packages/optuna/distributions.py:560: UserWarning: The distribution is specified by [2, 150] and step=5, but the range is not divisible by `step`. It will be replaced by [2, 147].
  warnings.warn(
[32m[I 2022-01-19 12:26:28,592][0m Trial 15 finished with value: 0.02578887048988573 and parameters: {'hidden_size': 112, 'lr': 0.00302397488129912}. Best is trial 6 with value: 0.01566422907935996.[0m
/home/erussek/.conda/envs/pDL/lib/python3.8/site-packages/optuna/distributions.py:560: UserWarning: The distribution is specified by [2, 150] and step=5, but the range is not divisible by `step`. It will be replaced by [2, 147].
  warnings.warn(
[32m[I 2022-01-19 12:26:54,260][0m Trial 16 finished with value: 0.023376041362362522 and parameters: {'hidden_size': 147, 'lr': 0.0006505595227957485}. Best is trial 6 with value: 0.01566422907935996.[0m
/home/erussek/.conda/envs/pDL/lib/python3.8/site-packages/optuna/distributions.py:560: UserWarning: The distribution is specified by [2, 150] and step=5, but the range is not divisible by `step`. It will be replaced by [2, 147].
  warnings.warn(
[32m[I 2022-01-19 12:27:18,727][0m Trial 17 finished with value: 0.05455464184764893 and parameters: {'hidden_size': 87, 'lr': 0.002242520236092048}. Best is trial 6 with value: 0.01566422907935996.[0m
/home/erussek/.conda/envs/pDL/lib/python3.8/site-packages/optuna/distributions.py:560: UserWarning: The distribution is specified by [2, 150] and step=5, but the range is not divisible by `step`. It will be replaced by [2, 147].
  warnings.warn(
[32m[I 2022-01-19 12:27:42,850][0m Trial 18 finished with value: 0.031208263589970527 and parameters: {'hidden_size': 57, 'lr': 0.0006434437498770664}. Best is trial 6 with value: 0.01566422907935996.[0m
/home/erussek/.conda/envs/pDL/lib/python3.8/site-packages/optuna/distributions.py:560: UserWarning: The distribution is specified by [2, 150] and step=5, but the range is not divisible by `step`. It will be replaced by [2, 147].
  warnings.warn(
[32m[I 2022-01-19 12:28:07,077][0m Trial 19 finished with value: 0.034561644578652996 and parameters: {'hidden_size': 47, 'lr': 0.00032613270354670703}. Best is trial 6 with value: 0.01566422907935996.[0m
/home/erussek/.conda/envs/pDL/lib/python3.8/site-packages/optuna/distributions.py:560: UserWarning: The distribution is specified by [2, 150] and step=5, but the range is not divisible by `step`. It will be replaced by [2, 147].
  warnings.warn(
[32m[I 2022-01-19 12:28:32,809][0m Trial 20 finished with value: 0.03105282224714756 and parameters: {'hidden_size': 147, 'lr': 0.003726800218880851}. Best is trial 6 with value: 0.01566422907935996.[0m
/home/erussek/.conda/envs/pDL/lib/python3.8/site-packages/optuna/distributions.py:560: UserWarning: The distribution is specified by [2, 150] and step=5, but the range is not divisible by `step`. It will be replaced by [2, 147].
  warnings.warn(
[32m[I 2022-01-19 12:28:57,796][0m Trial 21 finished with value: 0.08136046413452394 and parameters: {'hidden_size': 127, 'lr': 0.0017206380435194144}. Best is trial 6 with value: 0.01566422907935996.[0m
/home/erussek/.conda/envs/pDL/lib/python3.8/site-packages/optuna/distributions.py:560: UserWarning: The distribution is specified by [2, 150] and step=5, but the range is not divisible by `step`. It will be replaced by [2, 147].
  warnings.warn(
[32m[I 2022-01-19 12:29:22,681][0m Trial 22 finished with value: 0.00950931251469639 and parameters: {'hidden_size': 132, 'lr': 0.0016235545804896348}. Best is trial 22 with value: 0.00950931251469639.[0m
/home/erussek/.conda/envs/pDL/lib/python3.8/site-packages/optuna/distributions.py:560: UserWarning: The distribution is specified by [2, 150] and step=5, but the range is not divisible by `step`. It will be replaced by [2, 147].
  warnings.warn(
[32m[I 2022-01-19 12:29:47,317][0m Trial 23 finished with value: 0.020518707772416454 and parameters: {'hidden_size': 107, 'lr': 0.0008569085468167123}. Best is trial 22 with value: 0.00950931251469639.[0m
/home/erussek/.conda/envs/pDL/lib/python3.8/site-packages/optuna/distributions.py:560: UserWarning: The distribution is specified by [2, 150] and step=5, but the range is not divisible by `step`. It will be replaced by [2, 147].
  warnings.warn(
[32m[I 2022-01-19 12:30:12,509][0m Trial 24 finished with value: 0.055372130005590374 and parameters: {'hidden_size': 137, 'lr': 0.0025912998177519625}. Best is trial 22 with value: 0.00950931251469639.[0m
/home/erussek/.conda/envs/pDL/lib/python3.8/site-packages/optuna/distributions.py:560: UserWarning: The distribution is specified by [2, 150] and step=5, but the range is not divisible by `step`. It will be replaced by [2, 147].
  warnings.warn(
[32m[I 2022-01-19 12:30:36,955][0m Trial 25 finished with value: 0.027173863002850164 and parameters: {'hidden_size': 82, 'lr': 0.006148177186651215}. Best is trial 22 with value: 0.00950931251469639.[0m
/home/erussek/.conda/envs/pDL/lib/python3.8/site-packages/optuna/distributions.py:560: UserWarning: The distribution is specified by [2, 150] and step=5, but the range is not divisible by `step`. It will be replaced by [2, 147].
  warnings.warn(
[32m[I 2022-01-19 12:31:01,663][0m Trial 26 finished with value: 0.019124395664661162 and parameters: {'hidden_size': 117, 'lr': 0.001324563940433796}. Best is trial 22 with value: 0.00950931251469639.[0m
/home/erussek/.conda/envs/pDL/lib/python3.8/site-packages/optuna/distributions.py:560: UserWarning: The distribution is specified by [2, 150] and step=5, but the range is not divisible by `step`. It will be replaced by [2, 147].
  warnings.warn(
[32m[I 2022-01-19 12:31:26,451][0m Trial 27 finished with value: 0.013286997053411699 and parameters: {'hidden_size': 117, 'lr': 0.0008141421030292447}. Best is trial 22 with value: 0.00950931251469639.[0m
/home/erussek/.conda/envs/pDL/lib/python3.8/site-packages/optuna/distributions.py:560: UserWarning: The distribution is specified by [2, 150] and step=5, but the range is not divisible by `step`. It will be replaced by [2, 147].
  warnings.warn(
[32m[I 2022-01-19 12:31:51,082][0m Trial 28 finished with value: 0.04299559011574714 and parameters: {'hidden_size': 97, 'lr': 0.0008720123532991167}. Best is trial 22 with value: 0.00950931251469639.[0m
/home/erussek/.conda/envs/pDL/lib/python3.8/site-packages/optuna/distributions.py:560: UserWarning: The distribution is specified by [2, 150] and step=5, but the range is not divisible by `step`. It will be replaced by [2, 147].
  warnings.warn(
[32m[I 2022-01-19 12:32:15,835][0m Trial 29 finished with value: 0.02296932384131416 and parameters: {'hidden_size': 122, 'lr': 0.0006978305406945171}. Best is trial 22 with value: 0.00950931251469639.[0m
/home/erussek/.conda/envs/pDL/lib/python3.8/site-packages/optuna/distributions.py:560: UserWarning: The distribution is specified by [2, 150] and step=5, but the range is not divisible by `step`. It will be replaced by [2, 147].
  warnings.warn(
[32m[I 2022-01-19 12:32:40,468][0m Trial 30 finished with value: 0.024388553334339973 and parameters: {'hidden_size': 132, 'lr': 0.0004340833117034761}. Best is trial 22 with value: 0.00950931251469639.[0m
/home/erussek/.conda/envs/pDL/lib/python3.8/site-packages/optuna/distributions.py:560: UserWarning: The distribution is specified by [2, 150] and step=5, but the range is not divisible by `step`. It will be replaced by [2, 147].
  warnings.warn(
[32m[I 2022-01-19 12:33:05,263][0m Trial 31 finished with value: 0.009247874120070089 and parameters: {'hidden_size': 117, 'lr': 0.0013026165559448196}. Best is trial 31 with value: 0.009247874120070089.[0m
/home/erussek/.conda/envs/pDL/lib/python3.8/site-packages/optuna/distributions.py:560: UserWarning: The distribution is specified by [2, 150] and step=5, but the range is not divisible by `step`. It will be replaced by [2, 147].
  warnings.warn(
[32m[I 2022-01-19 12:33:29,985][0m Trial 32 finished with value: 0.02412496068544926 and parameters: {'hidden_size': 117, 'lr': 0.0014582991497540136}. Best is trial 31 with value: 0.009247874120070089.[0m
/home/erussek/.conda/envs/pDL/lib/python3.8/site-packages/optuna/distributions.py:560: UserWarning: The distribution is specified by [2, 150] and step=5, but the range is not divisible by `step`. It will be replaced by [2, 147].
  warnings.warn(
[32m[I 2022-01-19 12:33:54,656][0m Trial 33 finished with value: 0.023417681635868166 and parameters: {'hidden_size': 107, 'lr': 0.0008647972569801217}. Best is trial 31 with value: 0.009247874120070089.[0m
/home/erussek/.conda/envs/pDL/lib/python3.8/site-packages/optuna/distributions.py:560: UserWarning: The distribution is specified by [2, 150] and step=5, but the range is not divisible by `step`. It will be replaced by [2, 147].
  warnings.warn(
[32m[I 2022-01-19 12:34:19,755][0m Trial 34 finished with value: 0.09872079183978419 and parameters: {'hidden_size': 137, 'lr': 0.0003371011808471195}. Best is trial 31 with value: 0.009247874120070089.[0m
/home/erussek/.conda/envs/pDL/lib/python3.8/site-packages/optuna/distributions.py:560: UserWarning: The distribution is specified by [2, 150] and step=5, but the range is not divisible by `step`. It will be replaced by [2, 147].
  warnings.warn(
[32m[I 2022-01-19 12:34:44,566][0m Trial 35 finished with value: 0.0460473305035022 and parameters: {'hidden_size': 122, 'lr': 0.00013521755219258186}. Best is trial 31 with value: 0.009247874120070089.[0m
/home/erussek/.conda/envs/pDL/lib/python3.8/site-packages/optuna/distributions.py:560: UserWarning: The distribution is specified by [2, 150] and step=5, but the range is not divisible by `step`. It will be replaced by [2, 147].
  warnings.warn(
[32m[I 2022-01-19 12:35:09,207][0m Trial 36 finished with value: 0.020514367899346735 and parameters: {'hidden_size': 97, 'lr': 0.00219232575737077}. Best is trial 31 with value: 0.009247874120070089.[0m
/home/erussek/.conda/envs/pDL/lib/python3.8/site-packages/optuna/distributions.py:560: UserWarning: The distribution is specified by [2, 150] and step=5, but the range is not divisible by `step`. It will be replaced by [2, 147].
  warnings.warn(
[32m[I 2022-01-19 12:35:34,377][0m Trial 37 finished with value: 0.03440041948230036 and parameters: {'hidden_size': 142, 'lr': 0.0010986229403307797}. Best is trial 31 with value: 0.009247874120070089.[0m
/home/erussek/.conda/envs/pDL/lib/python3.8/site-packages/optuna/distributions.py:560: UserWarning: The distribution is specified by [2, 150] and step=5, but the range is not divisible by `step`. It will be replaced by [2, 147].
  warnings.warn(
[32m[I 2022-01-19 12:35:59,146][0m Trial 38 finished with value: 0.054949268338180354 and parameters: {'hidden_size': 127, 'lr': 0.00017607911346147618}. Best is trial 31 with value: 0.009247874120070089.[0m
/home/erussek/.conda/envs/pDL/lib/python3.8/site-packages/optuna/distributions.py:560: UserWarning: The distribution is specified by [2, 150] and step=5, but the range is not divisible by `step`. It will be replaced by [2, 147].
  warnings.warn(
[32m[I 2022-01-19 12:36:23,805][0m Trial 39 finished with value: 0.10814799993268905 and parameters: {'hidden_size': 112, 'lr': 0.001423567241858474}. Best is trial 31 with value: 0.009247874120070089.[0m
/home/erussek/.conda/envs/pDL/lib/python3.8/site-packages/optuna/distributions.py:560: UserWarning: The distribution is specified by [2, 150] and step=5, but the range is not divisible by `step`. It will be replaced by [2, 147].
  warnings.warn(
[32m[I 2022-01-19 12:36:48,508][0m Trial 40 finished with value: 0.1657103588504176 and parameters: {'hidden_size': 127, 'lr': 0.0030921572185004472}. Best is trial 31 with value: 0.009247874120070089.[0m
/home/erussek/.conda/envs/pDL/lib/python3.8/site-packages/optuna/distributions.py:560: UserWarning: The distribution is specified by [2, 150] and step=5, but the range is not divisible by `step`. It will be replaced by [2, 147].
  warnings.warn(
[32m[I 2022-01-19 12:37:13,303][0m Trial 41 finished with value: 0.05231862623364695 and parameters: {'hidden_size': 117, 'lr': 0.0013730715165283962}. Best is trial 31 with value: 0.009247874120070089.[0m
/home/erussek/.conda/envs/pDL/lib/python3.8/site-packages/optuna/distributions.py:560: UserWarning: The distribution is specified by [2, 150] and step=5, but the range is not divisible by `step`. It will be replaced by [2, 147].
  warnings.warn(
[32m[I 2022-01-19 12:37:37,994][0m Trial 42 finished with value: 0.04517872126833085 and parameters: {'hidden_size': 107, 'lr': 0.0009972734036979138}. Best is trial 31 with value: 0.009247874120070089.[0m
/home/erussek/.conda/envs/pDL/lib/python3.8/site-packages/optuna/distributions.py:560: UserWarning: The distribution is specified by [2, 150] and step=5, but the range is not divisible by `step`. It will be replaced by [2, 147].
  warnings.warn(
[32m[I 2022-01-19 12:38:03,160][0m Trial 43 finished with value: 0.037340556661928856 and parameters: {'hidden_size': 137, 'lr': 0.0019378220098941932}. Best is trial 31 with value: 0.009247874120070089.[0m
/home/erussek/.conda/envs/pDL/lib/python3.8/site-packages/optuna/distributions.py:560: UserWarning: The distribution is specified by [2, 150] and step=5, but the range is not divisible by `step`. It will be replaced by [2, 147].
  warnings.warn(
[32m[I 2022-01-19 12:38:27,823][0m Trial 44 finished with value: 0.023803802387368296 and parameters: {'hidden_size': 97, 'lr': 0.001236216273746452}. Best is trial 31 with value: 0.009247874120070089.[0m
/home/erussek/.conda/envs/pDL/lib/python3.8/site-packages/optuna/distributions.py:560: UserWarning: The distribution is specified by [2, 150] and step=5, but the range is not divisible by `step`. It will be replaced by [2, 147].
  warnings.warn(
[32m[I 2022-01-19 12:38:52,586][0m Trial 45 finished with value: 0.021947002699298244 and parameters: {'hidden_size': 117, 'lr': 0.0007456846668704749}. Best is trial 31 with value: 0.009247874120070089.[0m
/home/erussek/.conda/envs/pDL/lib/python3.8/site-packages/optuna/distributions.py:560: UserWarning: The distribution is specified by [2, 150] and step=5, but the range is not divisible by `step`. It will be replaced by [2, 147].
  warnings.warn(
[32m[I 2022-01-19 12:39:16,964][0m Trial 46 finished with value: 0.048344933818424904 and parameters: {'hidden_size': 87, 'lr': 0.0005451522344378135}. Best is trial 31 with value: 0.009247874120070089.[0m
/home/erussek/.conda/envs/pDL/lib/python3.8/site-packages/optuna/distributions.py:560: UserWarning: The distribution is specified by [2, 150] and step=5, but the range is not divisible by `step`. It will be replaced by [2, 147].
  warnings.warn(
