[32m[I 2022-02-15 17:47:06,081][0m Trial 337 finished with value: 4.610111250915527 and parameters: {'hidden_size': 42, 'lr': 0.0021612852573125057}. Best is trial 206 with value: 4.355436987609863.[0m
/home/erussek/.conda/envs/pDL/lib/python3.8/site-packages/optuna/distributions.py:560: UserWarning: The distribution is specified by [2, 200] and step=5, but the range is not divisible by `step`. It will be replaced by [2, 197].
  warnings.warn(
[32m[I 2022-02-15 17:48:04,151][0m Trial 338 finished with value: 4.427548755264282 and parameters: {'hidden_size': 47, 'lr': 0.002460972361033339}. Best is trial 206 with value: 4.355436987609863.[0m
/home/erussek/.conda/envs/pDL/lib/python3.8/site-packages/optuna/distributions.py:560: UserWarning: The distribution is specified by [2, 200] and step=5, but the range is not divisible by `step`. It will be replaced by [2, 197].
  warnings.warn(
[32m[I 2022-02-15 17:49:02,086][0m Trial 339 finished with value: 4.419237093276977 and parameters: {'hidden_size': 47, 'lr': 0.0025269145197072585}. Best is trial 206 with value: 4.355436987609863.[0m
/home/erussek/.conda/envs/pDL/lib/python3.8/site-packages/optuna/distributions.py:560: UserWarning: The distribution is specified by [2, 200] and step=5, but the range is not divisible by `step`. It will be replaced by [2, 197].
  warnings.warn(
[32m[I 2022-02-15 17:50:05,471][0m Trial 340 finished with value: 4.505190032196045 and parameters: {'hidden_size': 157, 'lr': 0.0022608401254574626}. Best is trial 206 with value: 4.355436987609863.[0m
/home/erussek/.conda/envs/pDL/lib/python3.8/site-packages/optuna/distributions.py:560: UserWarning: The distribution is specified by [2, 200] and step=5, but the range is not divisible by `step`. It will be replaced by [2, 197].
  warnings.warn(
[32m[I 2022-02-15 17:51:03,143][0m Trial 341 finished with value: 4.398620869140625 and parameters: {'hidden_size': 42, 'lr': 0.0025409074817478714}. Best is trial 206 with value: 4.355436987609863.[0m
/home/erussek/.conda/envs/pDL/lib/python3.8/site-packages/optuna/distributions.py:560: UserWarning: The distribution is specified by [2, 200] and step=5, but the range is not divisible by `step`. It will be replaced by [2, 197].
  warnings.warn(
[32m[I 2022-02-15 17:52:02,557][0m Trial 342 finished with value: 4.418757405471802 and parameters: {'hidden_size': 47, 'lr': 0.0018703833113951076}. Best is trial 206 with value: 4.355436987609863.[0m
/home/erussek/.conda/envs/pDL/lib/python3.8/site-packages/optuna/distributions.py:560: UserWarning: The distribution is specified by [2, 200] and step=5, but the range is not divisible by `step`. It will be replaced by [2, 197].
  warnings.warn(
[32m[I 2022-02-15 17:53:00,247][0m Trial 343 finished with value: 4.440967797164917 and parameters: {'hidden_size': 37, 'lr': 0.0025480806771899745}. Best is trial 206 with value: 4.355436987609863.[0m
/home/erussek/.conda/envs/pDL/lib/python3.8/site-packages/optuna/distributions.py:560: UserWarning: The distribution is specified by [2, 200] and step=5, but the range is not divisible by `step`. It will be replaced by [2, 197].
  warnings.warn(
[32m[I 2022-02-15 17:53:58,845][0m Trial 344 finished with value: 4.482572853698731 and parameters: {'hidden_size': 47, 'lr': 0.002244734391410627}. Best is trial 206 with value: 4.355436987609863.[0m
/home/erussek/.conda/envs/pDL/lib/python3.8/site-packages/optuna/distributions.py:560: UserWarning: The distribution is specified by [2, 200] and step=5, but the range is not divisible by `step`. It will be replaced by [2, 197].
  warnings.warn(
[32m[I 2022-02-15 17:54:56,941][0m Trial 345 finished with value: 4.4380006246948245 and parameters: {'hidden_size': 42, 'lr': 0.001957863464605202}. Best is trial 206 with value: 4.355436987609863.[0m
/home/erussek/.conda/envs/pDL/lib/python3.8/site-packages/optuna/distributions.py:560: UserWarning: The distribution is specified by [2, 200] and step=5, but the range is not divisible by `step`. It will be replaced by [2, 197].
  warnings.warn(
[32m[I 2022-02-15 17:55:54,493][0m Trial 346 finished with value: 4.598770847320557 and parameters: {'hidden_size': 52, 'lr': 0.0026515078009502584}. Best is trial 206 with value: 4.355436987609863.[0m
/home/erussek/.conda/envs/pDL/lib/python3.8/site-packages/optuna/distributions.py:560: UserWarning: The distribution is specified by [2, 200] and step=5, but the range is not divisible by `step`. It will be replaced by [2, 197].
  warnings.warn(
[32m[I 2022-02-15 17:56:52,125][0m Trial 347 finished with value: 4.4854009657287595 and parameters: {'hidden_size': 42, 'lr': 0.0024264066993053427}. Best is trial 206 with value: 4.355436987609863.[0m
/home/erussek/.conda/envs/pDL/lib/python3.8/site-packages/optuna/distributions.py:560: UserWarning: The distribution is specified by [2, 200] and step=5, but the range is not divisible by `step`. It will be replaced by [2, 197].
  warnings.warn(
[32m[I 2022-02-15 17:57:49,681][0m Trial 348 finished with value: 4.415229804992676 and parameters: {'hidden_size': 37, 'lr': 0.002965496828969326}. Best is trial 206 with value: 4.355436987609863.[0m
/home/erussek/.conda/envs/pDL/lib/python3.8/site-packages/optuna/distributions.py:560: UserWarning: The distribution is specified by [2, 200] and step=5, but the range is not divisible by `step`. It will be replaced by [2, 197].
  warnings.warn(
