[32m[I 2022-01-19 12:59:39,579][0m Trial 95 finished with value: 0.05742362369933436 and parameters: {'hidden_size': 137, 'lr': 0.0007898040286833287}. Best is trial 86 with value: 0.008411980189022518.[0m
/home/erussek/.conda/envs/pDL/lib/python3.8/site-packages/optuna/distributions.py:560: UserWarning: The distribution is specified by [2, 150] and step=5, but the range is not divisible by `step`. It will be replaced by [2, 147].
  warnings.warn(
[32m[I 2022-01-19 13:00:04,323][0m Trial 96 finished with value: 0.011672350698180737 and parameters: {'hidden_size': 127, 'lr': 0.001428642803715466}. Best is trial 86 with value: 0.008411980189022518.[0m
/home/erussek/.conda/envs/pDL/lib/python3.8/site-packages/optuna/distributions.py:560: UserWarning: The distribution is specified by [2, 150] and step=5, but the range is not divisible by `step`. It will be replaced by [2, 147].
  warnings.warn(
[32m[I 2022-01-19 13:00:29,603][0m Trial 97 finished with value: 0.013490256958550984 and parameters: {'hidden_size': 142, 'lr': 0.0014308780451627171}. Best is trial 86 with value: 0.008411980189022518.[0m
/home/erussek/.conda/envs/pDL/lib/python3.8/site-packages/optuna/distributions.py:560: UserWarning: The distribution is specified by [2, 150] and step=5, but the range is not divisible by `step`. It will be replaced by [2, 147].
  warnings.warn(
[32m[I 2022-01-19 13:00:54,483][0m Trial 98 finished with value: 0.047857857399409814 and parameters: {'hidden_size': 127, 'lr': 0.002040337605643633}. Best is trial 86 with value: 0.008411980189022518.[0m
/home/erussek/.conda/envs/pDL/lib/python3.8/site-packages/optuna/distributions.py:560: UserWarning: The distribution is specified by [2, 150] and step=5, but the range is not divisible by `step`. It will be replaced by [2, 147].
  warnings.warn(
[32m[I 2022-01-19 13:01:19,801][0m Trial 99 finished with value: 0.020680561331250975 and parameters: {'hidden_size': 137, 'lr': 0.0017072737945964935}. Best is trial 86 with value: 0.008411980189022518.[0m
/home/erussek/.conda/envs/pDL/lib/python3.8/site-packages/optuna/distributions.py:560: UserWarning: The distribution is specified by [2, 150] and step=5, but the range is not divisible by `step`. It will be replaced by [2, 147].
  warnings.warn(
[32m[I 2022-01-19 13:01:44,575][0m Trial 100 finished with value: 0.02693868281259652 and parameters: {'hidden_size': 132, 'lr': 0.0011755046167453453}. Best is trial 86 with value: 0.008411980189022518.[0m
/home/erussek/.conda/envs/pDL/lib/python3.8/site-packages/optuna/distributions.py:560: UserWarning: The distribution is specified by [2, 150] and step=5, but the range is not divisible by `step`. It will be replaced by [2, 147].
  warnings.warn(
[32m[I 2022-01-19 13:02:09,344][0m Trial 101 finished with value: 0.023212103353392695 and parameters: {'hidden_size': 112, 'lr': 0.0012915916762576674}. Best is trial 86 with value: 0.008411980189022518.[0m
/home/erussek/.conda/envs/pDL/lib/python3.8/site-packages/optuna/distributions.py:560: UserWarning: The distribution is specified by [2, 150] and step=5, but the range is not divisible by `step`. It will be replaced by [2, 147].
  warnings.warn(
[32m[I 2022-01-19 13:02:34,398][0m Trial 102 finished with value: 0.024981100172285112 and parameters: {'hidden_size': 122, 'lr': 0.001469611001589565}. Best is trial 86 with value: 0.008411980189022518.[0m
/home/erussek/.conda/envs/pDL/lib/python3.8/site-packages/optuna/distributions.py:560: UserWarning: The distribution is specified by [2, 150] and step=5, but the range is not divisible by `step`. It will be replaced by [2, 147].
  warnings.warn(
[32m[I 2022-01-19 13:02:59,345][0m Trial 103 finished with value: 0.04271697571441051 and parameters: {'hidden_size': 117, 'lr': 0.0018764246414805666}. Best is trial 86 with value: 0.008411980189022518.[0m
/home/erussek/.conda/envs/pDL/lib/python3.8/site-packages/optuna/distributions.py:560: UserWarning: The distribution is specified by [2, 150] and step=5, but the range is not divisible by `step`. It will be replaced by [2, 147].
  warnings.warn(
[32m[I 2022-01-19 13:03:24,218][0m Trial 104 finished with value: 0.08234598679888633 and parameters: {'hidden_size': 127, 'lr': 0.001573391528847212}. Best is trial 86 with value: 0.008411980189022518.[0m
/home/erussek/.conda/envs/pDL/lib/python3.8/site-packages/optuna/distributions.py:560: UserWarning: The distribution is specified by [2, 150] and step=5, but the range is not divisible by `step`. It will be replaced by [2, 147].
  warnings.warn(
[32m[I 2022-01-19 13:03:49,158][0m Trial 105 finished with value: 0.03646598029280863 and parameters: {'hidden_size': 112, 'lr': 0.0009644334604012543}. Best is trial 86 with value: 0.008411980189022518.[0m
/home/erussek/.conda/envs/pDL/lib/python3.8/site-packages/optuna/distributions.py:560: UserWarning: The distribution is specified by [2, 150] and step=5, but the range is not divisible by `step`. It will be replaced by [2, 147].
  warnings.warn(
[32m[I 2022-01-19 13:04:13,022][0m Trial 106 finished with value: 0.03533523169256026 and parameters: {'hidden_size': 52, 'lr': 0.0021744066573743245}. Best is trial 86 with value: 0.008411980189022518.[0m
/home/erussek/.conda/envs/pDL/lib/python3.8/site-packages/optuna/distributions.py:560: UserWarning: The distribution is specified by [2, 150] and step=5, but the range is not divisible by `step`. It will be replaced by [2, 147].
  warnings.warn(
[32m[I 2022-01-19 13:04:38,410][0m Trial 107 finished with value: 0.05311671764619889 and parameters: {'hidden_size': 142, 'lr': 0.002652823884472934}. Best is trial 86 with value: 0.008411980189022518.[0m
/home/erussek/.conda/envs/pDL/lib/python3.8/site-packages/optuna/distributions.py:560: UserWarning: The distribution is specified by [2, 150] and step=5, but the range is not divisible by `step`. It will be replaced by [2, 147].
  warnings.warn(
[32m[I 2022-01-19 13:05:03,318][0m Trial 108 finished with value: 0.0404585474921811 and parameters: {'hidden_size': 132, 'lr': 0.0017750760834283684}. Best is trial 86 with value: 0.008411980189022518.[0m
/home/erussek/.conda/envs/pDL/lib/python3.8/site-packages/optuna/distributions.py:560: UserWarning: The distribution is specified by [2, 150] and step=5, but the range is not divisible by `step`. It will be replaced by [2, 147].
  warnings.warn(
[32m[I 2022-01-19 13:05:28,902][0m Trial 109 finished with value: 0.03476255381059262 and parameters: {'hidden_size': 147, 'lr': 0.00010674198189421855}. Best is trial 86 with value: 0.008411980189022518.[0m
/home/erussek/.conda/envs/pDL/lib/python3.8/site-packages/optuna/distributions.py:560: UserWarning: The distribution is specified by [2, 150] and step=5, but the range is not divisible by `step`. It will be replaced by [2, 147].
  warnings.warn(
[32m[I 2022-01-19 13:05:53,828][0m Trial 110 finished with value: 0.0809014773657245 and parameters: {'hidden_size': 117, 'lr': 0.0011210717826193645}. Best is trial 86 with value: 0.008411980189022518.[0m
/home/erussek/.conda/envs/pDL/lib/python3.8/site-packages/optuna/distributions.py:560: UserWarning: The distribution is specified by [2, 150] and step=5, but the range is not divisible by `step`. It will be replaced by [2, 147].
  warnings.warn(
[32m[I 2022-01-19 13:06:19,317][0m Trial 111 finished with value: 0.015547983648796235 and parameters: {'hidden_size': 142, 'lr': 0.0013292162169988183}. Best is trial 86 with value: 0.008411980189022518.[0m
/home/erussek/.conda/envs/pDL/lib/python3.8/site-packages/optuna/distributions.py:560: UserWarning: The distribution is specified by [2, 150] and step=5, but the range is not divisible by `step`. It will be replaced by [2, 147].
  warnings.warn(
[32m[I 2022-01-19 13:06:44,800][0m Trial 112 finished with value: 0.008794778567408361 and parameters: {'hidden_size': 137, 'lr': 0.0015020907157077116}. Best is trial 86 with value: 0.008411980189022518.[0m
/home/erussek/.conda/envs/pDL/lib/python3.8/site-packages/optuna/distributions.py:560: UserWarning: The distribution is specified by [2, 150] and step=5, but the range is not divisible by `step`. It will be replaced by [2, 147].
  warnings.warn(
[32m[I 2022-01-19 13:07:10,216][0m Trial 113 finished with value: 0.017136961311822938 and parameters: {'hidden_size': 137, 'lr': 0.0015457846298314792}. Best is trial 86 with value: 0.008411980189022518.[0m
/home/erussek/.conda/envs/pDL/lib/python3.8/site-packages/optuna/distributions.py:560: UserWarning: The distribution is specified by [2, 150] and step=5, but the range is not divisible by `step`. It will be replaced by [2, 147].
  warnings.warn(
[32m[I 2022-01-19 13:07:35,292][0m Trial 114 finished with value: 0.014115221347779996 and parameters: {'hidden_size': 122, 'lr': 0.002408634186827532}. Best is trial 86 with value: 0.008411980189022518.[0m
/home/erussek/.conda/envs/pDL/lib/python3.8/site-packages/optuna/distributions.py:560: UserWarning: The distribution is specified by [2, 150] and step=5, but the range is not divisible by `step`. It will be replaced by [2, 147].
  warnings.warn(
[32m[I 2022-01-19 13:08:00,268][0m Trial 115 finished with value: 0.025795574570375103 and parameters: {'hidden_size': 127, 'lr': 0.0012136233044558863}. Best is trial 86 with value: 0.008411980189022518.[0m
/home/erussek/.conda/envs/pDL/lib/python3.8/site-packages/optuna/distributions.py:560: UserWarning: The distribution is specified by [2, 150] and step=5, but the range is not divisible by `step`. It will be replaced by [2, 147].
  warnings.warn(
[32m[I 2022-01-19 13:08:25,144][0m Trial 116 finished with value: 0.03219354477140211 and parameters: {'hidden_size': 132, 'lr': 0.001673550352483425}. Best is trial 86 with value: 0.008411980189022518.[0m
/home/erussek/.conda/envs/pDL/lib/python3.8/site-packages/optuna/distributions.py:560: UserWarning: The distribution is specified by [2, 150] and step=5, but the range is not divisible by `step`. It will be replaced by [2, 147].
  warnings.warn(
[32m[I 2022-01-19 13:08:50,746][0m Trial 117 finished with value: 0.060563401349129214 and parameters: {'hidden_size': 147, 'lr': 0.0021090473328023497}. Best is trial 86 with value: 0.008411980189022518.[0m
/home/erussek/.conda/envs/pDL/lib/python3.8/site-packages/optuna/distributions.py:560: UserWarning: The distribution is specified by [2, 150] and step=5, but the range is not divisible by `step`. It will be replaced by [2, 147].
  warnings.warn(
[32m[I 2022-01-19 13:09:15,661][0m Trial 118 finished with value: 0.09922963981666873 and parameters: {'hidden_size': 107, 'lr': 0.0010494583753587244}. Best is trial 86 with value: 0.008411980189022518.[0m
/home/erussek/.conda/envs/pDL/lib/python3.8/site-packages/optuna/distributions.py:560: UserWarning: The distribution is specified by [2, 150] and step=5, but the range is not divisible by `step`. It will be replaced by [2, 147].
  warnings.warn(
[32m[I 2022-01-19 13:09:41,170][0m Trial 119 finished with value: 0.023940685325332226 and parameters: {'hidden_size': 137, 'lr': 0.0013790372551284005}. Best is trial 86 with value: 0.008411980189022518.[0m
/home/erussek/.conda/envs/pDL/lib/python3.8/site-packages/optuna/distributions.py:560: UserWarning: The distribution is specified by [2, 150] and step=5, but the range is not divisible by `step`. It will be replaced by [2, 147].
  warnings.warn(
[32m[I 2022-01-19 13:10:06,681][0m Trial 120 finished with value: 0.1372322288732375 and parameters: {'hidden_size': 142, 'lr': 0.0008868657166697692}. Best is trial 86 with value: 0.008411980189022518.[0m
/home/erussek/.conda/envs/pDL/lib/python3.8/site-packages/optuna/distributions.py:560: UserWarning: The distribution is specified by [2, 150] and step=5, but the range is not divisible by `step`. It will be replaced by [2, 147].
  warnings.warn(
[32m[I 2022-01-19 13:10:32,122][0m Trial 121 finished with value: 0.01887436718830178 and parameters: {'hidden_size': 142, 'lr': 0.0015445661185362481}. Best is trial 86 with value: 0.008411980189022518.[0m
/home/erussek/.conda/envs/pDL/lib/python3.8/site-packages/optuna/distributions.py:560: UserWarning: The distribution is specified by [2, 150] and step=5, but the range is not divisible by `step`. It will be replaced by [2, 147].
  warnings.warn(
[32m[I 2022-01-19 13:10:57,707][0m Trial 122 finished with value: 0.04785356616541263 and parameters: {'hidden_size': 147, 'lr': 0.0014307081076661168}. Best is trial 86 with value: 0.008411980189022518.[0m
/home/erussek/.conda/envs/pDL/lib/python3.8/site-packages/optuna/distributions.py:560: UserWarning: The distribution is specified by [2, 150] and step=5, but the range is not divisible by `step`. It will be replaced by [2, 147].
  warnings.warn(
[32m[I 2022-01-19 13:11:23,219][0m Trial 123 finished with value: 0.012661192025388441 and parameters: {'hidden_size': 137, 'lr': 0.001870304077441352}. Best is trial 86 with value: 0.008411980189022518.[0m
/home/erussek/.conda/envs/pDL/lib/python3.8/site-packages/optuna/distributions.py:560: UserWarning: The distribution is specified by [2, 150] and step=5, but the range is not divisible by `step`. It will be replaced by [2, 147].
  warnings.warn(
[32m[I 2022-01-19 13:11:48,644][0m Trial 124 finished with value: 0.009492680400369628 and parameters: {'hidden_size': 137, 'lr': 0.0018495354878466342}. Best is trial 86 with value: 0.008411980189022518.[0m
/home/erussek/.conda/envs/pDL/lib/python3.8/site-packages/optuna/distributions.py:560: UserWarning: The distribution is specified by [2, 150] and step=5, but the range is not divisible by `step`. It will be replaced by [2, 147].
  warnings.warn(
[32m[I 2022-01-19 13:12:14,168][0m Trial 125 finished with value: 0.02142791960748934 and parameters: {'hidden_size': 137, 'lr': 0.001900699593747888}. Best is trial 86 with value: 0.008411980189022518.[0m
/home/erussek/.conda/envs/pDL/lib/python3.8/site-packages/optuna/distributions.py:560: UserWarning: The distribution is specified by [2, 150] and step=5, but the range is not divisible by `step`. It will be replaced by [2, 147].
  warnings.warn(
[32m[I 2022-01-19 13:12:39,093][0m Trial 126 finished with value: 0.05223588843739802 and parameters: {'hidden_size': 132, 'lr': 0.001740490119944147}. Best is trial 86 with value: 0.008411980189022518.[0m
/home/erussek/.conda/envs/pDL/lib/python3.8/site-packages/optuna/distributions.py:560: UserWarning: The distribution is specified by [2, 150] and step=5, but the range is not divisible by `step`. It will be replaced by [2, 147].
  warnings.warn(
[32m[I 2022-01-19 13:13:03,490][0m Trial 127 finished with value: 0.04100121461576031 and parameters: {'hidden_size': 62, 'lr': 0.0022905643025549257}. Best is trial 86 with value: 0.008411980189022518.[0m
/home/erussek/.conda/envs/pDL/lib/python3.8/site-packages/optuna/distributions.py:560: UserWarning: The distribution is specified by [2, 150] and step=5, but the range is not divisible by `step`. It will be replaced by [2, 147].
  warnings.warn(
[32m[I 2022-01-19 13:13:28,988][0m Trial 128 finished with value: 0.029509693985023806 and parameters: {'hidden_size': 137, 'lr': 0.002004971028362668}. Best is trial 86 with value: 0.008411980189022518.[0m
/home/erussek/.conda/envs/pDL/lib/python3.8/site-packages/optuna/distributions.py:560: UserWarning: The distribution is specified by [2, 150] and step=5, but the range is not divisible by `step`. It will be replaced by [2, 147].
  warnings.warn(
[32m[I 2022-01-19 13:13:54,469][0m Trial 129 finished with value: 0.027657735942592545 and parameters: {'hidden_size': 142, 'lr': 0.0026726206776320404}. Best is trial 86 with value: 0.008411980189022518.[0m
/home/erussek/.conda/envs/pDL/lib/python3.8/site-packages/optuna/distributions.py:560: UserWarning: The distribution is specified by [2, 150] and step=5, but the range is not divisible by `step`. It will be replaced by [2, 147].
  warnings.warn(
[32m[I 2022-01-19 13:14:19,534][0m Trial 130 finished with value: 0.02707818072409399 and parameters: {'hidden_size': 127, 'lr': 0.0034293010917273484}. Best is trial 86 with value: 0.008411980189022518.[0m
/home/erussek/.conda/envs/pDL/lib/python3.8/site-packages/optuna/distributions.py:560: UserWarning: The distribution is specified by [2, 150] and step=5, but the range is not divisible by `step`. It will be replaced by [2, 147].
  warnings.warn(
[32m[I 2022-01-19 13:14:44,473][0m Trial 131 finished with value: 0.061065127171816364 and parameters: {'hidden_size': 132, 'lr': 0.001771834765918353}. Best is trial 86 with value: 0.008411980189022518.[0m
/home/erussek/.conda/envs/pDL/lib/python3.8/site-packages/optuna/distributions.py:560: UserWarning: The distribution is specified by [2, 150] and step=5, but the range is not divisible by `step`. It will be replaced by [2, 147].
  warnings.warn(
[32m[I 2022-01-19 13:15:10,131][0m Trial 132 finished with value: 0.017324017270678473 and parameters: {'hidden_size': 147, 'lr': 0.0012791316323156202}. Best is trial 86 with value: 0.008411980189022518.[0m
/home/erussek/.conda/envs/pDL/lib/python3.8/site-packages/optuna/distributions.py:560: UserWarning: The distribution is specified by [2, 150] and step=5, but the range is not divisible by `step`. It will be replaced by [2, 147].
  warnings.warn(
[32m[I 2022-01-19 13:15:35,685][0m Trial 133 finished with value: 0.16200759934802209 and parameters: {'hidden_size': 142, 'lr': 0.0029966081422805654}. Best is trial 86 with value: 0.008411980189022518.[0m
/home/erussek/.conda/envs/pDL/lib/python3.8/site-packages/optuna/distributions.py:560: UserWarning: The distribution is specified by [2, 150] and step=5, but the range is not divisible by `step`. It will be replaced by [2, 147].
  warnings.warn(
[32m[I 2022-01-19 13:16:00,836][0m Trial 134 finished with value: 0.011731023449570901 and parameters: {'hidden_size': 127, 'lr': 0.0021382513366161944}. Best is trial 86 with value: 0.008411980189022518.[0m
/home/erussek/.conda/envs/pDL/lib/python3.8/site-packages/optuna/distributions.py:560: UserWarning: The distribution is specified by [2, 150] and step=5, but the range is not divisible by `step`. It will be replaced by [2, 147].
  warnings.warn(
[32m[I 2022-01-19 13:16:26,259][0m Trial 135 finished with value: 0.022130984392377637 and parameters: {'hidden_size': 137, 'lr': 0.002443752850921512}. Best is trial 86 with value: 0.008411980189022518.[0m
/home/erussek/.conda/envs/pDL/lib/python3.8/site-packages/optuna/distributions.py:560: UserWarning: The distribution is specified by [2, 150] and step=5, but the range is not divisible by `step`. It will be replaced by [2, 147].
  warnings.warn(
[32m[I 2022-01-19 13:16:51,243][0m Trial 136 finished with value: 0.025123089131328366 and parameters: {'hidden_size': 132, 'lr': 0.002154117739151475}. Best is trial 86 with value: 0.008411980189022518.[0m
/home/erussek/.conda/envs/pDL/lib/python3.8/site-packages/optuna/distributions.py:560: UserWarning: The distribution is specified by [2, 150] and step=5, but the range is not divisible by `step`. It will be replaced by [2, 147].
  warnings.warn(
[32m[I 2022-01-19 13:17:16,336][0m Trial 137 finished with value: 0.054774311281019644 and parameters: {'hidden_size': 127, 'lr': 0.001956912594629275}. Best is trial 86 with value: 0.008411980189022518.[0m
/home/erussek/.conda/envs/pDL/lib/python3.8/site-packages/optuna/distributions.py:560: UserWarning: The distribution is specified by [2, 150] and step=5, but the range is not divisible by `step`. It will be replaced by [2, 147].
  warnings.warn(
[32m[I 2022-01-19 13:17:41,448][0m Trial 138 finished with value: 0.027757205369491732 and parameters: {'hidden_size': 122, 'lr': 0.0016341634466413022}. Best is trial 86 with value: 0.008411980189022518.[0m
/home/erussek/.conda/envs/pDL/lib/python3.8/site-packages/optuna/distributions.py:560: UserWarning: The distribution is specified by [2, 150] and step=5, but the range is not divisible by `step`. It will be replaced by [2, 147].
  warnings.warn(
[32m[I 2022-01-19 13:18:07,002][0m Trial 139 finished with value: 0.01295520066313686 and parameters: {'hidden_size': 137, 'lr': 0.0018143326725633389}. Best is trial 86 with value: 0.008411980189022518.[0m
/home/erussek/.conda/envs/pDL/lib/python3.8/site-packages/optuna/distributions.py:560: UserWarning: The distribution is specified by [2, 150] and step=5, but the range is not divisible by `step`. It will be replaced by [2, 147].
  warnings.warn(
[32m[I 2022-01-19 13:18:31,801][0m Trial 140 finished with value: 0.018109505034742818 and parameters: {'hidden_size': 77, 'lr': 0.004188955185332336}. Best is trial 86 with value: 0.008411980189022518.[0m
/home/erussek/.conda/envs/pDL/lib/python3.8/site-packages/optuna/distributions.py:560: UserWarning: The distribution is specified by [2, 150] and step=5, but the range is not divisible by `step`. It will be replaced by [2, 147].
  warnings.warn(
[32m[I 2022-01-19 13:18:57,223][0m Trial 141 finished with value: 0.01090906276517818 and parameters: {'hidden_size': 137, 'lr': 0.0018011370191290425}. Best is trial 86 with value: 0.008411980189022518.[0m
/home/erussek/.conda/envs/pDL/lib/python3.8/site-packages/optuna/distributions.py:560: UserWarning: The distribution is specified by [2, 150] and step=5, but the range is not divisible by `step`. It will be replaced by [2, 147].
  warnings.warn(
[32m[I 2022-01-19 13:19:22,916][0m Trial 142 finished with value: 0.0438082518596803 and parameters: {'hidden_size': 147, 'lr': 0.001492629496528816}. Best is trial 86 with value: 0.008411980189022518.[0m
/home/erussek/.conda/envs/pDL/lib/python3.8/site-packages/optuna/distributions.py:560: UserWarning: The distribution is specified by [2, 150] and step=5, but the range is not divisible by `step`. It will be replaced by [2, 147].
  warnings.warn(
