[32m[I 2022-01-19 13:19:47,922][0m Trial 143 finished with value: 0.005895054628772121 and parameters: {'hidden_size': 132, 'lr': 0.002238192382373273}. Best is trial 143 with value: 0.005895054628772121.[0m
/home/erussek/.conda/envs/pDL/lib/python3.8/site-packages/optuna/distributions.py:560: UserWarning: The distribution is specified by [2, 150] and step=5, but the range is not divisible by `step`. It will be replaced by [2, 147].
  warnings.warn(
[32m[I 2022-01-19 13:20:13,025][0m Trial 144 finished with value: 0.006861319570171256 and parameters: {'hidden_size': 127, 'lr': 0.0021148605999373577}. Best is trial 143 with value: 0.005895054628772121.[0m
/home/erussek/.conda/envs/pDL/lib/python3.8/site-packages/optuna/distributions.py:560: UserWarning: The distribution is specified by [2, 150] and step=5, but the range is not divisible by `step`. It will be replaced by [2, 147].
  warnings.warn(
[32m[I 2022-01-19 13:20:38,201][0m Trial 145 finished with value: 0.036910600779998685 and parameters: {'hidden_size': 127, 'lr': 0.0022428144567178693}. Best is trial 143 with value: 0.005895054628772121.[0m
/home/erussek/.conda/envs/pDL/lib/python3.8/site-packages/optuna/distributions.py:560: UserWarning: The distribution is specified by [2, 150] and step=5, but the range is not divisible by `step`. It will be replaced by [2, 147].
  warnings.warn(
[32m[I 2022-01-19 13:21:03,149][0m Trial 146 finished with value: 0.031520467792307175 and parameters: {'hidden_size': 132, 'lr': 0.0016533104821845725}. Best is trial 143 with value: 0.005895054628772121.[0m
/home/erussek/.conda/envs/pDL/lib/python3.8/site-packages/optuna/distributions.py:560: UserWarning: The distribution is specified by [2, 150] and step=5, but the range is not divisible by `step`. It will be replaced by [2, 147].
  warnings.warn(
[32m[I 2022-01-19 13:21:28,325][0m Trial 147 finished with value: 0.04190428813378657 and parameters: {'hidden_size': 127, 'lr': 0.0019722130679648963}. Best is trial 143 with value: 0.005895054628772121.[0m
/home/erussek/.conda/envs/pDL/lib/python3.8/site-packages/optuna/distributions.py:560: UserWarning: The distribution is specified by [2, 150] and step=5, but the range is not divisible by `step`. It will be replaced by [2, 147].
  warnings.warn(
[32m[I 2022-01-19 13:21:53,495][0m Trial 148 finished with value: 0.021720382805553176 and parameters: {'hidden_size': 122, 'lr': 0.002113182336671952}. Best is trial 143 with value: 0.005895054628772121.[0m
/home/erussek/.conda/envs/pDL/lib/python3.8/site-packages/optuna/distributions.py:560: UserWarning: The distribution is specified by [2, 150] and step=5, but the range is not divisible by `step`. It will be replaced by [2, 147].
  warnings.warn(
[32m[I 2022-01-19 13:22:18,436][0m Trial 149 finished with value: 0.13268634076080016 and parameters: {'hidden_size': 132, 'lr': 0.0024318162416147857}. Best is trial 143 with value: 0.005895054628772121.[0m
/home/erussek/.conda/envs/pDL/lib/python3.8/site-packages/optuna/distributions.py:560: UserWarning: The distribution is specified by [2, 150] and step=5, but the range is not divisible by `step`. It will be replaced by [2, 147].
  warnings.warn(
[32m[I 2022-01-19 13:22:43,646][0m Trial 150 finished with value: 0.03183936922540588 and parameters: {'hidden_size': 122, 'lr': 0.0015509273752720737}. Best is trial 143 with value: 0.005895054628772121.[0m
/home/erussek/.conda/envs/pDL/lib/python3.8/site-packages/optuna/distributions.py:560: UserWarning: The distribution is specified by [2, 150] and step=5, but the range is not divisible by `step`. It will be replaced by [2, 147].
  warnings.warn(
[32m[I 2022-01-19 13:23:09,210][0m Trial 151 finished with value: 0.07074021367776778 and parameters: {'hidden_size': 142, 'lr': 0.0027639611335371793}. Best is trial 143 with value: 0.005895054628772121.[0m
/home/erussek/.conda/envs/pDL/lib/python3.8/site-packages/optuna/distributions.py:560: UserWarning: The distribution is specified by [2, 150] and step=5, but the range is not divisible by `step`. It will be replaced by [2, 147].
  warnings.warn(
[32m[I 2022-01-19 13:23:34,130][0m Trial 152 finished with value: 0.01278351885717242 and parameters: {'hidden_size': 132, 'lr': 0.0025333881328347303}. Best is trial 143 with value: 0.005895054628772121.[0m
/home/erussek/.conda/envs/pDL/lib/python3.8/site-packages/optuna/distributions.py:560: UserWarning: The distribution is specified by [2, 150] and step=5, but the range is not divisible by `step`. It will be replaced by [2, 147].
  warnings.warn(
[32m[I 2022-01-19 13:23:59,684][0m Trial 153 finished with value: 0.02656029351055622 and parameters: {'hidden_size': 137, 'lr': 0.001366393277535426}. Best is trial 143 with value: 0.005895054628772121.[0m
/home/erussek/.conda/envs/pDL/lib/python3.8/site-packages/optuna/distributions.py:560: UserWarning: The distribution is specified by [2, 150] and step=5, but the range is not divisible by `step`. It will be replaced by [2, 147].
  warnings.warn(
[32m[I 2022-01-19 13:24:23,616][0m Trial 154 finished with value: 2.6477853328950944 and parameters: {'hidden_size': 2, 'lr': 0.0030164624380322833}. Best is trial 143 with value: 0.005895054628772121.[0m
/home/erussek/.conda/envs/pDL/lib/python3.8/site-packages/optuna/distributions.py:560: UserWarning: The distribution is specified by [2, 150] and step=5, but the range is not divisible by `step`. It will be replaced by [2, 147].
  warnings.warn(
[32m[I 2022-01-19 13:24:48,681][0m Trial 155 finished with value: 0.0119483312892337 and parameters: {'hidden_size': 127, 'lr': 0.0017220738766513407}. Best is trial 143 with value: 0.005895054628772121.[0m
/home/erussek/.conda/envs/pDL/lib/python3.8/site-packages/optuna/distributions.py:560: UserWarning: The distribution is specified by [2, 150] and step=5, but the range is not divisible by `step`. It will be replaced by [2, 147].
  warnings.warn(
[32m[I 2022-01-19 13:25:13,809][0m Trial 156 finished with value: 0.009189927004157536 and parameters: {'hidden_size': 127, 'lr': 0.0017190507334400658}. Best is trial 143 with value: 0.005895054628772121.[0m
/home/erussek/.conda/envs/pDL/lib/python3.8/site-packages/optuna/distributions.py:560: UserWarning: The distribution is specified by [2, 150] and step=5, but the range is not divisible by `step`. It will be replaced by [2, 147].
  warnings.warn(
[32m[I 2022-01-19 13:25:38,953][0m Trial 157 finished with value: 0.024386881730489193 and parameters: {'hidden_size': 117, 'lr': 0.001237475773693221}. Best is trial 143 with value: 0.005895054628772121.[0m
/home/erussek/.conda/envs/pDL/lib/python3.8/site-packages/optuna/distributions.py:560: UserWarning: The distribution is specified by [2, 150] and step=5, but the range is not divisible by `step`. It will be replaced by [2, 147].
  warnings.warn(
[32m[I 2022-01-19 13:26:03,690][0m Trial 158 finished with value: 0.07383465154036399 and parameters: {'hidden_size': 127, 'lr': 0.002067097998483725}. Best is trial 143 with value: 0.005895054628772121.[0m
/home/erussek/.conda/envs/pDL/lib/python3.8/site-packages/optuna/distributions.py:560: UserWarning: The distribution is specified by [2, 150] and step=5, but the range is not divisible by `step`. It will be replaced by [2, 147].
  warnings.warn(
[32m[I 2022-01-19 13:26:28,349][0m Trial 159 finished with value: 0.029993113550928333 and parameters: {'hidden_size': 132, 'lr': 0.0014491144907381166}. Best is trial 143 with value: 0.005895054628772121.[0m
/home/erussek/.conda/envs/pDL/lib/python3.8/site-packages/optuna/distributions.py:560: UserWarning: The distribution is specified by [2, 150] and step=5, but the range is not divisible by `step`. It will be replaced by [2, 147].
  warnings.warn(
[32m[I 2022-01-19 13:26:53,083][0m Trial 160 finished with value: 0.025145283509646694 and parameters: {'hidden_size': 127, 'lr': 0.0018098489710007667}. Best is trial 143 with value: 0.005895054628772121.[0m
/home/erussek/.conda/envs/pDL/lib/python3.8/site-packages/optuna/distributions.py:560: UserWarning: The distribution is specified by [2, 150] and step=5, but the range is not divisible by `step`. It will be replaced by [2, 147].
  warnings.warn(
[32m[I 2022-01-19 13:27:17,870][0m Trial 161 finished with value: 0.031727179644569274 and parameters: {'hidden_size': 127, 'lr': 0.0016506625643488435}. Best is trial 143 with value: 0.005895054628772121.[0m
/home/erussek/.conda/envs/pDL/lib/python3.8/site-packages/optuna/distributions.py:560: UserWarning: The distribution is specified by [2, 150] and step=5, but the range is not divisible by `step`. It will be replaced by [2, 147].
  warnings.warn(
[32m[I 2022-01-19 13:27:42,706][0m Trial 162 finished with value: 0.024571616563104814 and parameters: {'hidden_size': 122, 'lr': 0.001761483131574695}. Best is trial 143 with value: 0.005895054628772121.[0m
/home/erussek/.conda/envs/pDL/lib/python3.8/site-packages/optuna/distributions.py:560: UserWarning: The distribution is specified by [2, 150] and step=5, but the range is not divisible by `step`. It will be replaced by [2, 147].
  warnings.warn(
[32m[I 2022-01-19 13:28:07,857][0m Trial 163 finished with value: 0.006522501398238444 and parameters: {'hidden_size': 137, 'lr': 0.0022712674965382263}. Best is trial 143 with value: 0.005895054628772121.[0m
/home/erussek/.conda/envs/pDL/lib/python3.8/site-packages/optuna/distributions.py:560: UserWarning: The distribution is specified by [2, 150] and step=5, but the range is not divisible by `step`. It will be replaced by [2, 147].
  warnings.warn(
[32m[I 2022-01-19 13:28:33,062][0m Trial 164 finished with value: 0.021955961361527443 and parameters: {'hidden_size': 137, 'lr': 0.002288196467395432}. Best is trial 143 with value: 0.005895054628772121.[0m
/home/erussek/.conda/envs/pDL/lib/python3.8/site-packages/optuna/distributions.py:560: UserWarning: The distribution is specified by [2, 150] and step=5, but the range is not divisible by `step`. It will be replaced by [2, 147].
  warnings.warn(
[32m[I 2022-01-19 13:28:58,299][0m Trial 165 finished with value: 0.03684394374009101 and parameters: {'hidden_size': 142, 'lr': 0.0022724132153781086}. Best is trial 143 with value: 0.005895054628772121.[0m
/home/erussek/.conda/envs/pDL/lib/python3.8/site-packages/optuna/distributions.py:560: UserWarning: The distribution is specified by [2, 150] and step=5, but the range is not divisible by `step`. It will be replaced by [2, 147].
  warnings.warn(
[32m[I 2022-01-19 13:29:22,863][0m Trial 166 finished with value: 0.01629143307406095 and parameters: {'hidden_size': 132, 'lr': 0.001981296026082173}. Best is trial 143 with value: 0.005895054628772121.[0m
/home/erussek/.conda/envs/pDL/lib/python3.8/site-packages/optuna/distributions.py:560: UserWarning: The distribution is specified by [2, 150] and step=5, but the range is not divisible by `step`. It will be replaced by [2, 147].
  warnings.warn(
[32m[I 2022-01-19 13:29:48,042][0m Trial 167 finished with value: 0.0251361224199495 and parameters: {'hidden_size': 137, 'lr': 0.0019518350112817033}. Best is trial 143 with value: 0.005895054628772121.[0m
/home/erussek/.conda/envs/pDL/lib/python3.8/site-packages/optuna/distributions.py:560: UserWarning: The distribution is specified by [2, 150] and step=5, but the range is not divisible by `step`. It will be replaced by [2, 147].
  warnings.warn(
[32m[I 2022-01-19 13:30:13,219][0m Trial 168 finished with value: 0.03163750439641937 and parameters: {'hidden_size': 137, 'lr': 0.0015439531363394144}. Best is trial 143 with value: 0.005895054628772121.[0m
/home/erussek/.conda/envs/pDL/lib/python3.8/site-packages/optuna/distributions.py:560: UserWarning: The distribution is specified by [2, 150] and step=5, but the range is not divisible by `step`. It will be replaced by [2, 147].
  warnings.warn(
[32m[I 2022-01-19 13:30:38,347][0m Trial 169 finished with value: 0.023950977010592338 and parameters: {'hidden_size': 142, 'lr': 0.0011355306494364888}. Best is trial 143 with value: 0.005895054628772121.[0m
/home/erussek/.conda/envs/pDL/lib/python3.8/site-packages/optuna/distributions.py:560: UserWarning: The distribution is specified by [2, 150] and step=5, but the range is not divisible by `step`. It will be replaced by [2, 147].
  warnings.warn(
[32m[I 2022-01-19 13:31:02,535][0m Trial 170 finished with value: 0.019078187374097687 and parameters: {'hidden_size': 37, 'lr': 0.00134487795789074}. Best is trial 143 with value: 0.005895054628772121.[0m
/home/erussek/.conda/envs/pDL/lib/python3.8/site-packages/optuna/distributions.py:560: UserWarning: The distribution is specified by [2, 150] and step=5, but the range is not divisible by `step`. It will be replaced by [2, 147].
  warnings.warn(
[32m[I 2022-01-19 13:31:27,164][0m Trial 171 finished with value: 0.008137755343810685 and parameters: {'hidden_size': 132, 'lr': 0.0017189697594084368}. Best is trial 143 with value: 0.005895054628772121.[0m
/home/erussek/.conda/envs/pDL/lib/python3.8/site-packages/optuna/distributions.py:560: UserWarning: The distribution is specified by [2, 150] and step=5, but the range is not divisible by `step`. It will be replaced by [2, 147].
  warnings.warn(
[32m[I 2022-01-19 13:31:51,717][0m Trial 172 finished with value: 0.047725497354422844 and parameters: {'hidden_size': 132, 'lr': 0.002140971955332377}. Best is trial 143 with value: 0.005895054628772121.[0m
/home/erussek/.conda/envs/pDL/lib/python3.8/site-packages/optuna/distributions.py:560: UserWarning: The distribution is specified by [2, 150] and step=5, but the range is not divisible by `step`. It will be replaced by [2, 147].
  warnings.warn(
[32m[I 2022-01-19 13:32:16,156][0m Trial 173 finished with value: 0.013711093954982297 and parameters: {'hidden_size': 87, 'lr': 0.0018501617293661126}. Best is trial 143 with value: 0.005895054628772121.[0m
/home/erussek/.conda/envs/pDL/lib/python3.8/site-packages/optuna/distributions.py:560: UserWarning: The distribution is specified by [2, 150] and step=5, but the range is not divisible by `step`. It will be replaced by [2, 147].
  warnings.warn(
[32m[I 2022-01-19 13:32:40,695][0m Trial 174 finished with value: 0.050645846633180495 and parameters: {'hidden_size': 132, 'lr': 0.0016098466623326536}. Best is trial 143 with value: 0.005895054628772121.[0m
/home/erussek/.conda/envs/pDL/lib/python3.8/site-packages/optuna/distributions.py:560: UserWarning: The distribution is specified by [2, 150] and step=5, but the range is not divisible by `step`. It will be replaced by [2, 147].
  warnings.warn(
[32m[I 2022-01-19 13:33:05,918][0m Trial 175 finished with value: 0.017264911213949803 and parameters: {'hidden_size': 142, 'lr': 0.0014651485807382746}. Best is trial 143 with value: 0.005895054628772121.[0m
/home/erussek/.conda/envs/pDL/lib/python3.8/site-packages/optuna/distributions.py:560: UserWarning: The distribution is specified by [2, 150] and step=5, but the range is not divisible by `step`. It will be replaced by [2, 147].
  warnings.warn(
[32m[I 2022-01-19 13:33:30,693][0m Trial 176 finished with value: 0.024683245938391454 and parameters: {'hidden_size': 127, 'lr': 0.002079929367698191}. Best is trial 143 with value: 0.005895054628772121.[0m
/home/erussek/.conda/envs/pDL/lib/python3.8/site-packages/optuna/distributions.py:560: UserWarning: The distribution is specified by [2, 150] and step=5, but the range is not divisible by `step`. It will be replaced by [2, 147].
  warnings.warn(
[32m[I 2022-01-19 13:33:55,792][0m Trial 177 finished with value: 0.03566370453805693 and parameters: {'hidden_size': 137, 'lr': 0.0024387423240539038}. Best is trial 143 with value: 0.005895054628772121.[0m
/home/erussek/.conda/envs/pDL/lib/python3.8/site-packages/optuna/distributions.py:560: UserWarning: The distribution is specified by [2, 150] and step=5, but the range is not divisible by `step`. It will be replaced by [2, 147].
  warnings.warn(
[32m[I 2022-01-19 13:34:20,432][0m Trial 178 finished with value: 0.16742911093658017 and parameters: {'hidden_size': 132, 'lr': 0.001719108034288601}. Best is trial 143 with value: 0.005895054628772121.[0m
/home/erussek/.conda/envs/pDL/lib/python3.8/site-packages/optuna/distributions.py:560: UserWarning: The distribution is specified by [2, 150] and step=5, but the range is not divisible by `step`. It will be replaced by [2, 147].
  warnings.warn(
[32m[I 2022-01-19 13:34:45,228][0m Trial 179 finished with value: 0.020494973076687704 and parameters: {'hidden_size': 122, 'lr': 0.0018229280398256533}. Best is trial 143 with value: 0.005895054628772121.[0m
/home/erussek/.conda/envs/pDL/lib/python3.8/site-packages/optuna/distributions.py:560: UserWarning: The distribution is specified by [2, 150] and step=5, but the range is not divisible by `step`. It will be replaced by [2, 147].
  warnings.warn(
[32m[I 2022-01-19 13:35:09,763][0m Trial 180 finished with value: 0.04472092845507206 and parameters: {'hidden_size': 132, 'lr': 0.001367836700774441}. Best is trial 143 with value: 0.005895054628772121.[0m
/home/erussek/.conda/envs/pDL/lib/python3.8/site-packages/optuna/distributions.py:560: UserWarning: The distribution is specified by [2, 150] and step=5, but the range is not divisible by `step`. It will be replaced by [2, 147].
  warnings.warn(
[32m[I 2022-01-19 13:35:34,530][0m Trial 181 finished with value: 0.029158135876059532 and parameters: {'hidden_size': 127, 'lr': 0.0016590256256453382}. Best is trial 143 with value: 0.005895054628772121.[0m
/home/erussek/.conda/envs/pDL/lib/python3.8/site-packages/optuna/distributions.py:560: UserWarning: The distribution is specified by [2, 150] and step=5, but the range is not divisible by `step`. It will be replaced by [2, 147].
  warnings.warn(
[32m[I 2022-01-19 13:35:59,296][0m Trial 182 finished with value: 0.02499839086686411 and parameters: {'hidden_size': 127, 'lr': 0.0019282323668945855}. Best is trial 143 with value: 0.005895054628772121.[0m
/home/erussek/.conda/envs/pDL/lib/python3.8/site-packages/optuna/distributions.py:560: UserWarning: The distribution is specified by [2, 150] and step=5, but the range is not divisible by `step`. It will be replaced by [2, 147].
  warnings.warn(
[32m[I 2022-01-19 13:36:24,401][0m Trial 183 finished with value: 0.050111979967163454 and parameters: {'hidden_size': 137, 'lr': 0.0016053826433770095}. Best is trial 143 with value: 0.005895054628772121.[0m
/home/erussek/.conda/envs/pDL/lib/python3.8/site-packages/optuna/distributions.py:560: UserWarning: The distribution is specified by [2, 150] and step=5, but the range is not divisible by `step`. It will be replaced by [2, 147].
  warnings.warn(
[32m[I 2022-01-19 13:36:49,210][0m Trial 184 finished with value: 0.03627244335028433 and parameters: {'hidden_size': 117, 'lr': 0.0022218038293236953}. Best is trial 143 with value: 0.005895054628772121.[0m
/home/erussek/.conda/envs/pDL/lib/python3.8/site-packages/optuna/distributions.py:560: UserWarning: The distribution is specified by [2, 150] and step=5, but the range is not divisible by `step`. It will be replaced by [2, 147].
  warnings.warn(
[32m[I 2022-01-19 13:37:13,982][0m Trial 185 finished with value: 0.03655926726998821 and parameters: {'hidden_size': 127, 'lr': 0.00027628788087773117}. Best is trial 143 with value: 0.005895054628772121.[0m
/home/erussek/.conda/envs/pDL/lib/python3.8/site-packages/optuna/distributions.py:560: UserWarning: The distribution is specified by [2, 150] and step=5, but the range is not divisible by `step`. It will be replaced by [2, 147].
  warnings.warn(
[32m[I 2022-01-19 13:37:38,716][0m Trial 186 finished with value: 0.05060487757286718 and parameters: {'hidden_size': 122, 'lr': 0.0017251936367002208}. Best is trial 143 with value: 0.005895054628772121.[0m
/home/erussek/.conda/envs/pDL/lib/python3.8/site-packages/optuna/distributions.py:560: UserWarning: The distribution is specified by [2, 150] and step=5, but the range is not divisible by `step`. It will be replaced by [2, 147].
  warnings.warn(
[32m[I 2022-01-19 13:38:02,500][0m Trial 187 finished with value: 0.049711150627943776 and parameters: {'hidden_size': 17, 'lr': 0.00148165852467493}. Best is trial 143 with value: 0.005895054628772121.[0m
/home/erussek/.conda/envs/pDL/lib/python3.8/site-packages/optuna/distributions.py:560: UserWarning: The distribution is specified by [2, 150] and step=5, but the range is not divisible by `step`. It will be replaced by [2, 147].
  warnings.warn(
[32m[I 2022-01-19 13:38:27,752][0m Trial 188 finished with value: 0.018746487976562594 and parameters: {'hidden_size': 147, 'lr': 0.0012263380469864239}. Best is trial 143 with value: 0.005895054628772121.[0m
/home/erussek/.conda/envs/pDL/lib/python3.8/site-packages/optuna/distributions.py:560: UserWarning: The distribution is specified by [2, 150] and step=5, but the range is not divisible by `step`. It will be replaced by [2, 147].
  warnings.warn(
[32m[I 2022-01-19 13:38:52,983][0m Trial 189 finished with value: 0.019264682766891295 and parameters: {'hidden_size': 142, 'lr': 0.0020328335982142515}. Best is trial 143 with value: 0.005895054628772121.[0m
/home/erussek/.conda/envs/pDL/lib/python3.8/site-packages/optuna/distributions.py:560: UserWarning: The distribution is specified by [2, 150] and step=5, but the range is not divisible by `step`. It will be replaced by [2, 147].
  warnings.warn(
[32m[I 2022-01-19 13:39:17,611][0m Trial 190 finished with value: 0.010601355739298367 and parameters: {'hidden_size': 132, 'lr': 0.0018540799334451203}. Best is trial 143 with value: 0.005895054628772121.[0m
/home/erussek/.conda/envs/pDL/lib/python3.8/site-packages/optuna/distributions.py:560: UserWarning: The distribution is specified by [2, 150] and step=5, but the range is not divisible by `step`. It will be replaced by [2, 147].
  warnings.warn(
