[32m[I 2022-06-22 21:31:18,255][0m A new study created in memory with name: no-name-93e967da-ce20-40db-9ac3-dac60adb824a[0m
/home/erussek/.conda/envs/pDL/lib/python3.8/site-packages/optuna/distributions.py:560: UserWarning: The distribution is specified by [2, 200] and step=5, but the range is not divisible by `step`. It will be replaced by [2, 197].
  warnings.warn(
[32m[I 2022-06-22 21:31:34,069][0m Trial 0 finished with value: 4.8504554721289495 and parameters: {'hidden_size': 187, 'lr': 0.000153742536876662}. Best is trial 0 with value: 4.8504554721289495.[0m
/home/erussek/.conda/envs/pDL/lib/python3.8/site-packages/optuna/distributions.py:560: UserWarning: The distribution is specified by [2, 200] and step=5, but the range is not divisible by `step`. It will be replaced by [2, 197].
  warnings.warn(
[32m[I 2022-06-22 21:31:47,684][0m Trial 1 finished with value: 4.854540666147933 and parameters: {'hidden_size': 127, 'lr': 0.0005837097244979806}. Best is trial 0 with value: 4.8504554721289495.[0m
/home/erussek/.conda/envs/pDL/lib/python3.8/site-packages/optuna/distributions.py:560: UserWarning: The distribution is specified by [2, 200] and step=5, but the range is not divisible by `step`. It will be replaced by [2, 197].
  warnings.warn(
[32m[I 2022-06-22 21:32:01,268][0m Trial 2 finished with value: 4.905284112684248 and parameters: {'hidden_size': 187, 'lr': 0.004931814983400751}. Best is trial 0 with value: 4.8504554721289495.[0m
/home/erussek/.conda/envs/pDL/lib/python3.8/site-packages/optuna/distributions.py:560: UserWarning: The distribution is specified by [2, 200] and step=5, but the range is not divisible by `step`. It will be replaced by [2, 197].
  warnings.warn(
[32m[I 2022-06-22 21:32:14,854][0m Trial 3 finished with value: 4.856902801540231 and parameters: {'hidden_size': 132, 'lr': 0.000756840350990066}. Best is trial 0 with value: 4.8504554721289495.[0m
/home/erussek/.conda/envs/pDL/lib/python3.8/site-packages/optuna/distributions.py:560: UserWarning: The distribution is specified by [2, 200] and step=5, but the range is not divisible by `step`. It will be replaced by [2, 197].
  warnings.warn(
[32m[I 2022-06-22 21:32:28,271][0m Trial 4 finished with value: 4.861422942252532 and parameters: {'hidden_size': 97, 'lr': 0.00010523840703131107}. Best is trial 0 with value: 4.8504554721289495.[0m
/home/erussek/.conda/envs/pDL/lib/python3.8/site-packages/optuna/distributions.py:560: UserWarning: The distribution is specified by [2, 200] and step=5, but the range is not divisible by `step`. It will be replaced by [2, 197].
  warnings.warn(
[32m[I 2022-06-22 21:32:41,715][0m Trial 5 finished with value: 4.8503880635876975 and parameters: {'hidden_size': 32, 'lr': 0.0003782042275735696}. Best is trial 5 with value: 4.8503880635876975.[0m
/home/erussek/.conda/envs/pDL/lib/python3.8/site-packages/optuna/distributions.py:560: UserWarning: The distribution is specified by [2, 200] and step=5, but the range is not divisible by `step`. It will be replaced by [2, 197].
  warnings.warn(
[32m[I 2022-06-22 21:32:55,116][0m Trial 6 finished with value: 4.868913586939495 and parameters: {'hidden_size': 87, 'lr': 0.002165819816608855}. Best is trial 5 with value: 4.8503880635876975.[0m
/home/erussek/.conda/envs/pDL/lib/python3.8/site-packages/optuna/distributions.py:560: UserWarning: The distribution is specified by [2, 200] and step=5, but the range is not divisible by `step`. It will be replaced by [2, 197].
  warnings.warn(
[32m[I 2022-06-22 21:33:08,705][0m Trial 7 finished with value: 4.854295521898245 and parameters: {'hidden_size': 157, 'lr': 0.0004857706967849471}. Best is trial 5 with value: 4.8503880635876975.[0m
/home/erussek/.conda/envs/pDL/lib/python3.8/site-packages/optuna/distributions.py:560: UserWarning: The distribution is specified by [2, 200] and step=5, but the range is not divisible by `step`. It will be replaced by [2, 197].
  warnings.warn(
[32m[I 2022-06-22 21:33:22,268][0m Trial 8 finished with value: 4.907288918460072 and parameters: {'hidden_size': 197, 'lr': 0.005084646098048026}. Best is trial 5 with value: 4.8503880635876975.[0m
/home/erussek/.conda/envs/pDL/lib/python3.8/site-packages/optuna/distributions.py:560: UserWarning: The distribution is specified by [2, 200] and step=5, but the range is not divisible by `step`. It will be replaced by [2, 197].
  warnings.warn(
[32m[I 2022-06-22 21:33:35,649][0m Trial 9 finished with value: 8.981319309349402 and parameters: {'hidden_size': 12, 'lr': 0.0001259484350897216}. Best is trial 5 with value: 4.8503880635876975.[0m
/home/erussek/.conda/envs/pDL/lib/python3.8/site-packages/optuna/distributions.py:560: UserWarning: The distribution is specified by [2, 200] and step=5, but the range is not divisible by `step`. It will be replaced by [2, 197].
  warnings.warn(
[32m[I 2022-06-22 21:33:49,051][0m Trial 10 finished with value: 5.610626623091716 and parameters: {'hidden_size': 12, 'lr': 0.0002874789365582105}. Best is trial 5 with value: 4.8503880635876975.[0m
/home/erussek/.conda/envs/pDL/lib/python3.8/site-packages/optuna/distributions.py:560: UserWarning: The distribution is specified by [2, 200] and step=5, but the range is not divisible by `step`. It will be replaced by [2, 197].
  warnings.warn(
[32m[I 2022-06-22 21:34:02,474][0m Trial 11 finished with value: 4.850148775513438 and parameters: {'hidden_size': 57, 'lr': 0.00023636666417163355}. Best is trial 11 with value: 4.850148775513438.[0m
/home/erussek/.conda/envs/pDL/lib/python3.8/site-packages/optuna/distributions.py:560: UserWarning: The distribution is specified by [2, 200] and step=5, but the range is not divisible by `step`. It will be replaced by [2, 197].
  warnings.warn(
[32m[I 2022-06-22 21:34:15,909][0m Trial 12 finished with value: 4.8501743429296305 and parameters: {'hidden_size': 52, 'lr': 0.0002544939534873247}. Best is trial 11 with value: 4.850148775513438.[0m
/home/erussek/.conda/envs/pDL/lib/python3.8/site-packages/optuna/distributions.py:560: UserWarning: The distribution is specified by [2, 200] and step=5, but the range is not divisible by `step`. It will be replaced by [2, 197].
  warnings.warn(
[32m[I 2022-06-22 21:34:29,322][0m Trial 13 finished with value: 4.861500696282686 and parameters: {'hidden_size': 57, 'lr': 0.0018462810675482849}. Best is trial 11 with value: 4.850148775513438.[0m
/home/erussek/.conda/envs/pDL/lib/python3.8/site-packages/optuna/distributions.py:560: UserWarning: The distribution is specified by [2, 200] and step=5, but the range is not divisible by `step`. It will be replaced by [2, 197].
  warnings.warn(
[32m[I 2022-06-22 21:34:42,759][0m Trial 14 finished with value: 4.850129872446023 and parameters: {'hidden_size': 62, 'lr': 0.00023660359683022136}. Best is trial 14 with value: 4.850129872446023.[0m
/home/erussek/.conda/envs/pDL/lib/python3.8/site-packages/optuna/distributions.py:560: UserWarning: The distribution is specified by [2, 200] and step=5, but the range is not divisible by `step`. It will be replaced by [2, 197].
  warnings.warn(
[32m[I 2022-06-22 21:34:56,163][0m Trial 15 finished with value: 4.857661350435851 and parameters: {'hidden_size': 62, 'lr': 0.0013030430330894318}. Best is trial 14 with value: 4.850129872446023.[0m
/home/erussek/.conda/envs/pDL/lib/python3.8/site-packages/optuna/distributions.py:560: UserWarning: The distribution is specified by [2, 200] and step=5, but the range is not divisible by `step`. It will be replaced by [2, 197].
  warnings.warn(
[32m[I 2022-06-22 21:35:09,616][0m Trial 16 finished with value: 4.850226529200159 and parameters: {'hidden_size': 77, 'lr': 0.00023256457611071658}. Best is trial 14 with value: 4.850129872446023.[0m
/home/erussek/.conda/envs/pDL/lib/python3.8/site-packages/optuna/distributions.py:560: UserWarning: The distribution is specified by [2, 200] and step=5, but the range is not divisible by `step`. It will be replaced by [2, 197].
  warnings.warn(
[32m[I 2022-06-22 21:35:23,196][0m Trial 17 finished with value: 4.85029422954469 and parameters: {'hidden_size': 122, 'lr': 0.00018429143111955878}. Best is trial 14 with value: 4.850129872446023.[0m
/home/erussek/.conda/envs/pDL/lib/python3.8/site-packages/optuna/distributions.py:560: UserWarning: The distribution is specified by [2, 200] and step=5, but the range is not divisible by `step`. It will be replaced by [2, 197].
  warnings.warn(
[32m[I 2022-06-22 21:35:36,603][0m Trial 18 finished with value: 4.852999250501127 and parameters: {'hidden_size': 42, 'lr': 0.0008843648753836568}. Best is trial 14 with value: 4.850129872446023.[0m
/home/erussek/.conda/envs/pDL/lib/python3.8/site-packages/optuna/distributions.py:560: UserWarning: The distribution is specified by [2, 200] and step=5, but the range is not divisible by `step`. It will be replaced by [2, 197].
  warnings.warn(
[32m[I 2022-06-22 21:35:50,042][0m Trial 19 finished with value: 4.8513110765040155 and parameters: {'hidden_size': 72, 'lr': 0.0004114977407944582}. Best is trial 14 with value: 4.850129872446023.[0m
/home/erussek/.conda/envs/pDL/lib/python3.8/site-packages/optuna/distributions.py:560: UserWarning: The distribution is specified by [2, 200] and step=5, but the range is not divisible by `step`. It will be replaced by [2, 197].
  warnings.warn(
[32m[I 2022-06-22 21:36:03,458][0m Trial 20 finished with value: 4.893525717467565 and parameters: {'hidden_size': 27, 'lr': 0.009815536775998893}. Best is trial 14 with value: 4.850129872446023.[0m
/home/erussek/.conda/envs/pDL/lib/python3.8/site-packages/optuna/distributions.py:560: UserWarning: The distribution is specified by [2, 200] and step=5, but the range is not divisible by `step`. It will be replaced by [2, 197].
  warnings.warn(
[32m[I 2022-06-22 21:36:16,896][0m Trial 21 finished with value: 4.850184165675874 and parameters: {'hidden_size': 52, 'lr': 0.0002801922522365704}. Best is trial 14 with value: 4.850129872446023.[0m
/home/erussek/.conda/envs/pDL/lib/python3.8/site-packages/optuna/distributions.py:560: UserWarning: The distribution is specified by [2, 200] and step=5, but the range is not divisible by `step`. It will be replaced by [2, 197].
  warnings.warn(
[32m[I 2022-06-22 21:36:30,331][0m Trial 22 finished with value: 4.850481855006896 and parameters: {'hidden_size': 107, 'lr': 0.00022308311531114944}. Best is trial 14 with value: 4.850129872446023.[0m
/home/erussek/.conda/envs/pDL/lib/python3.8/site-packages/optuna/distributions.py:560: UserWarning: The distribution is specified by [2, 200] and step=5, but the range is not divisible by `step`. It will be replaced by [2, 197].
  warnings.warn(
[32m[I 2022-06-22 21:36:43,782][0m Trial 23 finished with value: 5.23900788259262 and parameters: {'hidden_size': 32, 'lr': 0.00015796022647270418}. Best is trial 14 with value: 4.850129872446023.[0m
/home/erussek/.conda/envs/pDL/lib/python3.8/site-packages/optuna/distributions.py:560: UserWarning: The distribution is specified by [2, 200] and step=5, but the range is not divisible by `step`. It will be replaced by [2, 197].
  warnings.warn(
[32m[I 2022-06-22 21:36:57,190][0m Trial 24 finished with value: 8.536841506155138 and parameters: {'hidden_size': 2, 'lr': 0.00029870562763957407}. Best is trial 14 with value: 4.850129872446023.[0m
/home/erussek/.conda/envs/pDL/lib/python3.8/site-packages/optuna/distributions.py:560: UserWarning: The distribution is specified by [2, 200] and step=5, but the range is not divisible by `step`. It will be replaced by [2, 197].
  warnings.warn(
[32m[I 2022-06-22 21:37:10,617][0m Trial 25 finished with value: 5.008102574246183 and parameters: {'hidden_size': 72, 'lr': 0.00010283882418898111}. Best is trial 14 with value: 4.850129872446023.[0m
/home/erussek/.conda/envs/pDL/lib/python3.8/site-packages/optuna/distributions.py:560: UserWarning: The distribution is specified by [2, 200] and step=5, but the range is not divisible by `step`. It will be replaced by [2, 197].
  warnings.warn(
[32m[I 2022-06-22 21:37:24,048][0m Trial 26 finished with value: 4.851692771026328 and parameters: {'hidden_size': 47, 'lr': 0.0005934124049736471}. Best is trial 14 with value: 4.850129872446023.[0m
/home/erussek/.conda/envs/pDL/lib/python3.8/site-packages/optuna/distributions.py:560: UserWarning: The distribution is specified by [2, 200] and step=5, but the range is not divisible by `step`. It will be replaced by [2, 197].
  warnings.warn(
[32m[I 2022-06-22 21:37:37,503][0m Trial 27 finished with value: 4.85124171142694 and parameters: {'hidden_size': 92, 'lr': 0.0003545485499770803}. Best is trial 14 with value: 4.850129872446023.[0m
/home/erussek/.conda/envs/pDL/lib/python3.8/site-packages/optuna/distributions.py:560: UserWarning: The distribution is specified by [2, 200] and step=5, but the range is not divisible by `step`. It will be replaced by [2, 197].
  warnings.warn(
[32m[I 2022-06-22 21:37:50,922][0m Trial 28 finished with value: 4.850320042057318 and parameters: {'hidden_size': 112, 'lr': 0.00020134770473242402}. Best is trial 14 with value: 4.850129872446023.[0m
/home/erussek/.conda/envs/pDL/lib/python3.8/site-packages/optuna/distributions.py:560: UserWarning: The distribution is specified by [2, 200] and step=5, but the range is not divisible by `step`. It will be replaced by [2, 197].
  warnings.warn(
[32m[I 2022-06-22 21:38:04,348][0m Trial 29 finished with value: 4.8515700380032865 and parameters: {'hidden_size': 82, 'lr': 0.00014374453770594513}. Best is trial 14 with value: 4.850129872446023.[0m
/home/erussek/.conda/envs/pDL/lib/python3.8/site-packages/optuna/distributions.py:560: UserWarning: The distribution is specified by [2, 200] and step=5, but the range is not divisible by `step`. It will be replaced by [2, 197].
  warnings.warn(
[32m[I 2022-06-22 21:38:17,785][0m Trial 30 finished with value: 4.857289885970908 and parameters: {'hidden_size': 62, 'lr': 0.0012544428579485828}. Best is trial 14 with value: 4.850129872446023.[0m
/home/erussek/.conda/envs/pDL/lib/python3.8/site-packages/optuna/distributions.py:560: UserWarning: The distribution is specified by [2, 200] and step=5, but the range is not divisible by `step`. It will be replaced by [2, 197].
  warnings.warn(
[32m[I 2022-06-22 21:38:31,212][0m Trial 31 finished with value: 4.850253025525358 and parameters: {'hidden_size': 47, 'lr': 0.00028121771441929266}. Best is trial 14 with value: 4.850129872446023.[0m
/home/erussek/.conda/envs/pDL/lib/python3.8/site-packages/optuna/distributions.py:560: UserWarning: The distribution is specified by [2, 200] and step=5, but the range is not divisible by `step`. It will be replaced by [2, 197].
  warnings.warn(
[32m[I 2022-06-22 21:38:44,650][0m Trial 32 finished with value: 4.852180459549729 and parameters: {'hidden_size': 57, 'lr': 0.0005969701640279429}. Best is trial 14 with value: 4.850129872446023.[0m
/home/erussek/.conda/envs/pDL/lib/python3.8/site-packages/optuna/distributions.py:560: UserWarning: The distribution is specified by [2, 200] and step=5, but the range is not divisible by `step`. It will be replaced by [2, 197].
  warnings.warn(
[32m[I 2022-06-22 21:38:58,050][0m Trial 33 finished with value: 4.879228691094663 and parameters: {'hidden_size': 42, 'lr': 0.00018898009388289668}. Best is trial 14 with value: 4.850129872446023.[0m
/home/erussek/.conda/envs/pDL/lib/python3.8/site-packages/optuna/distributions.py:560: UserWarning: The distribution is specified by [2, 200] and step=5, but the range is not divisible by `step`. It will be replaced by [2, 197].
  warnings.warn(
[32m[I 2022-06-22 21:39:11,444][0m Trial 34 finished with value: 4.851573093180162 and parameters: {'hidden_size': 67, 'lr': 0.0004628753470591522}. Best is trial 14 with value: 4.850129872446023.[0m
/home/erussek/.conda/envs/pDL/lib/python3.8/site-packages/optuna/distributions.py:560: UserWarning: The distribution is specified by [2, 200] and step=5, but the range is not divisible by `step`. It will be replaced by [2, 197].
  warnings.warn(
[32m[I 2022-06-22 21:39:24,830][0m Trial 35 finished with value: 4.871402587612826 and parameters: {'hidden_size': 27, 'lr': 0.00026137191318236646}. Best is trial 14 with value: 4.850129872446023.[0m
/home/erussek/.conda/envs/pDL/lib/python3.8/site-packages/optuna/distributions.py:560: UserWarning: The distribution is specified by [2, 200] and step=5, but the range is not divisible by `step`. It will be replaced by [2, 197].
  warnings.warn(
[32m[I 2022-06-22 21:39:38,252][0m Trial 36 finished with value: 6.080753885486215 and parameters: {'hidden_size': 17, 'lr': 0.00013925420151374545}. Best is trial 14 with value: 4.850129872446023.[0m
/home/erussek/.conda/envs/pDL/lib/python3.8/site-packages/optuna/distributions.py:560: UserWarning: The distribution is specified by [2, 200] and step=5, but the range is not divisible by `step`. It will be replaced by [2, 197].
  warnings.warn(
[32m[I 2022-06-22 21:39:51,805][0m Trial 37 finished with value: 4.852522890180082 and parameters: {'hidden_size': 152, 'lr': 0.000358990027106809}. Best is trial 14 with value: 4.850129872446023.[0m
/home/erussek/.conda/envs/pDL/lib/python3.8/site-packages/optuna/distributions.py:560: UserWarning: The distribution is specified by [2, 200] and step=5, but the range is not divisible by `step`. It will be replaced by [2, 197].
  warnings.warn(
[32m[I 2022-06-22 21:40:05,182][0m Trial 38 finished with value: 4.852695898614376 and parameters: {'hidden_size': 52, 'lr': 0.0007509720106229213}. Best is trial 14 with value: 4.850129872446023.[0m
/home/erussek/.conda/envs/pDL/lib/python3.8/site-packages/optuna/distributions.py:560: UserWarning: The distribution is specified by [2, 200] and step=5, but the range is not divisible by `step`. It will be replaced by [2, 197].
  warnings.warn(
[32m[I 2022-06-22 21:40:18,551][0m Trial 39 finished with value: 4.8500449068262395 and parameters: {'hidden_size': 97, 'lr': 0.0001692662700615459}. Best is trial 39 with value: 4.8500449068262395.[0m
/home/erussek/.conda/envs/pDL/lib/python3.8/site-packages/optuna/distributions.py:560: UserWarning: The distribution is specified by [2, 200] and step=5, but the range is not divisible by `step`. It will be replaced by [2, 197].
  warnings.warn(
[32m[I 2022-06-22 21:40:31,903][0m Trial 40 finished with value: 4.8520386373569355 and parameters: {'hidden_size': 102, 'lr': 0.0001185304588122481}. Best is trial 39 with value: 4.8500449068262395.[0m
/home/erussek/.conda/envs/pDL/lib/python3.8/site-packages/optuna/distributions.py:560: UserWarning: The distribution is specified by [2, 200] and step=5, but the range is not divisible by `step`. It will be replaced by [2, 197].
  warnings.warn(
[32m[I 2022-06-22 21:40:45,275][0m Trial 41 finished with value: 4.850236319816372 and parameters: {'hidden_size': 87, 'lr': 0.00015388234486390988}. Best is trial 39 with value: 4.8500449068262395.[0m
/home/erussek/.conda/envs/pDL/lib/python3.8/site-packages/optuna/distributions.py:560: UserWarning: The distribution is specified by [2, 200] and step=5, but the range is not divisible by `step`. It will be replaced by [2, 197].
  warnings.warn(
[32m[I 2022-06-22 21:40:58,775][0m Trial 42 finished with value: 4.850416528163585 and parameters: {'hidden_size': 147, 'lr': 0.00018005795953281864}. Best is trial 39 with value: 4.8500449068262395.[0m
/home/erussek/.conda/envs/pDL/lib/python3.8/site-packages/optuna/distributions.py:560: UserWarning: The distribution is specified by [2, 200] and step=5, but the range is not divisible by `step`. It will be replaced by [2, 197].
  warnings.warn(
[32m[I 2022-06-22 21:41:12,315][0m Trial 43 finished with value: 4.851410772141055 and parameters: {'hidden_size': 172, 'lr': 0.00024208481338178247}. Best is trial 39 with value: 4.8500449068262395.[0m
/home/erussek/.conda/envs/pDL/lib/python3.8/site-packages/optuna/distributions.py:560: UserWarning: The distribution is specified by [2, 200] and step=5, but the range is not divisible by `step`. It will be replaced by [2, 197].
  warnings.warn(
[32m[I 2022-06-22 21:41:25,658][0m Trial 44 finished with value: 4.850286192457441 and parameters: {'hidden_size': 37, 'lr': 0.00031757747852595637}. Best is trial 39 with value: 4.8500449068262395.[0m
/home/erussek/.conda/envs/pDL/lib/python3.8/site-packages/optuna/distributions.py:560: UserWarning: The distribution is specified by [2, 200] and step=5, but the range is not divisible by `step`. It will be replaced by [2, 197].
  warnings.warn(
[32m[I 2022-06-22 21:41:39,025][0m Trial 45 finished with value: 4.852023420199542 and parameters: {'hidden_size': 82, 'lr': 0.000476710635886665}. Best is trial 39 with value: 4.8500449068262395.[0m
/home/erussek/.conda/envs/pDL/lib/python3.8/site-packages/optuna/distributions.py:560: UserWarning: The distribution is specified by [2, 200] and step=5, but the range is not divisible by `step`. It will be replaced by [2, 197].
  warnings.warn(
[32m[I 2022-06-22 21:41:52,535][0m Trial 46 finished with value: 4.878988637661659 and parameters: {'hidden_size': 117, 'lr': 0.0026246834986767844}. Best is trial 39 with value: 4.8500449068262395.[0m
/home/erussek/.conda/envs/pDL/lib/python3.8/site-packages/optuna/distributions.py:560: UserWarning: The distribution is specified by [2, 200] and step=5, but the range is not divisible by `step`. It will be replaced by [2, 197].
  warnings.warn(
[32m[I 2022-06-22 21:42:05,842][0m Trial 47 finished with value: 4.850118169291529 and parameters: {'hidden_size': 67, 'lr': 0.0002140843495831085}. Best is trial 39 with value: 4.8500449068262395.[0m
/home/erussek/.conda/envs/pDL/lib/python3.8/site-packages/optuna/distributions.py:560: UserWarning: The distribution is specified by [2, 200] and step=5, but the range is not divisible by `step`. It will be replaced by [2, 197].
  warnings.warn(
