[32m[I 2022-06-23 00:14:30,756][0m Trial 97 finished with value: 5.040927347773627 and parameters: {'hidden_size': 17, 'lr': 0.003639617961971934}. Best is trial 76 with value: 5.0003676164165505.[0m
/home/erussek/.conda/envs/pDL/lib/python3.8/site-packages/optuna/distributions.py:560: UserWarning: The distribution is specified by [2, 200] and step=5, but the range is not divisible by `step`. It will be replaced by [2, 197].
  warnings.warn(
[32m[I 2022-06-23 00:16:20,891][0m Trial 98 finished with value: 5.02901560934344 and parameters: {'hidden_size': 32, 'lr': 0.007400925948726065}. Best is trial 76 with value: 5.0003676164165505.[0m
/home/erussek/.conda/envs/pDL/lib/python3.8/site-packages/optuna/distributions.py:560: UserWarning: The distribution is specified by [2, 200] and step=5, but the range is not divisible by `step`. It will be replaced by [2, 197].
  warnings.warn(
[32m[I 2022-06-23 00:18:10,037][0m Trial 99 finished with value: 5.0407208455356844 and parameters: {'hidden_size': 12, 'lr': 0.005666954490563892}. Best is trial 76 with value: 5.0003676164165505.[0m
/home/erussek/.conda/envs/pDL/lib/python3.8/site-packages/optuna/distributions.py:560: UserWarning: The distribution is specified by [2, 200] and step=5, but the range is not divisible by `step`. It will be replaced by [2, 197].
  warnings.warn(
[32m[I 2022-06-23 00:19:59,983][0m Trial 100 finished with value: 5.034361883826201 and parameters: {'hidden_size': 27, 'lr': 0.002809324772732103}. Best is trial 76 with value: 5.0003676164165505.[0m
/home/erussek/.conda/envs/pDL/lib/python3.8/site-packages/optuna/distributions.py:560: UserWarning: The distribution is specified by [2, 200] and step=5, but the range is not divisible by `step`. It will be replaced by [2, 197].
  warnings.warn(
[32m[I 2022-06-23 00:21:49,809][0m Trial 101 finished with value: 5.054155949899085 and parameters: {'hidden_size': 32, 'lr': 0.0019978982648054264}. Best is trial 76 with value: 5.0003676164165505.[0m
/home/erussek/.conda/envs/pDL/lib/python3.8/site-packages/optuna/distributions.py:560: UserWarning: The distribution is specified by [2, 200] and step=5, but the range is not divisible by `step`. It will be replaced by [2, 197].
  warnings.warn(
[32m[I 2022-06-23 00:23:39,682][0m Trial 102 finished with value: 5.052137602154026 and parameters: {'hidden_size': 22, 'lr': 0.0025031689906640352}. Best is trial 76 with value: 5.0003676164165505.[0m
/home/erussek/.conda/envs/pDL/lib/python3.8/site-packages/optuna/distributions.py:560: UserWarning: The distribution is specified by [2, 200] and step=5, but the range is not divisible by `step`. It will be replaced by [2, 197].
  warnings.warn(
[32m[I 2022-06-23 00:25:30,484][0m Trial 103 finished with value: 5.027737742158728 and parameters: {'hidden_size': 57, 'lr': 0.0031382633389672896}. Best is trial 76 with value: 5.0003676164165505.[0m
/home/erussek/.conda/envs/pDL/lib/python3.8/site-packages/optuna/distributions.py:560: UserWarning: The distribution is specified by [2, 200] and step=5, but the range is not divisible by `step`. It will be replaced by [2, 197].
  warnings.warn(
[32m[I 2022-06-23 00:27:21,719][0m Trial 104 finished with value: 5.032762172318298 and parameters: {'hidden_size': 47, 'lr': 0.00496630304264921}. Best is trial 76 with value: 5.0003676164165505.[0m
/home/erussek/.conda/envs/pDL/lib/python3.8/site-packages/optuna/distributions.py:560: UserWarning: The distribution is specified by [2, 200] and step=5, but the range is not divisible by `step`. It will be replaced by [2, 197].
  warnings.warn(
[32m[I 2022-06-23 00:29:13,671][0m Trial 105 finished with value: 5.041520670418856 and parameters: {'hidden_size': 42, 'lr': 0.0037813591930766274}. Best is trial 76 with value: 5.0003676164165505.[0m
/home/erussek/.conda/envs/pDL/lib/python3.8/site-packages/optuna/distributions.py:560: UserWarning: The distribution is specified by [2, 200] and step=5, but the range is not divisible by `step`. It will be replaced by [2, 197].
  warnings.warn(
[32m[I 2022-06-23 00:31:05,741][0m Trial 106 finished with value: 5.074628914745761 and parameters: {'hidden_size': 37, 'lr': 0.0008155794539363168}. Best is trial 76 with value: 5.0003676164165505.[0m
/home/erussek/.conda/envs/pDL/lib/python3.8/site-packages/optuna/distributions.py:560: UserWarning: The distribution is specified by [2, 200] and step=5, but the range is not divisible by `step`. It will be replaced by [2, 197].
  warnings.warn(
[32m[I 2022-06-23 00:32:57,875][0m Trial 107 finished with value: 5.042847857127269 and parameters: {'hidden_size': 97, 'lr': 0.003391523152216082}. Best is trial 76 with value: 5.0003676164165505.[0m
/home/erussek/.conda/envs/pDL/lib/python3.8/site-packages/optuna/distributions.py:560: UserWarning: The distribution is specified by [2, 200] and step=5, but the range is not divisible by `step`. It will be replaced by [2, 197].
  warnings.warn(
[32m[I 2022-06-23 00:34:47,305][0m Trial 108 finished with value: 5.017039071277223 and parameters: {'hidden_size': 32, 'lr': 0.004158695777553609}. Best is trial 76 with value: 5.0003676164165505.[0m
/home/erussek/.conda/envs/pDL/lib/python3.8/site-packages/optuna/distributions.py:560: UserWarning: The distribution is specified by [2, 200] and step=5, but the range is not divisible by `step`. It will be replaced by [2, 197].
  warnings.warn(
[32m[I 2022-06-23 00:36:36,630][0m Trial 109 finished with value: 5.0220271930499205 and parameters: {'hidden_size': 27, 'lr': 0.006102650603259671}. Best is trial 76 with value: 5.0003676164165505.[0m
/home/erussek/.conda/envs/pDL/lib/python3.8/site-packages/optuna/distributions.py:560: UserWarning: The distribution is specified by [2, 200] and step=5, but the range is not divisible by `step`. It will be replaced by [2, 197].
  warnings.warn(
[32m[I 2022-06-23 00:38:26,048][0m Trial 110 finished with value: 5.021667872249088 and parameters: {'hidden_size': 32, 'lr': 0.00508283158059646}. Best is trial 76 with value: 5.0003676164165505.[0m
/home/erussek/.conda/envs/pDL/lib/python3.8/site-packages/optuna/distributions.py:560: UserWarning: The distribution is specified by [2, 200] and step=5, but the range is not divisible by `step`. It will be replaced by [2, 197].
  warnings.warn(
[32m[I 2022-06-23 00:40:17,463][0m Trial 111 finished with value: 5.027857864406747 and parameters: {'hidden_size': 47, 'lr': 0.004113942109004848}. Best is trial 76 with value: 5.0003676164165505.[0m
/home/erussek/.conda/envs/pDL/lib/python3.8/site-packages/optuna/distributions.py:560: UserWarning: The distribution is specified by [2, 200] and step=5, but the range is not divisible by `step`. It will be replaced by [2, 197].
  warnings.warn(
[32m[I 2022-06-23 00:42:07,007][0m Trial 112 finished with value: 5.0467877455923835 and parameters: {'hidden_size': 22, 'lr': 0.0029333320707653774}. Best is trial 76 with value: 5.0003676164165505.[0m
/home/erussek/.conda/envs/pDL/lib/python3.8/site-packages/optuna/distributions.py:560: UserWarning: The distribution is specified by [2, 200] and step=5, but the range is not divisible by `step`. It will be replaced by [2, 197].
  warnings.warn(
[32m[I 2022-06-23 00:43:58,589][0m Trial 113 finished with value: 5.018659967390127 and parameters: {'hidden_size': 37, 'lr': 0.0036277179833585083}. Best is trial 76 with value: 5.0003676164165505.[0m
/home/erussek/.conda/envs/pDL/lib/python3.8/site-packages/optuna/distributions.py:560: UserWarning: The distribution is specified by [2, 200] and step=5, but the range is not divisible by `step`. It will be replaced by [2, 197].
  warnings.warn(
[32m[I 2022-06-23 00:45:47,968][0m Trial 114 finished with value: 5.040894922617913 and parameters: {'hidden_size': 32, 'lr': 0.0023729950680576603}. Best is trial 76 with value: 5.0003676164165505.[0m
/home/erussek/.conda/envs/pDL/lib/python3.8/site-packages/optuna/distributions.py:560: UserWarning: The distribution is specified by [2, 200] and step=5, but the range is not divisible by `step`. It will be replaced by [2, 197].
  warnings.warn(
[32m[I 2022-06-23 00:47:45,408][0m Trial 115 finished with value: 5.049350532503959 and parameters: {'hidden_size': 192, 'lr': 0.0043865689716380924}. Best is trial 76 with value: 5.0003676164165505.[0m
/home/erussek/.conda/envs/pDL/lib/python3.8/site-packages/optuna/distributions.py:560: UserWarning: The distribution is specified by [2, 200] and step=5, but the range is not divisible by `step`. It will be replaced by [2, 197].
  warnings.warn(
[32m[I 2022-06-23 00:49:33,824][0m Trial 116 finished with value: 5.036162925628938 and parameters: {'hidden_size': 52, 'lr': 0.003179770190130282}. Best is trial 76 with value: 5.0003676164165505.[0m
/home/erussek/.conda/envs/pDL/lib/python3.8/site-packages/optuna/distributions.py:560: UserWarning: The distribution is specified by [2, 200] and step=5, but the range is not divisible by `step`. It will be replaced by [2, 197].
  warnings.warn(
[32m[I 2022-06-23 00:51:23,511][0m Trial 117 finished with value: 5.038644254818158 and parameters: {'hidden_size': 17, 'lr': 0.003939284509185269}. Best is trial 76 with value: 5.0003676164165505.[0m
/home/erussek/.conda/envs/pDL/lib/python3.8/site-packages/optuna/distributions.py:560: UserWarning: The distribution is specified by [2, 200] and step=5, but the range is not divisible by `step`. It will be replaced by [2, 197].
  warnings.warn(
[32m[I 2022-06-23 00:53:12,707][0m Trial 118 finished with value: 5.001187079580126 and parameters: {'hidden_size': 27, 'lr': 0.004719911257214032}. Best is trial 76 with value: 5.0003676164165505.[0m
/home/erussek/.conda/envs/pDL/lib/python3.8/site-packages/optuna/distributions.py:560: UserWarning: The distribution is specified by [2, 200] and step=5, but the range is not divisible by `step`. It will be replaced by [2, 197].
  warnings.warn(
[32m[I 2022-06-23 00:55:10,916][0m Trial 119 finished with value: 5.058408642051773 and parameters: {'hidden_size': 137, 'lr': 0.005716835751027823}. Best is trial 76 with value: 5.0003676164165505.[0m
/home/erussek/.conda/envs/pDL/lib/python3.8/site-packages/optuna/distributions.py:560: UserWarning: The distribution is specified by [2, 200] and step=5, but the range is not divisible by `step`. It will be replaced by [2, 197].
  warnings.warn(
[32m[I 2022-06-23 00:57:00,038][0m Trial 120 finished with value: 5.005305182956703 and parameters: {'hidden_size': 27, 'lr': 0.004868543214529286}. Best is trial 76 with value: 5.0003676164165505.[0m
/home/erussek/.conda/envs/pDL/lib/python3.8/site-packages/optuna/distributions.py:560: UserWarning: The distribution is specified by [2, 200] and step=5, but the range is not divisible by `step`. It will be replaced by [2, 197].
  warnings.warn(
[32m[I 2022-06-23 00:58:48,543][0m Trial 121 finished with value: 5.025699687179622 and parameters: {'hidden_size': 27, 'lr': 0.005022560108693202}. Best is trial 76 with value: 5.0003676164165505.[0m
/home/erussek/.conda/envs/pDL/lib/python3.8/site-packages/optuna/distributions.py:560: UserWarning: The distribution is specified by [2, 200] and step=5, but the range is not divisible by `step`. It will be replaced by [2, 197].
  warnings.warn(
[32m[I 2022-06-23 01:00:39,152][0m Trial 122 finished with value: 5.012092915295639 and parameters: {'hidden_size': 42, 'lr': 0.004637271801269354}. Best is trial 76 with value: 5.0003676164165505.[0m
/home/erussek/.conda/envs/pDL/lib/python3.8/site-packages/optuna/distributions.py:560: UserWarning: The distribution is specified by [2, 200] and step=5, but the range is not divisible by `step`. It will be replaced by [2, 197].
  warnings.warn(
[32m[I 2022-06-23 01:02:30,797][0m Trial 123 finished with value: 5.01931275261349 and parameters: {'hidden_size': 42, 'lr': 0.0046808324771805895}. Best is trial 76 with value: 5.0003676164165505.[0m
/home/erussek/.conda/envs/pDL/lib/python3.8/site-packages/optuna/distributions.py:560: UserWarning: The distribution is specified by [2, 200] and step=5, but the range is not divisible by `step`. It will be replaced by [2, 197].
  warnings.warn(
[32m[I 2022-06-23 01:04:21,156][0m Trial 124 finished with value: 5.031359354146158 and parameters: {'hidden_size': 22, 'lr': 0.005479257200708104}. Best is trial 76 with value: 5.0003676164165505.[0m
/home/erussek/.conda/envs/pDL/lib/python3.8/site-packages/optuna/distributions.py:560: UserWarning: The distribution is specified by [2, 200] and step=5, but the range is not divisible by `step`. It will be replaced by [2, 197].
  warnings.warn(
[32m[I 2022-06-23 01:06:09,323][0m Trial 125 finished with value: 5.035892155770303 and parameters: {'hidden_size': 12, 'lr': 0.006532499825296285}. Best is trial 76 with value: 5.0003676164165505.[0m
/home/erussek/.conda/envs/pDL/lib/python3.8/site-packages/optuna/distributions.py:560: UserWarning: The distribution is specified by [2, 200] and step=5, but the range is not divisible by `step`. It will be replaced by [2, 197].
  warnings.warn(
[32m[I 2022-06-23 01:07:59,976][0m Trial 126 finished with value: 5.0179030296133975 and parameters: {'hidden_size': 37, 'lr': 0.003527027450685561}. Best is trial 76 with value: 5.0003676164165505.[0m
/home/erussek/.conda/envs/pDL/lib/python3.8/site-packages/optuna/distributions.py:560: UserWarning: The distribution is specified by [2, 200] and step=5, but the range is not divisible by `step`. It will be replaced by [2, 197].
  warnings.warn(
[32m[I 2022-06-23 01:09:48,282][0m Trial 127 finished with value: 5.001181727182239 and parameters: {'hidden_size': 27, 'lr': 0.0046023406082247986}. Best is trial 76 with value: 5.0003676164165505.[0m
/home/erussek/.conda/envs/pDL/lib/python3.8/site-packages/optuna/distributions.py:560: UserWarning: The distribution is specified by [2, 200] and step=5, but the range is not divisible by `step`. It will be replaced by [2, 197].
  warnings.warn(
[32m[I 2022-06-23 01:11:37,624][0m Trial 128 finished with value: 5.017626117576253 and parameters: {'hidden_size': 27, 'lr': 0.00449130390071039}. Best is trial 76 with value: 5.0003676164165505.[0m
/home/erussek/.conda/envs/pDL/lib/python3.8/site-packages/optuna/distributions.py:560: UserWarning: The distribution is specified by [2, 200] and step=5, but the range is not divisible by `step`. It will be replaced by [2, 197].
  warnings.warn(
[32m[I 2022-06-23 01:13:26,933][0m Trial 129 finished with value: 5.034646966622215 and parameters: {'hidden_size': 17, 'lr': 0.005203250653225304}. Best is trial 76 with value: 5.0003676164165505.[0m
/home/erussek/.conda/envs/pDL/lib/python3.8/site-packages/optuna/distributions.py:560: UserWarning: The distribution is specified by [2, 200] and step=5, but the range is not divisible by `step`. It will be replaced by [2, 197].
  warnings.warn(
[32m[I 2022-06-23 01:15:15,605][0m Trial 130 finished with value: 5.01605670327719 and parameters: {'hidden_size': 27, 'lr': 0.006961918962511707}. Best is trial 76 with value: 5.0003676164165505.[0m
/home/erussek/.conda/envs/pDL/lib/python3.8/site-packages/optuna/distributions.py:560: UserWarning: The distribution is specified by [2, 200] and step=5, but the range is not divisible by `step`. It will be replaced by [2, 197].
  warnings.warn(
[32m[I 2022-06-23 01:17:06,019][0m Trial 131 finished with value: 5.003833472308978 and parameters: {'hidden_size': 37, 'lr': 0.003860263480828057}. Best is trial 76 with value: 5.0003676164165505.[0m
/home/erussek/.conda/envs/pDL/lib/python3.8/site-packages/optuna/distributions.py:560: UserWarning: The distribution is specified by [2, 200] and step=5, but the range is not divisible by `step`. It will be replaced by [2, 197].
  warnings.warn(
[32m[I 2022-06-23 01:18:54,368][0m Trial 132 finished with value: 5.026059087885785 and parameters: {'hidden_size': 32, 'lr': 0.003817016008248955}. Best is trial 76 with value: 5.0003676164165505.[0m
/home/erussek/.conda/envs/pDL/lib/python3.8/site-packages/optuna/distributions.py:560: UserWarning: The distribution is specified by [2, 200] and step=5, but the range is not divisible by `step`. It will be replaced by [2, 197].
  warnings.warn(
[32m[I 2022-06-23 01:20:44,036][0m Trial 133 finished with value: 5.0062255216392755 and parameters: {'hidden_size': 42, 'lr': 0.004174952874361014}. Best is trial 76 with value: 5.0003676164165505.[0m
/home/erussek/.conda/envs/pDL/lib/python3.8/site-packages/optuna/distributions.py:560: UserWarning: The distribution is specified by [2, 200] and step=5, but the range is not divisible by `step`. It will be replaced by [2, 197].
  warnings.warn(
[32m[I 2022-06-23 01:22:33,306][0m Trial 134 finished with value: 5.024547735379386 and parameters: {'hidden_size': 47, 'lr': 0.00482689397677373}. Best is trial 76 with value: 5.0003676164165505.[0m
/home/erussek/.conda/envs/pDL/lib/python3.8/site-packages/optuna/distributions.py:560: UserWarning: The distribution is specified by [2, 200] and step=5, but the range is not divisible by `step`. It will be replaced by [2, 197].
  warnings.warn(
[32m[I 2022-06-23 01:24:22,789][0m Trial 135 finished with value: 5.086565470000998 and parameters: {'hidden_size': 42, 'lr': 0.0006648284046400457}. Best is trial 76 with value: 5.0003676164165505.[0m
/home/erussek/.conda/envs/pDL/lib/python3.8/site-packages/optuna/distributions.py:560: UserWarning: The distribution is specified by [2, 200] and step=5, but the range is not divisible by `step`. It will be replaced by [2, 197].
  warnings.warn(
[32m[I 2022-06-23 01:26:09,876][0m Trial 136 finished with value: 5.019176555771224 and parameters: {'hidden_size': 52, 'lr': 0.004338675945089953}. Best is trial 76 with value: 5.0003676164165505.[0m
/home/erussek/.conda/envs/pDL/lib/python3.8/site-packages/optuna/distributions.py:560: UserWarning: The distribution is specified by [2, 200] and step=5, but the range is not divisible by `step`. It will be replaced by [2, 197].
  warnings.warn(
[32m[I 2022-06-23 01:27:58,066][0m Trial 137 finished with value: 5.016039915258845 and parameters: {'hidden_size': 22, 'lr': 0.006312482135072749}. Best is trial 76 with value: 5.0003676164165505.[0m
/home/erussek/.conda/envs/pDL/lib/python3.8/site-packages/optuna/distributions.py:560: UserWarning: The distribution is specified by [2, 200] and step=5, but the range is not divisible by `step`. It will be replaced by [2, 197].
  warnings.warn(
[32m[I 2022-06-23 01:29:48,520][0m Trial 138 finished with value: 5.1185335154417375 and parameters: {'hidden_size': 42, 'lr': 0.00031730737564017854}. Best is trial 76 with value: 5.0003676164165505.[0m
/home/erussek/.conda/envs/pDL/lib/python3.8/site-packages/optuna/distributions.py:560: UserWarning: The distribution is specified by [2, 200] and step=5, but the range is not divisible by `step`. It will be replaced by [2, 197].
  warnings.warn(
[32m[I 2022-06-23 01:31:37,119][0m Trial 139 finished with value: 5.02532010900379 and parameters: {'hidden_size': 32, 'lr': 0.005511796988353937}. Best is trial 76 with value: 5.0003676164165505.[0m
/home/erussek/.conda/envs/pDL/lib/python3.8/site-packages/optuna/distributions.py:560: UserWarning: The distribution is specified by [2, 200] and step=5, but the range is not divisible by `step`. It will be replaced by [2, 197].
  warnings.warn(
[32m[I 2022-06-23 01:33:33,517][0m Trial 140 finished with value: 5.045099287385672 and parameters: {'hidden_size': 152, 'lr': 0.004774107680352001}. Best is trial 76 with value: 5.0003676164165505.[0m
/home/erussek/.conda/envs/pDL/lib/python3.8/site-packages/optuna/distributions.py:560: UserWarning: The distribution is specified by [2, 200] and step=5, but the range is not divisible by `step`. It will be replaced by [2, 197].
  warnings.warn(
[32m[I 2022-06-23 01:35:24,839][0m Trial 141 finished with value: 5.012939404739155 and parameters: {'hidden_size': 37, 'lr': 0.004016435396367545}. Best is trial 76 with value: 5.0003676164165505.[0m
/home/erussek/.conda/envs/pDL/lib/python3.8/site-packages/optuna/distributions.py:560: UserWarning: The distribution is specified by [2, 200] and step=5, but the range is not divisible by `step`. It will be replaced by [2, 197].
  warnings.warn(
[32m[I 2022-06-23 01:37:16,550][0m Trial 142 finished with value: 5.010233360925802 and parameters: {'hidden_size': 37, 'lr': 0.004076635012751228}. Best is trial 76 with value: 5.0003676164165505.[0m
/home/erussek/.conda/envs/pDL/lib/python3.8/site-packages/optuna/distributions.py:560: UserWarning: The distribution is specified by [2, 200] and step=5, but the range is not divisible by `step`. It will be replaced by [2, 197].
  warnings.warn(
[32m[I 2022-06-23 01:39:05,757][0m Trial 143 finished with value: 5.021857388346204 and parameters: {'hidden_size': 27, 'lr': 0.004220522307204647}. Best is trial 76 with value: 5.0003676164165505.[0m
/home/erussek/.conda/envs/pDL/lib/python3.8/site-packages/optuna/distributions.py:560: UserWarning: The distribution is specified by [2, 200] and step=5, but the range is not divisible by `step`. It will be replaced by [2, 197].
  warnings.warn(
[32m[I 2022-06-23 01:40:56,282][0m Trial 144 finished with value: 5.020115582112618 and parameters: {'hidden_size': 47, 'lr': 0.0037718864228314455}. Best is trial 76 with value: 5.0003676164165505.[0m
/home/erussek/.conda/envs/pDL/lib/python3.8/site-packages/optuna/distributions.py:560: UserWarning: The distribution is specified by [2, 200] and step=5, but the range is not divisible by `step`. It will be replaced by [2, 197].
  warnings.warn(
