[32m[I 2022-06-22 21:42:19,203][0m Trial 48 finished with value: 4.852482077216064 and parameters: {'hidden_size': 97, 'lr': 0.00011989487223620324}. Best is trial 39 with value: 4.8500449068262395.[0m
/home/erussek/.conda/envs/pDL/lib/python3.8/site-packages/optuna/distributions.py:560: UserWarning: The distribution is specified by [2, 200] and step=5, but the range is not divisible by `step`. It will be replaced by [2, 197].
  warnings.warn(
[32m[I 2022-06-22 21:42:32,682][0m Trial 49 finished with value: 4.850281441982515 and parameters: {'hidden_size': 132, 'lr': 0.0001739770445325431}. Best is trial 39 with value: 4.8500449068262395.[0m
/home/erussek/.conda/envs/pDL/lib/python3.8/site-packages/optuna/distributions.py:560: UserWarning: The distribution is specified by [2, 200] and step=5, but the range is not divisible by `step`. It will be replaced by [2, 197].
  warnings.warn(
[32m[I 2022-06-22 21:42:46,003][0m Trial 50 finished with value: 4.850130776971312 and parameters: {'hidden_size': 67, 'lr': 0.00022069096768912846}. Best is trial 39 with value: 4.8500449068262395.[0m
/home/erussek/.conda/envs/pDL/lib/python3.8/site-packages/optuna/distributions.py:560: UserWarning: The distribution is specified by [2, 200] and step=5, but the range is not divisible by `step`. It will be replaced by [2, 197].
  warnings.warn(
[32m[I 2022-06-22 21:42:59,298][0m Trial 51 finished with value: 4.850133386143649 and parameters: {'hidden_size': 67, 'lr': 0.00022245001047130412}. Best is trial 39 with value: 4.8500449068262395.[0m
/home/erussek/.conda/envs/pDL/lib/python3.8/site-packages/optuna/distributions.py:560: UserWarning: The distribution is specified by [2, 200] and step=5, but the range is not divisible by `step`. It will be replaced by [2, 197].
  warnings.warn(
[32m[I 2022-06-22 21:43:12,646][0m Trial 52 finished with value: 4.850172378380381 and parameters: {'hidden_size': 72, 'lr': 0.00021796902097470693}. Best is trial 39 with value: 4.8500449068262395.[0m
/home/erussek/.conda/envs/pDL/lib/python3.8/site-packages/optuna/distributions.py:560: UserWarning: The distribution is specified by [2, 200] and step=5, but the range is not divisible by `step`. It will be replaced by [2, 197].
  warnings.warn(
[32m[I 2022-06-22 21:43:25,984][0m Trial 53 finished with value: 4.850924584609141 and parameters: {'hidden_size': 62, 'lr': 0.00039080671321910313}. Best is trial 39 with value: 4.8500449068262395.[0m
/home/erussek/.conda/envs/pDL/lib/python3.8/site-packages/optuna/distributions.py:560: UserWarning: The distribution is specified by [2, 200] and step=5, but the range is not divisible by `step`. It will be replaced by [2, 197].
  warnings.warn(
[32m[I 2022-06-22 21:43:39,354][0m Trial 54 finished with value: 4.850137684623044 and parameters: {'hidden_size': 77, 'lr': 0.00021466544390487684}. Best is trial 39 with value: 4.8500449068262395.[0m
/home/erussek/.conda/envs/pDL/lib/python3.8/site-packages/optuna/distributions.py:560: UserWarning: The distribution is specified by [2, 200] and step=5, but the range is not divisible by `step`. It will be replaced by [2, 197].
  warnings.warn(
[32m[I 2022-06-22 21:43:52,696][0m Trial 55 finished with value: 4.8507476601649495 and parameters: {'hidden_size': 92, 'lr': 0.0001357466045016713}. Best is trial 39 with value: 4.8500449068262395.[0m
/home/erussek/.conda/envs/pDL/lib/python3.8/site-packages/optuna/distributions.py:560: UserWarning: The distribution is specified by [2, 200] and step=5, but the range is not divisible by `step`. It will be replaced by [2, 197].
  warnings.warn(
[32m[I 2022-06-22 21:44:06,058][0m Trial 56 finished with value: 4.850091177393013 and parameters: {'hidden_size': 77, 'lr': 0.0002027283011896234}. Best is trial 39 with value: 4.8500449068262395.[0m
/home/erussek/.conda/envs/pDL/lib/python3.8/site-packages/optuna/distributions.py:560: UserWarning: The distribution is specified by [2, 200] and step=5, but the range is not divisible by `step`. It will be replaced by [2, 197].
  warnings.warn(
[32m[I 2022-06-22 21:44:19,425][0m Trial 57 finished with value: 4.8501899759076466 and parameters: {'hidden_size': 82, 'lr': 0.0001660414598163454}. Best is trial 39 with value: 4.8500449068262395.[0m
/home/erussek/.conda/envs/pDL/lib/python3.8/site-packages/optuna/distributions.py:560: UserWarning: The distribution is specified by [2, 200] and step=5, but the range is not divisible by `step`. It will be replaced by [2, 197].
  warnings.warn(
[32m[I 2022-06-22 21:44:32,731][0m Trial 58 finished with value: 4.988070221892087 and parameters: {'hidden_size': 67, 'lr': 0.00010366726659694474}. Best is trial 39 with value: 4.8500449068262395.[0m
/home/erussek/.conda/envs/pDL/lib/python3.8/site-packages/optuna/distributions.py:560: UserWarning: The distribution is specified by [2, 200] and step=5, but the range is not divisible by `step`. It will be replaced by [2, 197].
  warnings.warn(
[32m[I 2022-06-22 21:44:46,088][0m Trial 59 finished with value: 4.851221067995482 and parameters: {'hidden_size': 102, 'lr': 0.0003242903205420874}. Best is trial 39 with value: 4.8500449068262395.[0m
/home/erussek/.conda/envs/pDL/lib/python3.8/site-packages/optuna/distributions.py:560: UserWarning: The distribution is specified by [2, 200] and step=5, but the range is not divisible by `step`. It will be replaced by [2, 197].
  warnings.warn(
[32m[I 2022-06-22 21:44:59,433][0m Trial 60 finished with value: 4.85020225400656 and parameters: {'hidden_size': 92, 'lr': 0.0002039516907107919}. Best is trial 39 with value: 4.8500449068262395.[0m
/home/erussek/.conda/envs/pDL/lib/python3.8/site-packages/optuna/distributions.py:560: UserWarning: The distribution is specified by [2, 200] and step=5, but the range is not divisible by `step`. It will be replaced by [2, 197].
  warnings.warn(
[32m[I 2022-06-22 21:45:12,806][0m Trial 61 finished with value: 4.850319899609087 and parameters: {'hidden_size': 77, 'lr': 0.00024904129657387226}. Best is trial 39 with value: 4.8500449068262395.[0m
/home/erussek/.conda/envs/pDL/lib/python3.8/site-packages/optuna/distributions.py:560: UserWarning: The distribution is specified by [2, 200] and step=5, but the range is not divisible by `step`. It will be replaced by [2, 197].
  warnings.warn(
[32m[I 2022-06-22 21:45:26,155][0m Trial 62 finished with value: 4.850145215605041 and parameters: {'hidden_size': 77, 'lr': 0.00021666012665636397}. Best is trial 39 with value: 4.8500449068262395.[0m
/home/erussek/.conda/envs/pDL/lib/python3.8/site-packages/optuna/distributions.py:560: UserWarning: The distribution is specified by [2, 200] and step=5, but the range is not divisible by `step`. It will be replaced by [2, 197].
  warnings.warn(
[32m[I 2022-06-22 21:45:39,485][0m Trial 63 finished with value: 4.897184398621511 and parameters: {'hidden_size': 67, 'lr': 0.00011990236672675488}. Best is trial 39 with value: 4.8500449068262395.[0m
/home/erussek/.conda/envs/pDL/lib/python3.8/site-packages/optuna/distributions.py:560: UserWarning: The distribution is specified by [2, 200] and step=5, but the range is not divisible by `step`. It will be replaced by [2, 197].
  warnings.warn(
[32m[I 2022-06-22 21:45:52,832][0m Trial 64 finished with value: 4.850038911102676 and parameters: {'hidden_size': 87, 'lr': 0.00017865409135599565}. Best is trial 64 with value: 4.850038911102676.[0m
/home/erussek/.conda/envs/pDL/lib/python3.8/site-packages/optuna/distributions.py:560: UserWarning: The distribution is specified by [2, 200] and step=5, but the range is not divisible by `step`. It will be replaced by [2, 197].
  warnings.warn(
[32m[I 2022-06-22 21:46:06,190][0m Trial 65 finished with value: 4.850136191377872 and parameters: {'hidden_size': 87, 'lr': 0.00015845079753376494}. Best is trial 64 with value: 4.850038911102676.[0m
/home/erussek/.conda/envs/pDL/lib/python3.8/site-packages/optuna/distributions.py:560: UserWarning: The distribution is specified by [2, 200] and step=5, but the range is not divisible by `step`. It will be replaced by [2, 197].
  warnings.warn(
[32m[I 2022-06-22 21:46:19,557][0m Trial 66 finished with value: 4.886441016853542 and parameters: {'hidden_size': 107, 'lr': 0.003551933345384001}. Best is trial 64 with value: 4.850038911102676.[0m
/home/erussek/.conda/envs/pDL/lib/python3.8/site-packages/optuna/distributions.py:560: UserWarning: The distribution is specified by [2, 200] and step=5, but the range is not divisible by `step`. It will be replaced by [2, 197].
  warnings.warn(
[32m[I 2022-06-22 21:46:32,911][0m Trial 67 finished with value: 4.850331295887425 and parameters: {'hidden_size': 62, 'lr': 0.0002839407601131067}. Best is trial 64 with value: 4.850038911102676.[0m
/home/erussek/.conda/envs/pDL/lib/python3.8/site-packages/optuna/distributions.py:560: UserWarning: The distribution is specified by [2, 200] and step=5, but the range is not divisible by `step`. It will be replaced by [2, 197].
  warnings.warn(
[32m[I 2022-06-22 21:46:46,274][0m Trial 68 finished with value: 4.857113559366647 and parameters: {'hidden_size': 52, 'lr': 0.00018184799396080422}. Best is trial 64 with value: 4.850038911102676.[0m
/home/erussek/.conda/envs/pDL/lib/python3.8/site-packages/optuna/distributions.py:560: UserWarning: The distribution is specified by [2, 200] and step=5, but the range is not divisible by `step`. It will be replaced by [2, 197].
  warnings.warn(
[32m[I 2022-06-22 21:46:59,620][0m Trial 69 finished with value: 4.851399047197667 and parameters: {'hidden_size': 72, 'lr': 0.00042433753348995875}. Best is trial 64 with value: 4.850038911102676.[0m
/home/erussek/.conda/envs/pDL/lib/python3.8/site-packages/optuna/distributions.py:560: UserWarning: The distribution is specified by [2, 200] and step=5, but the range is not divisible by `step`. It will be replaced by [2, 197].
  warnings.warn(
[32m[I 2022-06-22 21:47:13,007][0m Trial 70 finished with value: 4.852614795657951 and parameters: {'hidden_size': 87, 'lr': 0.000541412740631525}. Best is trial 64 with value: 4.850038911102676.[0m
/home/erussek/.conda/envs/pDL/lib/python3.8/site-packages/optuna/distributions.py:560: UserWarning: The distribution is specified by [2, 200] and step=5, but the range is not divisible by `step`. It will be replaced by [2, 197].
  warnings.warn(
[32m[I 2022-06-22 21:47:26,361][0m Trial 71 finished with value: 4.850107312393249 and parameters: {'hidden_size': 92, 'lr': 0.00015260925832100616}. Best is trial 64 with value: 4.850038911102676.[0m
/home/erussek/.conda/envs/pDL/lib/python3.8/site-packages/optuna/distributions.py:560: UserWarning: The distribution is specified by [2, 200] and step=5, but the range is not divisible by `step`. It will be replaced by [2, 197].
  warnings.warn(
[32m[I 2022-06-22 21:47:39,882][0m Trial 72 finished with value: 4.8500400018066205 and parameters: {'hidden_size': 117, 'lr': 0.00013413375673558}. Best is trial 64 with value: 4.850038911102676.[0m
/home/erussek/.conda/envs/pDL/lib/python3.8/site-packages/optuna/distributions.py:560: UserWarning: The distribution is specified by [2, 200] and step=5, but the range is not divisible by `step`. It will be replaced by [2, 197].
  warnings.warn(
[32m[I 2022-06-22 21:47:53,382][0m Trial 73 finished with value: 4.850022998608639 and parameters: {'hidden_size': 122, 'lr': 0.0001369967454497819}. Best is trial 73 with value: 4.850022998608639.[0m
/home/erussek/.conda/envs/pDL/lib/python3.8/site-packages/optuna/distributions.py:560: UserWarning: The distribution is specified by [2, 200] and step=5, but the range is not divisible by `step`. It will be replaced by [2, 197].
  warnings.warn(
[32m[I 2022-06-22 21:48:06,918][0m Trial 74 finished with value: 4.849999135534223 and parameters: {'hidden_size': 137, 'lr': 0.00013167573225914185}. Best is trial 74 with value: 4.849999135534223.[0m
/home/erussek/.conda/envs/pDL/lib/python3.8/site-packages/optuna/distributions.py:560: UserWarning: The distribution is specified by [2, 200] and step=5, but the range is not divisible by `step`. It will be replaced by [2, 197].
  warnings.warn(
[32m[I 2022-06-22 21:48:20,436][0m Trial 75 finished with value: 4.850034287621514 and parameters: {'hidden_size': 127, 'lr': 0.00013037583295719368}. Best is trial 74 with value: 4.849999135534223.[0m
/home/erussek/.conda/envs/pDL/lib/python3.8/site-packages/optuna/distributions.py:560: UserWarning: The distribution is specified by [2, 200] and step=5, but the range is not divisible by `step`. It will be replaced by [2, 197].
  warnings.warn(
[32m[I 2022-06-22 21:48:33,959][0m Trial 76 finished with value: 4.8500155324590954 and parameters: {'hidden_size': 142, 'lr': 0.0001277816849792013}. Best is trial 74 with value: 4.849999135534223.[0m
/home/erussek/.conda/envs/pDL/lib/python3.8/site-packages/optuna/distributions.py:560: UserWarning: The distribution is specified by [2, 200] and step=5, but the range is not divisible by `step`. It will be replaced by [2, 197].
  warnings.warn(
[32m[I 2022-06-22 21:48:47,493][0m Trial 77 finished with value: 4.850020617933493 and parameters: {'hidden_size': 142, 'lr': 0.00012945726801384113}. Best is trial 74 with value: 4.849999135534223.[0m
/home/erussek/.conda/envs/pDL/lib/python3.8/site-packages/optuna/distributions.py:560: UserWarning: The distribution is specified by [2, 200] and step=5, but the range is not divisible by `step`. It will be replaced by [2, 197].
  warnings.warn(
[32m[I 2022-06-22 21:49:01,005][0m Trial 78 finished with value: 4.85002375721321 and parameters: {'hidden_size': 142, 'lr': 0.00012929868589628613}. Best is trial 74 with value: 4.849999135534223.[0m
/home/erussek/.conda/envs/pDL/lib/python3.8/site-packages/optuna/distributions.py:560: UserWarning: The distribution is specified by [2, 200] and step=5, but the range is not divisible by `step`. It will be replaced by [2, 197].
  warnings.warn(
[32m[I 2022-06-22 21:49:14,544][0m Trial 79 finished with value: 4.8500282590810535 and parameters: {'hidden_size': 142, 'lr': 0.00013307135233915835}. Best is trial 74 with value: 4.849999135534223.[0m
/home/erussek/.conda/envs/pDL/lib/python3.8/site-packages/optuna/distributions.py:560: UserWarning: The distribution is specified by [2, 200] and step=5, but the range is not divisible by `step`. It will be replaced by [2, 197].
  warnings.warn(
[32m[I 2022-06-22 21:49:28,063][0m Trial 80 finished with value: 4.850235611734561 and parameters: {'hidden_size': 142, 'lr': 0.00011045239057860537}. Best is trial 74 with value: 4.849999135534223.[0m
/home/erussek/.conda/envs/pDL/lib/python3.8/site-packages/optuna/distributions.py:560: UserWarning: The distribution is specified by [2, 200] and step=5, but the range is not divisible by `step`. It will be replaced by [2, 197].
  warnings.warn(
[32m[I 2022-06-22 21:49:41,601][0m Trial 81 finished with value: 4.850000817209444 and parameters: {'hidden_size': 137, 'lr': 0.00013243169562601986}. Best is trial 74 with value: 4.849999135534223.[0m
/home/erussek/.conda/envs/pDL/lib/python3.8/site-packages/optuna/distributions.py:560: UserWarning: The distribution is specified by [2, 200] and step=5, but the range is not divisible by `step`. It will be replaced by [2, 197].
  warnings.warn(
[32m[I 2022-06-22 21:49:55,101][0m Trial 82 finished with value: 4.850674545680973 and parameters: {'hidden_size': 137, 'lr': 0.00010265495550497467}. Best is trial 74 with value: 4.849999135534223.[0m
/home/erussek/.conda/envs/pDL/lib/python3.8/site-packages/optuna/distributions.py:560: UserWarning: The distribution is specified by [2, 200] and step=5, but the range is not divisible by `step`. It will be replaced by [2, 197].
  warnings.warn(
[32m[I 2022-06-22 21:50:08,614][0m Trial 83 finished with value: 4.850076162288497 and parameters: {'hidden_size': 162, 'lr': 0.00012954580549254566}. Best is trial 74 with value: 4.849999135534223.[0m
/home/erussek/.conda/envs/pDL/lib/python3.8/site-packages/optuna/distributions.py:560: UserWarning: The distribution is specified by [2, 200] and step=5, but the range is not divisible by `step`. It will be replaced by [2, 197].
  warnings.warn(
[32m[I 2022-06-22 21:50:22,120][0m Trial 84 finished with value: 4.850215148452608 and parameters: {'hidden_size': 127, 'lr': 0.00011852145637516583}. Best is trial 74 with value: 4.849999135534223.[0m
/home/erussek/.conda/envs/pDL/lib/python3.8/site-packages/optuna/distributions.py:560: UserWarning: The distribution is specified by [2, 200] and step=5, but the range is not divisible by `step`. It will be replaced by [2, 197].
  warnings.warn(
[32m[I 2022-06-22 21:50:35,626][0m Trial 85 finished with value: 4.850205255951375 and parameters: {'hidden_size': 162, 'lr': 0.0001431778373759037}. Best is trial 74 with value: 4.849999135534223.[0m
/home/erussek/.conda/envs/pDL/lib/python3.8/site-packages/optuna/distributions.py:560: UserWarning: The distribution is specified by [2, 200] and step=5, but the range is not divisible by `step`. It will be replaced by [2, 197].
  warnings.warn(
[32m[I 2022-06-22 21:50:49,156][0m Trial 86 finished with value: 4.850230854658098 and parameters: {'hidden_size': 142, 'lr': 0.0001104901452519865}. Best is trial 74 with value: 4.849999135534223.[0m
/home/erussek/.conda/envs/pDL/lib/python3.8/site-packages/optuna/distributions.py:560: UserWarning: The distribution is specified by [2, 200] and step=5, but the range is not divisible by `step`. It will be replaced by [2, 197].
  warnings.warn(
[32m[I 2022-06-22 21:51:02,660][0m Trial 87 finished with value: 4.850057186260724 and parameters: {'hidden_size': 127, 'lr': 0.00012724776372506126}. Best is trial 74 with value: 4.849999135534223.[0m
/home/erussek/.conda/envs/pDL/lib/python3.8/site-packages/optuna/distributions.py:560: UserWarning: The distribution is specified by [2, 200] and step=5, but the range is not divisible by `step`. It will be replaced by [2, 197].
  warnings.warn(
[32m[I 2022-06-22 21:51:16,186][0m Trial 88 finished with value: 4.850200810444645 and parameters: {'hidden_size': 152, 'lr': 0.00015020024751056615}. Best is trial 74 with value: 4.849999135534223.[0m
/home/erussek/.conda/envs/pDL/lib/python3.8/site-packages/optuna/distributions.py:560: UserWarning: The distribution is specified by [2, 200] and step=5, but the range is not divisible by `step`. It will be replaced by [2, 197].
  warnings.warn(
[32m[I 2022-06-22 21:51:29,684][0m Trial 89 finished with value: 4.851708099608537 and parameters: {'hidden_size': 132, 'lr': 0.00010103682261715305}. Best is trial 74 with value: 4.849999135534223.[0m
/home/erussek/.conda/envs/pDL/lib/python3.8/site-packages/optuna/distributions.py:560: UserWarning: The distribution is specified by [2, 200] and step=5, but the range is not divisible by `step`. It will be replaced by [2, 197].
  warnings.warn(
[32m[I 2022-06-22 21:51:43,233][0m Trial 90 finished with value: 4.85014430329528 and parameters: {'hidden_size': 177, 'lr': 0.00013059203747919942}. Best is trial 74 with value: 4.849999135534223.[0m
/home/erussek/.conda/envs/pDL/lib/python3.8/site-packages/optuna/distributions.py:560: UserWarning: The distribution is specified by [2, 200] and step=5, but the range is not divisible by `step`. It will be replaced by [2, 197].
  warnings.warn(
[32m[I 2022-06-22 21:51:56,763][0m Trial 91 finished with value: 4.850103199176691 and parameters: {'hidden_size': 117, 'lr': 0.00016530830161152004}. Best is trial 74 with value: 4.849999135534223.[0m
/home/erussek/.conda/envs/pDL/lib/python3.8/site-packages/optuna/distributions.py:560: UserWarning: The distribution is specified by [2, 200] and step=5, but the range is not divisible by `step`. It will be replaced by [2, 197].
  warnings.warn(
[32m[I 2022-06-22 21:52:10,301][0m Trial 92 finished with value: 4.850021904317732 and parameters: {'hidden_size': 122, 'lr': 0.0001406387947225015}. Best is trial 74 with value: 4.849999135534223.[0m
/home/erussek/.conda/envs/pDL/lib/python3.8/site-packages/optuna/distributions.py:560: UserWarning: The distribution is specified by [2, 200] and step=5, but the range is not divisible by `step`. It will be replaced by [2, 197].
  warnings.warn(
[32m[I 2022-06-22 21:52:23,809][0m Trial 93 finished with value: 4.850059234683859 and parameters: {'hidden_size': 137, 'lr': 0.00011509140954635706}. Best is trial 74 with value: 4.849999135534223.[0m
/home/erussek/.conda/envs/pDL/lib/python3.8/site-packages/optuna/distributions.py:560: UserWarning: The distribution is specified by [2, 200] and step=5, but the range is not divisible by `step`. It will be replaced by [2, 197].
  warnings.warn(
[32m[I 2022-06-22 21:52:37,324][0m Trial 94 finished with value: 4.850087869831297 and parameters: {'hidden_size': 147, 'lr': 0.00014103715291900664}. Best is trial 74 with value: 4.849999135534223.[0m
/home/erussek/.conda/envs/pDL/lib/python3.8/site-packages/optuna/distributions.py:560: UserWarning: The distribution is specified by [2, 200] and step=5, but the range is not divisible by `step`. It will be replaced by [2, 197].
  warnings.warn(
[32m[I 2022-06-22 21:52:50,828][0m Trial 95 finished with value: 4.850354884024924 and parameters: {'hidden_size': 127, 'lr': 0.00018727856003749037}. Best is trial 74 with value: 4.849999135534223.[0m
/home/erussek/.conda/envs/pDL/lib/python3.8/site-packages/optuna/distributions.py:560: UserWarning: The distribution is specified by [2, 200] and step=5, but the range is not divisible by `step`. It will be replaced by [2, 197].
  warnings.warn(
