[32m[I 2022-06-22 21:53:04,334][0m Trial 96 finished with value: 4.850067268794691 and parameters: {'hidden_size': 122, 'lr': 0.0001515399280412827}. Best is trial 74 with value: 4.849999135534223.[0m
/home/erussek/.conda/envs/pDL/lib/python3.8/site-packages/optuna/distributions.py:560: UserWarning: The distribution is specified by [2, 200] and step=5, but the range is not divisible by `step`. It will be replaced by [2, 197].
  warnings.warn(
[32m[I 2022-06-22 21:53:17,841][0m Trial 97 finished with value: 4.84998793104394 and parameters: {'hidden_size': 137, 'lr': 0.0001279982926625481}. Best is trial 97 with value: 4.84998793104394.[0m
/home/erussek/.conda/envs/pDL/lib/python3.8/site-packages/optuna/distributions.py:560: UserWarning: The distribution is specified by [2, 200] and step=5, but the range is not divisible by `step`. It will be replaced by [2, 197].
  warnings.warn(
[32m[I 2022-06-22 21:53:31,344][0m Trial 98 finished with value: 4.850024461898853 and parameters: {'hidden_size': 142, 'lr': 0.00012323365489130304}. Best is trial 97 with value: 4.84998793104394.[0m
/home/erussek/.conda/envs/pDL/lib/python3.8/site-packages/optuna/distributions.py:560: UserWarning: The distribution is specified by [2, 200] and step=5, but the range is not divisible by `step`. It will be replaced by [2, 197].
  warnings.warn(
[32m[I 2022-06-22 21:53:44,872][0m Trial 99 finished with value: 4.8501197364892 and parameters: {'hidden_size': 137, 'lr': 0.00011247891552574383}. Best is trial 97 with value: 4.84998793104394.[0m
/home/erussek/.conda/envs/pDL/lib/python3.8/site-packages/optuna/distributions.py:560: UserWarning: The distribution is specified by [2, 200] and step=5, but the range is not divisible by `step`. It will be replaced by [2, 197].
  warnings.warn(
[32m[I 2022-06-22 21:53:58,384][0m Trial 100 finished with value: 4.849995048761978 and parameters: {'hidden_size': 157, 'lr': 0.00012169567781792532}. Best is trial 97 with value: 4.84998793104394.[0m
/home/erussek/.conda/envs/pDL/lib/python3.8/site-packages/optuna/distributions.py:560: UserWarning: The distribution is specified by [2, 200] and step=5, but the range is not divisible by `step`. It will be replaced by [2, 197].
  warnings.warn(
[32m[I 2022-06-22 21:54:11,903][0m Trial 101 finished with value: 4.850134737474818 and parameters: {'hidden_size': 157, 'lr': 0.00014007524251571568}. Best is trial 97 with value: 4.84998793104394.[0m
/home/erussek/.conda/envs/pDL/lib/python3.8/site-packages/optuna/distributions.py:560: UserWarning: The distribution is specified by [2, 200] and step=5, but the range is not divisible by `step`. It will be replaced by [2, 197].
  warnings.warn(
[32m[I 2022-06-22 21:54:25,394][0m Trial 102 finished with value: 4.850008841169934 and parameters: {'hidden_size': 147, 'lr': 0.00012388020906076486}. Best is trial 97 with value: 4.84998793104394.[0m
/home/erussek/.conda/envs/pDL/lib/python3.8/site-packages/optuna/distributions.py:560: UserWarning: The distribution is specified by [2, 200] and step=5, but the range is not divisible by `step`. It will be replaced by [2, 197].
  warnings.warn(
[32m[I 2022-06-22 21:54:38,919][0m Trial 103 finished with value: 4.910940431029788 and parameters: {'hidden_size': 152, 'lr': 0.00705901896483625}. Best is trial 97 with value: 4.84998793104394.[0m
/home/erussek/.conda/envs/pDL/lib/python3.8/site-packages/optuna/distributions.py:560: UserWarning: The distribution is specified by [2, 200] and step=5, but the range is not divisible by `step`. It will be replaced by [2, 197].
  warnings.warn(
[32m[I 2022-06-22 21:54:52,429][0m Trial 104 finished with value: 4.850014088057678 and parameters: {'hidden_size': 147, 'lr': 0.00012028653415500741}. Best is trial 97 with value: 4.84998793104394.[0m
/home/erussek/.conda/envs/pDL/lib/python3.8/site-packages/optuna/distributions.py:560: UserWarning: The distribution is specified by [2, 200] and step=5, but the range is not divisible by `step`. It will be replaced by [2, 197].
  warnings.warn(
[32m[I 2022-06-22 21:55:05,951][0m Trial 105 finished with value: 4.849978657751779 and parameters: {'hidden_size': 167, 'lr': 0.00010824899456736423}. Best is trial 105 with value: 4.849978657751779.[0m
/home/erussek/.conda/envs/pDL/lib/python3.8/site-packages/optuna/distributions.py:560: UserWarning: The distribution is specified by [2, 200] and step=5, but the range is not divisible by `step`. It will be replaced by [2, 197].
  warnings.warn(
[32m[I 2022-06-22 21:55:19,490][0m Trial 106 finished with value: 4.849973484129668 and parameters: {'hidden_size': 172, 'lr': 0.00010723142532683413}. Best is trial 106 with value: 4.849973484129668.[0m
/home/erussek/.conda/envs/pDL/lib/python3.8/site-packages/optuna/distributions.py:560: UserWarning: The distribution is specified by [2, 200] and step=5, but the range is not divisible by `step`. It will be replaced by [2, 197].
  warnings.warn(
[32m[I 2022-06-22 21:55:33,020][0m Trial 107 finished with value: 4.849943410457326 and parameters: {'hidden_size': 177, 'lr': 0.00010225687533321735}. Best is trial 107 with value: 4.849943410457326.[0m
/home/erussek/.conda/envs/pDL/lib/python3.8/site-packages/optuna/distributions.py:560: UserWarning: The distribution is specified by [2, 200] and step=5, but the range is not divisible by `step`. It will be replaced by [2, 197].
  warnings.warn(
[32m[I 2022-06-22 21:55:46,550][0m Trial 108 finished with value: 4.849963261513338 and parameters: {'hidden_size': 197, 'lr': 0.00010152867574806062}. Best is trial 107 with value: 4.849943410457326.[0m
/home/erussek/.conda/envs/pDL/lib/python3.8/site-packages/optuna/distributions.py:560: UserWarning: The distribution is specified by [2, 200] and step=5, but the range is not divisible by `step`. It will be replaced by [2, 197].
  warnings.warn(
[32m[I 2022-06-22 21:56:00,047][0m Trial 109 finished with value: 4.850096194638791 and parameters: {'hidden_size': 197, 'lr': 0.00011618664972259028}. Best is trial 107 with value: 4.849943410457326.[0m
/home/erussek/.conda/envs/pDL/lib/python3.8/site-packages/optuna/distributions.py:560: UserWarning: The distribution is specified by [2, 200] and step=5, but the range is not divisible by `step`. It will be replaced by [2, 197].
  warnings.warn(
[32m[I 2022-06-22 21:56:13,564][0m Trial 110 finished with value: 4.849988577651306 and parameters: {'hidden_size': 187, 'lr': 0.00010630506497851777}. Best is trial 107 with value: 4.849943410457326.[0m
/home/erussek/.conda/envs/pDL/lib/python3.8/site-packages/optuna/distributions.py:560: UserWarning: The distribution is specified by [2, 200] and step=5, but the range is not divisible by `step`. It will be replaced by [2, 197].
  warnings.warn(
[32m[I 2022-06-22 21:56:27,072][0m Trial 111 finished with value: 4.849980217088657 and parameters: {'hidden_size': 187, 'lr': 0.00010546551323902353}. Best is trial 107 with value: 4.849943410457326.[0m
/home/erussek/.conda/envs/pDL/lib/python3.8/site-packages/optuna/distributions.py:560: UserWarning: The distribution is specified by [2, 200] and step=5, but the range is not divisible by `step`. It will be replaced by [2, 197].
  warnings.warn(
[32m[I 2022-06-22 21:56:40,587][0m Trial 112 finished with value: 4.8500354962754955 and parameters: {'hidden_size': 187, 'lr': 0.00011223704095214049}. Best is trial 107 with value: 4.849943410457326.[0m
/home/erussek/.conda/envs/pDL/lib/python3.8/site-packages/optuna/distributions.py:560: UserWarning: The distribution is specified by [2, 200] and step=5, but the range is not divisible by `step`. It will be replaced by [2, 197].
  warnings.warn(
[32m[I 2022-06-22 21:56:54,087][0m Trial 113 finished with value: 4.84994834039489 and parameters: {'hidden_size': 177, 'lr': 0.00010169741655091877}. Best is trial 107 with value: 4.849943410457326.[0m
/home/erussek/.conda/envs/pDL/lib/python3.8/site-packages/optuna/distributions.py:560: UserWarning: The distribution is specified by [2, 200] and step=5, but the range is not divisible by `step`. It will be replaced by [2, 197].
  warnings.warn(
[32m[I 2022-06-22 21:57:07,615][0m Trial 114 finished with value: 4.849945319179689 and parameters: {'hidden_size': 177, 'lr': 0.00010231370451442058}. Best is trial 107 with value: 4.849943410457326.[0m
/home/erussek/.conda/envs/pDL/lib/python3.8/site-packages/optuna/distributions.py:560: UserWarning: The distribution is specified by [2, 200] and step=5, but the range is not divisible by `step`. It will be replaced by [2, 197].
  warnings.warn(
[32m[I 2022-06-22 21:57:21,152][0m Trial 115 finished with value: 4.849959428079913 and parameters: {'hidden_size': 177, 'lr': 0.0001072067952326603}. Best is trial 107 with value: 4.849943410457326.[0m
/home/erussek/.conda/envs/pDL/lib/python3.8/site-packages/optuna/distributions.py:560: UserWarning: The distribution is specified by [2, 200] and step=5, but the range is not divisible by `step`. It will be replaced by [2, 197].
  warnings.warn(
[32m[I 2022-06-22 21:57:34,685][0m Trial 116 finished with value: 4.849952520847931 and parameters: {'hidden_size': 177, 'lr': 0.0001052030337415016}. Best is trial 107 with value: 4.849943410457326.[0m
/home/erussek/.conda/envs/pDL/lib/python3.8/site-packages/optuna/distributions.py:560: UserWarning: The distribution is specified by [2, 200] and step=5, but the range is not divisible by `step`. It will be replaced by [2, 197].
  warnings.warn(
[32m[I 2022-06-22 21:57:48,212][0m Trial 117 finished with value: 4.849968788336853 and parameters: {'hidden_size': 182, 'lr': 0.00010029756464837692}. Best is trial 107 with value: 4.849943410457326.[0m
/home/erussek/.conda/envs/pDL/lib/python3.8/site-packages/optuna/distributions.py:560: UserWarning: The distribution is specified by [2, 200] and step=5, but the range is not divisible by `step`. It will be replaced by [2, 197].
  warnings.warn(
[32m[I 2022-06-22 21:58:01,727][0m Trial 118 finished with value: 4.849950214048964 and parameters: {'hidden_size': 177, 'lr': 0.00010491131041572016}. Best is trial 107 with value: 4.849943410457326.[0m
/home/erussek/.conda/envs/pDL/lib/python3.8/site-packages/optuna/distributions.py:560: UserWarning: The distribution is specified by [2, 200] and step=5, but the range is not divisible by `step`. It will be replaced by [2, 197].
  warnings.warn(
[32m[I 2022-06-22 21:58:15,253][0m Trial 119 finished with value: 4.8499610735802285 and parameters: {'hidden_size': 177, 'lr': 0.00010741636809863742}. Best is trial 107 with value: 4.849943410457326.[0m
/home/erussek/.conda/envs/pDL/lib/python3.8/site-packages/optuna/distributions.py:560: UserWarning: The distribution is specified by [2, 200] and step=5, but the range is not divisible by `step`. It will be replaced by [2, 197].
  warnings.warn(
[32m[I 2022-06-22 21:58:28,763][0m Trial 120 finished with value: 4.849949454757529 and parameters: {'hidden_size': 177, 'lr': 0.00010068939629065983}. Best is trial 107 with value: 4.849943410457326.[0m
/home/erussek/.conda/envs/pDL/lib/python3.8/site-packages/optuna/distributions.py:560: UserWarning: The distribution is specified by [2, 200] and step=5, but the range is not divisible by `step`. It will be replaced by [2, 197].
  warnings.warn(
[32m[I 2022-06-22 21:58:42,291][0m Trial 121 finished with value: 4.849947715614578 and parameters: {'hidden_size': 177, 'lr': 0.00010007580407415759}. Best is trial 107 with value: 4.849943410457326.[0m
/home/erussek/.conda/envs/pDL/lib/python3.8/site-packages/optuna/distributions.py:560: UserWarning: The distribution is specified by [2, 200] and step=5, but the range is not divisible by `step`. It will be replaced by [2, 197].
  warnings.warn(
[32m[I 2022-06-22 21:58:55,800][0m Trial 122 finished with value: 4.849942482769413 and parameters: {'hidden_size': 177, 'lr': 0.0001020161298159377}. Best is trial 122 with value: 4.849942482769413.[0m
/home/erussek/.conda/envs/pDL/lib/python3.8/site-packages/optuna/distributions.py:560: UserWarning: The distribution is specified by [2, 200] and step=5, but the range is not divisible by `step`. It will be replaced by [2, 197].
  warnings.warn(
[32m[I 2022-06-22 21:59:09,313][0m Trial 123 finished with value: 4.849947401946089 and parameters: {'hidden_size': 177, 'lr': 0.00010047245297070794}. Best is trial 122 with value: 4.849942482769413.[0m
/home/erussek/.conda/envs/pDL/lib/python3.8/site-packages/optuna/distributions.py:560: UserWarning: The distribution is specified by [2, 200] and step=5, but the range is not divisible by `step`. It will be replaced by [2, 197].
  warnings.warn(
[32m[I 2022-06-22 21:59:22,824][0m Trial 124 finished with value: 4.849985653360431 and parameters: {'hidden_size': 182, 'lr': 0.00010539059208908363}. Best is trial 122 with value: 4.849942482769413.[0m
/home/erussek/.conda/envs/pDL/lib/python3.8/site-packages/optuna/distributions.py:560: UserWarning: The distribution is specified by [2, 200] and step=5, but the range is not divisible by `step`. It will be replaced by [2, 197].
  warnings.warn(
[32m[I 2022-06-22 21:59:36,352][0m Trial 125 finished with value: 4.849939702567615 and parameters: {'hidden_size': 192, 'lr': 0.00010103264240231013}. Best is trial 125 with value: 4.849939702567615.[0m
/home/erussek/.conda/envs/pDL/lib/python3.8/site-packages/optuna/distributions.py:560: UserWarning: The distribution is specified by [2, 200] and step=5, but the range is not divisible by `step`. It will be replaced by [2, 197].
  warnings.warn(
[32m[I 2022-06-22 21:59:49,868][0m Trial 126 finished with value: 4.849967455665525 and parameters: {'hidden_size': 197, 'lr': 0.00010224352122140186}. Best is trial 125 with value: 4.849939702567615.[0m
/home/erussek/.conda/envs/pDL/lib/python3.8/site-packages/optuna/distributions.py:560: UserWarning: The distribution is specified by [2, 200] and step=5, but the range is not divisible by `step`. It will be replaced by [2, 197].
  warnings.warn(
[32m[I 2022-06-22 22:00:03,401][0m Trial 127 finished with value: 4.8500267175263545 and parameters: {'hidden_size': 192, 'lr': 0.00011289861278110813}. Best is trial 125 with value: 4.849939702567615.[0m
/home/erussek/.conda/envs/pDL/lib/python3.8/site-packages/optuna/distributions.py:560: UserWarning: The distribution is specified by [2, 200] and step=5, but the range is not divisible by `step`. It will be replaced by [2, 197].
  warnings.warn(
[32m[I 2022-06-22 22:00:16,940][0m Trial 128 finished with value: 4.868345814538826 and parameters: {'hidden_size': 177, 'lr': 0.0013239415814098633}. Best is trial 125 with value: 4.849939702567615.[0m
/home/erussek/.conda/envs/pDL/lib/python3.8/site-packages/optuna/distributions.py:560: UserWarning: The distribution is specified by [2, 200] and step=5, but the range is not divisible by `step`. It will be replaced by [2, 197].
  warnings.warn(
[32m[I 2022-06-22 22:00:30,458][0m Trial 129 finished with value: 4.8499874989293446 and parameters: {'hidden_size': 172, 'lr': 0.00010071442666177318}. Best is trial 125 with value: 4.849939702567615.[0m
/home/erussek/.conda/envs/pDL/lib/python3.8/site-packages/optuna/distributions.py:560: UserWarning: The distribution is specified by [2, 200] and step=5, but the range is not divisible by `step`. It will be replaced by [2, 197].
  warnings.warn(
[32m[I 2022-06-22 22:00:43,987][0m Trial 130 finished with value: 4.8505506508252685 and parameters: {'hidden_size': 192, 'lr': 0.000162041836011852}. Best is trial 125 with value: 4.849939702567615.[0m
/home/erussek/.conda/envs/pDL/lib/python3.8/site-packages/optuna/distributions.py:560: UserWarning: The distribution is specified by [2, 200] and step=5, but the range is not divisible by `step`. It will be replaced by [2, 197].
  warnings.warn(
[32m[I 2022-06-22 22:00:57,477][0m Trial 131 finished with value: 4.8499481751656255 and parameters: {'hidden_size': 177, 'lr': 0.00010106539990341517}. Best is trial 125 with value: 4.849939702567615.[0m
/home/erussek/.conda/envs/pDL/lib/python3.8/site-packages/optuna/distributions.py:560: UserWarning: The distribution is specified by [2, 200] and step=5, but the range is not divisible by `step`. It will be replaced by [2, 197].
  warnings.warn(
[32m[I 2022-06-22 22:01:10,960][0m Trial 132 finished with value: 4.8499471215524075 and parameters: {'hidden_size': 177, 'lr': 0.00010099047101593594}. Best is trial 125 with value: 4.849939702567615.[0m
/home/erussek/.conda/envs/pDL/lib/python3.8/site-packages/optuna/distributions.py:560: UserWarning: The distribution is specified by [2, 200] and step=5, but the range is not divisible by `step`. It will be replaced by [2, 197].
  warnings.warn(
[32m[I 2022-06-22 22:01:24,442][0m Trial 133 finished with value: 4.850022427823571 and parameters: {'hidden_size': 177, 'lr': 0.00011662672896677787}. Best is trial 125 with value: 4.849939702567615.[0m
/home/erussek/.conda/envs/pDL/lib/python3.8/site-packages/optuna/distributions.py:560: UserWarning: The distribution is specified by [2, 200] and step=5, but the range is not divisible by `step`. It will be replaced by [2, 197].
  warnings.warn(
[32m[I 2022-06-22 22:01:37,934][0m Trial 134 finished with value: 4.850051493292123 and parameters: {'hidden_size': 182, 'lr': 0.00011438493271764584}. Best is trial 125 with value: 4.849939702567615.[0m
/home/erussek/.conda/envs/pDL/lib/python3.8/site-packages/optuna/distributions.py:560: UserWarning: The distribution is specified by [2, 200] and step=5, but the range is not divisible by `step`. It will be replaced by [2, 197].
  warnings.warn(
[32m[I 2022-06-22 22:01:51,404][0m Trial 135 finished with value: 4.8499831720976765 and parameters: {'hidden_size': 167, 'lr': 0.00011233741898695569}. Best is trial 125 with value: 4.849939702567615.[0m
/home/erussek/.conda/envs/pDL/lib/python3.8/site-packages/optuna/distributions.py:560: UserWarning: The distribution is specified by [2, 200] and step=5, but the range is not divisible by `step`. It will be replaced by [2, 197].
  warnings.warn(
[32m[I 2022-06-22 22:02:04,882][0m Trial 136 finished with value: 4.850022177728281 and parameters: {'hidden_size': 167, 'lr': 0.00010153550322978015}. Best is trial 125 with value: 4.849939702567615.[0m
/home/erussek/.conda/envs/pDL/lib/python3.8/site-packages/optuna/distributions.py:560: UserWarning: The distribution is specified by [2, 200] and step=5, but the range is not divisible by `step`. It will be replaced by [2, 197].
  warnings.warn(
[32m[I 2022-06-22 22:02:18,375][0m Trial 137 finished with value: 4.8499471154469385 and parameters: {'hidden_size': 177, 'lr': 0.00010029166259515538}. Best is trial 125 with value: 4.849939702567615.[0m
/home/erussek/.conda/envs/pDL/lib/python3.8/site-packages/optuna/distributions.py:560: UserWarning: The distribution is specified by [2, 200] and step=5, but the range is not divisible by `step`. It will be replaced by [2, 197].
  warnings.warn(
[32m[I 2022-06-22 22:02:31,849][0m Trial 138 finished with value: 4.850416075824623 and parameters: {'hidden_size': 182, 'lr': 0.0001498697918024291}. Best is trial 125 with value: 4.849939702567615.[0m
/home/erussek/.conda/envs/pDL/lib/python3.8/site-packages/optuna/distributions.py:560: UserWarning: The distribution is specified by [2, 200] and step=5, but the range is not divisible by `step`. It will be replaced by [2, 197].
  warnings.warn(
[32m[I 2022-06-22 22:02:45,331][0m Trial 139 finished with value: 4.850011549403511 and parameters: {'hidden_size': 172, 'lr': 0.00011546672341606933}. Best is trial 125 with value: 4.849939702567615.[0m
/home/erussek/.conda/envs/pDL/lib/python3.8/site-packages/optuna/distributions.py:560: UserWarning: The distribution is specified by [2, 200] and step=5, but the range is not divisible by `step`. It will be replaced by [2, 197].
  warnings.warn(
[32m[I 2022-06-22 22:02:58,798][0m Trial 140 finished with value: 4.8499356514742065 and parameters: {'hidden_size': 192, 'lr': 0.0001002995005652193}. Best is trial 140 with value: 4.8499356514742065.[0m
/home/erussek/.conda/envs/pDL/lib/python3.8/site-packages/optuna/distributions.py:560: UserWarning: The distribution is specified by [2, 200] and step=5, but the range is not divisible by `step`. It will be replaced by [2, 197].
  warnings.warn(
[32m[I 2022-06-22 22:03:12,285][0m Trial 141 finished with value: 4.850094053565159 and parameters: {'hidden_size': 192, 'lr': 0.00012033727139438244}. Best is trial 140 with value: 4.8499356514742065.[0m
/home/erussek/.conda/envs/pDL/lib/python3.8/site-packages/optuna/distributions.py:560: UserWarning: The distribution is specified by [2, 200] and step=5, but the range is not divisible by `step`. It will be replaced by [2, 197].
  warnings.warn(
[32m[I 2022-06-22 22:03:25,757][0m Trial 142 finished with value: 4.849943692033941 and parameters: {'hidden_size': 177, 'lr': 0.00010175690918696486}. Best is trial 140 with value: 4.8499356514742065.[0m
/home/erussek/.conda/envs/pDL/lib/python3.8/site-packages/optuna/distributions.py:560: UserWarning: The distribution is specified by [2, 200] and step=5, but the range is not divisible by `step`. It will be replaced by [2, 197].
  warnings.warn(
[32m[I 2022-06-22 22:03:39,241][0m Trial 143 finished with value: 4.849965356070925 and parameters: {'hidden_size': 182, 'lr': 0.000100113252046439}. Best is trial 140 with value: 4.8499356514742065.[0m
/home/erussek/.conda/envs/pDL/lib/python3.8/site-packages/optuna/distributions.py:560: UserWarning: The distribution is specified by [2, 200] and step=5, but the range is not divisible by `step`. It will be replaced by [2, 197].
  warnings.warn(
