[32m[I 2022-06-22 22:44:06,680][0m Trial 48 finished with value: 5.033214248249381 and parameters: {'hidden_size': 22, 'lr': 0.009824615092040122}. Best is trial 42 with value: 5.00708945566805.[0m
/home/erussek/.conda/envs/pDL/lib/python3.8/site-packages/optuna/distributions.py:560: UserWarning: The distribution is specified by [2, 200] and step=5, but the range is not divisible by `step`. It will be replaced by [2, 197].
  warnings.warn(
[32m[I 2022-06-22 22:45:54,829][0m Trial 49 finished with value: 6.556906135034928 and parameters: {'hidden_size': 7, 'lr': 0.00010809436673921132}. Best is trial 42 with value: 5.00708945566805.[0m
/home/erussek/.conda/envs/pDL/lib/python3.8/site-packages/optuna/distributions.py:560: UserWarning: The distribution is specified by [2, 200] and step=5, but the range is not divisible by `step`. It will be replaced by [2, 197].
  warnings.warn(
[32m[I 2022-06-22 22:47:53,236][0m Trial 50 finished with value: 5.044246141072577 and parameters: {'hidden_size': 142, 'lr': 0.003930991096899891}. Best is trial 42 with value: 5.00708945566805.[0m
/home/erussek/.conda/envs/pDL/lib/python3.8/site-packages/optuna/distributions.py:560: UserWarning: The distribution is specified by [2, 200] and step=5, but the range is not divisible by `step`. It will be replaced by [2, 197].
  warnings.warn(
[32m[I 2022-06-22 22:49:45,063][0m Trial 51 finished with value: 5.026740711606877 and parameters: {'hidden_size': 37, 'lr': 0.004873835346305063}. Best is trial 42 with value: 5.00708945566805.[0m
/home/erussek/.conda/envs/pDL/lib/python3.8/site-packages/optuna/distributions.py:560: UserWarning: The distribution is specified by [2, 200] and step=5, but the range is not divisible by `step`. It will be replaced by [2, 197].
  warnings.warn(
[32m[I 2022-06-22 22:51:35,648][0m Trial 52 finished with value: 5.072993158683581 and parameters: {'hidden_size': 62, 'lr': 0.007910527684727877}. Best is trial 42 with value: 5.00708945566805.[0m
/home/erussek/.conda/envs/pDL/lib/python3.8/site-packages/optuna/distributions.py:560: UserWarning: The distribution is specified by [2, 200] and step=5, but the range is not divisible by `step`. It will be replaced by [2, 197].
  warnings.warn(
[32m[I 2022-06-22 22:53:27,067][0m Trial 53 finished with value: 5.038479362498783 and parameters: {'hidden_size': 82, 'lr': 0.005371821859050257}. Best is trial 42 with value: 5.00708945566805.[0m
/home/erussek/.conda/envs/pDL/lib/python3.8/site-packages/optuna/distributions.py:560: UserWarning: The distribution is specified by [2, 200] and step=5, but the range is not divisible by `step`. It will be replaced by [2, 197].
  warnings.warn(
[32m[I 2022-06-22 22:55:17,930][0m Trial 54 finished with value: 5.0306986342547955 and parameters: {'hidden_size': 47, 'lr': 0.002758417863629013}. Best is trial 42 with value: 5.00708945566805.[0m
/home/erussek/.conda/envs/pDL/lib/python3.8/site-packages/optuna/distributions.py:560: UserWarning: The distribution is specified by [2, 200] and step=5, but the range is not divisible by `step`. It will be replaced by [2, 197].
  warnings.warn(
[32m[I 2022-06-22 22:57:07,059][0m Trial 55 finished with value: 5.022740711590393 and parameters: {'hidden_size': 27, 'lr': 0.003496057424204781}. Best is trial 42 with value: 5.00708945566805.[0m
/home/erussek/.conda/envs/pDL/lib/python3.8/site-packages/optuna/distributions.py:560: UserWarning: The distribution is specified by [2, 200] and step=5, but the range is not divisible by `step`. It will be replaced by [2, 197].
  warnings.warn(
[32m[I 2022-06-22 22:58:56,059][0m Trial 56 finished with value: 5.029734846609961 and parameters: {'hidden_size': 27, 'lr': 0.0035186047719284975}. Best is trial 42 with value: 5.00708945566805.[0m
/home/erussek/.conda/envs/pDL/lib/python3.8/site-packages/optuna/distributions.py:560: UserWarning: The distribution is specified by [2, 200] and step=5, but the range is not divisible by `step`. It will be replaced by [2, 197].
  warnings.warn(
[32m[I 2022-06-22 23:00:46,989][0m Trial 57 finished with value: 5.074440171830022 and parameters: {'hidden_size': 37, 'lr': 0.0011086468243852786}. Best is trial 42 with value: 5.00708945566805.[0m
/home/erussek/.conda/envs/pDL/lib/python3.8/site-packages/optuna/distributions.py:560: UserWarning: The distribution is specified by [2, 200] and step=5, but the range is not divisible by `step`. It will be replaced by [2, 197].
  warnings.warn(
[32m[I 2022-06-22 23:02:34,816][0m Trial 58 finished with value: 5.102584566486935 and parameters: {'hidden_size': 7, 'lr': 0.0016307905334116096}. Best is trial 42 with value: 5.00708945566805.[0m
/home/erussek/.conda/envs/pDL/lib/python3.8/site-packages/optuna/distributions.py:560: UserWarning: The distribution is specified by [2, 200] and step=5, but the range is not divisible by `step`. It will be replaced by [2, 197].
  warnings.warn(
[32m[I 2022-06-22 23:04:24,084][0m Trial 59 finished with value: 5.046539701550016 and parameters: {'hidden_size': 22, 'lr': 0.0024431897764959154}. Best is trial 42 with value: 5.00708945566805.[0m
/home/erussek/.conda/envs/pDL/lib/python3.8/site-packages/optuna/distributions.py:560: UserWarning: The distribution is specified by [2, 200] and step=5, but the range is not divisible by `step`. It will be replaced by [2, 197].
  warnings.warn(
[32m[I 2022-06-22 23:06:17,099][0m Trial 60 finished with value: 5.026956751389326 and parameters: {'hidden_size': 107, 'lr': 0.002960152672820324}. Best is trial 42 with value: 5.00708945566805.[0m
/home/erussek/.conda/envs/pDL/lib/python3.8/site-packages/optuna/distributions.py:560: UserWarning: The distribution is specified by [2, 200] and step=5, but the range is not divisible by `step`. It will be replaced by [2, 197].
  warnings.warn(
[32m[I 2022-06-22 23:08:08,041][0m Trial 61 finished with value: 5.026564368059937 and parameters: {'hidden_size': 47, 'lr': 0.00566246717628319}. Best is trial 42 with value: 5.00708945566805.[0m
/home/erussek/.conda/envs/pDL/lib/python3.8/site-packages/optuna/distributions.py:560: UserWarning: The distribution is specified by [2, 200] and step=5, but the range is not divisible by `step`. It will be replaced by [2, 197].
  warnings.warn(
[32m[I 2022-06-22 23:09:56,984][0m Trial 62 finished with value: 5.088187382216643 and parameters: {'hidden_size': 52, 'lr': 0.0005678717998564331}. Best is trial 42 with value: 5.00708945566805.[0m
/home/erussek/.conda/envs/pDL/lib/python3.8/site-packages/optuna/distributions.py:560: UserWarning: The distribution is specified by [2, 200] and step=5, but the range is not divisible by `step`. It will be replaced by [2, 197].
  warnings.warn(
[32m[I 2022-06-22 23:11:48,272][0m Trial 63 finished with value: 5.020072631318499 and parameters: {'hidden_size': 37, 'lr': 0.004025363908380914}. Best is trial 42 with value: 5.00708945566805.[0m
/home/erussek/.conda/envs/pDL/lib/python3.8/site-packages/optuna/distributions.py:560: UserWarning: The distribution is specified by [2, 200] and step=5, but the range is not divisible by `step`. It will be replaced by [2, 197].
  warnings.warn(
[32m[I 2022-06-22 23:13:39,627][0m Trial 64 finished with value: 5.014252177884423 and parameters: {'hidden_size': 37, 'lr': 0.00338267917848398}. Best is trial 42 with value: 5.00708945566805.[0m
/home/erussek/.conda/envs/pDL/lib/python3.8/site-packages/optuna/distributions.py:560: UserWarning: The distribution is specified by [2, 200] and step=5, but the range is not divisible by `step`. It will be replaced by [2, 197].
  warnings.warn(
[32m[I 2022-06-22 23:15:28,913][0m Trial 65 finished with value: 5.025053035777907 and parameters: {'hidden_size': 27, 'lr': 0.0033545972996787453}. Best is trial 42 with value: 5.00708945566805.[0m
/home/erussek/.conda/envs/pDL/lib/python3.8/site-packages/optuna/distributions.py:560: UserWarning: The distribution is specified by [2, 200] and step=5, but the range is not divisible by `step`. It will be replaced by [2, 197].
  warnings.warn(
[32m[I 2022-06-22 23:17:17,566][0m Trial 66 finished with value: 5.0419212788076315 and parameters: {'hidden_size': 12, 'lr': 0.003929616208185253}. Best is trial 42 with value: 5.00708945566805.[0m
/home/erussek/.conda/envs/pDL/lib/python3.8/site-packages/optuna/distributions.py:560: UserWarning: The distribution is specified by [2, 200] and step=5, but the range is not divisible by `step`. It will be replaced by [2, 197].
  warnings.warn(
[32m[I 2022-06-22 23:19:09,223][0m Trial 67 finished with value: 5.044824566334372 and parameters: {'hidden_size': 37, 'lr': 0.0021262581219741853}. Best is trial 42 with value: 5.00708945566805.[0m
/home/erussek/.conda/envs/pDL/lib/python3.8/site-packages/optuna/distributions.py:560: UserWarning: The distribution is specified by [2, 200] and step=5, but the range is not divisible by `step`. It will be replaced by [2, 197].
  warnings.warn(
[32m[I 2022-06-22 23:20:58,776][0m Trial 68 finished with value: 5.216760752486511 and parameters: {'hidden_size': 22, 'lr': 0.00017459382970906167}. Best is trial 42 with value: 5.00708945566805.[0m
/home/erussek/.conda/envs/pDL/lib/python3.8/site-packages/optuna/distributions.py:560: UserWarning: The distribution is specified by [2, 200] and step=5, but the range is not divisible by `step`. It will be replaced by [2, 197].
  warnings.warn(
[32m[I 2022-06-22 23:22:48,683][0m Trial 69 finished with value: 5.064989954958194 and parameters: {'hidden_size': 62, 'lr': 0.0071712371204235075}. Best is trial 42 with value: 5.00708945566805.[0m
/home/erussek/.conda/envs/pDL/lib/python3.8/site-packages/optuna/distributions.py:560: UserWarning: The distribution is specified by [2, 200] and step=5, but the range is not divisible by `step`. It will be replaced by [2, 197].
  warnings.warn(
[32m[I 2022-06-22 23:24:48,592][0m Trial 70 finished with value: 5.066244756786222 and parameters: {'hidden_size': 162, 'lr': 0.003230817005073717}. Best is trial 42 with value: 5.00708945566805.[0m
/home/erussek/.conda/envs/pDL/lib/python3.8/site-packages/optuna/distributions.py:560: UserWarning: The distribution is specified by [2, 200] and step=5, but the range is not divisible by `step`. It will be replaced by [2, 197].
  warnings.warn(
[32m[I 2022-06-22 23:26:39,327][0m Trial 71 finished with value: 5.045639613450108 and parameters: {'hidden_size': 42, 'lr': 0.004255300569560605}. Best is trial 42 with value: 5.00708945566805.[0m
/home/erussek/.conda/envs/pDL/lib/python3.8/site-packages/optuna/distributions.py:560: UserWarning: The distribution is specified by [2, 200] and step=5, but the range is not divisible by `step`. It will be replaced by [2, 197].
  warnings.warn(
[32m[I 2022-06-22 23:28:27,926][0m Trial 72 finished with value: 5.040761027232328 and parameters: {'hidden_size': 27, 'lr': 0.0026974564292147523}. Best is trial 42 with value: 5.00708945566805.[0m
/home/erussek/.conda/envs/pDL/lib/python3.8/site-packages/optuna/distributions.py:560: UserWarning: The distribution is specified by [2, 200] and step=5, but the range is not divisible by `step`. It will be replaced by [2, 197].
  warnings.warn(
[32m[I 2022-06-22 23:30:17,066][0m Trial 73 finished with value: 5.02553221839033 and parameters: {'hidden_size': 32, 'lr': 0.00492075346107696}. Best is trial 42 with value: 5.00708945566805.[0m
/home/erussek/.conda/envs/pDL/lib/python3.8/site-packages/optuna/distributions.py:560: UserWarning: The distribution is specified by [2, 200] and step=5, but the range is not divisible by `step`. It will be replaced by [2, 197].
  warnings.warn(
[32m[I 2022-06-22 23:32:07,523][0m Trial 74 finished with value: 5.03256316610854 and parameters: {'hidden_size': 42, 'lr': 0.006129710285527607}. Best is trial 42 with value: 5.00708945566805.[0m
/home/erussek/.conda/envs/pDL/lib/python3.8/site-packages/optuna/distributions.py:560: UserWarning: The distribution is specified by [2, 200] and step=5, but the range is not divisible by `step`. It will be replaced by [2, 197].
  warnings.warn(
[32m[I 2022-06-22 23:33:55,733][0m Trial 75 finished with value: 5.043644248179987 and parameters: {'hidden_size': 52, 'lr': 0.003667291003170934}. Best is trial 42 with value: 5.00708945566805.[0m
/home/erussek/.conda/envs/pDL/lib/python3.8/site-packages/optuna/distributions.py:560: UserWarning: The distribution is specified by [2, 200] and step=5, but the range is not divisible by `step`. It will be replaced by [2, 197].
  warnings.warn(
[32m[I 2022-06-22 23:35:47,146][0m Trial 76 finished with value: 5.0003676164165505 and parameters: {'hidden_size': 37, 'lr': 0.0044066090959512735}. Best is trial 76 with value: 5.0003676164165505.[0m
/home/erussek/.conda/envs/pDL/lib/python3.8/site-packages/optuna/distributions.py:560: UserWarning: The distribution is specified by [2, 200] and step=5, but the range is not divisible by `step`. It will be replaced by [2, 197].
  warnings.warn(
[32m[I 2022-06-22 23:37:35,808][0m Trial 77 finished with value: 5.1191841133425395 and parameters: {'hidden_size': 2, 'lr': 0.005354884914404711}. Best is trial 76 with value: 5.0003676164165505.[0m
/home/erussek/.conda/envs/pDL/lib/python3.8/site-packages/optuna/distributions.py:560: UserWarning: The distribution is specified by [2, 200] and step=5, but the range is not divisible by `step`. It will be replaced by [2, 197].
  warnings.warn(
[32m[I 2022-06-22 23:39:26,473][0m Trial 78 finished with value: 5.003177707196809 and parameters: {'hidden_size': 37, 'lr': 0.004342545580883637}. Best is trial 76 with value: 5.0003676164165505.[0m
/home/erussek/.conda/envs/pDL/lib/python3.8/site-packages/optuna/distributions.py:560: UserWarning: The distribution is specified by [2, 200] and step=5, but the range is not divisible by `step`. It will be replaced by [2, 197].
  warnings.warn(
[32m[I 2022-06-22 23:41:17,795][0m Trial 79 finished with value: 5.00967985200821 and parameters: {'hidden_size': 37, 'lr': 0.004403662100757577}. Best is trial 76 with value: 5.0003676164165505.[0m
/home/erussek/.conda/envs/pDL/lib/python3.8/site-packages/optuna/distributions.py:560: UserWarning: The distribution is specified by [2, 200] and step=5, but the range is not divisible by `step`. It will be replaced by [2, 197].
  warnings.warn(
[32m[I 2022-06-22 23:43:07,326][0m Trial 80 finished with value: 5.038300478198922 and parameters: {'hidden_size': 62, 'lr': 0.00440117250939307}. Best is trial 76 with value: 5.0003676164165505.[0m
/home/erussek/.conda/envs/pDL/lib/python3.8/site-packages/optuna/distributions.py:560: UserWarning: The distribution is specified by [2, 200] and step=5, but the range is not divisible by `step`. It will be replaced by [2, 197].
  warnings.warn(
[32m[I 2022-06-22 23:44:57,971][0m Trial 81 finished with value: 5.025755983613975 and parameters: {'hidden_size': 37, 'lr': 0.006497463602251116}. Best is trial 76 with value: 5.0003676164165505.[0m
/home/erussek/.conda/envs/pDL/lib/python3.8/site-packages/optuna/distributions.py:560: UserWarning: The distribution is specified by [2, 200] and step=5, but the range is not divisible by `step`. It will be replaced by [2, 197].
  warnings.warn(
[32m[I 2022-06-22 23:46:46,294][0m Trial 82 finished with value: 5.040418929464534 and parameters: {'hidden_size': 12, 'lr': 0.004046566893057334}. Best is trial 76 with value: 5.0003676164165505.[0m
/home/erussek/.conda/envs/pDL/lib/python3.8/site-packages/optuna/distributions.py:560: UserWarning: The distribution is specified by [2, 200] and step=5, but the range is not divisible by `step`. It will be replaced by [2, 197].
  warnings.warn(
[32m[I 2022-06-22 23:48:39,758][0m Trial 83 finished with value: 5.05365528030829 and parameters: {'hidden_size': 122, 'lr': 0.008665979680307197}. Best is trial 76 with value: 5.0003676164165505.[0m
/home/erussek/.conda/envs/pDL/lib/python3.8/site-packages/optuna/distributions.py:560: UserWarning: The distribution is specified by [2, 200] and step=5, but the range is not divisible by `step`. It will be replaced by [2, 197].
  warnings.warn(
[32m[I 2022-06-22 23:50:31,084][0m Trial 84 finished with value: 5.015396501663858 and parameters: {'hidden_size': 37, 'lr': 0.003096479903131979}. Best is trial 76 with value: 5.0003676164165505.[0m
/home/erussek/.conda/envs/pDL/lib/python3.8/site-packages/optuna/distributions.py:560: UserWarning: The distribution is specified by [2, 200] and step=5, but the range is not divisible by `step`. It will be replaced by [2, 197].
  warnings.warn(
[32m[I 2022-06-22 23:52:19,948][0m Trial 85 finished with value: 5.031273370859107 and parameters: {'hidden_size': 52, 'lr': 0.003011126573460395}. Best is trial 76 with value: 5.0003676164165505.[0m
/home/erussek/.conda/envs/pDL/lib/python3.8/site-packages/optuna/distributions.py:560: UserWarning: The distribution is specified by [2, 200] and step=5, but the range is not divisible by `step`. It will be replaced by [2, 197].
  warnings.warn(
[32m[I 2022-06-22 23:54:11,465][0m Trial 86 finished with value: 5.032086438848786 and parameters: {'hidden_size': 37, 'lr': 0.0025923538881094514}. Best is trial 76 with value: 5.0003676164165505.[0m
/home/erussek/.conda/envs/pDL/lib/python3.8/site-packages/optuna/distributions.py:560: UserWarning: The distribution is specified by [2, 200] and step=5, but the range is not divisible by `step`. It will be replaced by [2, 197].
  warnings.warn(
[32m[I 2022-06-22 23:56:01,238][0m Trial 87 finished with value: 5.057644452770907 and parameters: {'hidden_size': 22, 'lr': 0.0018555179396847294}. Best is trial 76 with value: 5.0003676164165505.[0m
/home/erussek/.conda/envs/pDL/lib/python3.8/site-packages/optuna/distributions.py:560: UserWarning: The distribution is specified by [2, 200] and step=5, but the range is not divisible by `step`. It will be replaced by [2, 197].
  warnings.warn(
[32m[I 2022-06-22 23:57:52,031][0m Trial 88 finished with value: 5.017817174350407 and parameters: {'hidden_size': 57, 'lr': 0.0022310500928458673}. Best is trial 76 with value: 5.0003676164165505.[0m
/home/erussek/.conda/envs/pDL/lib/python3.8/site-packages/optuna/distributions.py:560: UserWarning: The distribution is specified by [2, 200] and step=5, but the range is not divisible by `step`. It will be replaced by [2, 197].
  warnings.warn(
[32m[I 2022-06-22 23:59:43,228][0m Trial 89 finished with value: 5.029251369334061 and parameters: {'hidden_size': 77, 'lr': 0.0022487352415444836}. Best is trial 76 with value: 5.0003676164165505.[0m
/home/erussek/.conda/envs/pDL/lib/python3.8/site-packages/optuna/distributions.py:560: UserWarning: The distribution is specified by [2, 200] and step=5, but the range is not divisible by `step`. It will be replaced by [2, 197].
  warnings.warn(
[32m[I 2022-06-23 00:01:33,939][0m Trial 90 finished with value: 5.0666568726110395 and parameters: {'hidden_size': 57, 'lr': 0.0011929230482177215}. Best is trial 76 with value: 5.0003676164165505.[0m
/home/erussek/.conda/envs/pDL/lib/python3.8/site-packages/optuna/distributions.py:560: UserWarning: The distribution is specified by [2, 200] and step=5, but the range is not divisible by `step`. It will be replaced by [2, 197].
  warnings.warn(
[32m[I 2022-06-23 00:03:25,035][0m Trial 91 finished with value: 5.036408498024666 and parameters: {'hidden_size': 47, 'lr': 0.003244657692992099}. Best is trial 76 with value: 5.0003676164165505.[0m
/home/erussek/.conda/envs/pDL/lib/python3.8/site-packages/optuna/distributions.py:560: UserWarning: The distribution is specified by [2, 200] and step=5, but the range is not divisible by `step`. It will be replaced by [2, 197].
  warnings.warn(
[32m[I 2022-06-23 00:05:16,961][0m Trial 92 finished with value: 5.01843883228821 and parameters: {'hidden_size': 42, 'lr': 0.004545386353438093}. Best is trial 76 with value: 5.0003676164165505.[0m
/home/erussek/.conda/envs/pDL/lib/python3.8/site-packages/optuna/distributions.py:560: UserWarning: The distribution is specified by [2, 200] and step=5, but the range is not divisible by `step`. It will be replaced by [2, 197].
  warnings.warn(
[32m[I 2022-06-23 00:07:08,672][0m Trial 93 finished with value: 5.037250353798518 and parameters: {'hidden_size': 67, 'lr': 0.0015914804329721622}. Best is trial 76 with value: 5.0003676164165505.[0m
/home/erussek/.conda/envs/pDL/lib/python3.8/site-packages/optuna/distributions.py:560: UserWarning: The distribution is specified by [2, 200] and step=5, but the range is not divisible by `step`. It will be replaced by [2, 197].
  warnings.warn(
[32m[I 2022-06-23 00:09:00,067][0m Trial 94 finished with value: 5.020548127753786 and parameters: {'hidden_size': 42, 'lr': 0.004552208745627821}. Best is trial 76 with value: 5.0003676164165505.[0m
/home/erussek/.conda/envs/pDL/lib/python3.8/site-packages/optuna/distributions.py:560: UserWarning: The distribution is specified by [2, 200] and step=5, but the range is not divisible by `step`. It will be replaced by [2, 197].
  warnings.warn(
[32m[I 2022-06-23 00:10:49,953][0m Trial 95 finished with value: 5.011367944153872 and parameters: {'hidden_size': 32, 'lr': 0.003654070679582494}. Best is trial 76 with value: 5.0003676164165505.[0m
/home/erussek/.conda/envs/pDL/lib/python3.8/site-packages/optuna/distributions.py:560: UserWarning: The distribution is specified by [2, 200] and step=5, but the range is not divisible by `step`. It will be replaced by [2, 197].
  warnings.warn(
[32m[I 2022-06-23 00:12:40,211][0m Trial 96 finished with value: 5.00562279229738 and parameters: {'hidden_size': 32, 'lr': 0.0037319154428505337}. Best is trial 76 with value: 5.0003676164165505.[0m
/home/erussek/.conda/envs/pDL/lib/python3.8/site-packages/optuna/distributions.py:560: UserWarning: The distribution is specified by [2, 200] and step=5, but the range is not divisible by `step`. It will be replaced by [2, 197].
  warnings.warn(
