[32m[I 2022-06-22 21:12:46,402][0m A new study created in memory with name: no-name-0962a21b-0068-4e0a-88f2-ce36aa6aadb8[0m
/home/erussek/.conda/envs/pDL/lib/python3.8/site-packages/optuna/distributions.py:560: UserWarning: The distribution is specified by [2, 200] and step=5, but the range is not divisible by `step`. It will be replaced by [2, 197].
  warnings.warn(
[32m[I 2022-06-22 21:14:53,085][0m Trial 0 finished with value: 5.106959331127196 and parameters: {'hidden_size': 77, 'lr': 0.0002591400494209278}. Best is trial 0 with value: 5.106959331127196.[0m
/home/erussek/.conda/envs/pDL/lib/python3.8/site-packages/optuna/distributions.py:560: UserWarning: The distribution is specified by [2, 200] and step=5, but the range is not divisible by `step`. It will be replaced by [2, 197].
  warnings.warn(
[32m[I 2022-06-22 21:16:44,560][0m Trial 1 finished with value: 5.071262153597709 and parameters: {'hidden_size': 72, 'lr': 0.00504649860800082}. Best is trial 1 with value: 5.071262153597709.[0m
/home/erussek/.conda/envs/pDL/lib/python3.8/site-packages/optuna/distributions.py:560: UserWarning: The distribution is specified by [2, 200] and step=5, but the range is not divisible by `step`. It will be replaced by [2, 197].
  warnings.warn(
[32m[I 2022-06-22 21:18:35,698][0m Trial 2 finished with value: 5.032282193132918 and parameters: {'hidden_size': 47, 'lr': 0.004345384218426116}. Best is trial 2 with value: 5.032282193132918.[0m
/home/erussek/.conda/envs/pDL/lib/python3.8/site-packages/optuna/distributions.py:560: UserWarning: The distribution is specified by [2, 200] and step=5, but the range is not divisible by `step`. It will be replaced by [2, 197].
  warnings.warn(
[32m[I 2022-06-22 21:20:35,447][0m Trial 3 finished with value: 5.055040843622633 and parameters: {'hidden_size': 147, 'lr': 0.0053057100899923295}. Best is trial 2 with value: 5.032282193132918.[0m
/home/erussek/.conda/envs/pDL/lib/python3.8/site-packages/optuna/distributions.py:560: UserWarning: The distribution is specified by [2, 200] and step=5, but the range is not divisible by `step`. It will be replaced by [2, 197].
  warnings.warn(
[32m[I 2022-06-22 21:22:26,138][0m Trial 4 finished with value: 5.007198613790483 and parameters: {'hidden_size': 92, 'lr': 0.002504911933761174}. Best is trial 4 with value: 5.007198613790483.[0m
/home/erussek/.conda/envs/pDL/lib/python3.8/site-packages/optuna/distributions.py:560: UserWarning: The distribution is specified by [2, 200] and step=5, but the range is not divisible by `step`. It will be replaced by [2, 197].
  warnings.warn(
[32m[I 2022-06-22 21:24:28,315][0m Trial 5 finished with value: 5.111986266437169 and parameters: {'hidden_size': 197, 'lr': 0.008950644083361213}. Best is trial 4 with value: 5.007198613790483.[0m
/home/erussek/.conda/envs/pDL/lib/python3.8/site-packages/optuna/distributions.py:560: UserWarning: The distribution is specified by [2, 200] and step=5, but the range is not divisible by `step`. It will be replaced by [2, 197].
  warnings.warn(
[32m[I 2022-06-22 21:26:19,703][0m Trial 6 finished with value: 5.070854921041774 and parameters: {'hidden_size': 82, 'lr': 0.0007862390540159364}. Best is trial 4 with value: 5.007198613790483.[0m
/home/erussek/.conda/envs/pDL/lib/python3.8/site-packages/optuna/distributions.py:560: UserWarning: The distribution is specified by [2, 200] and step=5, but the range is not divisible by `step`. It will be replaced by [2, 197].
  warnings.warn(
[32m[I 2022-06-22 21:28:11,034][0m Trial 7 finished with value: 5.213299865911925 and parameters: {'hidden_size': 87, 'lr': 0.00010869691597718244}. Best is trial 4 with value: 5.007198613790483.[0m
/home/erussek/.conda/envs/pDL/lib/python3.8/site-packages/optuna/distributions.py:560: UserWarning: The distribution is specified by [2, 200] and step=5, but the range is not divisible by `step`. It will be replaced by [2, 197].
  warnings.warn(
[32m[I 2022-06-22 21:30:13,567][0m Trial 8 finished with value: 5.050968526076721 and parameters: {'hidden_size': 197, 'lr': 0.0013182802687393628}. Best is trial 4 with value: 5.007198613790483.[0m
/home/erussek/.conda/envs/pDL/lib/python3.8/site-packages/optuna/distributions.py:560: UserWarning: The distribution is specified by [2, 200] and step=5, but the range is not divisible by `step`. It will be replaced by [2, 197].
  warnings.warn(
[32m[I 2022-06-22 21:32:08,459][0m Trial 9 finished with value: 5.041425819242809 and parameters: {'hidden_size': 117, 'lr': 0.0014785908132000168}. Best is trial 4 with value: 5.007198613790483.[0m
/home/erussek/.conda/envs/pDL/lib/python3.8/site-packages/optuna/distributions.py:560: UserWarning: The distribution is specified by [2, 200] and step=5, but the range is not divisible by `step`. It will be replaced by [2, 197].
  warnings.warn(
[32m[I 2022-06-22 21:33:59,155][0m Trial 10 finished with value: 5.275476809653064 and parameters: {'hidden_size': 2, 'lr': 0.0005674988568459653}. Best is trial 4 with value: 5.007198613790483.[0m
/home/erussek/.conda/envs/pDL/lib/python3.8/site-packages/optuna/distributions.py:560: UserWarning: The distribution is specified by [2, 200] and step=5, but the range is not divisible by `step`. It will be replaced by [2, 197].
  warnings.warn(
[32m[I 2022-06-22 21:35:49,700][0m Trial 11 finished with value: 5.036251615661359 and parameters: {'hidden_size': 32, 'lr': 0.0024497872215403244}. Best is trial 4 with value: 5.007198613790483.[0m
/home/erussek/.conda/envs/pDL/lib/python3.8/site-packages/optuna/distributions.py:560: UserWarning: The distribution is specified by [2, 200] and step=5, but the range is not divisible by `step`. It will be replaced by [2, 197].
  warnings.warn(
[32m[I 2022-06-22 21:37:41,447][0m Trial 12 finished with value: 5.027890012526786 and parameters: {'hidden_size': 42, 'lr': 0.002780576122084192}. Best is trial 4 with value: 5.007198613790483.[0m
/home/erussek/.conda/envs/pDL/lib/python3.8/site-packages/optuna/distributions.py:560: UserWarning: The distribution is specified by [2, 200] and step=5, but the range is not divisible by `step`. It will be replaced by [2, 197].
  warnings.warn(
[32m[I 2022-06-22 21:39:38,664][0m Trial 13 finished with value: 5.034475126583963 and parameters: {'hidden_size': 132, 'lr': 0.002574375376553585}. Best is trial 4 with value: 5.007198613790483.[0m
/home/erussek/.conda/envs/pDL/lib/python3.8/site-packages/optuna/distributions.py:560: UserWarning: The distribution is specified by [2, 200] and step=5, but the range is not divisible by `step`. It will be replaced by [2, 197].
  warnings.warn(
[32m[I 2022-06-22 21:41:28,541][0m Trial 14 finished with value: 5.048918397035855 and parameters: {'hidden_size': 32, 'lr': 0.0021736276296370365}. Best is trial 4 with value: 5.007198613790483.[0m
/home/erussek/.conda/envs/pDL/lib/python3.8/site-packages/optuna/distributions.py:560: UserWarning: The distribution is specified by [2, 200] and step=5, but the range is not divisible by `step`. It will be replaced by [2, 197].
  warnings.warn(
[32m[I 2022-06-22 21:43:17,509][0m Trial 15 finished with value: 5.527851661402499 and parameters: {'hidden_size': 2, 'lr': 0.0003995161956638208}. Best is trial 4 with value: 5.007198613790483.[0m
/home/erussek/.conda/envs/pDL/lib/python3.8/site-packages/optuna/distributions.py:560: UserWarning: The distribution is specified by [2, 200] and step=5, but the range is not divisible by `step`. It will be replaced by [2, 197].
  warnings.warn(
[32m[I 2022-06-22 21:45:07,908][0m Trial 16 finished with value: 5.0523474846850895 and parameters: {'hidden_size': 57, 'lr': 0.008297280050423695}. Best is trial 4 with value: 5.007198613790483.[0m
/home/erussek/.conda/envs/pDL/lib/python3.8/site-packages/optuna/distributions.py:560: UserWarning: The distribution is specified by [2, 200] and step=5, but the range is not divisible by `step`. It will be replaced by [2, 197].
  warnings.warn(
[32m[I 2022-06-22 21:47:02,329][0m Trial 17 finished with value: 5.056098724373172 and parameters: {'hidden_size': 112, 'lr': 0.0030853633348777816}. Best is trial 4 with value: 5.007198613790483.[0m
/home/erussek/.conda/envs/pDL/lib/python3.8/site-packages/optuna/distributions.py:560: UserWarning: The distribution is specified by [2, 200] and step=5, but the range is not divisible by `step`. It will be replaced by [2, 197].
  warnings.warn(
[32m[I 2022-06-22 21:48:51,538][0m Trial 18 finished with value: 5.065756447069472 and parameters: {'hidden_size': 27, 'lr': 0.0013914895377120744}. Best is trial 4 with value: 5.007198613790483.[0m
/home/erussek/.conda/envs/pDL/lib/python3.8/site-packages/optuna/distributions.py:560: UserWarning: The distribution is specified by [2, 200] and step=5, but the range is not divisible by `step`. It will be replaced by [2, 197].
  warnings.warn(
[32m[I 2022-06-22 21:50:50,811][0m Trial 19 finished with value: 5.045366630129869 and parameters: {'hidden_size': 157, 'lr': 0.0008720758578625144}. Best is trial 4 with value: 5.007198613790483.[0m
/home/erussek/.conda/envs/pDL/lib/python3.8/site-packages/optuna/distributions.py:560: UserWarning: The distribution is specified by [2, 200] and step=5, but the range is not divisible by `step`. It will be replaced by [2, 197].
  warnings.warn(
[32m[I 2022-06-22 21:52:41,749][0m Trial 20 finished with value: 5.045625517066096 and parameters: {'hidden_size': 102, 'lr': 0.0035622535793880454}. Best is trial 4 with value: 5.007198613790483.[0m
/home/erussek/.conda/envs/pDL/lib/python3.8/site-packages/optuna/distributions.py:560: UserWarning: The distribution is specified by [2, 200] and step=5, but the range is not divisible by `step`. It will be replaced by [2, 197].
  warnings.warn(
[32m[I 2022-06-22 21:54:29,760][0m Trial 21 finished with value: 5.026703758864031 and parameters: {'hidden_size': 52, 'lr': 0.005002069107457329}. Best is trial 4 with value: 5.007198613790483.[0m
/home/erussek/.conda/envs/pDL/lib/python3.8/site-packages/optuna/distributions.py:560: UserWarning: The distribution is specified by [2, 200] and step=5, but the range is not divisible by `step`. It will be replaced by [2, 197].
  warnings.warn(
[32m[I 2022-06-22 21:56:19,970][0m Trial 22 finished with value: 5.02795462274063 and parameters: {'hidden_size': 57, 'lr': 0.006137726015998854}. Best is trial 4 with value: 5.007198613790483.[0m
/home/erussek/.conda/envs/pDL/lib/python3.8/site-packages/optuna/distributions.py:560: UserWarning: The distribution is specified by [2, 200] and step=5, but the range is not divisible by `step`. It will be replaced by [2, 197].
  warnings.warn(
[32m[I 2022-06-22 21:58:08,074][0m Trial 23 finished with value: 5.039145689424266 and parameters: {'hidden_size': 52, 'lr': 0.002047462424468414}. Best is trial 4 with value: 5.007198613790483.[0m
/home/erussek/.conda/envs/pDL/lib/python3.8/site-packages/optuna/distributions.py:560: UserWarning: The distribution is specified by [2, 200] and step=5, but the range is not divisible by `step`. It will be replaced by [2, 197].
  warnings.warn(
[32m[I 2022-06-22 21:59:57,709][0m Trial 24 finished with value: 5.042045254522646 and parameters: {'hidden_size': 17, 'lr': 0.003704602492278107}. Best is trial 4 with value: 5.007198613790483.[0m
/home/erussek/.conda/envs/pDL/lib/python3.8/site-packages/optuna/distributions.py:560: UserWarning: The distribution is specified by [2, 200] and step=5, but the range is not divisible by `step`. It will be replaced by [2, 197].
  warnings.warn(
[32m[I 2022-06-22 22:01:48,873][0m Trial 25 finished with value: 5.0314212727638274 and parameters: {'hidden_size': 67, 'lr': 0.006709225342116054}. Best is trial 4 with value: 5.007198613790483.[0m
/home/erussek/.conda/envs/pDL/lib/python3.8/site-packages/optuna/distributions.py:560: UserWarning: The distribution is specified by [2, 200] and step=5, but the range is not divisible by `step`. It will be replaced by [2, 197].
  warnings.warn(
[32m[I 2022-06-22 22:03:40,230][0m Trial 26 finished with value: 5.044979180859237 and parameters: {'hidden_size': 97, 'lr': 0.0014290310253448869}. Best is trial 4 with value: 5.007198613790483.[0m
/home/erussek/.conda/envs/pDL/lib/python3.8/site-packages/optuna/distributions.py:560: UserWarning: The distribution is specified by [2, 200] and step=5, but the range is not divisible by `step`. It will be replaced by [2, 197].
  warnings.warn(
[32m[I 2022-06-22 22:05:30,961][0m Trial 27 finished with value: 5.040664457786404 and parameters: {'hidden_size': 42, 'lr': 0.0018761832016498}. Best is trial 4 with value: 5.007198613790483.[0m
/home/erussek/.conda/envs/pDL/lib/python3.8/site-packages/optuna/distributions.py:560: UserWarning: The distribution is specified by [2, 200] and step=5, but the range is not divisible by `step`. It will be replaced by [2, 197].
  warnings.warn(
[32m[I 2022-06-22 22:07:21,275][0m Trial 28 finished with value: 5.033997168270788 and parameters: {'hidden_size': 67, 'lr': 0.0032567360503917542}. Best is trial 4 with value: 5.007198613790483.[0m
/home/erussek/.conda/envs/pDL/lib/python3.8/site-packages/optuna/distributions.py:560: UserWarning: The distribution is specified by [2, 200] and step=5, but the range is not divisible by `step`. It will be replaced by [2, 197].
  warnings.warn(
[32m[I 2022-06-22 22:09:11,169][0m Trial 29 finished with value: 5.117641782562192 and parameters: {'hidden_size': 87, 'lr': 0.00027157076120885284}. Best is trial 4 with value: 5.007198613790483.[0m
/home/erussek/.conda/envs/pDL/lib/python3.8/site-packages/optuna/distributions.py:560: UserWarning: The distribution is specified by [2, 200] and step=5, but the range is not divisible by `step`. It will be replaced by [2, 197].
  warnings.warn(
[32m[I 2022-06-22 22:11:00,107][0m Trial 30 finished with value: 5.030499059663997 and parameters: {'hidden_size': 17, 'lr': 0.009513391534856076}. Best is trial 4 with value: 5.007198613790483.[0m
/home/erussek/.conda/envs/pDL/lib/python3.8/site-packages/optuna/distributions.py:560: UserWarning: The distribution is specified by [2, 200] and step=5, but the range is not divisible by `step`. It will be replaced by [2, 197].
  warnings.warn(
[32m[I 2022-06-22 22:12:50,253][0m Trial 31 finished with value: 5.042140152634488 and parameters: {'hidden_size': 57, 'lr': 0.005454425447610133}. Best is trial 4 with value: 5.007198613790483.[0m
/home/erussek/.conda/envs/pDL/lib/python3.8/site-packages/optuna/distributions.py:560: UserWarning: The distribution is specified by [2, 200] and step=5, but the range is not divisible by `step`. It will be replaced by [2, 197].
  warnings.warn(
[32m[I 2022-06-22 22:14:40,753][0m Trial 32 finished with value: 5.063131413256771 and parameters: {'hidden_size': 72, 'lr': 0.006663051696550374}. Best is trial 4 with value: 5.007198613790483.[0m
/home/erussek/.conda/envs/pDL/lib/python3.8/site-packages/optuna/distributions.py:560: UserWarning: The distribution is specified by [2, 200] and step=5, but the range is not divisible by `step`. It will be replaced by [2, 197].
  warnings.warn(
[32m[I 2022-06-22 22:16:31,004][0m Trial 33 finished with value: 5.02445363254309 and parameters: {'hidden_size': 47, 'lr': 0.0043410199241576694}. Best is trial 4 with value: 5.007198613790483.[0m
/home/erussek/.conda/envs/pDL/lib/python3.8/site-packages/optuna/distributions.py:560: UserWarning: The distribution is specified by [2, 200] and step=5, but the range is not divisible by `step`. It will be replaced by [2, 197].
  warnings.warn(
[32m[I 2022-06-22 22:18:21,395][0m Trial 34 finished with value: 5.012132065702187 and parameters: {'hidden_size': 42, 'lr': 0.004197156231010707}. Best is trial 4 with value: 5.007198613790483.[0m
/home/erussek/.conda/envs/pDL/lib/python3.8/site-packages/optuna/distributions.py:560: UserWarning: The distribution is specified by [2, 200] and step=5, but the range is not divisible by `step`. It will be replaced by [2, 197].
  warnings.warn(
[32m[I 2022-06-22 22:20:11,609][0m Trial 35 finished with value: 5.033571031769778 and parameters: {'hidden_size': 42, 'lr': 0.004393498155938904}. Best is trial 4 with value: 5.007198613790483.[0m
/home/erussek/.conda/envs/pDL/lib/python3.8/site-packages/optuna/distributions.py:560: UserWarning: The distribution is specified by [2, 200] and step=5, but the range is not divisible by `step`. It will be replaced by [2, 197].
  warnings.warn(
[32m[I 2022-06-22 22:22:00,442][0m Trial 36 finished with value: 5.026974984992024 and parameters: {'hidden_size': 17, 'lr': 0.004614015460466091}. Best is trial 4 with value: 5.007198613790483.[0m
/home/erussek/.conda/envs/pDL/lib/python3.8/site-packages/optuna/distributions.py:560: UserWarning: The distribution is specified by [2, 200] and step=5, but the range is not divisible by `step`. It will be replaced by [2, 197].
  warnings.warn(
[32m[I 2022-06-22 22:23:50,556][0m Trial 37 finished with value: 5.032620726146099 and parameters: {'hidden_size': 72, 'lr': 0.004016925172765372}. Best is trial 4 with value: 5.007198613790483.[0m
/home/erussek/.conda/envs/pDL/lib/python3.8/site-packages/optuna/distributions.py:560: UserWarning: The distribution is specified by [2, 200] and step=5, but the range is not divisible by `step`. It will be replaced by [2, 197].
  warnings.warn(
[32m[I 2022-06-22 22:25:50,140][0m Trial 38 finished with value: 5.099187129400145 and parameters: {'hidden_size': 177, 'lr': 0.006828840521384555}. Best is trial 4 with value: 5.007198613790483.[0m
/home/erussek/.conda/envs/pDL/lib/python3.8/site-packages/optuna/distributions.py:560: UserWarning: The distribution is specified by [2, 200] and step=5, but the range is not divisible by `step`. It will be replaced by [2, 197].
  warnings.warn(
[32m[I 2022-06-22 22:27:43,649][0m Trial 39 finished with value: 5.046555491362278 and parameters: {'hidden_size': 127, 'lr': 0.0017866067568359685}. Best is trial 4 with value: 5.007198613790483.[0m
/home/erussek/.conda/envs/pDL/lib/python3.8/site-packages/optuna/distributions.py:560: UserWarning: The distribution is specified by [2, 200] and step=5, but the range is not divisible by `step`. It will be replaced by [2, 197].
  warnings.warn(
[32m[I 2022-06-22 22:29:33,515][0m Trial 40 finished with value: 5.044579604714537 and parameters: {'hidden_size': 92, 'lr': 0.0010218044408823708}. Best is trial 4 with value: 5.007198613790483.[0m
/home/erussek/.conda/envs/pDL/lib/python3.8/site-packages/optuna/distributions.py:560: UserWarning: The distribution is specified by [2, 200] and step=5, but the range is not divisible by `step`. It will be replaced by [2, 197].
  warnings.warn(
[32m[I 2022-06-22 22:31:22,503][0m Trial 41 finished with value: 5.0345619494493725 and parameters: {'hidden_size': 17, 'lr': 0.004750118512406689}. Best is trial 4 with value: 5.007198613790483.[0m
/home/erussek/.conda/envs/pDL/lib/python3.8/site-packages/optuna/distributions.py:560: UserWarning: The distribution is specified by [2, 200] and step=5, but the range is not divisible by `step`. It will be replaced by [2, 197].
  warnings.warn(
[32m[I 2022-06-22 22:33:10,983][0m Trial 42 finished with value: 5.00708945566805 and parameters: {'hidden_size': 27, 'lr': 0.005118855867967107}. Best is trial 42 with value: 5.00708945566805.[0m
/home/erussek/.conda/envs/pDL/lib/python3.8/site-packages/optuna/distributions.py:560: UserWarning: The distribution is specified by [2, 200] and step=5, but the range is not divisible by `step`. It will be replaced by [2, 197].
  warnings.warn(
[32m[I 2022-06-22 22:35:01,267][0m Trial 43 finished with value: 5.046016091344909 and parameters: {'hidden_size': 47, 'lr': 0.00781542696409025}. Best is trial 42 with value: 5.00708945566805.[0m
/home/erussek/.conda/envs/pDL/lib/python3.8/site-packages/optuna/distributions.py:560: UserWarning: The distribution is specified by [2, 200] and step=5, but the range is not divisible by `step`. It will be replaced by [2, 197].
  warnings.warn(
[32m[I 2022-06-22 22:36:50,436][0m Trial 44 finished with value: 5.022249431257516 and parameters: {'hidden_size': 32, 'lr': 0.005245426723008845}. Best is trial 42 with value: 5.00708945566805.[0m
/home/erussek/.conda/envs/pDL/lib/python3.8/site-packages/optuna/distributions.py:560: UserWarning: The distribution is specified by [2, 200] and step=5, but the range is not divisible by `step`. It will be replaced by [2, 197].
  warnings.warn(
[32m[I 2022-06-22 22:38:39,886][0m Trial 45 finished with value: 5.043957159209342 and parameters: {'hidden_size': 32, 'lr': 0.0029345397585442724}. Best is trial 42 with value: 5.00708945566805.[0m
/home/erussek/.conda/envs/pDL/lib/python3.8/site-packages/optuna/distributions.py:560: UserWarning: The distribution is specified by [2, 200] and step=5, but the range is not divisible by `step`. It will be replaced by [2, 197].
  warnings.warn(
[32m[I 2022-06-22 22:40:27,940][0m Trial 46 finished with value: 5.060509157547114 and parameters: {'hidden_size': 7, 'lr': 0.005989515724854187}. Best is trial 42 with value: 5.00708945566805.[0m
/home/erussek/.conda/envs/pDL/lib/python3.8/site-packages/optuna/distributions.py:560: UserWarning: The distribution is specified by [2, 200] and step=5, but the range is not divisible by `step`. It will be replaced by [2, 197].
  warnings.warn(
[32m[I 2022-06-22 22:42:17,287][0m Trial 47 finished with value: 5.04457605182743 and parameters: {'hidden_size': 32, 'lr': 0.0023310949304667663}. Best is trial 42 with value: 5.00708945566805.[0m
/home/erussek/.conda/envs/pDL/lib/python3.8/site-packages/optuna/distributions.py:560: UserWarning: The distribution is specified by [2, 200] and step=5, but the range is not divisible by `step`. It will be replaced by [2, 197].
  warnings.warn(
