[32m[I 2022-06-23 01:42:47,596][0m Trial 145 finished with value: 5.02685774364789 and parameters: {'hidden_size': 37, 'lr': 0.005209887314065663}. Best is trial 76 with value: 5.0003676164165505.[0m
/home/erussek/.conda/envs/pDL/lib/python3.8/site-packages/optuna/distributions.py:560: UserWarning: The distribution is specified by [2, 200] and step=5, but the range is not divisible by `step`. It will be replaced by [2, 197].
  warnings.warn(
[32m[I 2022-06-23 01:44:38,275][0m Trial 146 finished with value: 5.042169391383893 and parameters: {'hidden_size': 42, 'lr': 0.005853582267788008}. Best is trial 76 with value: 5.0003676164165505.[0m
/home/erussek/.conda/envs/pDL/lib/python3.8/site-packages/optuna/distributions.py:560: UserWarning: The distribution is specified by [2, 200] and step=5, but the range is not divisible by `step`. It will be replaced by [2, 197].
  warnings.warn(
[32m[I 2022-06-23 01:46:27,909][0m Trial 147 finished with value: 5.003666714921346 and parameters: {'hidden_size': 32, 'lr': 0.004378021705305703}. Best is trial 76 with value: 5.0003676164165505.[0m
/home/erussek/.conda/envs/pDL/lib/python3.8/site-packages/optuna/distributions.py:560: UserWarning: The distribution is specified by [2, 200] and step=5, but the range is not divisible by `step`. It will be replaced by [2, 197].
  warnings.warn(
[32m[I 2022-06-23 01:48:17,306][0m Trial 148 finished with value: 5.0270443993326035 and parameters: {'hidden_size': 22, 'lr': 0.0044202461181236125}. Best is trial 76 with value: 5.0003676164165505.[0m
/home/erussek/.conda/envs/pDL/lib/python3.8/site-packages/optuna/distributions.py:560: UserWarning: The distribution is specified by [2, 200] and step=5, but the range is not divisible by `step`. It will be replaced by [2, 197].
  warnings.warn(
[32m[I 2022-06-23 01:50:06,551][0m Trial 149 finished with value: 5.023331392131908 and parameters: {'hidden_size': 27, 'lr': 0.003428654196935135}. Best is trial 76 with value: 5.0003676164165505.[0m
train_setting: 1
0
1
2
3
0
1
2
3
0
1
2
3
0
1
2
3
0
1
2
3
0
1
2
3
0
1
2
3
0
1
2
3
0
1
2
3
0
1
2
3
0
1
2
3
0
1
2
3
0
1
2
3
0
1
2
3
0
1
2
3
0
1
2
3
0
1
2
3
0
1
2
3
0
1
2
3
0
1
2
3
0
1
2
3
0
1
2
3
0
1
2
3
0
1
2
3
0
1
2
3
0
1
2
3
0
1
2
3
0
1
2
3
0
1
2
3
0
1
2
3
0
1
2
3
0
1
2
3
0
1
2
3
0
1
2
3
0
1
2
3
0
1
2
3
0
1
2
3
0
1
2
3
0
1
2
3
0
1
2
3
0
1
2
3
0
1
2
3
0
1
2
3
0
1
2
3
0
1
2
3
0
1
2
3
0
1
2
3
0
1
2
3
0
1
2
3
0
1
2
3
0
1
2
3
0
1
2
3
0
1
2
3
0
1
2
3
0
1
2
3
0
1
2
3
0
1
2
3
0
1
2
3
0
1
2
3
0
1
2
3
0
1
2
3
0
1
2
3
0
1
2
3
0
1
2
3
0
1
2
3
0
1
2
3
0
1
2
3
0
1
2
3
0
1
2
3
0
1
2
3
0
1
2
3
0
1
2
3
0
1
2
3
0
1
2
3
0
1
2
3
0
1
2
3
0
1
2
3
0
1
2
3
0
1
2
3
0
1
2
3
0
1
2
3
0
1
2
3
0
1
2
3
0
1
2
3
0
1
2
3
0
1
2
3
0
1
2
3
0
1
2
3
0
1
2
3
0
1
2
3
0
1
2
3
0
1
2
3
0
1
2
3
0
1
2
3
0
1
2
3
0
1
2
3
0
1
2
3
0
1
2
3
0
1
2
3
0
1
2
3
0
1
2
3
0
1
2
3
0
1
2
3
0
1
2
3
0
1
2
3
0
1
2
3
0
1
2
3
0
1
2
3
0
1
2
3
0
1
2
3
0
1
2
3
0
1
2
3
0
1
2
3
0
1
2
3
0
1
2
3
0
1
2
3
0
1
2
3
0
1
2
3
0
1
2
3
0
1
2
3
0
1
2
3
0
1
2
3
0
1
2
3
0
1
2
3
0
1
2
3
0
1
2
3
0
1
2
3
0
1
2
3
0
1
2
3
0
1
2
3
0
1
2
3
0
1
2
3
0
1
2
3
0
1
2
3
0
1
2
3
0
1
2
3
0
1
2
3
0
1
2
3
0
1
2
3
0
1
2
3
0
1
2
3
0
1
2
3
0
1
2
3
0
1
2
3
0
1
2
3
0
1
2
3
0
1
2
3
0
1
2
3
0
1
2
3
0
1
2
3
--- 16640.148646831512 seconds ---
